<?xml version="1.0" encoding="utf-8"?>
<TestRun id="944292a4-ce8e-4114-aa3e-7339e0836bba" name="Lenovo@DESKTOP-A0N8TMD 2026-06-22 11:43:16" runUser="DESKTOP-A0N8TMD\Lenovo" xmlns="http://microsoft.com/schemas/VisualStudio/TeamTest/2010">
  <Times creation="2026-06-22T11:43:16.8027493+05:30" queuing="2026-06-22T11:43:16.8027500+05:30" start="2026-06-22T11:43:00.2880558+05:30" finish="2026-06-22T11:43:18.6873033+05:30" />
  <TestSettings name="default" id="343ad036-2fad-46fc-83cc-0150c1ce45fd">
    <Deployment runDeploymentRoot="Lenovo_DESKTOP-A0N8TMD_2026-06-22_11_43_16" />
  </TestSettings>
  <Results>
    <UnitTestResult executionId="bdb5edd2-ceca-4248-814a-b1d634f58733" testId="42fdfc6a-9e01-dacc-0c75-1b03b838e6f0" testName="LogisticsPro.API.GenAI.Tests.Integration.Generated.RAG.JobTests.BRULE07PositiveAuthenticatedUserAccessUninvoicedReport" computerName="DESKTOP-A0N8TMD" duration="00:00:00.0007845" startTime="2026-06-22T11:43:16.7493923+05:30" endTime="2026-06-22T11:43:16.7493925+05:30" testType="13cdc9d9-ddb5-4fa4-a97d-d965ccfc6d4b" outcome="Passed" testListId="8c84fa94-04c1-424b-9868-57a2d4851a1d" relativeResultsDirectory="bdb5edd2-ceca-4248-814a-b1d634f58733" />
    <UnitTestResult executionId="0c0ecd28-ec8c-400c-9e97-3737a24931f2" testId="96d3d5cf-2be9-0328-7078-70f8ffdf5a69" testName="LogisticsPro.API.GenAI.Tests.Integration.Generated.RAG.JobTests.JobGetJobLineItemsReturnsAResult" computerName="DESKTOP-A0N8TMD" duration="00:00:00.0045510" startTime="2026-06-22T11:43:16.7474127+05:30" endTime="2026-06-22T11:43:16.7474130+05:30" testType="13cdc9d9-ddb5-4fa4-a97d-d965ccfc6d4b" outcome="Passed" testListId="8c84fa94-04c1-424b-9868-57a2d4851a1d" relativeResultsDirectory="0c0ecd28-ec8c-400c-9e97-3737a24931f2" />
    <UnitTestResult executionId="30f89c5d-f33e-4e20-a32b-a55c676747f0" testId="f28a8d27-8cf7-1a0e-d37e-8ded8e9d6724" testName="LogisticsPro.API.GenAI.Tests.Integration.Generated.RAG.MasterTests.CreateNewCustomerRecordPositive" computerName="DESKTOP-A0N8TMD" duration="00:00:00.0021932" startTime="2026-06-22T11:43:16.7272767+05:30" endTime="2026-06-22T11:43:16.7272767+05:30" testType="13cdc9d9-ddb5-4fa4-a97d-d965ccfc6d4b" outcome="Passed" testListId="8c84fa94-04c1-424b-9868-57a2d4851a1d" relativeResultsDirectory="30f89c5d-f33e-4e20-a32b-a55c676747f0" />
    <UnitTestResult executionId="86f48c2e-ee0c-4d6d-997f-17dc236f37cd" testId="aa03660a-4271-6c97-504c-af8e2999f078" testName="LogisticsPro.API.GenAI.Tests.Integration.Generated.RAG.JobTests.AddCostBearingServiceRecalculatesTotalCostPositive" computerName="DESKTOP-A0N8TMD" duration="00:00:00.0007625" startTime="2026-06-22T11:43:16.7839153+05:30" endTime="2026-06-22T11:43:16.7839154+05:30" testType="13cdc9d9-ddb5-4fa4-a97d-d965ccfc6d4b" outcome="Passed" testListId="8c84fa94-04c1-424b-9868-57a2d4851a1d" relativeResultsDirectory="86f48c2e-ee0c-4d6d-997f-17dc236f37cd" />
    <UnitTestResult executionId="6624589b-1e99-4e60-a6a7-b80b7da41ec0" testId="85e01509-3e08-0740-b904-ebcbdfecda10" testName="LogisticsPro.API.GenAI.Tests.Integration.Generated.RAG.JobTests.JobCloseJobCardReturnsAResult" computerName="DESKTOP-A0N8TMD" duration="00:00:00.0015635" startTime="2026-06-22T11:43:16.8523226+05:30" endTime="2026-06-22T11:43:16.8523228+05:30" testType="13cdc9d9-ddb5-4fa4-a97d-d965ccfc6d4b" outcome="Passed" testListId="8c84fa94-04c1-424b-9868-57a2d4851a1d" relativeResultsDirectory="6624589b-1e99-4e60-a6a7-b80b7da41ec0" />
    <UnitTestResult executionId="afa0242e-144c-4855-af3b-cd04869e8cdf" testId="206c3d98-af40-db9a-4969-5aed2385d240" testName="LogisticsPro.API.GenAI.Tests.Integration.Generated.RAG.JobTests.GetUninvoicedReportWithValidAuthReturnsReportData" computerName="DESKTOP-A0N8TMD" duration="00:00:00.0007351" startTime="2026-06-22T11:43:16.7698058+05:30" endTime="2026-06-22T11:43:16.7698060+05:30" testType="13cdc9d9-ddb5-4fa4-a97d-d965ccfc6d4b" outcome="Passed" testListId="8c84fa94-04c1-424b-9868-57a2d4851a1d" relativeResultsDirectory="afa0242e-144c-4855-af3b-cd04869e8cdf" />
    <UnitTestResult executionId="f8a70800-0d60-42b3-a8c7-a9e58817e90e" testId="98dedd06-0045-8ba9-e9ba-b512b229a321" testName="LogisticsPro.API.GenAI.Tests.Integration.Generated.RAG.JobTests.EditServiceFailsWhenParentJobCardClosed" computerName="DESKTOP-A0N8TMD" duration="00:00:00.0007649" startTime="2026-06-22T11:43:16.8051565+05:30" endTime="2026-06-22T11:43:16.8051566+05:30" testType="13cdc9d9-ddb5-4fa4-a97d-d965ccfc6d4b" outcome="Passed" testListId="8c84fa94-04c1-424b-9868-57a2d4851a1d" relativeResultsDirectory="f8a70800-0d60-42b3-a8c7-a9e58817e90e" />
    <UnitTestResult executionId="1ab7d896-ba04-499e-8447-7403ede3fc16" testId="a15f74f5-4242-edc5-920a-a30c34239f8f" testName="LogisticsPro.API.GenAI.Tests.Integration.Generated.RAG.JobTests.JobSaveJobReturnsAResult" computerName="DESKTOP-A0N8TMD" duration="00:00:00.0059510" startTime="2026-06-22T11:43:16.7169223+05:30" endTime="2026-06-22T11:43:16.7169223+05:30" testType="13cdc9d9-ddb5-4fa4-a97d-d965ccfc6d4b" outcome="Passed" testListId="8c84fa94-04c1-424b-9868-57a2d4851a1d" relativeResultsDirectory="1ab7d896-ba04-499e-8447-7403ede3fc16" />
    <UnitTestResult executionId="8cd02f62-b317-4cad-9828-d4fac4dcf371" testId="ebbf0d42-0078-7326-d982-6c894eb82366" testName="LogisticsPro.API.GenAI.Tests.Integration.Generated.RAG.JobTests.CreateInvoiceWithValidBillableContent" computerName="DESKTOP-A0N8TMD" duration="00:00:00.0121253" startTime="2026-06-22T11:43:16.8023555+05:30" endTime="2026-06-22T11:43:16.8023558+05:30" testType="13cdc9d9-ddb5-4fa4-a97d-d965ccfc6d4b" outcome="Passed" testListId="8c84fa94-04c1-424b-9868-57a2d4851a1d" relativeResultsDirectory="8cd02f62-b317-4cad-9828-d4fac4dcf371" />
    <UnitTestResult executionId="d0dad27c-127b-48dd-85c7-1516807e7a9b" testId="497233be-bdeb-f225-996c-c0185924b7e9" testName="LogisticsPro.API.GenAI.Tests.Integration.Generated.RAG.JobTests.FailInvoiceCreationWithInvalidBillableContent" computerName="DESKTOP-A0N8TMD" duration="00:00:00.0007261" startTime="2026-06-22T11:43:16.7713555+05:30" endTime="2026-06-22T11:43:16.7713557+05:30" testType="13cdc9d9-ddb5-4fa4-a97d-d965ccfc6d4b" outcome="Passed" testListId="8c84fa94-04c1-424b-9868-57a2d4851a1d" relativeResultsDirectory="d0dad27c-127b-48dd-85c7-1516807e7a9b" />
    <UnitTestResult executionId="645e0704-a26f-470e-a3d9-cf17a4b500cd" testId="e6163224-3fa7-d4a4-c245-115f9898d688" testName="LogisticsPro.API.GenAI.Tests.Integration.Generated.RAG.JobTests.CloseJobCardAlreadyClosedJobFailsModification" computerName="DESKTOP-A0N8TMD" duration="00:00:00.0007174" startTime="2026-06-22T11:43:16.7374075+05:30" endTime="2026-06-22T11:43:16.7374076+05:30" testType="13cdc9d9-ddb5-4fa4-a97d-d965ccfc6d4b" outcome="Passed" testListId="8c84fa94-04c1-424b-9868-57a2d4851a1d" relativeResultsDirectory="645e0704-a26f-470e-a3d9-cf17a4b500cd" />
    <UnitTestResult executionId="367063c9-32fa-428b-b991-eac7e6787550" testId="236c1f47-3ccf-fda1-4241-cfa4a45ee2b1" testName="LogisticsPro.API.GenAI.Tests.Integration.Generated.RAG.JobTests.AddServiceItemInvalidJobIdShouldFailValidation" computerName="DESKTOP-A0N8TMD" duration="00:00:00.0008132" startTime="2026-06-22T11:43:16.7765771+05:30" endTime="2026-06-22T11:43:16.7765773+05:30" testType="13cdc9d9-ddb5-4fa4-a97d-d965ccfc6d4b" outcome="Passed" testListId="8c84fa94-04c1-424b-9868-57a2d4851a1d" relativeResultsDirectory="367063c9-32fa-428b-b991-eac7e6787550" />
    <UnitTestResult executionId="80d2c2dd-a31a-41a0-bc08-28a675dcdbaa" testId="2475779c-e543-df08-f702-d2efe508b402" testName="LogisticsPro.API.GenAI.Tests.Integration.Generated.RAG.JobTests.CreateHotelServiceWithValidServiceType" computerName="DESKTOP-A0N8TMD" duration="00:00:00.0007334" startTime="2026-06-22T11:43:16.7705849+05:30" endTime="2026-06-22T11:43:16.7705851+05:30" testType="13cdc9d9-ddb5-4fa4-a97d-d965ccfc6d4b" outcome="Passed" testListId="8c84fa94-04c1-424b-9868-57a2d4851a1d" relativeResultsDirectory="80d2c2dd-a31a-41a0-bc08-28a675dcdbaa" />
    <UnitTestResult executionId="16c3bc63-3a14-4446-8b96-7430e039d0a5" testId="633dfc43-3c7a-20e4-c501-76fc9322e9c0" testName="LogisticsPro.API.GenAI.Tests.Integration.Generated.RAG.LogisticsTests.DeletePaymentVoucherItemWithInvalidIdReturnsError" computerName="DESKTOP-A0N8TMD" duration="00:00:00.0013464" startTime="2026-06-22T11:43:16.7141615+05:30" endTime="2026-06-22T11:43:16.7141617+05:30" testType="13cdc9d9-ddb5-4fa4-a97d-d965ccfc6d4b" outcome="Passed" testListId="8c84fa94-04c1-424b-9868-57a2d4851a1d" relativeResultsDirectory="16c3bc63-3a14-4446-8b96-7430e039d0a5" />
    <UnitTestResult executionId="82094be1-4335-43ae-a514-5727eb4526f9" testId="096fdbab-608d-37b7-7b58-6be8dba0b499" testName="LogisticsPro.API.GenAI.Tests.Integration.Generated.RAG.JobTests.CreateInvoiceValidDataSucceeds" computerName="DESKTOP-A0N8TMD" duration="00:00:00.0010276" startTime="2026-06-22T11:43:16.8033816+05:30" endTime="2026-06-22T11:43:16.8033817+05:30" testType="13cdc9d9-ddb5-4fa4-a97d-d965ccfc6d4b" outcome="Passed" testListId="8c84fa94-04c1-424b-9868-57a2d4851a1d" relativeResultsDirectory="82094be1-4335-43ae-a514-5727eb4526f9" />
    <UnitTestResult executionId="1d9c00dc-b624-49fc-8750-c6f8e5548a3f" testId="b9024c3a-8501-1c8b-7200-b6d5d10717df" testName="LogisticsPro.API.GenAI.Tests.Integration.Generated.RAG.JobTests.VoidReceiptAttemptOnNonExistingReceiptReturnsError" computerName="DESKTOP-A0N8TMD" duration="00:00:00.0008260" startTime="2026-06-22T11:43:16.7502092+05:30" endTime="2026-06-22T11:43:16.7502092+05:30" testType="13cdc9d9-ddb5-4fa4-a97d-d965ccfc6d4b" outcome="Passed" testListId="8c84fa94-04c1-424b-9868-57a2d4851a1d" relativeResultsDirectory="1d9c00dc-b624-49fc-8750-c6f8e5548a3f" />
    <UnitTestResult executionId="fa3b126b-ff65-4fdb-a7cf-2e514b1ecd68" testId="872af457-f6c4-0e0b-3b87-5e1ec6cdb699" testName="LogisticsPro.API.GenAI.Tests.Integration.Generated.RAG.JobTests.RemoveInvoicedVisaServiceItemFailure" computerName="DESKTOP-A0N8TMD" duration="00:00:00.0007550" startTime="2026-06-22T11:43:16.7585104+05:30" endTime="2026-06-22T11:43:16.7585106+05:30" testType="13cdc9d9-ddb5-4fa4-a97d-d965ccfc6d4b" outcome="Passed" testListId="8c84fa94-04c1-424b-9868-57a2d4851a1d" relativeResultsDirectory="fa3b126b-ff65-4fdb-a7cf-2e514b1ecd68" />
    <UnitTestResult executionId="1e5dec6b-b475-4c9b-84e2-ed519ca35d7b" testId="0b292be8-7e50-8a21-43a0-ea62e17b5609" testName="LogisticsPro.API.GenAI.Tests.Integration.Generated.RAG.JobTests.JobRemoveVisaReturnsAResult" computerName="DESKTOP-A0N8TMD" duration="00:00:00.0012509" startTime="2026-06-22T11:43:16.7368825+05:30" endTime="2026-06-22T11:43:16.7368825+05:30" testType="13cdc9d9-ddb5-4fa4-a97d-d965ccfc6d4b" outcome="Passed" testListId="8c84fa94-04c1-424b-9868-57a2d4851a1d" relativeResultsDirectory="1e5dec6b-b475-4c9b-84e2-ed519ca35d7b" />
    <UnitTestResult executionId="4f5666fd-f4fa-42a7-90e0-328e57394418" testId="340865ce-ba37-422d-f823-deddcf6bb85f" testName="LogisticsPro.API.GenAI.Tests.Integration.Generated.RAG.JobTests.NegativeItemBelongsToMultipleActiveBatchesIsRejected" computerName="DESKTOP-A0N8TMD" duration="00:00:00.0007875" startTime="2026-06-22T11:43:16.7532663+05:30" endTime="2026-06-22T11:43:16.7532664+05:30" testType="13cdc9d9-ddb5-4fa4-a97d-d965ccfc6d4b" outcome="Passed" testListId="8c84fa94-04c1-424b-9868-57a2d4851a1d" relativeResultsDirectory="4f5666fd-f4fa-42a7-90e0-328e57394418" />
    <UnitTestResult executionId="4c84325b-bb65-4eaa-9df5-efe34435329d" testId="08eeb922-a897-af07-3b6f-837d02697d78" testName="LogisticsPro.API.GenAI.Tests.Integration.Generated.RAG.JobTests.DeleteJobCardWithFinancialRecordsFails" computerName="DESKTOP-A0N8TMD" duration="00:00:00.0008053" startTime="2026-06-22T11:43:16.8060083+05:30" endTime="2026-06-22T11:43:16.8060085+05:30" testType="13cdc9d9-ddb5-4fa4-a97d-d965ccfc6d4b" outcome="Passed" testListId="8c84fa94-04c1-424b-9868-57a2d4851a1d" relativeResultsDirectory="4c84325b-bb65-4eaa-9df5-efe34435329d" />
    <UnitTestResult executionId="3eb5ff35-5469-491e-a03f-3e401d3b9612" testId="72e9cdcd-943f-9bdb-99ef-ce9ab3123386" testName="LogisticsPro.API.GenAI.Tests.Integration.Generated.RAG.LogisticsTests.LogisticsSaveReceiptReturnsAResult" computerName="DESKTOP-A0N8TMD" duration="00:00:00.0019263" startTime="2026-06-22T11:43:16.7518385+05:30" endTime="2026-06-22T11:43:16.7518387+05:30" testType="13cdc9d9-ddb5-4fa4-a97d-d965ccfc6d4b" outcome="Passed" testListId="8c84fa94-04c1-424b-9868-57a2d4851a1d" relativeResultsDirectory="3eb5ff35-5469-491e-a03f-3e401d3b9612" />
    <UnitTestResult executionId="5f5cbd3d-fdc7-434b-8909-b643016aa86a" testId="26d185bb-6eca-f0cc-7406-784841f7c266" testName="LogisticsPro.API.GenAI.Tests.Integration.Generated.RAG.JobTests.DeleteServiceItemFromClosedJobCardShouldFail" computerName="DESKTOP-A0N8TMD" duration="00:00:00.0007983" startTime="2026-06-22T11:43:16.8340175+05:30" endTime="2026-06-22T11:43:16.8340177+05:30" testType="13cdc9d9-ddb5-4fa4-a97d-d965ccfc6d4b" outcome="Passed" testListId="8c84fa94-04c1-424b-9868-57a2d4851a1d" relativeResultsDirectory="5f5cbd3d-fdc7-434b-8909-b643016aa86a" />
    <UnitTestResult executionId="baafd4a2-8e89-44cb-9c01-69a9e43c9b42" testId="2efd387c-749c-7076-0272-61b3f2f77c1d" testName="LogisticsPro.API.GenAI.Tests.Integration.Generated.RAG.LogisticsTests.RejectBatchCreationWithDuplicateItems" computerName="DESKTOP-A0N8TMD" duration="00:00:00.1436614" startTime="2026-06-22T11:43:16.6880257+05:30" endTime="2026-06-22T11:43:16.6880258+05:30" testType="13cdc9d9-ddb5-4fa4-a97d-d965ccfc6d4b" outcome="Passed" testListId="8c84fa94-04c1-424b-9868-57a2d4851a1d" relativeResultsDirectory="baafd4a2-8e89-44cb-9c01-69a9e43c9b42" />
    <UnitTestResult executionId="1b0a6b1f-d252-4622-aed8-55c8c0333d7b" testId="a2fcf3f7-7f90-6ead-4872-2cd0325cdf6e" testName="LogisticsPro.API.GenAI.Tests.Integration.Generated.RAG.MasterTests.MasterSaveUserReturnsAResult" computerName="DESKTOP-A0N8TMD" duration="00:00:00.0015687" startTime="2026-06-22T11:43:16.7310943+05:30" endTime="2026-06-22T11:43:16.7310944+05:30" testType="13cdc9d9-ddb5-4fa4-a97d-d965ccfc6d4b" outcome="Passed" testListId="8c84fa94-04c1-424b-9868-57a2d4851a1d" relativeResultsDirectory="1b0a6b1f-d252-4622-aed8-55c8c0333d7b" />
    <UnitTestResult executionId="3397d331-6feb-497e-9fcd-76bf8b974a19" testId="94a97935-5e45-e139-ba1a-d570cf25efc1" testName="LogisticsPro.API.GenAI.Tests.Integration.Generated.RAG.LogisticsTests.RejectBatchCreationWhenNoValidItemsNegative" computerName="DESKTOP-A0N8TMD" duration="00:00:00.0011275" startTime="2026-06-22T11:43:16.7390673+05:30" endTime="2026-06-22T11:43:16.7390674+05:30" testType="13cdc9d9-ddb5-4fa4-a97d-d965ccfc6d4b" outcome="Passed" testListId="8c84fa94-04c1-424b-9868-57a2d4851a1d" relativeResultsDirectory="3397d331-6feb-497e-9fcd-76bf8b974a19" />
    <UnitTestResult executionId="9d9d8054-612f-4b7e-ad13-c125eca84b5c" testId="bd48ce42-b31e-1dc7-c14e-1f7fcab8dca6" testName="LogisticsPro.API.GenAI.Tests.Integration.Generated.RAG.JobTests.JobGetHistoryReportItemsReturnsAResult" computerName="DESKTOP-A0N8TMD" duration="00:00:00.0018439" startTime="2026-06-22T11:43:16.8575102+05:30" endTime="2026-06-22T11:43:16.8575104+05:30" testType="13cdc9d9-ddb5-4fa4-a97d-d965ccfc6d4b" outcome="Passed" testListId="8c84fa94-04c1-424b-9868-57a2d4851a1d" relativeResultsDirectory="9d9d8054-612f-4b7e-ad13-c125eca84b5c" />
    <UnitTestResult executionId="699fe1ea-ac25-4cc0-8b0d-4ac1bf450684" testId="242ceb10-54ca-17d9-63b9-2fb73692cf1e" testName="LogisticsPro.API.GenAI.Tests.Integration.Generated.RAG.MasterTests.MasterGetUsersReturnsAResult" computerName="DESKTOP-A0N8TMD" duration="00:00:00.1433761" startTime="2026-06-22T11:43:16.6871736+05:30" endTime="2026-06-22T11:43:16.6871738+05:30" testType="13cdc9d9-ddb5-4fa4-a97d-d965ccfc6d4b" outcome="Passed" testListId="8c84fa94-04c1-424b-9868-57a2d4851a1d" relativeResultsDirectory="699fe1ea-ac25-4cc0-8b0d-4ac1bf450684" />
    <UnitTestResult executionId="21651035-57dd-4261-9595-750cd2688b04" testId="c8251a39-3971-b0d4-ae58-2acae34f9352" testName="LogisticsPro.API.GenAI.Tests.Integration.Generated.RAG.JobTests.JobGetJobFinancRreceiptAndPaymentsJobCardByIdReturnsAResult" computerName="DESKTOP-A0N8TMD" duration="00:00:00.0013709" startTime="2026-06-22T11:43:16.7245419+05:30" endTime="2026-06-22T11:43:16.7245420+05:30" testType="13cdc9d9-ddb5-4fa4-a97d-d965ccfc6d4b" outcome="Passed" testListId="8c84fa94-04c1-424b-9868-57a2d4851a1d" relativeResultsDirectory="21651035-57dd-4261-9595-750cd2688b04" />
    <UnitTestResult executionId="209656b5-4f22-4ac9-ae2c-86dfb808feca" testId="dd29f31a-8e22-29ea-1a29-6b475714b58e" testName="LogisticsPro.API.GenAI.Tests.Integration.Generated.RAG.LogisticsTests.LogisticsRemoveProformaInvoiceReceiptReturnsAResult" computerName="DESKTOP-A0N8TMD" duration="00:00:00.0014920" startTime="2026-06-22T11:43:16.7672038+05:30" endTime="2026-06-22T11:43:16.7672039+05:30" testType="13cdc9d9-ddb5-4fa4-a97d-d965ccfc6d4b" outcome="Passed" testListId="8c84fa94-04c1-424b-9868-57a2d4851a1d" relativeResultsDirectory="209656b5-4f22-4ac9-ae2c-86dfb808feca" />
    <UnitTestResult executionId="7905f708-97ee-4ad2-bfea-a2221a5d7aa3" testId="39bbc192-f118-c4bb-9364-f8192432af7f" testName="LogisticsPro.API.GenAI.Tests.Integration.Generated.RAG.LogisticsTests.PositiveSingleBatchMembershipEnsureItemExclusiveInBatch" computerName="DESKTOP-A0N8TMD" duration="00:00:00.0013781" startTime="2026-06-22T11:43:16.7356619+05:30" endTime="2026-06-22T11:43:16.7356620+05:30" testType="13cdc9d9-ddb5-4fa4-a97d-d965ccfc6d4b" outcome="Passed" testListId="8c84fa94-04c1-424b-9868-57a2d4851a1d" relativeResultsDirectory="7905f708-97ee-4ad2-bfea-a2221a5d7aa3" />
    <UnitTestResult executionId="4c764b96-5ee2-4d3b-ac2a-1ed424244468" testId="a6a8cba8-7722-e202-07a9-2ac0490f9f7d" testName="LogisticsPro.API.GenAI.Tests.Integration.Generated.RAG.JobTests.UpdateCostBearingServiceRecalculatesTotalCostPositive" computerName="DESKTOP-A0N8TMD" duration="00:00:00.0007235" startTime="2026-06-22T11:43:16.7673923+05:30" endTime="2026-06-22T11:43:16.7673923+05:30" testType="13cdc9d9-ddb5-4fa4-a97d-d965ccfc6d4b" outcome="Passed" testListId="8c84fa94-04c1-424b-9868-57a2d4851a1d" relativeResultsDirectory="4c764b96-5ee2-4d3b-ac2a-1ed424244468" />
    <UnitTestResult executionId="c973ef0f-9f86-4c00-9580-30ac164fe155" testId="308a340a-eb62-8464-2f24-85a72edd0ac5" testName="LogisticsPro.API.GenAI.Tests.Integration.Generated.RAG.MasterTests.MasterGetEventsReturnsAResult" computerName="DESKTOP-A0N8TMD" duration="00:00:00.0016687" startTime="2026-06-22T11:43:16.7289744+05:30" endTime="2026-06-22T11:43:16.7289745+05:30" testType="13cdc9d9-ddb5-4fa4-a97d-d965ccfc6d4b" outcome="Passed" testListId="8c84fa94-04c1-424b-9868-57a2d4851a1d" relativeResultsDirectory="c973ef0f-9f86-4c00-9580-30ac164fe155" />
    <UnitTestResult executionId="0c0f654d-b8c7-40d4-9ffe-ecc8f4532fe5" testId="933e0714-3eb9-8b28-5a94-fae3f083bf46" testName="LogisticsPro.API.GenAI.Tests.Integration.Generated.RAG.LogisticsTests.FetchPayableItemsAllowsReadButPreventsEditAfterBatchProcessed" computerName="DESKTOP-A0N8TMD" duration="00:00:00.0007823" startTime="2026-06-22T11:43:16.7341219+05:30" endTime="2026-06-22T11:43:16.7341220+05:30" testType="13cdc9d9-ddb5-4fa4-a97d-d965ccfc6d4b" outcome="Passed" testListId="8c84fa94-04c1-424b-9868-57a2d4851a1d" relativeResultsDirectory="0c0f654d-b8c7-40d4-9ffe-ecc8f4532fe5" />
    <UnitTestResult executionId="31824cfe-1287-4e23-956e-98a9db9a7abd" testId="4071aa1e-2731-3d8c-ed4a-18d328624a7e" testName="LogisticsPro.API.GenAI.Tests.Integration.Generated.RAG.JobTests.VoidInvoiceFailsWhenInvoiceDoesNotExist" computerName="DESKTOP-A0N8TMD" duration="00:00:00.0008412" startTime="2026-06-22T11:43:16.8331709+05:30" endTime="2026-06-22T11:43:16.8331711+05:30" testType="13cdc9d9-ddb5-4fa4-a97d-d965ccfc6d4b" outcome="Passed" testListId="8c84fa94-04c1-424b-9868-57a2d4851a1d" relativeResultsDirectory="31824cfe-1287-4e23-956e-98a9db9a7abd" />
    <UnitTestResult executionId="3e4f4c58-ea52-49f3-9844-72830e63cfe0" testId="aecf75dc-4345-e92d-78e8-77019313f4a8" testName="LogisticsPro.API.GenAI.Tests.Integration.Generated.RAG.JobTests.RetrieveHotelServicesMissingVendorNameErrorReported" computerName="DESKTOP-A0N8TMD" duration="00:00:00.0007429" startTime="2026-06-22T11:43:16.7781914+05:30" endTime="2026-06-22T11:43:16.7781915+05:30" testType="13cdc9d9-ddb5-4fa4-a97d-d965ccfc6d4b" outcome="Passed" testListId="8c84fa94-04c1-424b-9868-57a2d4851a1d" relativeResultsDirectory="3e4f4c58-ea52-49f3-9844-72830e63cfe0" />
    <UnitTestResult executionId="d679b0c6-fb56-4d14-8a8f-19bc8130f680" testId="b954233c-28cd-ea02-b74c-738da133c13f" testName="LogisticsPro.API.GenAI.Tests.Integration.Generated.RAG.MasterTests.CreateVendorRecordMissingVendorNameFailsValidation" computerName="DESKTOP-A0N8TMD" duration="00:00:00.0012143" startTime="2026-06-22T11:43:16.7243620+05:30" endTime="2026-06-22T11:43:16.7243621+05:30" testType="13cdc9d9-ddb5-4fa4-a97d-d965ccfc6d4b" outcome="Passed" testListId="8c84fa94-04c1-424b-9868-57a2d4851a1d" relativeResultsDirectory="d679b0c6-fb56-4d14-8a8f-19bc8130f680" />
    <UnitTestResult executionId="3b0b05e8-0632-4515-9dd2-326c83c241c3" testId="caf444d0-6d2b-1847-23e2-c983c16a678a" testName="LogisticsPro.API.GenAI.Tests.Integration.Generated.RAG.JobTests.AddServiceItemValidJobValidCostShouldSucceed" computerName="DESKTOP-A0N8TMD" duration="00:00:00.0009107" startTime="2026-06-22T11:43:16.8150072+05:30" endTime="2026-06-22T11:43:16.8150073+05:30" testType="13cdc9d9-ddb5-4fa4-a97d-d965ccfc6d4b" outcome="Passed" testListId="8c84fa94-04c1-424b-9868-57a2d4851a1d" relativeResultsDirectory="3b0b05e8-0632-4515-9dd2-326c83c241c3" />
    <UnitTestResult executionId="899f87b2-4b69-429a-ae9c-e2c883171fa0" testId="d049952c-e711-f04d-410d-b847b9f68e80" testName="LogisticsPro.API.GenAI.Tests.Integration.Generated.RAG.JobTests.PositiveConsistencyCheckOnCreateHotelService" computerName="DESKTOP-A0N8TMD" duration="00:00:00.0016084" startTime="2026-06-22T11:43:16.8303132+05:30" endTime="2026-06-22T11:43:16.8303135+05:30" testType="13cdc9d9-ddb5-4fa4-a97d-d965ccfc6d4b" outcome="Passed" testListId="8c84fa94-04c1-424b-9868-57a2d4851a1d" relativeResultsDirectory="899f87b2-4b69-429a-ae9c-e2c883171fa0" />
    <UnitTestResult executionId="68bb0f1d-b215-40e8-9ae8-fb7887baa6f6" testId="5e97e40d-748e-5516-22cb-ae10f6ce01d6" testName="LogisticsPro.API.GenAI.Tests.Integration.Generated.RAG.JobTests.ValidateTotalCostCalculationAfterServiceCostUpdate" computerName="DESKTOP-A0N8TMD" duration="00:00:00.0008722" startTime="2026-06-22T11:43:16.7634751+05:30" endTime="2026-06-22T11:43:16.7634753+05:30" testType="13cdc9d9-ddb5-4fa4-a97d-d965ccfc6d4b" outcome="Passed" testListId="8c84fa94-04c1-424b-9868-57a2d4851a1d" relativeResultsDirectory="68bb0f1d-b215-40e8-9ae8-fb7887baa6f6" />
    <UnitTestResult executionId="8374dd58-dbc7-4c1f-9b90-24f55ea945b7" testId="357e39b8-96ac-e9d5-37bf-0032e741f8a2" testName="LogisticsPro.API.GenAI.Tests.Integration.Generated.RAG.JobTests.CreateEventValidDetailsShouldSucceed" computerName="DESKTOP-A0N8TMD" duration="00:00:00.0008160" startTime="2026-06-22T11:43:16.7659007+05:30" endTime="2026-06-22T11:43:16.7659007+05:30" testType="13cdc9d9-ddb5-4fa4-a97d-d965ccfc6d4b" outcome="Passed" testListId="8c84fa94-04c1-424b-9868-57a2d4851a1d" relativeResultsDirectory="8374dd58-dbc7-4c1f-9b90-24f55ea945b7" />
    <UnitTestResult executionId="714dfbc2-60f7-4852-a858-7b4a39cc2d4d" testId="4af6d96e-edff-28dd-726c-584af2e3e151" testName="LogisticsPro.API.GenAI.Tests.Integration.Generated.RAG.JobTests.RemoveUninvoicedHotelServiceItemSuccess" computerName="DESKTOP-A0N8TMD" duration="00:00:00.0007501" startTime="2026-06-22T11:43:16.8556068+05:30" endTime="2026-06-22T11:43:16.8556070+05:30" testType="13cdc9d9-ddb5-4fa4-a97d-d965ccfc6d4b" outcome="Passed" testListId="8c84fa94-04c1-424b-9868-57a2d4851a1d" relativeResultsDirectory="714dfbc2-60f7-4852-a858-7b4a39cc2d4d" />
    <UnitTestResult executionId="629d21eb-1a6e-4174-81f5-c986fe299fc4" testId="123c9b82-ec00-0346-a7ce-fad6cc2c1d00" testName="LogisticsPro.API.GenAI.Tests.Integration.Generated.RAG.LogisticsTests.GetCustomerBillableItemsProformaStatusValidationPositive" computerName="DESKTOP-A0N8TMD" duration="00:00:00.0007377" startTime="2026-06-22T11:43:16.7335371+05:30" endTime="2026-06-22T11:43:16.7335373+05:30" testType="13cdc9d9-ddb5-4fa4-a97d-d965ccfc6d4b" outcome="Passed" testListId="8c84fa94-04c1-424b-9868-57a2d4851a1d" relativeResultsDirectory="629d21eb-1a6e-4174-81f5-c986fe299fc4" />
    <UnitTestResult executionId="82ed68a7-ece9-4334-85b3-3586c315a23f" testId="35dfcc4a-372a-9757-66a5-1385f4d2bee0" testName="LogisticsPro.API.GenAI.Tests.Integration.Generated.RAG.LogisticsTests.CreatePaymentVoucherValidBatchSuccess" computerName="DESKTOP-A0N8TMD" duration="00:00:00.0012129" startTime="2026-06-22T11:43:16.7387011+05:30" endTime="2026-06-22T11:43:16.7387012+05:30" testType="13cdc9d9-ddb5-4fa4-a97d-d965ccfc6d4b" outcome="Passed" testListId="8c84fa94-04c1-424b-9868-57a2d4851a1d" relativeResultsDirectory="82ed68a7-ece9-4334-85b3-3586c315a23f" />
    <UnitTestResult executionId="17602a15-bafd-4f24-be00-a8920e3c376d" testId="7e86031f-31b0-2cb2-bea2-2d1bc51ca0c6" testName="LogisticsPro.API.GenAI.Tests.Integration.Generated.RAG.LogisticsTests.BRULE03NegativePreventModificationOnFinalizedVendorPayableItem" computerName="DESKTOP-A0N8TMD" duration="00:00:00.0007342" startTime="2026-06-22T11:43:16.7380112+05:30" endTime="2026-06-22T11:43:16.7380114+05:30" testType="13cdc9d9-ddb5-4fa4-a97d-d965ccfc6d4b" outcome="Passed" testListId="8c84fa94-04c1-424b-9868-57a2d4851a1d" relativeResultsDirectory="17602a15-bafd-4f24-be00-a8920e3c376d" />
    <UnitTestResult executionId="16e581b1-416b-4da7-b4fb-3e92e3d5d1bc" testId="00cf4696-b84c-66f5-0a49-ce5831a1827b" testName="LogisticsPro.API.GenAI.Tests.Integration.Generated.RAG.LogisticsTests.RejectVendorPayableItemsRequestWithInvalidVendorId" computerName="DESKTOP-A0N8TMD" duration="00:00:00.0007533" startTime="2026-06-22T11:43:16.7679884+05:30" endTime="2026-06-22T11:43:16.7679885+05:30" testType="13cdc9d9-ddb5-4fa4-a97d-d965ccfc6d4b" outcome="Passed" testListId="8c84fa94-04c1-424b-9868-57a2d4851a1d" relativeResultsDirectory="16e581b1-416b-4da7-b4fb-3e92e3d5d1bc" />
    <UnitTestResult executionId="d31eddb7-aa96-4364-8f24-b758bb954650" testId="f1a5381e-9b72-4a51-81f2-b7c2af2bd315" testName="LogisticsPro.API.GenAI.Tests.Integration.Generated.RAG.JobTests.AddServiceItemToClosedJobCardShouldFail" computerName="DESKTOP-A0N8TMD" duration="00:00:00.0008035" startTime="2026-06-22T11:43:16.7722132+05:30" endTime="2026-06-22T11:43:16.7722134+05:30" testType="13cdc9d9-ddb5-4fa4-a97d-d965ccfc6d4b" outcome="Passed" testListId="8c84fa94-04c1-424b-9868-57a2d4851a1d" relativeResultsDirectory="d31eddb7-aa96-4364-8f24-b758bb954650" />
    <UnitTestResult executionId="e723f816-7806-4b4b-8066-a67a35ac0ef6" testId="b891edcd-8b25-ee7a-f288-1678056d7a8f" testName="LogisticsPro.API.GenAI.Tests.Integration.Generated.RAG.JobTests.GenerateUninvoicedReportWithValidAuthenticationSucceeds" computerName="DESKTOP-A0N8TMD" duration="00:00:00.0007591" startTime="2026-06-22T11:43:16.8830028+05:30" endTime="2026-06-22T11:43:16.8830029+05:30" testType="13cdc9d9-ddb5-4fa4-a97d-d965ccfc6d4b" outcome="Passed" testListId="8c84fa94-04c1-424b-9868-57a2d4851a1d" relativeResultsDirectory="e723f816-7806-4b4b-8066-a67a35ac0ef6" />
    <UnitTestResult executionId="d3bba9da-0da4-4b9f-a5dc-8989161ccf57" testId="46e78f3b-7bef-ed32-ce52-78c7f59892b1" testName="LogisticsPro.API.GenAI.Tests.Integration.Generated.RAG.JobTests.PreventModificationOfRecordWithCompletedDownstreamProcessing" computerName="DESKTOP-A0N8TMD" duration="00:00:00.0008154" startTime="2026-06-22T11:43:16.8531921+05:30" endTime="2026-06-22T11:43:16.8531922+05:30" testType="13cdc9d9-ddb5-4fa4-a97d-d965ccfc6d4b" outcome="Passed" testListId="8c84fa94-04c1-424b-9868-57a2d4851a1d" relativeResultsDirectory="d3bba9da-0da4-4b9f-a5dc-8989161ccf57" />
    <UnitTestResult executionId="186698d7-7517-4b5c-945d-307522ae7e8d" testId="097a8a06-8833-95ed-b983-6e730ada8206" testName="LogisticsPro.API.GenAI.Tests.Integration.Generated.RAG.JobTests.PreventPhysicalDeletionOfFinancialRecordToPreserveHistoricalIntegrity" computerName="DESKTOP-A0N8TMD" duration="00:00:00.0007327" startTime="2026-06-22T11:43:16.8167070+05:30" endTime="2026-06-22T11:43:16.8167072+05:30" testType="13cdc9d9-ddb5-4fa4-a97d-d965ccfc6d4b" outcome="Passed" testListId="8c84fa94-04c1-424b-9868-57a2d4851a1d" relativeResultsDirectory="186698d7-7517-4b5c-945d-307522ae7e8d" />
    <UnitTestResult executionId="f1ceb1f7-b709-468f-9906-428ed10538aa" testId="d4fca7c9-d0bf-eac5-767d-0b28d3d109a8" testName="LogisticsPro.API.GenAI.Tests.Integration.Generated.RAG.JobTests.VoidInvoiceSuccessWhenInvoiceExistsAndIsIssued" computerName="DESKTOP-A0N8TMD" duration="00:00:00.0010888" startTime="2026-06-22T11:43:16.7810460+05:30" endTime="2026-06-22T11:43:16.7810463+05:30" testType="13cdc9d9-ddb5-4fa4-a97d-d965ccfc6d4b" outcome="Passed" testListId="8c84fa94-04c1-424b-9868-57a2d4851a1d" relativeResultsDirectory="f1ceb1f7-b709-468f-9906-428ed10538aa" />
    <UnitTestResult executionId="4373ab0b-bb43-4c4d-9020-3cecb75ca88c" testId="623ad162-a0b6-11c4-986b-0d4c6821ec10" testName="LogisticsPro.API.GenAI.Tests.Integration.Generated.RAG.LogisticsTests.LogisticsGetPaymentVoucherByIdReturnsAResult" computerName="DESKTOP-A0N8TMD" duration="00:00:00.0013064" startTime="2026-06-22T11:43:16.7607685+05:30" endTime="2026-06-22T11:43:16.7607686+05:30" testType="13cdc9d9-ddb5-4fa4-a97d-d965ccfc6d4b" outcome="Passed" testListId="8c84fa94-04c1-424b-9868-57a2d4851a1d" relativeResultsDirectory="4373ab0b-bb43-4c4d-9020-3cecb75ca88c" />
    <UnitTestResult executionId="51716085-099b-43a9-988b-5c51e27424ca" testId="b6a995a9-e9b8-40b6-ed34-5f88d1302de9" testName="LogisticsPro.API.GenAI.Tests.Integration.Generated.RAG.JobTests.RetrievePaymentVoucherInformationSuccess" computerName="DESKTOP-A0N8TMD" duration="00:00:00.0022213" startTime="2026-06-22T11:43:16.7293213+05:30" endTime="2026-06-22T11:43:16.7293214+05:30" testType="13cdc9d9-ddb5-4fa4-a97d-d965ccfc6d4b" outcome="Passed" testListId="8c84fa94-04c1-424b-9868-57a2d4851a1d" relativeResultsDirectory="51716085-099b-43a9-988b-5c51e27424ca" />
    <UnitTestResult executionId="c8a3d0b8-c69e-4669-ace8-6d02ca5dcf3a" testId="55705089-c253-4067-2413-e8bfe5ae7559" testName="LogisticsPro.API.GenAI.Tests.Integration.Generated.RAG.JobTests.GetHotelServicesByJobCardIdWithInvalidJobCardIdReturnsNotFound" computerName="DESKTOP-A0N8TMD" duration="00:00:00.0008309" startTime="2026-06-22T11:43:16.8612043+05:30" endTime="2026-06-22T11:43:16.8612045+05:30" testType="13cdc9d9-ddb5-4fa4-a97d-d965ccfc6d4b" outcome="Passed" testListId="8c84fa94-04c1-424b-9868-57a2d4851a1d" relativeResultsDirectory="c8a3d0b8-c69e-4669-ace8-6d02ca5dcf3a" />
    <UnitTestResult executionId="54e789d1-53f9-41f1-8b33-16b5947b5238" testId="c116b7f1-1a7e-d3ee-6197-6b4b3131b1fd" testName="LogisticsPro.API.GenAI.Tests.Integration.Generated.RAG.JobTests.JobGetJobsReturnsAResult" computerName="DESKTOP-A0N8TMD" duration="00:00:00.0017608" startTime="2026-06-22T11:43:16.7748547+05:30" endTime="2026-06-22T11:43:16.7748550+05:30" testType="13cdc9d9-ddb5-4fa4-a97d-d965ccfc6d4b" outcome="Passed" testListId="8c84fa94-04c1-424b-9868-57a2d4851a1d" relativeResultsDirectory="54e789d1-53f9-41f1-8b33-16b5947b5238" />
    <UnitTestResult executionId="f768b200-f843-4efe-ae85-526a5b460c16" testId="7aed7381-f207-ed93-bd0d-4bbf12e4fcfa" testName="LogisticsPro.API.GenAI.Tests.Integration.Generated.RAG.JobTests.CreateReceiptValidDataSuccessfulCreation" computerName="DESKTOP-A0N8TMD" duration="00:00:00.0008392" startTime="2026-06-22T11:43:16.8349164+05:30" endTime="2026-06-22T11:43:16.8349166+05:30" testType="13cdc9d9-ddb5-4fa4-a97d-d965ccfc6d4b" outcome="Passed" testListId="8c84fa94-04c1-424b-9868-57a2d4851a1d" relativeResultsDirectory="f768b200-f843-4efe-ae85-526a5b460c16" />
    <UnitTestResult executionId="71cf099e-1c71-4eb0-b461-3de2d1358dde" testId="4a296888-c90d-42e0-6b1a-5108ec43a562" testName="LogisticsPro.API.GenAI.Tests.Integration.Generated.RAG.JobTests.ValidateInvoiceAmountMatchesChargeableContentPositive" computerName="DESKTOP-A0N8TMD" duration="00:00:00.0008675" startTime="2026-06-22T11:43:16.8490721+05:30" endTime="2026-06-22T11:43:16.8490723+05:30" testType="13cdc9d9-ddb5-4fa4-a97d-d965ccfc6d4b" outcome="Passed" testListId="8c84fa94-04c1-424b-9868-57a2d4851a1d" relativeResultsDirectory="71cf099e-1c71-4eb0-b461-3de2d1358dde" />
    <UnitTestResult executionId="27ab9301-00f1-4b9c-8b6c-275ea197e1c7" testId="0bbc5740-afe1-bcfa-421e-08feb2b17e6c" testName="LogisticsPro.API.GenAI.Tests.Integration.Generated.RAG.JobTests.UpdateCustomerNonExistentCustomerIdReturnsNotFound" computerName="DESKTOP-A0N8TMD" duration="00:00:00.0007166" startTime="2026-06-22T11:43:16.8255819+05:30" endTime="2026-06-22T11:43:16.8255820+05:30" testType="13cdc9d9-ddb5-4fa4-a97d-d965ccfc6d4b" outcome="Passed" testListId="8c84fa94-04c1-424b-9868-57a2d4851a1d" relativeResultsDirectory="27ab9301-00f1-4b9c-8b6c-275ea197e1c7" />
    <UnitTestResult executionId="24166580-c839-45c6-8138-04720e9ce118" testId="f5c34ac7-0be9-e990-12d6-91a5773019c5" testName="LogisticsPro.API.GenAI.Tests.Integration.Generated.RAG.JobTests.RejectNegativeServiceCostOnUpdate" computerName="DESKTOP-A0N8TMD" duration="00:00:00.0011574" startTime="2026-06-22T11:43:16.7269173+05:30" endTime="2026-06-22T11:43:16.7269174+05:30" testType="13cdc9d9-ddb5-4fa4-a97d-d965ccfc6d4b" outcome="Passed" testListId="8c84fa94-04c1-424b-9868-57a2d4851a1d" relativeResultsDirectory="24166580-c839-45c6-8138-04720e9ce118" />
    <UnitTestResult executionId="596de9ac-c809-44a6-a70a-3f4b9484aae1" testId="c325b8e1-d674-6703-3873-638fc4a2388a" testName="LogisticsPro.API.GenAI.Tests.Integration.Generated.RAG.JobTests.JobOpenJobCardReturnsAResult" computerName="DESKTOP-A0N8TMD" duration="00:00:00.0011490" startTime="2026-06-22T11:43:16.7577022+05:30" endTime="2026-06-22T11:43:16.7577023+05:30" testType="13cdc9d9-ddb5-4fa4-a97d-d965ccfc6d4b" outcome="Passed" testListId="8c84fa94-04c1-424b-9868-57a2d4851a1d" relativeResultsDirectory="596de9ac-c809-44a6-a70a-3f4b9484aae1" />
    <UnitTestResult executionId="7f14a76d-250b-4916-80c2-4c891ee62ee6" testId="fd1e13ba-50df-951d-f1b8-96391d5e844a" testName="LogisticsPro.API.GenAI.Tests.Integration.Generated.RAG.LogisticsTests.DeletePaymentVoucherItemForFinalizedInvoiceShouldReturnError" computerName="DESKTOP-A0N8TMD" duration="00:00:00.0007802" startTime="2026-06-22T11:43:16.7427645+05:30" endTime="2026-06-22T11:43:16.7427646+05:30" testType="13cdc9d9-ddb5-4fa4-a97d-d965ccfc6d4b" outcome="Passed" testListId="8c84fa94-04c1-424b-9868-57a2d4851a1d" relativeResultsDirectory="7f14a76d-250b-4916-80c2-4c891ee62ee6" />
    <UnitTestResult executionId="1fea8366-4451-4f0c-9787-bd29efb77a7b" testId="055893f5-0548-6516-870e-446af429cb6b" testName="LogisticsPro.API.GenAI.Tests.Integration.Generated.RAG.JobTests.UpdateServiceItemDescriptionSuccessfulUpdateValidData" computerName="DESKTOP-A0N8TMD" duration="00:00:00.0007575" startTime="2026-06-22T11:43:16.7830970+05:30" endTime="2026-06-22T11:43:16.7830971+05:30" testType="13cdc9d9-ddb5-4fa4-a97d-d965ccfc6d4b" outcome="Passed" testListId="8c84fa94-04c1-424b-9868-57a2d4851a1d" relativeResultsDirectory="1fea8366-4451-4f0c-9787-bd29efb77a7b" />
    <UnitTestResult executionId="da5ac8a7-b9b0-4a92-9132-eba1be6ef28e" testId="eb4cbb22-c000-2a10-5c24-16a744d0b143" testName="LogisticsPro.API.GenAI.Tests.Integration.Generated.RAG.JobTests.NegativeMismatchOperationalFinancialTotalsOnCreateVisaService" computerName="DESKTOP-A0N8TMD" duration="00:00:00.0013660" startTime="2026-06-22T11:43:16.7412016+05:30" endTime="2026-06-22T11:43:16.7412017+05:30" testType="13cdc9d9-ddb5-4fa4-a97d-d965ccfc6d4b" outcome="Passed" testListId="8c84fa94-04c1-424b-9868-57a2d4851a1d" relativeResultsDirectory="da5ac8a7-b9b0-4a92-9132-eba1be6ef28e" />
    <UnitTestResult executionId="12d5bd2f-a76f-4ace-aa14-a4067cfd1b7b" testId="400d73dd-d7b4-bc76-536f-3a96cf61ff58" testName="LogisticsPro.API.GenAI.Tests.Integration.Generated.RAG.LogisticsTests.LinkReceiptToNonPayableInvoiceNegative" computerName="DESKTOP-A0N8TMD" duration="00:00:00.0007496" startTime="2026-06-22T11:43:16.7560161+05:30" endTime="2026-06-22T11:43:16.7560163+05:30" testType="13cdc9d9-ddb5-4fa4-a97d-d965ccfc6d4b" outcome="Passed" testListId="8c84fa94-04c1-424b-9868-57a2d4851a1d" relativeResultsDirectory="12d5bd2f-a76f-4ace-aa14-a4067cfd1b7b" />
    <UnitTestResult executionId="4ffa5a2a-efc8-43cb-9cc6-a9189f8c27ce" testId="6c370a7a-4908-74b9-b998-243fcc15bc32" testName="LogisticsPro.API.GenAI.Tests.Integration.Generated.RAG.JobTests.CreatePaymentVoucherWithValidBatchItemsSuccess" computerName="DESKTOP-A0N8TMD" duration="00:00:00.0006866" startTime="2026-06-22T11:43:16.7337229+05:30" endTime="2026-06-22T11:43:16.7337230+05:30" testType="13cdc9d9-ddb5-4fa4-a97d-d965ccfc6d4b" outcome="Passed" testListId="8c84fa94-04c1-424b-9868-57a2d4851a1d" relativeResultsDirectory="4ffa5a2a-efc8-43cb-9cc6-a9189f8c27ce" />
    <UnitTestResult executionId="30d63997-246d-4e61-a9d2-df483d6cead1" testId="8b64ba70-2d74-0240-5d89-d2211ab37b7b" testName="LogisticsPro.API.GenAI.Tests.Integration.Generated.RAG.JobTests.ApplyReceiptValidAmountWithinAllowedLimitShouldSucceed" computerName="DESKTOP-A0N8TMD" duration="00:00:00.0007858" startTime="2026-06-22T11:43:16.7625863+05:30" endTime="2026-06-22T11:43:16.7625865+05:30" testType="13cdc9d9-ddb5-4fa4-a97d-d965ccfc6d4b" outcome="Passed" testListId="8c84fa94-04c1-424b-9868-57a2d4851a1d" relativeResultsDirectory="30d63997-246d-4e61-a9d2-df483d6cead1" />
    <UnitTestResult executionId="20a1f4c9-e0d4-40b1-95b1-64866c731657" testId="2ac52afd-5887-d9b6-2397-5ae167a7e594" testName="LogisticsPro.API.GenAI.Tests.Integration.Generated.RAG.JobTests.VerifyTotalJobCostEqualsSumOfAllValidServiceCostsPositive" computerName="DESKTOP-A0N8TMD" duration="00:00:00.0006775" startTime="2026-06-22T11:43:16.8460914+05:30" endTime="2026-06-22T11:43:16.8460915+05:30" testType="13cdc9d9-ddb5-4fa4-a97d-d965ccfc6d4b" outcome="Passed" testListId="8c84fa94-04c1-424b-9868-57a2d4851a1d" relativeResultsDirectory="20a1f4c9-e0d4-40b1-95b1-64866c731657" />
    <UnitTestResult executionId="f64e345c-fe91-400a-bf10-93a19a845463" testId="ea984f0e-3225-ec5b-4eae-06c2d9e2f334" testName="LogisticsPro.API.GenAI.Tests.Integration.Generated.RAG.JobTests.DeleteExistingHotelServiceItemFromJobCard" computerName="DESKTOP-A0N8TMD" duration="00:00:00.0007817" startTime="2026-06-22T11:43:16.8801817+05:30" endTime="2026-06-22T11:43:16.8801819+05:30" testType="13cdc9d9-ddb5-4fa4-a97d-d965ccfc6d4b" outcome="Passed" testListId="8c84fa94-04c1-424b-9868-57a2d4851a1d" relativeResultsDirectory="f64e345c-fe91-400a-bf10-93a19a845463" />
    <UnitTestResult executionId="b9b90e8c-907f-4dca-9328-db9593534635" testId="03433ecd-511c-76cd-711a-dc065fbdfbce" testName="LogisticsPro.API.GenAI.Tests.Integration.Generated.RAG.JobTests.CreateVisaServiceFailMissingVisaType" computerName="DESKTOP-A0N8TMD" duration="00:00:00.0029234" startTime="2026-06-22T11:43:16.7286255+05:30" endTime="2026-06-22T11:43:16.7286255+05:30" testType="13cdc9d9-ddb5-4fa4-a97d-d965ccfc6d4b" outcome="Passed" testListId="8c84fa94-04c1-424b-9868-57a2d4851a1d" relativeResultsDirectory="b9b90e8c-907f-4dca-9328-db9593534635" />
    <UnitTestResult executionId="b5b3a16f-dab4-449f-80b2-dfd4b9eeb081" testId="c12d5fc8-f2b3-bffe-a397-bf6da1b50c74" testName="LogisticsPro.API.GenAI.Tests.Integration.Generated.RAG.LogisticsTests.ModifyFinalizedInvoiceShouldReturnError" computerName="DESKTOP-A0N8TMD" duration="00:00:00.0011232" startTime="2026-06-22T11:43:16.7159220+05:30" endTime="2026-06-22T11:43:16.7159220+05:30" testType="13cdc9d9-ddb5-4fa4-a97d-d965ccfc6d4b" outcome="Passed" testListId="8c84fa94-04c1-424b-9868-57a2d4851a1d" relativeResultsDirectory="b5b3a16f-dab4-449f-80b2-dfd4b9eeb081" />
    <UnitTestResult executionId="96296d2b-a8b2-40f3-894c-b95b3261028d" testId="b45eb78c-bde4-efaf-31d7-7480a13279e0" testName="LogisticsPro.API.GenAI.Tests.Integration.Generated.RAG.JobTests.CreateJobCardValidCustomerIdOptionalEventIdSuccess" computerName="DESKTOP-A0N8TMD" duration="00:00:00.0008222" startTime="2026-06-22T11:43:16.8076499+05:30" endTime="2026-06-22T11:43:16.8076500+05:30" testType="13cdc9d9-ddb5-4fa4-a97d-d965ccfc6d4b" outcome="Passed" testListId="8c84fa94-04c1-424b-9868-57a2d4851a1d" relativeResultsDirectory="96296d2b-a8b2-40f3-894c-b95b3261028d" />
    <UnitTestResult executionId="9ddddb43-d6b2-4aed-82d4-ea841147442c" testId="1d426874-6bca-f463-6b7e-ae6c9d83d1ce" testName="LogisticsPro.API.GenAI.Tests.Integration.Generated.RAG.LogisticsTests.CreateCustomerSuccessfulCreationWithValidNameAndContactDetails" computerName="DESKTOP-A0N8TMD" duration="00:00:00.0008825" startTime="2026-06-22T11:43:16.7656557+05:30" endTime="2026-06-22T11:43:16.7656559+05:30" testType="13cdc9d9-ddb5-4fa4-a97d-d965ccfc6d4b" outcome="Passed" testListId="8c84fa94-04c1-424b-9868-57a2d4851a1d" relativeResultsDirectory="9ddddb43-d6b2-4aed-82d4-ea841147442c" />
    <UnitTestResult executionId="a664815a-a9fe-4a62-b061-d188c6908388" testId="1e9d51a9-9446-593b-f4a5-b770de4fdf34" testName="LogisticsPro.API.GenAI.Tests.Integration.Generated.RAG.JobTests.RejectNegativeCostUpdateOnServiceItem" computerName="DESKTOP-A0N8TMD" duration="00:00:00.0008053" startTime="2026-06-22T11:43:16.8540507+05:30" endTime="2026-06-22T11:43:16.8540508+05:30" testType="13cdc9d9-ddb5-4fa4-a97d-d965ccfc6d4b" outcome="Passed" testListId="8c84fa94-04c1-424b-9868-57a2d4851a1d" relativeResultsDirectory="a664815a-a9fe-4a62-b061-d188c6908388" />
    <UnitTestResult executionId="6b6088d7-3ad1-4250-b22f-308e070d9f4a" testId="c47622c4-b48e-856d-b613-3134ead592a1" testName="LogisticsPro.API.GenAI.Tests.Integration.Generated.RAG.HealthCheckTests.HealthCheckGetReturnsAResult" computerName="DESKTOP-A0N8TMD" duration="00:00:00.1280520" startTime="2026-06-22T11:43:16.6744439+05:30" endTime="2026-06-22T11:43:16.6744705+05:30" testType="13cdc9d9-ddb5-4fa4-a97d-d965ccfc6d4b" outcome="Passed" testListId="8c84fa94-04c1-424b-9868-57a2d4851a1d" relativeResultsDirectory="6b6088d7-3ad1-4250-b22f-308e070d9f4a" />
    <UnitTestResult executionId="3a936feb-4610-4d2e-bb38-93452027e868" testId="1fe29383-377b-a0bc-3f4c-d73aeff06004" testName="LogisticsPro.API.GenAI.Tests.Integration.Generated.RAG.JobTests.CreateVisaServiceWithDuplicateJobCardIdFails" computerName="DESKTOP-A0N8TMD" duration="00:00:00.0013629" startTime="2026-06-22T11:43:16.7892294+05:30" endTime="2026-06-22T11:43:16.7892296+05:30" testType="13cdc9d9-ddb5-4fa4-a97d-d965ccfc6d4b" outcome="Passed" testListId="8c84fa94-04c1-424b-9868-57a2d4851a1d" relativeResultsDirectory="3a936feb-4610-4d2e-bb38-93452027e868" />
    <UnitTestResult executionId="340acc12-24b8-45a8-ab47-d9b0176abb56" testId="5f464fe1-bd5f-79f7-9970-9ea995d62781" testName="LogisticsPro.API.GenAI.Tests.Integration.Generated.RAG.LogisticsTests.LogisticsSaveProformaInvoiceReceiptReturnsAResult" computerName="DESKTOP-A0N8TMD" duration="00:00:00.0021337" startTime="2026-06-22T11:43:16.7288004+05:30" endTime="2026-06-22T11:43:16.7288004+05:30" testType="13cdc9d9-ddb5-4fa4-a97d-d965ccfc6d4b" outcome="Passed" testListId="8c84fa94-04c1-424b-9868-57a2d4851a1d" relativeResultsDirectory="340acc12-24b8-45a8-ab47-d9b0176abb56" />
    <UnitTestResult executionId="7c07ef4a-50dc-49df-b02b-05e53d8cd858" testId="8f83ad88-1725-be6a-4796-3c3893515d65" testName="LogisticsPro.API.GenAI.Tests.Integration.Generated.RAG.LogisticsTests.LogisticsVoidInvoiceReturnsAResult" computerName="DESKTOP-A0N8TMD" duration="00:00:00.0028390" startTime="2026-06-22T11:43:16.6902203+05:30" endTime="2026-06-22T11:43:16.6902204+05:30" testType="13cdc9d9-ddb5-4fa4-a97d-d965ccfc6d4b" outcome="Passed" testListId="8c84fa94-04c1-424b-9868-57a2d4851a1d" relativeResultsDirectory="7c07ef4a-50dc-49df-b02b-05e53d8cd858" />
    <UnitTestResult executionId="3e407f3b-c07c-4028-87b2-c56944116a2f" testId="326c9aac-de2f-c944-446e-6011b84fe652" testName="LogisticsPro.API.GenAI.Tests.Integration.Generated.RAG.JobTests.VerifyHistoricDataIntegrityAfterDeletionOfHotelService" computerName="DESKTOP-A0N8TMD" duration="00:00:00.0007859" startTime="2026-06-22T11:43:16.7790119+05:30" endTime="2026-06-22T11:43:16.7790121+05:30" testType="13cdc9d9-ddb5-4fa4-a97d-d965ccfc6d4b" outcome="Passed" testListId="8c84fa94-04c1-424b-9868-57a2d4851a1d" relativeResultsDirectory="3e407f3b-c07c-4028-87b2-c56944116a2f" />
    <UnitTestResult executionId="56cde8ae-a55b-446c-9c1c-11780d3c62c1" testId="ca99a873-e116-7c07-0f8e-7985bb337af2" testName="LogisticsPro.API.GenAI.Tests.Integration.Generated.RAG.JobTests.OpenJobCardWithValidState" computerName="DESKTOP-A0N8TMD" duration="00:00:00.0008009" startTime="2026-06-22T11:43:16.7601486+05:30" endTime="2026-06-22T11:43:16.7601487+05:30" testType="13cdc9d9-ddb5-4fa4-a97d-d965ccfc6d4b" outcome="Passed" testListId="8c84fa94-04c1-424b-9868-57a2d4851a1d" relativeResultsDirectory="56cde8ae-a55b-446c-9c1c-11780d3c62c1" />
    <UnitTestResult executionId="265eb8b4-b26b-47ee-83dd-ecd0b5c32f5c" testId="63a2cd3e-d152-0444-d593-0bd177de4ebe" testName="LogisticsPro.API.GenAI.Tests.Integration.Generated.RAG.LogisticsTests.EditBatchItemsNotAllowedAfterBatchProcessed" computerName="DESKTOP-A0N8TMD" duration="00:00:00.0007839" startTime="2026-06-22T11:43:16.7294933+05:30" endTime="2026-06-22T11:43:16.7294934+05:30" testType="13cdc9d9-ddb5-4fa4-a97d-d965ccfc6d4b" outcome="Passed" testListId="8c84fa94-04c1-424b-9868-57a2d4851a1d" relativeResultsDirectory="265eb8b4-b26b-47ee-83dd-ecd0b5c32f5c" />
    <UnitTestResult executionId="599ca808-f8e6-4b4d-95ea-1b744d8c1d7a" testId="a4a0a0c3-e85d-6ab2-2535-d746eab82bd2" testName="LogisticsPro.API.GenAI.Tests.Integration.Generated.RAG.MasterTests.MasterSaveEventReturnsAResult" computerName="DESKTOP-A0N8TMD" duration="00:00:00.0062373" startTime="2026-06-22T11:43:16.7171726+05:30" endTime="2026-06-22T11:43:16.7171726+05:30" testType="13cdc9d9-ddb5-4fa4-a97d-d965ccfc6d4b" outcome="Passed" testListId="8c84fa94-04c1-424b-9868-57a2d4851a1d" relativeResultsDirectory="599ca808-f8e6-4b4d-95ea-1b744d8c1d7a" />
    <UnitTestResult executionId="70e94195-da9d-4d98-8793-daff71453e24" testId="106532ef-ef5a-7bbb-d5c1-5ed5588ecfe6" testName="LogisticsPro.API.GenAI.Tests.Integration.Generated.RAG.LogisticsTests.LogisticsVoidReceiptReturnsAResult" computerName="DESKTOP-A0N8TMD" duration="00:00:00.0064597" startTime="2026-06-22T11:43:16.7319826+05:30" endTime="2026-06-22T11:43:16.7319827+05:30" testType="13cdc9d9-ddb5-4fa4-a97d-d965ccfc6d4b" outcome="Passed" testListId="8c84fa94-04c1-424b-9868-57a2d4851a1d" relativeResultsDirectory="70e94195-da9d-4d98-8793-daff71453e24" />
    <UnitTestResult executionId="55e43405-61e0-4e0d-b64f-6dee26c7a93c" testId="0a2c54a4-e14e-a0f3-7432-ca0fd680b246" testName="LogisticsPro.API.GenAI.Tests.Integration.Generated.RAG.LogisticsTests.RetrieveVendorDetailsInvalidVendorIdReturnsNotFound" computerName="DESKTOP-A0N8TMD" duration="00:00:00.0010786" startTime="2026-06-22T11:43:16.7647142+05:30" endTime="2026-06-22T11:43:16.7647145+05:30" testType="13cdc9d9-ddb5-4fa4-a97d-d965ccfc6d4b" outcome="Passed" testListId="8c84fa94-04c1-424b-9868-57a2d4851a1d" relativeResultsDirectory="55e43405-61e0-4e0d-b64f-6dee26c7a93c" />
    <UnitTestResult executionId="d1c05bd7-33b4-4f9a-827e-a6bfd6082f6c" testId="4c66fd66-a49d-dc23-928f-8f180595dac1" testName="LogisticsPro.API.GenAI.Tests.Integration.Generated.RAG.JobTests.CreateReceiptWithValidAmountSuccess" computerName="DESKTOP-A0N8TMD" duration="00:00:00.0007483" startTime="2026-06-22T11:43:16.8453675+05:30" endTime="2026-06-22T11:43:16.8453677+05:30" testType="13cdc9d9-ddb5-4fa4-a97d-d965ccfc6d4b" outcome="Passed" testListId="8c84fa94-04c1-424b-9868-57a2d4851a1d" relativeResultsDirectory="d1c05bd7-33b4-4f9a-827e-a6bfd6082f6c" />
    <UnitTestResult executionId="e4d22be3-d2fb-47f5-8be0-d2c7ab7fc14a" testId="ad5cec12-a62c-8250-1062-504e1148a83c" testName="LogisticsPro.API.GenAI.Tests.Integration.Generated.RAG.LogisticsTests.LogisticsGetInvoicesReturnsAResult" computerName="DESKTOP-A0N8TMD" duration="00:00:00.0018383" startTime="2026-06-22T11:43:16.7630360+05:30" endTime="2026-06-22T11:43:16.7630360+05:30" testType="13cdc9d9-ddb5-4fa4-a97d-d965ccfc6d4b" outcome="Passed" testListId="8c84fa94-04c1-424b-9868-57a2d4851a1d" relativeResultsDirectory="e4d22be3-d2fb-47f5-8be0-d2c7ab7fc14a" />
    <UnitTestResult executionId="cbd916e4-c8ff-4498-88bb-9cbead500963" testId="30fcf063-abbc-7d26-f6c8-f1f6c97e8bb9" testName="LogisticsPro.API.GenAI.Tests.Integration.Generated.RAG.JobTests.AllowReceiptApplicationToValidInvoice" computerName="DESKTOP-A0N8TMD" duration="00:00:00.0011318" startTime="2026-06-22T11:43:16.8812860+05:30" endTime="2026-06-22T11:43:16.8812861+05:30" testType="13cdc9d9-ddb5-4fa4-a97d-d965ccfc6d4b" outcome="Passed" testListId="8c84fa94-04c1-424b-9868-57a2d4851a1d" relativeResultsDirectory="cbd916e4-c8ff-4498-88bb-9cbead500963" />
    <UnitTestResult executionId="95f68527-2bec-4b7c-814f-b12cc08040fc" testId="6bd414c3-f4a2-6552-1f85-00cd0e62fe48" testName="LogisticsPro.API.GenAI.Tests.Integration.Generated.RAG.JobTests.GetUninvoicedReportWithAllValidEntityReferencesReturnsSuccess" computerName="DESKTOP-A0N8TMD" duration="00:00:00.0009148" startTime="2026-06-22T11:43:16.8775925+05:30" endTime="2026-06-22T11:43:16.8775927+05:30" testType="13cdc9d9-ddb5-4fa4-a97d-d965ccfc6d4b" outcome="Passed" testListId="8c84fa94-04c1-424b-9868-57a2d4851a1d" relativeResultsDirectory="95f68527-2bec-4b7c-814f-b12cc08040fc" />
    <UnitTestResult executionId="dd73c736-4127-4fb2-8d14-4d3c1de4265f" testId="6b9734d2-0c21-641d-76ec-a2839877d257" testName="LogisticsPro.API.GenAI.Tests.Integration.Generated.RAG.JobTests.JobGetJobMiscellaneaByJobCardIdReturnsAResult" computerName="DESKTOP-A0N8TMD" duration="00:00:00.0015325" startTime="2026-06-22T11:43:16.8664888+05:30" endTime="2026-06-22T11:43:16.8664889+05:30" testType="13cdc9d9-ddb5-4fa4-a97d-d965ccfc6d4b" outcome="Passed" testListId="8c84fa94-04c1-424b-9868-57a2d4851a1d" relativeResultsDirectory="dd73c736-4127-4fb2-8d14-4d3c1de4265f" />
    <UnitTestResult executionId="c3fd80fb-3d50-47b8-a6cf-4510b05606bc" testId="9b9c0743-b6fb-7fdc-fcdf-e95d30591ebc" testName="LogisticsPro.API.GenAI.Tests.Integration.Generated.RAG.JobTests.BRULE03PositiveModifyAllowedOnNonFinalizedReport" computerName="DESKTOP-A0N8TMD" duration="00:00:00.0011991" startTime="2026-06-22T11:43:16.8624567+05:30" endTime="2026-06-22T11:43:16.8624570+05:30" testType="13cdc9d9-ddb5-4fa4-a97d-d965ccfc6d4b" outcome="Passed" testListId="8c84fa94-04c1-424b-9868-57a2d4851a1d" relativeResultsDirectory="c3fd80fb-3d50-47b8-a6cf-4510b05606bc" />
    <UnitTestResult executionId="85f2c4bf-76eb-4952-8680-059e09497dc6" testId="1ccdfc20-9161-d0b9-49d3-5d74c622fa86" testName="LogisticsPro.API.GenAI.Tests.Integration.Generated.RAG.LogisticsTests.CreateVoucherWithNoBatchDataFailsValidation" computerName="DESKTOP-A0N8TMD" duration="00:00:00.0007085" startTime="2026-06-22T11:43:16.7350792+05:30" endTime="2026-06-22T11:43:16.7350795+05:30" testType="13cdc9d9-ddb5-4fa4-a97d-d965ccfc6d4b" outcome="Passed" testListId="8c84fa94-04c1-424b-9868-57a2d4851a1d" relativeResultsDirectory="85f2c4bf-76eb-4952-8680-059e09497dc6" />
    <UnitTestResult executionId="2a45d7cf-d8d9-4608-9538-5deeb143f241" testId="8009a024-9fad-71c3-8d88-4987bf1b7b3f" testName="LogisticsPro.API.GenAI.Tests.Integration.Generated.RAG.LogisticsTests.CreateVoucherWithValidBatchDataSucceeds" computerName="DESKTOP-A0N8TMD" duration="00:00:00.0007792" startTime="2026-06-22T11:43:16.7301063+05:30" endTime="2026-06-22T11:43:16.7301063+05:30" testType="13cdc9d9-ddb5-4fa4-a97d-d965ccfc6d4b" outcome="Passed" testListId="8c84fa94-04c1-424b-9868-57a2d4851a1d" relativeResultsDirectory="2a45d7cf-d8d9-4608-9538-5deeb143f241" />
    <UnitTestResult executionId="84e37199-6825-4a52-8fee-26a4d5e611af" testId="acb70423-a188-e607-bd1e-0a078c866d30" testName="LogisticsPro.API.GenAI.Tests.Integration.Generated.RAG.LogisticsTests.BRULE12NegativeInactiveVendorReturnsNoPayableItems" computerName="DESKTOP-A0N8TMD" duration="00:00:00.0007393" startTime="2026-06-22T11:43:16.7589643+05:30" endTime="2026-06-22T11:43:16.7589644+05:30" testType="13cdc9d9-ddb5-4fa4-a97d-d965ccfc6d4b" outcome="Passed" testListId="8c84fa94-04c1-424b-9868-57a2d4851a1d" relativeResultsDirectory="84e37199-6825-4a52-8fee-26a4d5e611af" />
    <UnitTestResult executionId="b392cc75-da65-43dc-90f5-d0bb704c846a" testId="347d5cf8-1c65-f889-2dc5-6aa9f4732dc0" testName="LogisticsPro.API.GenAI.Tests.Integration.Generated.RAG.MasterTests.MasterGetCustomersReturnsAResult" computerName="DESKTOP-A0N8TMD" duration="00:00:00.0012704" startTime="2026-06-22T11:43:16.7346746+05:30" endTime="2026-06-22T11:43:16.7346747+05:30" testType="13cdc9d9-ddb5-4fa4-a97d-d965ccfc6d4b" outcome="Passed" testListId="8c84fa94-04c1-424b-9868-57a2d4851a1d" relativeResultsDirectory="b392cc75-da65-43dc-90f5-d0bb704c846a" />
    <UnitTestResult executionId="c6408f18-a3e2-4088-9a32-5b4fb89e2e57" testId="2ba0135d-e3f9-a0cc-3dc5-ea56e85e8262" testName="LogisticsPro.API.GenAI.Tests.Integration.Generated.RAG.JobTests.RejectTransportationEntryWhenPickupAndDropoffBothBlank" computerName="DESKTOP-A0N8TMD" duration="00:00:00.0008307" startTime="2026-06-22T11:43:16.7799336+05:30" endTime="2026-06-22T11:43:16.7799338+05:30" testType="13cdc9d9-ddb5-4fa4-a97d-d965ccfc6d4b" outcome="Passed" testListId="8c84fa94-04c1-424b-9868-57a2d4851a1d" relativeResultsDirectory="c6408f18-a3e2-4088-9a32-5b4fb89e2e57" />
    <UnitTestResult executionId="6b2c49c2-b983-44d2-94e8-31540a387f40" testId="c89d5ede-ef67-4ad2-44cc-d25dbbfffd73" testName="LogisticsPro.API.GenAI.Tests.Integration.Generated.RAG.JobTests.PreventReceiptApplicationToVoidedInvoice" computerName="DESKTOP-A0N8TMD" duration="00:00:00.0008322" startTime="2026-06-22T11:43:16.8241580+05:30" endTime="2026-06-22T11:43:16.8241582+05:30" testType="13cdc9d9-ddb5-4fa4-a97d-d965ccfc6d4b" outcome="Passed" testListId="8c84fa94-04c1-424b-9868-57a2d4851a1d" relativeResultsDirectory="6b2c49c2-b983-44d2-94e8-31540a387f40" />
    <UnitTestResult executionId="92c173de-bb62-47bc-89bc-004fe10da8d5" testId="0099a42a-86dc-d576-db0f-e94ca259105e" testName="LogisticsPro.API.GenAI.Tests.Integration.Generated.RAG.MasterTests.ValidTokenAllowsAccessToProtectedEndpointPOSTapiauthlogin" computerName="DESKTOP-A0N8TMD" duration="00:00:00.0009032" startTime="2026-06-22T11:43:16.7185614+05:30" endTime="2026-06-22T11:43:16.7185614+05:30" testType="13cdc9d9-ddb5-4fa4-a97d-d965ccfc6d4b" outcome="Passed" testListId="8c84fa94-04c1-424b-9868-57a2d4851a1d" relativeResultsDirectory="92c173de-bb62-47bc-89bc-004fe10da8d5" />
    <UnitTestResult executionId="33d6911c-3cbd-4f4b-aa92-eea459b2fab5" testId="017012a1-196b-a950-3a33-070703763aea" testName="LogisticsPro.API.GenAI.Tests.Integration.Generated.RAG.JobTests.VoidInvoicePreservesInvoiceRecordAndRelationshipsPositive" computerName="DESKTOP-A0N8TMD" duration="00:00:00.0007753" startTime="2026-06-22T11:43:16.7617527+05:30" endTime="2026-06-22T11:43:16.7617528+05:30" testType="13cdc9d9-ddb5-4fa4-a97d-d965ccfc6d4b" outcome="Passed" testListId="8c84fa94-04c1-424b-9868-57a2d4851a1d" relativeResultsDirectory="33d6911c-3cbd-4f4b-aa92-eea459b2fab5" />
    <UnitTestResult executionId="6f7add8d-6bbe-4f02-8759-48d53ea970a7" testId="39af7a1a-b659-2503-5f2a-1ee3ab776784" testName="LogisticsPro.API.GenAI.Tests.Integration.Generated.RAG.JobTests.GenerateUninvoicedReportUnauthenticatedAccessIsRejected" computerName="DESKTOP-A0N8TMD" duration="00:00:00.0007413" startTime="2026-06-22T11:43:16.8845469+05:30" endTime="2026-06-22T11:43:16.8845470+05:30" testType="13cdc9d9-ddb5-4fa4-a97d-d965ccfc6d4b" outcome="Passed" testListId="8c84fa94-04c1-424b-9868-57a2d4851a1d" relativeResultsDirectory="6f7add8d-6bbe-4f02-8759-48d53ea970a7" />
    <UnitTestResult executionId="fb8e5ec3-fc91-4553-aef2-d83ac470b168" testId="cec81362-3913-0620-4d67-9231a52d2f70" testName="LogisticsPro.API.GenAI.Tests.Integration.Generated.RAG.JobTests.UpdateCustomerValidCustomerIdSuccessfulUpdate" computerName="DESKTOP-A0N8TMD" duration="00:00:00.0008426" startTime="2026-06-22T11:43:16.7524810+05:30" endTime="2026-06-22T11:43:16.7524813+05:30" testType="13cdc9d9-ddb5-4fa4-a97d-d965ccfc6d4b" outcome="Passed" testListId="8c84fa94-04c1-424b-9868-57a2d4851a1d" relativeResultsDirectory="fb8e5ec3-fc91-4553-aef2-d83ac470b168" />
    <UnitTestResult executionId="d6ea1b05-2367-40d0-8703-5e5a03f24927" testId="10a35bcc-591b-2fee-2a75-faa54df541cc" testName="LogisticsPro.API.GenAI.Tests.Integration.Generated.RAG.LogisticsTests.BRULE62NegativeGetVendorPayableItemsInvalidVendorIdReference" computerName="DESKTOP-A0N8TMD" duration="00:00:00.0014402" startTime="2026-06-22T11:43:16.7111849+05:30" endTime="2026-06-22T11:43:16.7111849+05:30" testType="13cdc9d9-ddb5-4fa4-a97d-d965ccfc6d4b" outcome="Passed" testListId="8c84fa94-04c1-424b-9868-57a2d4851a1d" relativeResultsDirectory="d6ea1b05-2367-40d0-8703-5e5a03f24927" />
    <UnitTestResult executionId="876a8cbb-ddd7-43c5-840b-dcad218a0be1" testId="8e10ebb0-2427-4177-1324-191956545f03" testName="LogisticsPro.API.GenAI.Tests.Integration.Generated.RAG.JobTests.BRULE62PositiveGetUninvoicedReportWithValidAuth" computerName="DESKTOP-A0N8TMD" duration="00:00:00.0012011" startTime="2026-06-22T11:43:16.7113829+05:30" endTime="2026-06-22T11:43:16.7113830+05:30" testType="13cdc9d9-ddb5-4fa4-a97d-d965ccfc6d4b" outcome="Passed" testListId="8c84fa94-04c1-424b-9868-57a2d4851a1d" relativeResultsDirectory="876a8cbb-ddd7-43c5-840b-dcad218a0be1" />
    <UnitTestResult executionId="40e50ad1-a79d-4e3a-acdc-d6c6392fc9d1" testId="d946fe02-0521-41c1-5a61-277fd2473bb4" testName="LogisticsPro.API.GenAI.Tests.Integration.Generated.RAG.JobTests.PositiveGetUninvoicedReportsMaintainsReferentialIntegrity" computerName="DESKTOP-A0N8TMD" duration="00:00:00.0008390" startTime="2026-06-22T11:43:16.8793580+05:30" endTime="2026-06-22T11:43:16.8793582+05:30" testType="13cdc9d9-ddb5-4fa4-a97d-d965ccfc6d4b" outcome="Passed" testListId="8c84fa94-04c1-424b-9868-57a2d4851a1d" relativeResultsDirectory="40e50ad1-a79d-4e3a-acdc-d6c6392fc9d1" />
    <UnitTestResult executionId="2ed03ff0-b351-4bbc-9544-568de4c9b1fa" testId="df781c37-63d6-5a6f-dd5e-18c17c606c87" testName="LogisticsPro.API.GenAI.Tests.Integration.Generated.RAG.LogisticsTests.CreateCustomerFailureWhenCustomerNameMissing" computerName="DESKTOP-A0N8TMD" duration="00:00:00.0020799" startTime="2026-06-22T11:43:16.7105051+05:30" endTime="2026-06-22T11:43:16.7105052+05:30" testType="13cdc9d9-ddb5-4fa4-a97d-d965ccfc6d4b" outcome="Passed" testListId="8c84fa94-04c1-424b-9868-57a2d4851a1d" relativeResultsDirectory="2ed03ff0-b351-4bbc-9544-568de4c9b1fa" />
    <UnitTestResult executionId="4f7d2109-a880-463a-b3a6-8dcb720f506d" testId="9f95cd79-fd21-1a8d-6d9d-e937c7ad012c" testName="LogisticsPro.API.GenAI.Tests.Integration.Generated.RAG.JobTests.DeleteActiveCustomerReferencedByTransactionFailsWithProtectedDeletionError" computerName="DESKTOP-A0N8TMD" duration="00:00:00.0007761" startTime="2026-06-22T11:43:16.7308594+05:30" endTime="2026-06-22T11:43:16.7308594+05:30" testType="13cdc9d9-ddb5-4fa4-a97d-d965ccfc6d4b" outcome="Passed" testListId="8c84fa94-04c1-424b-9868-57a2d4851a1d" relativeResultsDirectory="4f7d2109-a880-463a-b3a6-8dcb720f506d" />
    <UnitTestResult executionId="24593cc5-b23f-4ff9-94d1-caa4023da2a2" testId="0fc8b371-b840-adf1-47c6-53fbc560c14b" testName="LogisticsPro.API.GenAI.Tests.Integration.Generated.RAG.MasterTests.BR01SuccessfulLoginWithValidCredentials" computerName="DESKTOP-A0N8TMD" duration="00:00:00.0007515" startTime="2026-06-22T11:43:16.7339391+05:30" endTime="2026-06-22T11:43:16.7339391+05:30" testType="13cdc9d9-ddb5-4fa4-a97d-d965ccfc6d4b" outcome="Passed" testListId="8c84fa94-04c1-424b-9868-57a2d4851a1d" relativeResultsDirectory="24593cc5-b23f-4ff9-94d1-caa4023da2a2" />
    <UnitTestResult executionId="71c53ac9-1f0a-450f-b19e-6211cabaca91" testId="a9bff6a9-3c04-8eaa-6740-9db5a0ce615d" testName="LogisticsPro.API.GenAI.Tests.Integration.Generated.RAG.JobTests.ValidTransportationEntryWithPickupAndDropoff" computerName="DESKTOP-A0N8TMD" duration="00:00:00.0008004" startTime="2026-06-22T11:43:16.7367046+05:30" endTime="2026-06-22T11:43:16.7367046+05:30" testType="13cdc9d9-ddb5-4fa4-a97d-d965ccfc6d4b" outcome="Passed" testListId="8c84fa94-04c1-424b-9868-57a2d4851a1d" relativeResultsDirectory="71c53ac9-1f0a-450f-b19e-6211cabaca91" />
    <UnitTestResult executionId="831a3ab5-cc70-4211-ae5a-d419c53f0854" testId="0af06355-e1cb-ded4-89d5-4ef4a384fe0e" testName="LogisticsPro.API.GenAI.Tests.Integration.Generated.RAG.JobTests.CreateHotelServiceWithUniqueJobCardIdSucceeds" computerName="DESKTOP-A0N8TMD" duration="00:00:00.0009611" startTime="2026-06-22T11:43:16.7378315+05:30" endTime="2026-06-22T11:43:16.7378316+05:30" testType="13cdc9d9-ddb5-4fa4-a97d-d965ccfc6d4b" outcome="Passed" testListId="8c84fa94-04c1-424b-9868-57a2d4851a1d" relativeResultsDirectory="831a3ab5-cc70-4211-ae5a-d419c53f0854" />
    <UnitTestResult executionId="a0ec3ea8-a908-4c66-aa16-4bb401d4e516" testId="7322f4ef-9d5f-7781-3b91-66b1dc14064a" testName="LogisticsPro.API.GenAI.Tests.Integration.Generated.RAG.JobTests.PreventDuplicateInvoiceCreationForSameBillableContent" computerName="DESKTOP-A0N8TMD" duration="00:00:00.0007182" startTime="2026-06-22T11:43:16.8876421+05:30" endTime="2026-06-22T11:43:16.8876422+05:30" testType="13cdc9d9-ddb5-4fa4-a97d-d965ccfc6d4b" outcome="Passed" testListId="8c84fa94-04c1-424b-9868-57a2d4851a1d" relativeResultsDirectory="a0ec3ea8-a908-4c66-aa16-4bb401d4e516" />
    <UnitTestResult executionId="8a380f30-3b17-40df-ba4e-a510fc1714f8" testId="11abab3e-4e35-e8ae-5f16-f8bdbdccfe1d" testName="LogisticsPro.API.GenAI.Tests.Integration.Generated.RAG.MasterTests.MasterRemoveCustomerReturnsAResult" computerName="DESKTOP-A0N8TMD" duration="00:00:00.0018883" startTime="2026-06-22T11:43:16.7299168+05:30" endTime="2026-06-22T11:43:16.7299169+05:30" testType="13cdc9d9-ddb5-4fa4-a97d-d965ccfc6d4b" outcome="Passed" testListId="8c84fa94-04c1-424b-9868-57a2d4851a1d" relativeResultsDirectory="8a380f30-3b17-40df-ba4e-a510fc1714f8" />
    <UnitTestResult executionId="83718b7b-1d37-49e4-a8f5-8f6e8391ab07" testId="ace021e0-30b3-6c70-e138-83b6f31b58eb" testName="LogisticsPro.API.GenAI.Tests.Integration.Generated.RAG.LogisticsTests.CreateBatchWithValidItemsSucceeds" computerName="DESKTOP-A0N8TMD" duration="00:00:00.0007334" startTime="2026-06-22T11:43:16.7538386+05:30" endTime="2026-06-22T11:43:16.7538387+05:30" testType="13cdc9d9-ddb5-4fa4-a97d-d965ccfc6d4b" outcome="Passed" testListId="8c84fa94-04c1-424b-9868-57a2d4851a1d" relativeResultsDirectory="83718b7b-1d37-49e4-a8f5-8f6e8391ab07" />
    <UnitTestResult executionId="1f927887-f915-49b1-afb4-f9d3e1ea840b" testId="50f501b4-fe94-43ce-03c7-7133b36446ec" testName="LogisticsPro.API.GenAI.Tests.Integration.Generated.RAG.JobTests.JobGetJobTransportationByIdReturnsAResult" computerName="DESKTOP-A0N8TMD" duration="00:00:00.0016560" startTime="2026-06-22T11:43:16.8436717+05:30" endTime="2026-06-22T11:43:16.8436719+05:30" testType="13cdc9d9-ddb5-4fa4-a97d-d965ccfc6d4b" outcome="Passed" testListId="8c84fa94-04c1-424b-9868-57a2d4851a1d" relativeResultsDirectory="1f927887-f915-49b1-afb4-f9d3e1ea840b" />
    <UnitTestResult executionId="93512087-f455-4732-886f-190af28cb5ab" testId="546ac05e-9539-07e7-f010-323b0365677d" testName="LogisticsPro.API.GenAI.Tests.Integration.Generated.RAG.JobTests.CreateEventValidInputPositive" computerName="DESKTOP-A0N8TMD" duration="00:00:00.0007625" startTime="2026-06-22T11:43:16.8853526+05:30" endTime="2026-06-22T11:43:16.8853528+05:30" testType="13cdc9d9-ddb5-4fa4-a97d-d965ccfc6d4b" outcome="Passed" testListId="8c84fa94-04c1-424b-9868-57a2d4851a1d" relativeResultsDirectory="93512087-f455-4732-886f-190af28cb5ab" />
    <UnitTestResult executionId="d30a11b5-4921-4d94-84e9-1180b22cfa84" testId="a3078a02-5d58-b759-f0de-7c592ee150a9" testName="LogisticsPro.API.GenAI.Tests.Integration.Generated.RAG.JobTests.CreateEventEndDateBeforeStartDateShouldFailValidation" computerName="DESKTOP-A0N8TMD" duration="00:00:00.0008331" startTime="2026-06-22T11:43:16.7901110+05:30" endTime="2026-06-22T11:43:16.7901111+05:30" testType="13cdc9d9-ddb5-4fa4-a97d-d965ccfc6d4b" outcome="Passed" testListId="8c84fa94-04c1-424b-9868-57a2d4851a1d" relativeResultsDirectory="d30a11b5-4921-4d94-84e9-1180b22cfa84" />
    <UnitTestResult executionId="3af2028b-0e10-478a-b12a-a4dcb51516c9" testId="3967b6cc-54eb-2777-4a6d-cd76d1528fcd" testName="LogisticsPro.API.GenAI.Tests.Integration.Generated.RAG.LogisticsTests.ValidateAllBatchItemsAreTraceableGetUninvoiced" computerName="DESKTOP-A0N8TMD" duration="00:00:00.0007561" startTime="2026-06-22T11:43:16.7594715+05:30" endTime="2026-06-22T11:43:16.7594716+05:30" testType="13cdc9d9-ddb5-4fa4-a97d-d965ccfc6d4b" outcome="Passed" testListId="8c84fa94-04c1-424b-9868-57a2d4851a1d" relativeResultsDirectory="3af2028b-0e10-478a-b12a-a4dcb51516c9" />
    <UnitTestResult executionId="c7c0edb9-3da0-4431-ac90-579bf508223c" testId="8c6105e0-b212-5b4f-561c-06beb69c0b21" testName="LogisticsPro.API.GenAI.Tests.Integration.Generated.RAG.LogisticsTests.LogisticsGetReceiptsReturnsAResult" computerName="DESKTOP-A0N8TMD" duration="00:00:00.0014229" startTime="2026-06-22T11:43:16.7405359+05:30" endTime="2026-06-22T11:43:16.7405361+05:30" testType="13cdc9d9-ddb5-4fa4-a97d-d965ccfc6d4b" outcome="Passed" testListId="8c84fa94-04c1-424b-9868-57a2d4851a1d" relativeResultsDirectory="c7c0edb9-3da0-4431-ac90-579bf508223c" />
    <UnitTestResult executionId="82abe8ba-6469-42bf-8b70-6053574656f9" testId="0db01adf-4e9f-d1a7-0233-8659fc5b7013" testName="LogisticsPro.API.GenAI.Tests.Integration.Generated.RAG.JobTests.DeleteMiscServiceWithValidIdSucceeds" computerName="DESKTOP-A0N8TMD" duration="00:00:00.0008312" startTime="2026-06-22T11:43:16.8375350+05:30" endTime="2026-06-22T11:43:16.8375351+05:30" testType="13cdc9d9-ddb5-4fa4-a97d-d965ccfc6d4b" outcome="Passed" testListId="8c84fa94-04c1-424b-9868-57a2d4851a1d" relativeResultsDirectory="82abe8ba-6469-42bf-8b70-6053574656f9" />
    <UnitTestResult executionId="fd8ab52a-0085-48c2-8888-065f4224dbd5" testId="ba3ecac6-c945-8ec0-10ab-5f72aadcd41c" testName="LogisticsPro.API.GenAI.Tests.Integration.Generated.RAG.LogisticsTests.LogisticsGetProformaInvoiceReceiptsReturnsAResult" computerName="DESKTOP-A0N8TMD" duration="00:00:00.0013649" startTime="2026-06-22T11:43:16.7552190+05:30" endTime="2026-06-22T11:43:16.7552192+05:30" testType="13cdc9d9-ddb5-4fa4-a97d-d965ccfc6d4b" outcome="Passed" testListId="8c84fa94-04c1-424b-9868-57a2d4851a1d" relativeResultsDirectory="fd8ab52a-0085-48c2-8888-065f4224dbd5" />
    <UnitTestResult executionId="c6691e8f-f80d-49a6-bc9d-b444abd49bed" testId="7e16a58e-a40e-2d5d-ed10-9695e6dfd610" testName="LogisticsPro.API.GenAI.Tests.Integration.Generated.RAG.JobTests.GetUninvoicedReportWithValidBusinessRecordsReturnsAccurateRevenueAndCost" computerName="DESKTOP-A0N8TMD" duration="00:00:00.0007727" startTime="2026-06-22T11:43:16.7564730+05:30" endTime="2026-06-22T11:43:16.7564732+05:30" testType="13cdc9d9-ddb5-4fa4-a97d-d965ccfc6d4b" outcome="Passed" testListId="8c84fa94-04c1-424b-9868-57a2d4851a1d" relativeResultsDirectory="c6691e8f-f80d-49a6-bc9d-b444abd49bed" />
    <UnitTestResult executionId="6925d9f3-9777-47d4-8280-71ad2c320d23" testId="c6c4d438-b4d4-100e-c091-ae46ea78d839" testName="LogisticsPro.API.GenAI.Tests.Integration.Generated.RAG.LogisticsTests.RejectDeletionOfPaymentVoucherItemWithNonexistentId" computerName="DESKTOP-A0N8TMD" duration="00:00:00.0008639" startTime="2026-06-22T11:43:16.7187811+05:30" endTime="2026-06-22T11:43:16.7187812+05:30" testType="13cdc9d9-ddb5-4fa4-a97d-d965ccfc6d4b" outcome="Passed" testListId="8c84fa94-04c1-424b-9868-57a2d4851a1d" relativeResultsDirectory="6925d9f3-9777-47d4-8280-71ad2c320d23" />
    <UnitTestResult executionId="2757b44f-d1cc-4bc9-9a6c-ded770695f30" testId="cc997b9a-5417-ab28-21a1-60623ad7647c" testName="LogisticsPro.API.GenAI.Tests.Integration.Generated.RAG.LogisticsTests.LogisticsGetInvoiceReturnsAResult" computerName="DESKTOP-A0N8TMD" duration="00:00:00.0013335" startTime="2026-06-22T11:43:16.7419666+05:30" endTime="2026-06-22T11:43:16.7419668+05:30" testType="13cdc9d9-ddb5-4fa4-a97d-d965ccfc6d4b" outcome="Passed" testListId="8c84fa94-04c1-424b-9868-57a2d4851a1d" relativeResultsDirectory="2757b44f-d1cc-4bc9-9a6c-ded770695f30" />
    <UnitTestResult executionId="8f6cdf02-5f6a-4cf5-8b02-24898b2bfd2d" testId="1c9128e9-0337-efa4-13ea-20a4b2f1fec1" testName="LogisticsPro.API.GenAI.Tests.Integration.Generated.RAG.MasterTests.MasterGetJobCardReferanceDataReturnsAResult" computerName="DESKTOP-A0N8TMD" duration="00:00:00.0013140" startTime="2026-06-22T11:43:16.7135945+05:30" endTime="2026-06-22T11:43:16.7135947+05:30" testType="13cdc9d9-ddb5-4fa4-a97d-d965ccfc6d4b" outcome="Passed" testListId="8c84fa94-04c1-424b-9868-57a2d4851a1d" relativeResultsDirectory="8f6cdf02-5f6a-4cf5-8b02-24898b2bfd2d" />
    <UnitTestResult executionId="3409ad77-3757-4877-abe3-63c7a2653ca4" testId="a5618ca3-2ff2-bc5a-2853-0de0cd3ff016" testName="LogisticsPro.API.GenAI.Tests.Integration.Generated.RAG.JobTests.CreateJobCardWithValidCustomerReferenceSucceeds" computerName="DESKTOP-A0N8TMD" duration="00:00:00.0007735" startTime="2026-06-22T11:43:16.7729990+05:30" endTime="2026-06-22T11:43:16.7729992+05:30" testType="13cdc9d9-ddb5-4fa4-a97d-d965ccfc6d4b" outcome="Passed" testListId="8c84fa94-04c1-424b-9868-57a2d4851a1d" relativeResultsDirectory="3409ad77-3757-4877-abe3-63c7a2653ca4" />
    <UnitTestResult executionId="a78bf4a8-8de2-44fc-9c41-98c3bbbcd5f2" testId="1090f41a-134d-dd17-f9f1-b6ddbe77da88" testName="LogisticsPro.API.GenAI.Tests.Integration.Generated.RAG.JobTests.ExpiredTokenIsRejectedOnPUTapiservicecosts" computerName="DESKTOP-A0N8TMD" duration="00:00:00.0008164" startTime="2026-06-22T11:43:16.8784604+05:30" endTime="2026-06-22T11:43:16.8784606+05:30" testType="13cdc9d9-ddb5-4fa4-a97d-d965ccfc6d4b" outcome="Passed" testListId="8c84fa94-04c1-424b-9868-57a2d4851a1d" relativeResultsDirectory="a78bf4a8-8de2-44fc-9c41-98c3bbbcd5f2" />
    <UnitTestResult executionId="951ba4c4-5f04-4487-8369-f12ca704c44b" testId="3edaf26c-33d5-b95d-d987-20e62f256dc3" testName="LogisticsPro.API.GenAI.Tests.Integration.Generated.RAG.JobTests.VerifyUninvoicedReportShowsConnectedOperationalandFinancialRecords" computerName="DESKTOP-A0N8TMD" duration="00:00:00.0011643" startTime="2026-06-22T11:43:16.8480894+05:30" endTime="2026-06-22T11:43:16.8480896+05:30" testType="13cdc9d9-ddb5-4fa4-a97d-d965ccfc6d4b" outcome="Passed" testListId="8c84fa94-04c1-424b-9868-57a2d4851a1d" relativeResultsDirectory="951ba4c4-5f04-4487-8369-f12ca704c44b" />
    <UnitTestResult executionId="23a47b3e-a32c-4b43-99ee-1892dbca189b" testId="26af54ab-3a48-f3c6-ed5a-0c6b80468a9a" testName="LogisticsPro.API.GenAI.Tests.Integration.Generated.RAG.JobTests.DeleteServiceNotAllowedWhenFinalizedNoControlledReversal" computerName="DESKTOP-A0N8TMD" duration="00:00:00.0008248" startTime="2026-06-22T11:43:16.8366503+05:30" endTime="2026-06-22T11:43:16.8366506+05:30" testType="13cdc9d9-ddb5-4fa4-a97d-d965ccfc6d4b" outcome="Passed" testListId="8c84fa94-04c1-424b-9868-57a2d4851a1d" relativeResultsDirectory="23a47b3e-a32c-4b43-99ee-1892dbca189b" />
    <UnitTestResult executionId="e546c34b-1c9e-426b-8473-71e798bf55ac" testId="cdcc2e2d-d06d-4454-7a29-f11ec2b2357f" testName="LogisticsPro.API.GenAI.Tests.Integration.Generated.RAG.JobTests.UpdateJobCardSuccessWhenJobIsOpen" computerName="DESKTOP-A0N8TMD" duration="00:00:00.0015046" startTime="2026-06-22T11:43:16.7548645+05:30" endTime="2026-06-22T11:43:16.7548647+05:30" testType="13cdc9d9-ddb5-4fa4-a97d-d965ccfc6d4b" outcome="Passed" testListId="8c84fa94-04c1-424b-9868-57a2d4851a1d" relativeResultsDirectory="e546c34b-1c9e-426b-8473-71e798bf55ac" />
    <UnitTestResult executionId="c4d3255c-a3ac-4982-846f-976137d25cb5" testId="f788e367-0d7a-09b3-4614-a487d0b677d9" testName="LogisticsPro.API.GenAI.Tests.Integration.Generated.RAG.JobTests.ConvertProformaInvoiceToFinalSucceedsWithoutDuplicateBilling" computerName="DESKTOP-A0N8TMD" duration="00:00:00.0007124" startTime="2026-06-22T11:43:16.8837082+05:30" endTime="2026-06-22T11:43:16.8837084+05:30" testType="13cdc9d9-ddb5-4fa4-a97d-d965ccfc6d4b" outcome="Passed" testListId="8c84fa94-04c1-424b-9868-57a2d4851a1d" relativeResultsDirectory="c4d3255c-a3ac-4982-846f-976137d25cb5" />
    <UnitTestResult executionId="d5abf80a-4577-4fd2-8c9c-1005f75e0a6a" testId="4653ac32-47ec-323c-7b9e-32f585caa8de" testName="LogisticsPro.API.GenAI.Tests.Integration.Generated.RAG.JobTests.FailCreateJobCardWithMissingCustomerReference" computerName="DESKTOP-A0N8TMD" duration="00:00:00.0017673" startTime="2026-06-22T11:43:16.7154002+05:30" endTime="2026-06-22T11:43:16.7154003+05:30" testType="13cdc9d9-ddb5-4fa4-a97d-d965ccfc6d4b" outcome="Passed" testListId="8c84fa94-04c1-424b-9868-57a2d4851a1d" relativeResultsDirectory="d5abf80a-4577-4fd2-8c9c-1005f75e0a6a" />
    <UnitTestResult executionId="e68a5766-bfd4-42d2-938c-1aa083f495d2" testId="83cf1502-a72e-4e45-fd53-bf99422d7fd8" testName="LogisticsPro.API.GenAI.Tests.Integration.Generated.RAG.JobTests.UpdateServiceCostsWithInvalidDataShouldRejectAndProvideClearValidationError" computerName="DESKTOP-A0N8TMD" duration="00:00:00.0011213" startTime="2026-06-22T11:43:16.8636464+05:30" endTime="2026-06-22T11:43:16.8636466+05:30" testType="13cdc9d9-ddb5-4fa4-a97d-d965ccfc6d4b" outcome="Passed" testListId="8c84fa94-04c1-424b-9868-57a2d4851a1d" relativeResultsDirectory="e68a5766-bfd4-42d2-938c-1aa083f495d2" />
    <UnitTestResult executionId="03060ef4-8de2-4e6c-ad8a-7de2ac2028df" testId="f19a7f88-2a4a-fbe2-7e8c-f3dde3c13ab7" testName="LogisticsPro.API.GenAI.Tests.Integration.Generated.RAG.LogisticsTests.GetOperationalReportsWithMissingCustomerNameShouldReturnValidationError" computerName="DESKTOP-A0N8TMD" duration="00:00:00.0012007" startTime="2026-06-22T11:43:16.7291484+05:30" endTime="2026-06-22T11:43:16.7291485+05:30" testType="13cdc9d9-ddb5-4fa4-a97d-d965ccfc6d4b" outcome="Passed" testListId="8c84fa94-04c1-424b-9868-57a2d4851a1d" relativeResultsDirectory="03060ef4-8de2-4e6c-ad8a-7de2ac2028df" />
    <UnitTestResult executionId="7f09cf5b-7830-4984-9c9f-eaa1cdd6808d" testId="a06dea4b-be0c-e85b-39d1-d8374e776339" testName="LogisticsPro.API.GenAI.Tests.Integration.Generated.RAG.JobTests.JobGetJobHotelByIdReturnsAResult" computerName="DESKTOP-A0N8TMD" duration="00:00:00.0012751" startTime="2026-06-22T11:43:16.7515930+05:30" endTime="2026-06-22T11:43:16.7515933+05:30" testType="13cdc9d9-ddb5-4fa4-a97d-d965ccfc6d4b" outcome="Passed" testListId="8c84fa94-04c1-424b-9868-57a2d4851a1d" relativeResultsDirectory="7f09cf5b-7830-4984-9c9f-eaa1cdd6808d" />
    <UnitTestResult executionId="781f6466-2852-480b-a977-d2f4c3d68768" testId="79f1b64c-2b0e-0a32-e2f4-820a4f9be17b" testName="LogisticsPro.API.GenAI.Tests.Integration.Generated.RAG.JobTests.JobGetJobByIdReturnsAResult" computerName="DESKTOP-A0N8TMD" duration="00:00:00.0012584" startTime="2026-06-22T11:43:16.7254163+05:30" endTime="2026-06-22T11:43:16.7254164+05:30" testType="13cdc9d9-ddb5-4fa4-a97d-d965ccfc6d4b" outcome="Passed" testListId="8c84fa94-04c1-424b-9868-57a2d4851a1d" relativeResultsDirectory="781f6466-2852-480b-a977-d2f4c3d68768" />
    <UnitTestResult executionId="2793958f-9d10-4451-97f9-e4e25cc30b55" testId="bed1bcc3-caef-1326-8d0d-c902946f07a1" testName="LogisticsPro.API.GenAI.Tests.Integration.Generated.RAG.MasterTests.POSTapiusersRequestWithoutTokenRejectedUnauthorized" computerName="DESKTOP-A0N8TMD" duration="00:00:00.0015723" startTime="2026-06-22T11:43:16.7109764+05:30" endTime="2026-06-22T11:43:16.7109765+05:30" testType="13cdc9d9-ddb5-4fa4-a97d-d965ccfc6d4b" outcome="Passed" testListId="8c84fa94-04c1-424b-9868-57a2d4851a1d" relativeResultsDirectory="2793958f-9d10-4451-97f9-e4e25cc30b55" />
    <UnitTestResult executionId="a8f2f021-e354-4350-9338-760aea5c05ae" testId="229dbda8-0b54-8672-789b-00075707942e" testName="LogisticsPro.API.GenAI.Tests.Integration.Generated.RAG.JobTests.SafeDeactivateActiveVendorReferencedByTransactionsSucceeds" computerName="DESKTOP-A0N8TMD" duration="00:00:00.0011804" startTime="2026-06-22T11:43:16.8678076+05:30" endTime="2026-06-22T11:43:16.8678078+05:30" testType="13cdc9d9-ddb5-4fa4-a97d-d965ccfc6d4b" outcome="Passed" testListId="8c84fa94-04c1-424b-9868-57a2d4851a1d" relativeResultsDirectory="a8f2f021-e354-4350-9338-760aea5c05ae" />
    <UnitTestResult executionId="5e4049a8-fab2-435b-8bf4-ae8de35198c1" testId="c727369b-127c-face-6ee4-3e1308e029e4" testName="LogisticsPro.API.GenAI.Tests.Integration.Generated.RAG.LogisticsTests.LogisticsSaveInvoiceReturnsAResult" computerName="DESKTOP-A0N8TMD" duration="00:00:00.0029447" startTime="2026-06-22T11:43:16.7161356+05:30" endTime="2026-06-22T11:43:16.7161356+05:30" testType="13cdc9d9-ddb5-4fa4-a97d-d965ccfc6d4b" outcome="Passed" testListId="8c84fa94-04c1-424b-9868-57a2d4851a1d" relativeResultsDirectory="5e4049a8-fab2-435b-8bf4-ae8de35198c1" />
    <UnitTestResult executionId="3eaed9b1-04dc-4bda-bbc4-83dbd4db10fe" testId="1af55435-6de5-5418-b714-d22ab827dbdd" testName="LogisticsPro.API.GenAI.Tests.Integration.Generated.RAG.JobTests.POSTVisaServicesValidRequestReturnsSuccess" computerName="DESKTOP-A0N8TMD" duration="00:00:00.0007311" startTime="2026-06-22T11:43:16.8868846+05:30" endTime="2026-06-22T11:43:16.8868848+05:30" testType="13cdc9d9-ddb5-4fa4-a97d-d965ccfc6d4b" outcome="Passed" testListId="8c84fa94-04c1-424b-9868-57a2d4851a1d" relativeResultsDirectory="3eaed9b1-04dc-4bda-bbc4-83dbd4db10fe" />
    <UnitTestResult executionId="6372111d-600d-4cd2-b9ca-e8f6013e1322" testId="1c016dc1-3b90-05b6-7583-b1de4d761396" testName="LogisticsPro.API.GenAI.Tests.Integration.Generated.RAG.LogisticsTests.CreateBatchWithEligibleItemsSuccessfully" computerName="DESKTOP-A0N8TMD" duration="00:00:00.0007008" startTime="2026-06-22T11:43:16.7344958+05:30" endTime="2026-06-22T11:43:16.7344959+05:30" testType="13cdc9d9-ddb5-4fa4-a97d-d965ccfc6d4b" outcome="Passed" testListId="8c84fa94-04c1-424b-9868-57a2d4851a1d" relativeResultsDirectory="6372111d-600d-4cd2-b9ca-e8f6013e1322" />
    <UnitTestResult executionId="5d80d2ae-5aec-4e9a-bb68-8f2d641bf4be" testId="90f5a37d-ac55-36fc-b8f5-143a57839c20" testName="LogisticsPro.API.GenAI.Tests.Integration.Generated.RAG.JobTests.DeleteServiceAllowedWhenFinalizedWithControlledReversal" computerName="DESKTOP-A0N8TMD" duration="00:00:00.0007563" startTime="2026-06-22T11:43:16.8214011+05:30" endTime="2026-06-22T11:43:16.8214012+05:30" testType="13cdc9d9-ddb5-4fa4-a97d-d965ccfc6d4b" outcome="Passed" testListId="8c84fa94-04c1-424b-9868-57a2d4851a1d" relativeResultsDirectory="5d80d2ae-5aec-4e9a-bb68-8f2d641bf4be" />
    <UnitTestResult executionId="7419f070-c899-4d96-a456-da2ed3b8c087" testId="a1616033-7936-3955-430f-1b3e9d51ca1d" testName="LogisticsPro.API.GenAI.Tests.Integration.Generated.RAG.JobTests.AllowDuplicateInvoiceIfExplicitlyConfiguredInBusinessModel" computerName="DESKTOP-A0N8TMD" duration="00:00:00.0007973" startTime="2026-06-22T11:43:16.8272421+05:30" endTime="2026-06-22T11:43:16.8272422+05:30" testType="13cdc9d9-ddb5-4fa4-a97d-d965ccfc6d4b" outcome="Passed" testListId="8c84fa94-04c1-424b-9868-57a2d4851a1d" relativeResultsDirectory="7419f070-c899-4d96-a456-da2ed3b8c087" />
    <UnitTestResult executionId="7792ca18-9958-4b10-8b0b-19b01eef3afb" testId="1c5103b5-e588-e648-dada-208e880a608b" testName="LogisticsPro.API.GenAI.Tests.Integration.Generated.RAG.JobTests.ApplyReceiptAmountExceedsAllowedReceivableLimitShouldRejectReceipt" computerName="DESKTOP-A0N8TMD" duration="00:00:00.0006985" startTime="2026-06-22T11:43:16.8084009+05:30" endTime="2026-06-22T11:43:16.8084011+05:30" testType="13cdc9d9-ddb5-4fa4-a97d-d965ccfc6d4b" outcome="Passed" testListId="8c84fa94-04c1-424b-9868-57a2d4851a1d" relativeResultsDirectory="7792ca18-9958-4b10-8b0b-19b01eef3afb" />
[...]
    <TestEntry testId="90f5a37d-ac55-36fc-b8f5-143a57839c20" executionId="5d80d2ae-5aec-4e9a-bb68-8f2d641bf4be" testListId="8c84fa94-04c1-424b-9868-57a2d4851a1d" />
    <TestEntry testId="a1616033-7936-3955-430f-1b3e9d51ca1d" executionId="7419f070-c899-4d96-a456-da2ed3b8c087" testListId="8c84fa94-04c1-424b-9868-57a2d4851a1d" />
    <TestEntry testId="1c5103b5-e588-e648-dada-208e880a608b" executionId="7792ca18-9958-4b10-8b0b-19b01eef3afb" testListId="8c84fa94-04c1-424b-9868-57a2d4851a1d" />
    <TestEntry testId="171d5260-3e93-79f4-fb58-d67c48b37b86" executionId="825b5599-6e33-4272-b88d-23f229c500c7" testListId="8c84fa94-04c1-424b-9868-57a2d4851a1d" />
    <TestEntry testId="ba5912e2-f982-a148-0dfa-95aaac4b6460" executionId="dcd5d541-a680-4f3f-a81e-adb00148b992" testListId="8c84fa94-04c1-424b-9868-57a2d4851a1d" />
    <TestEntry testId="96637e44-2374-6ad4-5c57-e3da8bdacae4" executionId="57dad38d-da60-4323-b5ae-ddd2d3faef97" testListId="8c84fa94-04c1-424b-9868-57a2d4851a1d" />
    <TestEntry testId="b5d47f94-115a-e6aa-bbda-2868e4475bf7" executionId="103de6ae-cc1b-4725-80a8-20ba5a38c5b4" testListId="8c84fa94-04c1-424b-9868-57a2d4851a1d" />
    <TestEntry testId="ee9ff55b-d6ab-0733-b646-a2b2d0b3d540" executionId="010d5fb1-8c10-4e65-b270-3b0c0a980771" testListId="8c84fa94-04c1-424b-9868-57a2d4851a1d" />
    <TestEntry testId="597282a9-ac11-0742-1f7d-7dcafff40e4f" executionId="eb822305-11e8-47e9-a730-507505cf82e1" testListId="8c84fa94-04c1-424b-9868-57a2d4851a1d" />
    <TestEntry testId="da19c906-5b0f-d0e5-99fc-8a04c4f85025" executionId="740bc387-e076-45e3-80c2-4cdce965d5ef" testListId="8c84fa94-04c1-424b-9868-57a2d4851a1d" />
    <TestEntry testId="c5c27ecd-c773-b7fc-0b69-746da2466f85" executionId="0d6dbd97-cce4-4d18-9854-4d3c6e8dfc85" testListId="8c84fa94-04c1-424b-9868-57a2d4851a1d" />
    <TestEntry testId="14c9781f-82d8-84e0-4476-63e7deec9994" executionId="2a66494c-ecb4-4864-8b80-93c33a603c35" testListId="8c84fa94-04c1-424b-9868-57a2d4851a1d" />
    <TestEntry testId="1ab1ac3e-6804-f535-62b8-1888f61b3c18" executionId="7dd91f4a-bf7d-4974-9432-3ff9870bf6ab" testListId="8c84fa94-04c1-424b-9868-57a2d4851a1d" />
    <TestEntry testId="c332f746-9881-d71d-40a6-de69afae38f9" executionId="c8c0d90f-9872-48f7-96a7-9acc31e09875" testListId="8c84fa94-04c1-424b-9868-57a2d4851a1d" />
    <TestEntry testId="13f34b44-0fae-c546-1f0f-64beb29b7f83" executionId="6038f0be-5702-4dc8-8ed7-10833e46e49e" testListId="8c84fa94-04c1-424b-9868-57a2d4851a1d" />
    <TestEntry testId="d124fc63-e2e4-427c-f7df-d6a92748ee8a" executionId="efcdf89e-4973-451d-8677-a031bb416d01" testListId="8c84fa94-04c1-424b-9868-57a2d4851a1d" />
    <TestEntry testId="02a40050-4603-2ac4-94fc-f45184e6721f" executionId="80797908-47b0-418b-a4da-6a9c216c6639" testListId="8c84fa94-04c1-424b-9868-57a2d4851a1d" />
    <TestEntry testId="bd7318e4-5e65-bd28-15ae-d4a3d8df1cf3" executionId="34065d82-9617-4fc5-8b92-85188e07d8c4" testListId="8c84fa94-04c1-424b-9868-57a2d4851a1d" />
    <TestEntry testId="07bbbb6e-2707-bae0-f9c3-33d0549ebe08" executionId="803f6aa6-2b57-4c2e-ad1f-7dae45fb9c2d" testListId="8c84fa94-04c1-424b-9868-57a2d4851a1d" />
    <TestEntry testId="cc0dd332-668a-8dff-d862-55b159ec34e4" executionId="dbc4d7dc-074c-42a7-bb77-34e04303ee34" testListId="8c84fa94-04c1-424b-9868-57a2d4851a1d" />
    <TestEntry testId="cfae21ab-0694-9b1e-9e47-83553ecb8c9a" executionId="b0dd4fdd-0a20-4f41-9749-ae0e63aba2e8" testListId="8c84fa94-04c1-424b-9868-57a2d4851a1d" />
    <TestEntry testId="e02b5fa7-6352-7b2d-9a2b-41eee313e5e2" executionId="297e824b-bc4d-4513-9a2f-370cafdfb4bb" testListId="8c84fa94-04c1-424b-9868-57a2d4851a1d" />
    <TestEntry testId="b647ae05-7b95-e7c2-ac87-6571598f8b0b" executionId="fe2d2cf0-d89c-40b0-b931-27cda61cd514" testListId="8c84fa94-04c1-424b-9868-57a2d4851a1d" />
    <TestEntry testId="e74d5d7b-e688-5063-1745-a31e68aa9ff6" executionId="91c4a7e3-5aa8-4095-b2b4-564493fc0742" testListId="8c84fa94-04c1-424b-9868-57a2d4851a1d" />
    <TestEntry testId="9b96d70b-fcde-f5b4-899b-c73f785c9de9" executionId="3a5c89e6-b10d-4ba8-9ef2-c54191d96f40" testListId="8c84fa94-04c1-424b-9868-57a2d4851a1d" />
    <TestEntry testId="9974ab98-51d6-ff07-4eee-9a896268663a" executionId="5b0e6394-353d-4497-a2a1-0bb8b1af8c35" testListId="8c84fa94-04c1-424b-9868-57a2d4851a1d" />
    <TestEntry testId="e4eed5fd-ec8d-0f31-cb87-0a7cf990e8ba" executionId="398fde36-0451-4baa-a793-d7e5f55eb1d0" testListId="8c84fa94-04c1-424b-9868-57a2d4851a1d" />
    <TestEntry testId="68737995-e0b6-d1dc-c62e-1d9dccd09697" executionId="13f9addf-225a-42ea-a9d0-2a11355c74b1" testListId="8c84fa94-04c1-424b-9868-57a2d4851a1d" />
    <TestEntry testId="7c47b49e-c6aa-85eb-cb7d-1b8c974964df" executionId="a4ec1062-ad0a-4f91-9efa-05bbdc0e165c" testListId="8c84fa94-04c1-424b-9868-57a2d4851a1d" />
    <TestEntry testId="40e5eb5e-1867-34f7-147b-54a0e63d8d0a" executionId="a27eb524-aead-4be7-aedb-b51da0c9f3c9" testListId="8c84fa94-04c1-424b-9868-57a2d4851a1d" />
    <TestEntry testId="be337d01-ead2-e09e-3054-7d51587671f2" executionId="c2557834-db47-47d1-a922-8bfe7afab481" testListId="8c84fa94-04c1-424b-9868-57a2d4851a1d" />
    <TestEntry testId="861953fe-3f15-c530-ff5b-3e6e7ebc58a0" executionId="4146ae22-92f6-495f-a4df-f09e31f1c050" testListId="8c84fa94-04c1-424b-9868-57a2d4851a1d" />
    <TestEntry testId="046f6025-4b54-0ede-b822-c89da4304d89" executionId="ecc3148b-b7d9-4970-a253-29f8905cbe69" testListId="8c84fa94-04c1-424b-9868-57a2d4851a1d" />
    <TestEntry testId="873c490a-1a09-cc36-82f8-2cc3cf2593d6" executionId="1e2786c8-f9d7-4975-9831-70287059772a" testListId="8c84fa94-04c1-424b-9868-57a2d4851a1d" />
    <TestEntry testId="03fa20f2-e90e-9fba-fbea-81d7a23fe292" executionId="74b42bdb-8220-4534-840a-c1d4512f2cf4" testListId="8c84fa94-04c1-424b-9868-57a2d4851a1d" />
    <TestEntry testId="9a34cca3-71cb-82cb-805d-e968e896a2b0" executionId="66c3de76-4044-494f-b6d5-dc8dce5eee47" testListId="8c84fa94-04c1-424b-9868-57a2d4851a1d" />
    <TestEntry testId="6f2bdca3-5a88-c98b-08be-a5e27ac37392" executionId="eb18535c-f7d4-42b4-890a-fa6d244d56a5" testListId="8c84fa94-04c1-424b-9868-57a2d4851a1d" />
    <TestEntry testId="1135a6dd-8719-8356-aebd-3258ed13c5e5" executionId="66ec8a02-9f5c-4df0-974b-8f761a03a6cc" testListId="8c84fa94-04c1-424b-9868-57a2d4851a1d" />
    <TestEntry testId="027a2e12-4c09-727c-e5d7-e4c104b929fc" executionId="6b709e40-6ed5-4721-bb4c-642f01a7bbd9" testListId="8c84fa94-04c1-424b-9868-57a2d4851a1d" />
    <TestEntry testId="4d7a8373-0351-6af1-f6a4-b91c251e18d7" executionId="b9a64b1c-e512-4029-a7c3-eab94d66a5c5" testListId="8c84fa94-04c1-424b-9868-57a2d4851a1d" />
    <TestEntry testId="fadff7f0-b5bb-bb3c-1b95-3828242f85ba" executionId="ab5f1ca6-6f01-47c1-ab7d-8b84743625d6" testListId="8c84fa94-04c1-424b-9868-57a2d4851a1d" />
    <TestEntry testId="b50723de-d497-007d-ce7f-46edfa50fc50" executionId="e0d127be-a12f-4e42-ba99-60a9c6b9f52b" testListId="8c84fa94-04c1-424b-9868-57a2d4851a1d" />
    <TestEntry testId="1651a15a-842f-e077-5ec2-e5ef98548d79" executionId="aa7d47dc-4320-40a1-83f5-6ef3cf9d71d0" testListId="8c84fa94-04c1-424b-9868-57a2d4851a1d" />
    <TestEntry testId="1b46af83-b6d4-12d3-a6c8-ff56ee3b6d3c" executionId="defb6a40-cd8d-4e08-8076-8bb2e642ba75" testListId="8c84fa94-04c1-424b-9868-57a2d4851a1d" />
    <TestEntry testId="2f9fa789-f47f-8aa3-680b-574efa400345" executionId="63bc248a-e207-488f-ba49-e2332f7fdf77" testListId="8c84fa94-04c1-424b-9868-57a2d4851a1d" />
    <TestEntry testId="3e0f07cd-120e-286a-cc53-9d9b8bda1ed5" executionId="3d5bc6ad-f8c0-443e-bc3b-64bab684dff2" testListId="8c84fa94-04c1-424b-9868-57a2d4851a1d" />
    <TestEntry testId="bc5de5ae-da23-e4a2-3c45-8e1c1a4242c8" executionId="e6efa409-cc88-4c59-b750-48c8d90b6409" testListId="8c84fa94-04c1-424b-9868-57a2d4851a1d" />
    <TestEntry testId="c6a6462d-e511-3fdc-7ee7-63252fccb323" executionId="842cbe74-a47e-4ad8-91c8-ff4cb7367ed7" testListId="8c84fa94-04c1-424b-9868-57a2d4851a1d" />
    <TestEntry testId="fe86accd-73cb-bfe2-18b8-31862600fbed" executionId="3faec91a-f494-46f4-b59b-654591893a20" testListId="8c84fa94-04c1-424b-9868-57a2d4851a1d" />
    <TestEntry testId="64d88f05-09cc-c743-e532-88c5cb4ba615" executionId="5c4faadf-a7ab-4283-a304-f387fc393901" testListId="8c84fa94-04c1-424b-9868-57a2d4851a1d" />
    <TestEntry testId="755c7773-2d24-5a10-c141-6fb20830dcca" executionId="461808dc-b9b9-462c-9816-47f4ef79fffc" testListId="8c84fa94-04c1-424b-9868-57a2d4851a1d" />
    <TestEntry testId="fa31cbce-a500-505c-12b9-6229963f0115" executionId="7651b6f0-d5db-452a-a912-85e2816c3952" testListId="8c84fa94-04c1-424b-9868-57a2d4851a1d" />
    <TestEntry testId="bc7d4833-237c-d64c-9a08-c825b954af0c" executionId="00bf0b30-4e99-4518-9cf9-39ba1cf6023b" testListId="8c84fa94-04c1-424b-9868-57a2d4851a1d" />
    <TestEntry testId="9dde833e-1268-e987-cc90-3f69920fa8e8" executionId="b5b27d98-5892-4685-8809-7b61258876bc" testListId="8c84fa94-04c1-424b-9868-57a2d4851a1d" />
    <TestEntry testId="14b990ee-f6e9-3f75-e58d-9b977f42badd" executionId="6e55960e-dcb8-4478-8521-5254bc00a644" testListId="8c84fa94-04c1-424b-9868-57a2d4851a1d" />
    <TestEntry testId="14a0dee3-b28a-9ab3-c535-53e1f9075bbf" executionId="b1a14cfe-d947-4857-a7f6-090a50745bc9" testListId="8c84fa94-04c1-424b-9868-57a2d4851a1d" />
    <TestEntry testId="80d7f422-728e-c677-09e6-6c43f4eae8b6" executionId="984c1bad-322d-4061-a17c-a948a3cb279a" testListId="8c84fa94-04c1-424b-9868-57a2d4851a1d" />
    <TestEntry testId="d183c69e-d827-708d-4d82-c5e1dd89e916" executionId="0f7269f2-1c84-409d-897c-b936c9736da6" testListId="8c84fa94-04c1-424b-9868-57a2d4851a1d" />
    <TestEntry testId="a29b6022-017b-956a-2f98-570ec49395f2" executionId="8181167e-e6cf-44f3-91a6-4efdf804e743" testListId="8c84fa94-04c1-424b-9868-57a2d4851a1d" />
    <TestEntry testId="f8f1b3a3-d8a9-efad-6589-c715c861bbfa" executionId="8f04f666-d98a-4fda-b047-b4e77f74e560" testListId="8c84fa94-04c1-424b-9868-57a2d4851a1d" />
    <TestEntry testId="f314c785-9c09-a7f0-6d7d-17d8c9df010d" executionId="b9bd3d02-f8c4-4e21-be18-a65382217a18" testListId="8c84fa94-04c1-424b-9868-57a2d4851a1d" />
    <TestEntry testId="6b6fef76-4468-0625-a610-4ae87d63a635" executionId="bb538f15-e5ab-4936-a260-89816ca8e06d" testListId="8c84fa94-04c1-424b-9868-57a2d4851a1d" />
    <TestEntry testId="76cf884f-917c-195e-2f22-7e3a1101cb22" executionId="5fca5ba0-8abe-4ccb-82e9-da7111147896" testListId="8c84fa94-04c1-424b-9868-57a2d4851a1d" />
    <TestEntry testId="c1efbd1a-bf8c-d277-ea95-475194db81f0" executionId="fd7bdb5a-fb9f-4736-af71-e8d488afb894" testListId="8c84fa94-04c1-424b-9868-57a2d4851a1d" />
    <TestEntry testId="094d9997-2e91-7810-80f0-7f41bd6ed618" executionId="596267a5-26a4-4383-8eb7-ca6860c5f8f8" testListId="8c84fa94-04c1-424b-9868-57a2d4851a1d" />
    <TestEntry testId="1edc316a-b27b-4e1d-0f76-db2687c2c161" executionId="adf44b88-c24e-423e-a008-e951ed913b60" testListId="8c84fa94-04c1-424b-9868-57a2d4851a1d" />
    <TestEntry testId="5d27fb5f-441f-f6f3-5722-131226c33fb6" executionId="e199bc27-25ef-43db-a4d2-8e6ba88a79d7" testListId="8c84fa94-04c1-424b-9868-57a2d4851a1d" />
    <TestEntry testId="8254cfb1-469f-d202-ea2d-e8d10b04a167" executionId="13dac026-1c5b-4914-839f-ee8983f3fdf5" testListId="8c84fa94-04c1-424b-9868-57a2d4851a1d" />
    <TestEntry testId="d8a32f1b-9640-f1bf-bfe0-ccf4a136b685" executionId="f9aaa461-84dc-4d69-b452-3b05dd32490b" testListId="8c84fa94-04c1-424b-9868-57a2d4851a1d" />
    <TestEntry testId="2155f52f-fa01-f9e4-1a47-ed34ecacff93" executionId="cc8d4022-fbd3-422a-a0ba-cfb0d5ec3cc1" testListId="8c84fa94-04c1-424b-9868-57a2d4851a1d" />
    <TestEntry testId="a5949e84-a6ac-3396-04d4-14faddacd6f3" executionId="e840378c-c9b5-44a3-88d2-0646052d1b08" testListId="8c84fa94-04c1-424b-9868-57a2d4851a1d" />
    <TestEntry testId="79ad44a7-b222-beaf-5b98-e1a746a16233" executionId="898414b3-68cd-4321-928e-bf054d840118" testListId="8c84fa94-04c1-424b-9868-57a2d4851a1d" />
    <TestEntry testId="ac6b47c1-1b7b-5cac-3112-ed3fdfa438dc" executionId="5c6ab94e-e299-420e-b09b-b960f900531a" testListId="8c84fa94-04c1-424b-9868-57a2d4851a1d" />
    <TestEntry testId="92e2223d-7e15-f948-f5d4-3e8352ef73d0" executionId="39b22f51-a419-4cc4-9e00-1e1f8352c3d7" testListId="8c84fa94-04c1-424b-9868-57a2d4851a1d" />
    <TestEntry testId="fac2d259-9c58-0dc6-3049-58cf731fc9da" executionId="d7f74636-8e85-4448-8716-d843249b7893" testListId="8c84fa94-04c1-424b-9868-57a2d4851a1d" />
    <TestEntry testId="f980ae2c-135f-7489-d870-8cb43544fd9b" executionId="b325c590-66b0-4cc8-bcf5-2aa88f743393" testListId="8c84fa94-04c1-424b-9868-57a2d4851a1d" />
    <TestEntry testId="74697227-17ee-25e1-7d3d-6b49022edfdf" executionId="cc1d6552-20d5-411b-af4c-2de773fde924" testListId="8c84fa94-04c1-424b-9868-57a2d4851a1d" />
    <TestEntry testId="5444bd16-2436-f84c-db91-d45cf46250da" executionId="60564650-9b21-44e8-8da8-0ea2c8117f4d" testListId="8c84fa94-04c1-424b-9868-57a2d4851a1d" />
    <TestEntry testId="068fbed3-b0b6-38f4-1521-e24474c0bbef" executionId="b3539bbd-7b65-4602-b8b4-609b3c593ce8" testListId="8c84fa94-04c1-424b-9868-57a2d4851a1d" />
    <TestEntry testId="82e18b3d-f9a1-6064-936b-04875ef94bbc" executionId="5ac42138-b027-4a1d-b1a5-0c90dcbfd88d" testListId="8c84fa94-04c1-424b-9868-57a2d4851a1d" />
    <TestEntry testId="8f2d02b9-1efe-6a22-b5fd-386b5538b4a0" executionId="3fa676ee-728f-4817-bf9b-9972167fb485" testListId="8c84fa94-04c1-424b-9868-57a2d4851a1d" />
    <TestEntry testId="1b60401a-57ae-ccc5-c856-571ad220346a" executionId="bdda1107-4227-428a-837f-f1c6c2617a60" testListId="8c84fa94-04c1-424b-9868-57a2d4851a1d" />
    <TestEntry testId="9db1bb27-dcbf-1719-4de9-b738f5668f3e" executionId="e638011b-3f89-46c6-90c5-fce0cb1a522b" testListId="8c84fa94-04c1-424b-9868-57a2d4851a1d" />
    <TestEntry testId="34409408-62fb-3567-3129-0fee8c2a8661" executionId="edbdf641-3237-49b1-87c2-59c041402e6c" testListId="8c84fa94-04c1-424b-9868-57a2d4851a1d" />
    <TestEntry testId="ef6ba78b-02aa-5333-7a9b-511823f7d237" executionId="f5bea4c7-40ea-4b39-94df-aa4fb3890736" testListId="8c84fa94-04c1-424b-9868-57a2d4851a1d" />
    <TestEntry testId="04d2da41-a73a-546e-2e67-94c7af82e4a2" executionId="cc5d88d3-d07f-4486-96f1-5614b4fb2331" testListId="8c84fa94-04c1-424b-9868-57a2d4851a1d" />
    <TestEntry testId="bb43a916-a7c8-1a75-1100-06ffd065c52c" executionId="3d5d7592-bca3-41f5-8527-ce185926ab1e" testListId="8c84fa94-04c1-424b-9868-57a2d4851a1d" />
    <TestEntry testId="c21df387-1375-934a-d093-14630eb86593" executionId="d0174978-3fa7-4e06-ad8b-90eb9b3144cc" testListId="8c84fa94-04c1-424b-9868-57a2d4851a1d" />
    <TestEntry testId="443c0e2f-32f6-e302-096f-40a968ff3781" executionId="f7150b67-4141-4cd0-95ef-fca91383f011" testListId="8c84fa94-04c1-424b-9868-57a2d4851a1d" />
    <TestEntry testId="1f924c95-06c4-15d4-1dc5-0d85b1267be6" executionId="d676c31a-b8a3-48de-a20e-fc42076c61d4" testListId="8c84fa94-04c1-424b-9868-57a2d4851a1d" />
    <TestEntry testId="c018028b-7934-ec13-be1e-f422e0a2bc32" executionId="f31b4f51-3c91-4168-840e-077e28b2116d" testListId="8c84fa94-04c1-424b-9868-57a2d4851a1d" />
    <TestEntry testId="6855c6b4-cf7e-f85e-eeb9-60c441384259" executionId="98aab38a-1db5-4611-aa44-187e4ebea918" testListId="8c84fa94-04c1-424b-9868-57a2d4851a1d" />
    <TestEntry testId="e6a0994d-fd86-5969-5701-23f4c8cc3c1f" executionId="ee16cf65-fae7-4623-ad0f-8f0c9924db61" testListId="8c84fa94-04c1-424b-9868-57a2d4851a1d" />
    <TestEntry testId="78d9cc47-d8fb-b2b8-eeac-d64d1096915f" executionId="93b4c39b-159c-455d-bd2f-86a148aab8d6" testListId="8c84fa94-04c1-424b-9868-57a2d4851a1d" />
    <TestEntry testId="5d48656c-eaf5-88b8-3768-849beb5e09cf" executionId="42a4185a-4e0e-4815-86b1-4159440bff6e" testListId="8c84fa94-04c1-424b-9868-57a2d4851a1d" />
    <TestEntry testId="3cf776cf-46b7-a319-572c-31bd83741488" executionId="1465bb03-8e93-4a55-bb46-2ff95c5e6b4e" testListId="8c84fa94-04c1-424b-9868-57a2d4851a1d" />
    <TestEntry testId="e44ff70c-6da0-e485-82fd-c3d396567750" executionId="018d9011-a0c7-4330-bdf7-f99a347fa158" testListId="8c84fa94-04c1-424b-9868-57a2d4851a1d" />
    <TestEntry testId="079d2333-fa84-0e56-d62d-708ac7642bfb" executionId="94733f38-f090-41bd-9b22-f7680494ee34" testListId="8c84fa94-04c1-424b-9868-57a2d4851a1d" />
    <TestEntry testId="e2d5a7d0-fa38-54ef-8128-d5c5c6af526c" executionId="570ce5a5-a59f-48bc-954e-689277dc1390" testListId="8c84fa94-04c1-424b-9868-57a2d4851a1d" />
    <TestEntry testId="dfa65429-c1b9-e658-ed9c-5ffcd85f7cc9" executionId="39118032-ab1e-44f2-b66a-79ed69c7751b" testListId="8c84fa94-04c1-424b-9868-57a2d4851a1d" />
    <TestEntry testId="8e368c50-81dd-61c6-9ace-7e0da853b2d3" executionId="1439c5f3-e3cf-4b75-b57e-b979cb5f321f" testListId="8c84fa94-04c1-424b-9868-57a2d4851a1d" />
    <TestEntry testId="3890cf44-8ed6-22dd-2c94-ab6f23bc71e8" executionId="e6da9eb5-ef9d-4e90-bd9f-d3f57564552f" testListId="8c84fa94-04c1-424b-9868-57a2d4851a1d" />
    <TestEntry testId="08088975-b316-04c9-3772-687b9933ca35" executionId="3e667a81-9be2-4c8c-9df5-63a4a774379d" testListId="8c84fa94-04c1-424b-9868-57a2d4851a1d" />
    <TestEntry testId="cad52f33-044c-e962-5982-cfa07c51ccda" executionId="ee7c92f2-1f3b-45ba-b627-413d896add08" testListId="8c84fa94-04c1-424b-9868-57a2d4851a1d" />
    <TestEntry testId="2982e111-6a8d-ef72-a3dd-c331b53fa203" executionId="75097a41-f8b6-4636-8e84-f4a6f272c983" testListId="8c84fa94-04c1-424b-9868-57a2d4851a1d" />
    <TestEntry testId="615cb5ee-d9a6-51d5-38b4-cf8dab7c0869" executionId="695889be-90b2-4f42-887d-7d8ecf5878d7" testListId="8c84fa94-04c1-424b-9868-57a2d4851a1d" />
    <TestEntry testId="097f209f-d545-d7f3-a06d-20385cc565fd" executionId="2c279d7b-265c-45d2-964c-bbc75a22c73c" testListId="8c84fa94-04c1-424b-9868-57a2d4851a1d" />
    <TestEntry testId="0f48170d-282c-17e5-ebb1-09da2636fb1a" executionId="7c2a2637-bcb5-47e7-8386-df65a61119b2" testListId="8c84fa94-04c1-424b-9868-57a2d4851a1d" />
    <TestEntry testId="5bec413f-8c72-ab64-ac69-7b2c91d1d4b7" executionId="ab313e4a-6ba8-42f5-bc11-f8f37e389524" testListId="8c84fa94-04c1-424b-9868-57a2d4851a1d" />
    <TestEntry testId="87ac3f4c-80b2-c11f-d46f-68d565511e95" executionId="31d367ca-b411-4101-867f-71cf8e82888d" testListId="8c84fa94-04c1-424b-9868-57a2d4851a1d" />
    <TestEntry testId="2213abb1-e5ec-0cf6-f8b6-868456c537b5" executionId="33f31980-199c-4828-88f1-52a26c3fc672" testListId="8c84fa94-04c1-424b-9868-57a2d4851a1d" />
    <TestEntry testId="f88c67ae-df91-85c8-1787-cac7cca7f7ce" executionId="d13872f3-f243-438d-9cfc-346fe8d5dcd6" testListId="8c84fa94-04c1-424b-9868-57a2d4851a1d" />
  </TestEntries>
  <TestLists>
    <TestList name="Results Not in a List" id="8c84fa94-04c1-424b-9868-57a2d4851a1d" />
    <TestList name="All Loaded Results" id="19431567-8539-422a-85d7-44ee4e166bda" />
  </TestLists>
  <ResultSummary outcome="Completed">
    <Counters total="248" executed="248" passed="248" failed="0" error="0" timeout="0" aborted="0" inconclusive="0" passedButRunAborted="0" notRunnable="0" notExecuted="0" disconnected="0" warning="0" completed="0" inProgress="0" pending="0" />
    <Output>
      <StdOut>[xUnit.net 00:00:00.00] xUnit.net VSTest Adapter v2.5.7+8f2703126a (64-bit .NET 8.0.8)&#xD;
[xUnit.net 00:00:00.14]   Discovering: LogisticsPro_API.GenAI.Tests.Integration&#xD;
[xUnit.net 00:00:00.26]   Discovered:  LogisticsPro_API.GenAI.Tests.Integration&#xD;
[xUnit.net 00:00:00.27]   Starting:    LogisticsPro_API.GenAI.Tests.Integration&#xD;
[xUnit.net 00:00:00.66]   Finished:    LogisticsPro_API.GenAI.Tests.Integration&#xD;
</StdOut>
    </Output>
    <CollectorDataEntries>
      <Collector agentName="DESKTOP-A0N8TMD" uri="datacollector://microsoft/CoverletCodeCoverage/1.0" collectorDisplayName="XPlat code coverage">
        <UriAttachments>
          <UriAttachment>
            <A href="DESKTOP-A0N8TMD\coverage.cobertura.xml"></A>
          </UriAttachment>
        </UriAttachments>
      </Collector>
    </CollectorDataEntries>
  </ResultSummary>
</TestRun>