<?xml version="1.0" encoding="utf-8"?>
<TestRun id="018f2378-5973-49aa-9041-6c9b1cc35991" name="Lenovo@DESKTOP-A0N8TMD 2026-06-20 00:18:54" runUser="DESKTOP-A0N8TMD\Lenovo" xmlns="http://microsoft.com/schemas/VisualStudio/TeamTest/2010">
  <Times creation="2026-06-20T00:18:54.0459520+05:30" queuing="2026-06-20T00:18:54.0459522+05:30" start="2026-06-20T00:18:48.6384485+05:30" finish="2026-06-20T00:18:54.7830545+05:30" />
  <TestSettings name="default" id="cd7fcc47-aec9-437d-b18b-287cde7dfb4d">
    <Deployment runDeploymentRoot="Lenovo_DESKTOP-A0N8TMD_2026-06-20_00_18_54" />
  </TestSettings>
  <Results>
    <UnitTestResult executionId="49a5c888-276b-4733-aed0-452dd354177a" testId="8c20c957-174f-1524-c28a-183b14fc9983" testName="LogisticsPro.API.GenAI.Tests.Integration.Generated.RAG.JobTests.DeleteHotelServiceItemAndVerifyJobCostRecalculation" computerName="DESKTOP-A0N8TMD" duration="00:00:00.0007254" startTime="2026-06-20T00:18:54.2317562+05:30" endTime="2026-06-20T00:18:54.2317563+05:30" testType="13cdc9d9-ddb5-4fa4-a97d-d965ccfc6d4b" outcome="Passed" testListId="8c84fa94-04c1-424b-9868-57a2d4851a1d" relativeResultsDirectory="49a5c888-276b-4733-aed0-452dd354177a" />
    <UnitTestResult executionId="9f250345-df3d-401a-add8-6c2adcd92d3b" testId="96a266a4-c26e-2e88-2f59-1908c74fc53e" testName="LogisticsPro.API.GenAI.Tests.Integration.Generated.RAG.LogisticsTests.RejectCustomerCreationWithInvalidContactDetailsFormat" computerName="DESKTOP-A0N8TMD" duration="00:00:00.0007272" startTime="2026-06-20T00:18:54.0940892+05:30" endTime="2026-06-20T00:18:54.0940892+05:30" testType="13cdc9d9-ddb5-4fa4-a97d-d965ccfc6d4b" outcome="Passed" testListId="8c84fa94-04c1-424b-9868-57a2d4851a1d" relativeResultsDirectory="9f250345-df3d-401a-add8-6c2adcd92d3b" />
    <UnitTestResult executionId="e2e0b3de-f5e9-4f67-b641-80d60f508e11" testId="ca1abac4-9333-a93a-10ea-8c42e9c56912" testName="LogisticsPro.API.GenAI.Tests.Integration.Generated.RAG.JobTests.GetHotelServiceByNonExistentIdReturnsNotFound" computerName="DESKTOP-A0N8TMD" duration="00:00:00.0008764" startTime="2026-06-20T00:18:54.0472684+05:30" endTime="2026-06-20T00:18:54.0472684+05:30" testType="13cdc9d9-ddb5-4fa4-a97d-d965ccfc6d4b" outcome="Passed" testListId="8c84fa94-04c1-424b-9868-57a2d4851a1d" relativeResultsDirectory="e2e0b3de-f5e9-4f67-b641-80d60f508e11" />
    <UnitTestResult executionId="a92f13cf-4b08-4066-b42f-45eec4a3f805" testId="948f4686-96ac-f076-761d-e9e613904148" testName="LogisticsPro.API.GenAI.Tests.Integration.Generated.RAG.JobTests.ReportIndicatesErrorOrInconsistencyForTransportationEntriesWithInvalidRoutes" computerName="DESKTOP-A0N8TMD" duration="00:00:00.0006216" startTime="2026-06-20T00:18:54.0993241+05:30" endTime="2026-06-20T00:18:54.0993243+05:30" testType="13cdc9d9-ddb5-4fa4-a97d-d965ccfc6d4b" outcome="Passed" testListId="8c84fa94-04c1-424b-9868-57a2d4851a1d" relativeResultsDirectory="a92f13cf-4b08-4066-b42f-45eec4a3f805" />
    <UnitTestResult executionId="69d3922d-415f-423c-9991-e6cef94965b8" testId="6e980c31-082f-c8a5-4b85-03ca0be2f401" testName="LogisticsPro.API.GenAI.Tests.Integration.Generated.RAG.JobTests.AttemptToEditServiceCostForServiceLockedByDownstreamFinancialProcessing" computerName="DESKTOP-A0N8TMD" duration="00:00:00.0007468" startTime="2026-06-20T00:18:54.2172048+05:30" endTime="2026-06-20T00:18:54.2172051+05:30" testType="13cdc9d9-ddb5-4fa4-a97d-d965ccfc6d4b" outcome="Passed" testListId="8c84fa94-04c1-424b-9868-57a2d4851a1d" relativeResultsDirectory="69d3922d-415f-423c-9991-e6cef94965b8" />
    <UnitTestResult executionId="7efde6f7-a193-4102-b24b-0b42cf0ba445" testId="d71f860f-dd4d-0337-36da-79df4ddd5b10" testName="LogisticsPro.API.GenAI.Tests.Integration.Generated.RAG.LogisticsTests.BoundaryDeletePaymentVoucherItemAtLimitOfExistingIDs" computerName="DESKTOP-A0N8TMD" duration="00:00:00.0005892" startTime="2026-06-20T00:18:54.0261507+05:30" endTime="2026-06-20T00:18:54.0261508+05:30" testType="13cdc9d9-ddb5-4fa4-a97d-d965ccfc6d4b" outcome="Passed" testListId="8c84fa94-04c1-424b-9868-57a2d4851a1d" relativeResultsDirectory="7efde6f7-a193-4102-b24b-0b42cf0ba445" />
    <UnitTestResult executionId="ff4eed96-8279-444c-98b3-e7c09a640683" testId="152990ce-44ba-54b2-140f-846513d85411" testName="LogisticsPro.API.GenAI.Tests.Integration.Generated.RAG.JobTests.ValidateUninvoicedReportReflectsCurrentUninvoicedData" computerName="DESKTOP-A0N8TMD" duration="00:00:00.0006110" startTime="2026-06-20T00:18:54.1555107+05:30" endTime="2026-06-20T00:18:54.1555108+05:30" testType="13cdc9d9-ddb5-4fa4-a97d-d965ccfc6d4b" outcome="Passed" testListId="8c84fa94-04c1-424b-9868-57a2d4851a1d" relativeResultsDirectory="ff4eed96-8279-444c-98b3-e7c09a640683" />
    <UnitTestResult executionId="ca812701-0789-47f6-ab66-a645b98dd500" testId="017b31a2-982f-3e70-d456-de3e3a76cc13" testName="LogisticsPro.API.GenAI.Tests.Integration.Generated.RAG.JobTests.AttemptToDeleteVisaServiceItemWithInvalidID" computerName="DESKTOP-A0N8TMD" duration="00:00:00.0006128" startTime="2026-06-20T00:18:54.0679847+05:30" endTime="2026-06-20T00:18:54.0679849+05:30" testType="13cdc9d9-ddb5-4fa4-a97d-d965ccfc6d4b" outcome="Passed" testListId="8c84fa94-04c1-424b-9868-57a2d4851a1d" relativeResultsDirectory="ca812701-0789-47f6-ab66-a645b98dd500" />
    <UnitTestResult executionId="f6f765a3-bbd6-4d38-ba92-0ea7e1e536c6" testId="4c125a07-eea3-5583-ab79-d403c0901a6b" testName="LogisticsPro.API.GenAI.Tests.Integration.Generated.RAG.JobTests.AllowPartialRevisionPaymentVoucherWhenExplicitlySupported" computerName="DESKTOP-A0N8TMD" duration="00:00:00.0006935" startTime="2026-06-20T00:18:54.0805029+05:30" endTime="2026-06-20T00:18:54.0805030+05:30" testType="13cdc9d9-ddb5-4fa4-a97d-d965ccfc6d4b" outcome="Passed" testListId="8c84fa94-04c1-424b-9868-57a2d4851a1d" relativeResultsDirectory="f6f765a3-bbd6-4d38-ba92-0ea7e1e536c6" />
    <UnitTestResult executionId="56a228dc-367d-4614-9415-f8468f47a871" testId="22d75913-c3d9-6913-3869-63cabcdabdbb" testName="LogisticsPro.API.GenAI.Tests.Integration.Generated.RAG.JobTests.AllowDeletionOfVisaServiceThatDoesNotAffectProfitOrLossReporting" computerName="DESKTOP-A0N8TMD" duration="00:00:00.0006766" startTime="2026-06-20T00:18:54.2848891+05:30" endTime="2026-06-20T00:18:54.2848892+05:30" testType="13cdc9d9-ddb5-4fa4-a97d-d965ccfc6d4b" outcome="Passed" testListId="8c84fa94-04c1-424b-9868-57a2d4851a1d" relativeResultsDirectory="56a228dc-367d-4614-9415-f8468f47a871" />
    <UnitTestResult executionId="2ef723f3-8014-493d-8aa4-0c175c255e63" testId="ce889347-7c6f-feba-1aa7-1d76666c703b" testName="LogisticsPro.API.GenAI.Tests.Integration.Generated.RAG.JobTests.ValidateConsistentFinancialTotalsAfterAddingHotelService" computerName="DESKTOP-A0N8TMD" duration="00:00:00.0010443" startTime="2026-06-20T00:18:54.2495126+05:30" endTime="2026-06-20T00:18:54.2495127+05:30" testType="13cdc9d9-ddb5-4fa4-a97d-d965ccfc6d4b" outcome="Passed" testListId="8c84fa94-04c1-424b-9868-57a2d4851a1d" relativeResultsDirectory="2ef723f3-8014-493d-8aa4-0c175c255e63" />
    <UnitTestResult executionId="fd7fdc53-202e-4416-8324-d2a7a69f7ce7" testId="118eb1b8-26c3-3b12-a92c-605a35e10d0e" testName="LogisticsPro.API.GenAI.Tests.Integration.Generated.RAG.LogisticsTests.FailToVoidInvoiceWhenInvoiceDoesNotExist" computerName="DESKTOP-A0N8TMD" duration="00:00:00.0006819" startTime="2026-06-20T00:18:54.0614132+05:30" endTime="2026-06-20T00:18:54.0614133+05:30" testType="13cdc9d9-ddb5-4fa4-a97d-d965ccfc6d4b" outcome="Passed" testListId="8c84fa94-04c1-424b-9868-57a2d4851a1d" relativeResultsDirectory="fd7fdc53-202e-4416-8324-d2a7a69f7ce7" />
    <UnitTestResult executionId="188e6161-a493-49d2-b5f9-b725b47b2d87" testId="6618ea63-e5b3-15cf-cd33-ebcf1dd98b3a" testName="LogisticsPro.API.GenAI.Tests.Integration.Generated.RAG.LogisticsTests.RejectBillableItemsRetrievalForNonexistentCustomer" computerName="DESKTOP-A0N8TMD" duration="00:00:00.0006577" startTime="2026-06-20T00:18:54.0366638+05:30" endTime="2026-06-20T00:18:54.0366639+05:30" testType="13cdc9d9-ddb5-4fa4-a97d-d965ccfc6d4b" outcome="Passed" testListId="8c84fa94-04c1-424b-9868-57a2d4851a1d" relativeResultsDirectory="188e6161-a493-49d2-b5f9-b725b47b2d87" />
    <UnitTestResult executionId="3cd1d014-1904-4aac-8851-98c78603e8ce" testId="91881c6f-9829-e183-1c39-1f63f65df7ed" testName="LogisticsPro.API.GenAI.Tests.Integration.Generated.RAG.JobTests.PreventDeletionOfJobCardWithLinkedInvoiceRecords" computerName="DESKTOP-A0N8TMD" duration="00:00:00.0006089" startTime="2026-06-20T00:18:54.0955104+05:30" endTime="2026-06-20T00:18:54.0955105+05:30" testType="13cdc9d9-ddb5-4fa4-a97d-d965ccfc6d4b" outcome="Passed" testListId="8c84fa94-04c1-424b-9868-57a2d4851a1d" relativeResultsDirectory="3cd1d014-1904-4aac-8851-98c78603e8ce" />
    <UnitTestResult executionId="4ea21237-ff4e-43fb-98b8-6c71291b58f1" testId="5ec4575c-76a9-036c-fb69-cd7e1ca226c6" testName="LogisticsPro.API.GenAI.Tests.Integration.Generated.RAG.LogisticsTests.GetCustomerBillableItemsReturnsOnlyForActiveCustomer" computerName="DESKTOP-A0N8TMD" duration="00:00:00.0005765" startTime="2026-06-20T00:18:54.0752447+05:30" endTime="2026-06-20T00:18:54.0752448+05:30" testType="13cdc9d9-ddb5-4fa4-a97d-d965ccfc6d4b" outcome="Passed" testListId="8c84fa94-04c1-424b-9868-57a2d4851a1d" relativeResultsDirectory="4ea21237-ff4e-43fb-98b8-6c71291b58f1" />
    <UnitTestResult executionId="24b9be7d-0bc6-4c51-8116-c1c03b89a08c" testId="1b86bd4b-c365-4dde-49b7-4b70d172bafa" testName="LogisticsPro.API.GenAI.Tests.Integration.Generated.RAG.JobTests.VerifyUninvoicedReportExcludesVoidedInvoices" computerName="DESKTOP-A0N8TMD" duration="00:00:00.0008800" startTime="2026-06-20T00:18:54.2707991+05:30" endTime="2026-06-20T00:18:54.2707992+05:30" testType="13cdc9d9-ddb5-4fa4-a97d-d965ccfc6d4b" outcome="Passed" testListId="8c84fa94-04c1-424b-9868-57a2d4851a1d" relativeResultsDirectory="24b9be7d-0bc6-4c51-8116-c1c03b89a08c" />
    <UnitTestResult executionId="f3cbbbd0-0a2a-4e34-a141-879e326a28ce" testId="c116b7f1-1a7e-d3ee-6197-6b4b3131b1fd" testName="LogisticsPro.API.GenAI.Tests.Integration.Generated.RAG.JobTests.JobGetJobsReturnsAResult" computerName="DESKTOP-A0N8TMD" duration="00:00:00.0016332" startTime="2026-06-20T00:18:54.1295832+05:30" endTime="2026-06-20T00:18:54.1295833+05:30" testType="13cdc9d9-ddb5-4fa4-a97d-d965ccfc6d4b" outcome="Passed" testListId="8c84fa94-04c1-424b-9868-57a2d4851a1d" relativeResultsDirectory="f3cbbbd0-0a2a-4e34-a141-879e326a28ce" />
    <UnitTestResult executionId="bf74b9cc-a3c2-498b-b96d-e951542665b0" testId="82c5a9b0-36ef-d1ad-46f8-6f1c501f06f6" testName="LogisticsPro.API.GenAI.Tests.Integration.Generated.RAG.LogisticsTests.VerifyThatEditingItemsInAProcessedBatchIsRestricted" computerName="DESKTOP-A0N8TMD" duration="00:00:00.0007480" startTime="2026-06-20T00:18:54.0645959+05:30" endTime="2026-06-20T00:18:54.0645960+05:30" testType="13cdc9d9-ddb5-4fa4-a97d-d965ccfc6d4b" outcome="Passed" testListId="8c84fa94-04c1-424b-9868-57a2d4851a1d" relativeResultsDirectory="bf74b9cc-a3c2-498b-b96d-e951542665b0" />
    <UnitTestResult executionId="ad33ad3e-9e25-4bd0-8a32-48b02856276e" testId="44d0452c-621a-dbef-d527-54afb26f4185" testName="LogisticsPro.API.GenAI.Tests.Integration.Generated.RAG.JobTests.CalculateTotalCostSuccessfullyAfterAddingMultipleServices" computerName="DESKTOP-A0N8TMD" duration="00:00:00.0006919" startTime="2026-06-20T00:18:54.2890043+05:30" endTime="2026-06-20T00:18:54.2890044+05:30" testType="13cdc9d9-ddb5-4fa4-a97d-d965ccfc6d4b" outcome="Passed" testListId="8c84fa94-04c1-424b-9868-57a2d4851a1d" relativeResultsDirectory="ad33ad3e-9e25-4bd0-8a32-48b02856276e" />
    <UnitTestResult executionId="a4f9adb3-f696-47c5-8f93-5d6de5bb8396" testId="934ab7f5-44f6-b377-05eb-b1f8fd097752" testName="LogisticsPro.API.GenAI.Tests.Integration.Generated.RAG.JobTests.DeleteVisaServiceItemAndVerifyRemovalFromUninvoicedReport" computerName="DESKTOP-A0N8TMD" duration="00:00:00.0008095" startTime="2026-06-20T00:18:54.0272378+05:30" endTime="2026-06-20T00:18:54.0272379+05:30" testType="13cdc9d9-ddb5-4fa4-a97d-d965ccfc6d4b" outcome="Passed" testListId="8c84fa94-04c1-424b-9868-57a2d4851a1d" relativeResultsDirectory="a4f9adb3-f696-47c5-8f93-5d6de5bb8396" />
    <UnitTestResult executionId="c97a3f71-c98f-4759-966c-65e383cbaa88" testId="b15b48fa-5c4f-45d9-8741-f59806595ffe" testName="LogisticsPro.API.GenAI.Tests.Integration.Generated.RAG.JobTests.AttemptToEditServiceCostForServiceOnNonModifiableJobCard" computerName="DESKTOP-A0N8TMD" duration="00:00:00.0011394" startTime="2026-06-20T00:18:54.0186708+05:30" endTime="2026-06-20T00:18:54.0186709+05:30" testType="13cdc9d9-ddb5-4fa4-a97d-d965ccfc6d4b" outcome="Passed" testListId="8c84fa94-04c1-424b-9868-57a2d4851a1d" relativeResultsDirectory="c97a3f71-c98f-4759-966c-65e383cbaa88" />
    <UnitTestResult executionId="e8f4d7e7-f8a0-44a8-bb49-5fbef476ece2" testId="be337d01-ead2-e09e-3054-7d51587671f2" testName="LogisticsPro.API.GenAI.Tests.Integration.Generated.RAG.LogisticsTests.LogisticsGetPaymentVouchersReturnsAResult" computerName="DESKTOP-A0N8TMD" duration="00:00:00.0016613" startTime="2026-06-20T00:18:54.0424597+05:30" endTime="2026-06-20T00:18:54.0424597+05:30" testType="13cdc9d9-ddb5-4fa4-a97d-d965ccfc6d4b" outcome="Passed" testListId="8c84fa94-04c1-424b-9868-57a2d4851a1d" relativeResultsDirectory="e8f4d7e7-f8a0-44a8-bb49-5fbef476ece2" />
    <UnitTestResult executionId="633a94d6-e91a-4a5c-b563-a99e71394080" testId="8e3fa255-41cb-df70-081f-38c96b9eba33" testName="LogisticsPro.API.GenAI.Tests.Integration.Generated.RAG.JobTests.AttemptToCloseNonExistentJobCard" computerName="DESKTOP-A0N8TMD" duration="00:00:00.0007270" startTime="2026-06-20T00:18:54.2580534+05:30" endTime="2026-06-20T00:18:54.2580535+05:30" testType="13cdc9d9-ddb5-4fa4-a97d-d965ccfc6d4b" outcome="Passed" testListId="8c84fa94-04c1-424b-9868-57a2d4851a1d" relativeResultsDirectory="633a94d6-e91a-4a5c-b563-a99e71394080" />
    <UnitTestResult executionId="b0513d69-5ece-4838-8b97-cbadc0c9edca" testId="879afbf2-d3e4-621c-87b7-a9edd20e0d13" testName="LogisticsPro.API.GenAI.Tests.Integration.Generated.RAG.LogisticsTests.CreateCustomerSuccessfullyWithValidData" computerName="DESKTOP-A0N8TMD" duration="00:00:00.0006637" startTime="2026-06-20T00:18:54.1129610+05:30" endTime="2026-06-20T00:18:54.1129611+05:30" testType="13cdc9d9-ddb5-4fa4-a97d-d965ccfc6d4b" outcome="Passed" testListId="8c84fa94-04c1-424b-9868-57a2d4851a1d" relativeResultsDirectory="b0513d69-5ece-4838-8b97-cbadc0c9edca" />
    <UnitTestResult executionId="f7bcb6ac-2f0c-4b8e-ac42-dfc6fb97c844" testId="5300064e-4948-1720-0d7f-d26c3edb17e2" testName="LogisticsPro.API.GenAI.Tests.Integration.Generated.RAG.LogisticsTests.UnauthorizedDeletionOfPaymentVoucherItem" computerName="DESKTOP-A0N8TMD" duration="00:00:00.0006403" startTime="2026-06-20T00:18:54.1268874+05:30" endTime="2026-06-20T00:18:54.1268875+05:30" testType="13cdc9d9-ddb5-4fa4-a97d-d965ccfc6d4b" outcome="Passed" testListId="8c84fa94-04c1-424b-9868-57a2d4851a1d" relativeResultsDirectory="f7bcb6ac-2f0c-4b8e-ac42-dfc6fb97c844" />
    <UnitTestResult executionId="ad13c0e8-b3c8-4d31-84d3-b8cdff8fd925" testId="3f419e74-6b06-7d32-3ce6-2166e1eea4e8" testName="LogisticsPro.API.GenAI.Tests.Integration.Generated.RAG.LogisticsTests.PreventCreatingBatchWithDuplicatedHotelServiceItem" computerName="DESKTOP-A0N8TMD" duration="00:00:00.0005450" startTime="2026-06-20T00:18:54.1037360+05:30" endTime="2026-06-20T00:18:54.1037361+05:30" testType="13cdc9d9-ddb5-4fa4-a97d-d965ccfc6d4b" outcome="Passed" testListId="8c84fa94-04c1-424b-9868-57a2d4851a1d" relativeResultsDirectory="ad13c0e8-b3c8-4d31-84d3-b8cdff8fd925" />
    <UnitTestResult executionId="163db2f7-332d-449a-a63e-4a20372c124c" testId="6fe9e048-297e-66b9-251e-a29ae365e16c" testName="LogisticsPro.API.GenAI.Tests.Integration.Generated.RAG.JobTests.CreateHotelServiceWithValidStartAndEndDates" computerName="DESKTOP-A0N8TMD" duration="00:00:00.0007089" startTime="2026-06-20T00:18:54.2278176+05:30" endTime="2026-06-20T00:18:54.2278177+05:30" testType="13cdc9d9-ddb5-4fa4-a97d-d965ccfc6d4b" outcome="Passed" testListId="8c84fa94-04c1-424b-9868-57a2d4851a1d" relativeResultsDirectory="163db2f7-332d-449a-a63e-4a20372c124c" />
    <UnitTestResult executionId="fb692888-8faa-43e0-8ba4-1656015ee890" testId="abd39faf-399c-9f5a-8e48-a20fbd1b9fa3" testName="LogisticsPro.API.GenAI.Tests.Integration.Generated.RAG.JobTests.UpdateServiceCostsAndVerifyRecalculationOfTotalJobCost" computerName="DESKTOP-A0N8TMD" duration="00:00:00.0006048" startTime="2026-06-20T00:18:54.1785769+05:30" endTime="2026-06-20T00:18:54.1785769+05:30" testType="13cdc9d9-ddb5-4fa4-a97d-d965ccfc6d4b" outcome="Passed" testListId="8c84fa94-04c1-424b-9868-57a2d4851a1d" relativeResultsDirectory="fb692888-8faa-43e0-8ba4-1656015ee890" />
    <UnitTestResult executionId="2747a9a6-e18f-4d61-8ec4-c7f4e9d96ebd" testId="03ac1c64-396c-cf5e-688e-bdbccffbd866" testName="LogisticsPro.API.GenAI.Tests.Integration.Generated.RAG.LogisticsTests.RetrieveUninvoicedItemsListForBatchEligibility" computerName="DESKTOP-A0N8TMD" duration="00:00:00.0007582" startTime="2026-06-20T00:18:54.1065881+05:30" endTime="2026-06-20T00:18:54.1065882+05:30" testType="13cdc9d9-ddb5-4fa4-a97d-d965ccfc6d4b" outcome="Passed" testListId="8c84fa94-04c1-424b-9868-57a2d4851a1d" relativeResultsDirectory="2747a9a6-e18f-4d61-8ec4-c7f4e9d96ebd" />
    <UnitTestResult executionId="a507c44f-197f-4baa-83ce-636212aa8196" testId="edf1c89c-016b-57d1-9d0c-2553264333e8" testName="LogisticsPro.API.GenAI.Tests.Integration.Generated.RAG.JobTests.PositiveVerifyUninvoicedReportIncludesReceiptVoidStatus" computerName="DESKTOP-A0N8TMD" duration="00:00:00.0005861" startTime="2026-06-20T00:18:54.1541973+05:30" endTime="2026-06-20T00:18:54.1541974+05:30" testType="13cdc9d9-ddb5-4fa4-a97d-d965ccfc6d4b" outcome="Passed" testListId="8c84fa94-04c1-424b-9868-57a2d4851a1d" relativeResultsDirectory="a507c44f-197f-4baa-83ce-636212aa8196" />
    <UnitTestResult executionId="140acd9f-3473-4168-818d-fa14a490a047" testId="8fa6a99c-879e-5501-1220-cadebb7cd1c6" testName="LogisticsPro.API.GenAI.Tests.Integration.Generated.RAG.JobTests.RejectTransportationEntryWhenPickupAndDropOffAreBothBlank" computerName="DESKTOP-A0N8TMD" duration="00:00:00.0006776" startTime="2026-06-20T00:18:54.1856722+05:30" endTime="2026-06-20T00:18:54.1856723+05:30" testType="13cdc9d9-ddb5-4fa4-a97d-d965ccfc6d4b" outcome="Passed" testListId="8c84fa94-04c1-424b-9868-57a2d4851a1d" relativeResultsDirectory="140acd9f-3473-4168-818d-fa14a490a047" />
    <UnitTestResult executionId="4f4ce7da-3415-483a-92e5-174ec7c8473b" testId="c24125b5-7720-a18e-16b3-042b4aa8746c" testName="LogisticsPro.API.GenAI.Tests.Integration.Generated.RAG.JobTests.RejectDeletionOfCustomerActivelyReferencedByDownstreamTransactions" computerName="DESKTOP-A0N8TMD" duration="00:00:00.0007050" startTime="2026-06-20T00:18:54.2882594+05:30" endTime="2026-06-20T00:18:54.2882595+05:30" testType="13cdc9d9-ddb5-4fa4-a97d-d965ccfc6d4b" outcome="Passed" testListId="8c84fa94-04c1-424b-9868-57a2d4851a1d" relativeResultsDirectory="4f4ce7da-3415-483a-92e5-174ec7c8473b" />
    <UnitTestResult executionId="009ee285-e2c3-4734-b0a8-82331dd1d295" testId="5f2401a6-b1b9-d7b1-bc13-bd3668fa6c1c" testName="LogisticsPro.API.GenAI.Tests.Integration.Generated.RAG.JobTests.CreateInvoiceFromValidBillableBusinessContent" computerName="DESKTOP-A0N8TMD" duration="00:00:00.0007724" startTime="2026-06-20T00:18:54.2611744+05:30" endTime="2026-06-20T00:18:54.2611745+05:30" testType="13cdc9d9-ddb5-4fa4-a97d-d965ccfc6d4b" outcome="Passed" testListId="8c84fa94-04c1-424b-9868-57a2d4851a1d" relativeResultsDirectory="009ee285-e2c3-4734-b0a8-82331dd1d295" />
    <UnitTestResult executionId="a9a0de21-1718-4ed9-b50b-672e4c1313bf" testId="df7803f6-59df-719d-c268-adf5b2ab208b" testName="LogisticsPro.API.GenAI.Tests.Integration.Generated.RAG.MasterTests.CreateVendorWithInvalidServiceType" computerName="DESKTOP-A0N8TMD" duration="00:00:00.0012918" startTime="2026-06-20T00:18:54.0210610+05:30" endTime="2026-06-20T00:18:54.0210610+05:30" testType="13cdc9d9-ddb5-4fa4-a97d-d965ccfc6d4b" outcome="Passed" testListId="8c84fa94-04c1-424b-9868-57a2d4851a1d" relativeResultsDirectory="a9a0de21-1718-4ed9-b50b-672e4c1313bf" />
    <UnitTestResult executionId="39f7445b-377f-4502-bb96-ac90ab8d45d4" testId="8840df6b-4142-2b5d-4d1f-a3b839badc47" testName="LogisticsPro.API.GenAI.Tests.Integration.Generated.RAG.JobTests.RetrieveVisaServiceForAJobcardWithValidVendorDetailsIncludingNameAndClassification" computerName="DESKTOP-A0N8TMD" duration="00:00:00.0006953" startTime="2026-06-20T00:18:54.3131929+05:30" endTime="2026-06-20T00:18:54.3131930+05:30" testType="13cdc9d9-ddb5-4fa4-a97d-d965ccfc6d4b" outcome="Passed" testListId="8c84fa94-04c1-424b-9868-57a2d4851a1d" relativeResultsDirectory="39f7445b-377f-4502-bb96-ac90ab8d45d4" />
    <UnitTestResult executionId="cf2a1a4c-dde2-4685-9223-137d3619f1a6" testId="41fb8d12-f0ba-3164-f01d-a127ef2b6bef" testName="LogisticsPro.API.GenAI.Tests.Integration.Generated.RAG.MasterTests.AccessingPUTApiServiceCostsWithExpiredTokenResultsInUnauthorizedResponse" computerName="DESKTOP-A0N8TMD" duration="00:00:00.0007187" startTime="2026-06-20T00:18:54.0239116+05:30" endTime="2026-06-20T00:18:54.0239116+05:30" testType="13cdc9d9-ddb5-4fa4-a97d-d965ccfc6d4b" outcome="Passed" testListId="8c84fa94-04c1-424b-9868-57a2d4851a1d" relativeResultsDirectory="cf2a1a4c-dde2-4685-9223-137d3619f1a6" />
    <UnitTestResult executionId="3cb133cb-a535-4142-9508-87217f91e914" testId="718425d4-ab14-f7e3-bb87-72efd74b27c3" testName="LogisticsPro.API.GenAI.Tests.Integration.Generated.RAG.JobTests.ValidationFailureWhenDeletingHotelServiceLinkedToJobCardWithFinancialUsage" computerName="DESKTOP-A0N8TMD" duration="00:00:00.0006802" startTime="2026-06-20T00:18:54.0482632+05:30" endTime="2026-06-20T00:18:54.0482633+05:30" testType="13cdc9d9-ddb5-4fa4-a97d-d965ccfc6d4b" outcome="Passed" testListId="8c84fa94-04c1-424b-9868-57a2d4851a1d" relativeResultsDirectory="3cb133cb-a535-4142-9508-87217f91e914" />
    <UnitTestResult executionId="16d29627-838e-4fce-8c90-0c57a0fc2d22" testId="d27b3697-7cbf-1770-fa92-c934fc1a2ca2" testName="LogisticsPro.API.GenAI.Tests.Integration.Generated.RAG.JobTests.ProhibitDeletionOfVisaServiceWhenVoidingInvoice" computerName="DESKTOP-A0N8TMD" duration="00:00:00.0007612" startTime="2026-06-20T00:18:54.2874927+05:30" endTime="2026-06-20T00:18:54.2874928+05:30" testType="13cdc9d9-ddb5-4fa4-a97d-d965ccfc6d4b" outcome="Passed" testListId="8c84fa94-04c1-424b-9868-57a2d4851a1d" relativeResultsDirectory="16d29627-838e-4fce-8c90-0c57a0fc2d22" />
    <UnitTestResult executionId="ce6ccb4f-e351-4540-8a60-d6bd324a50e8" testId="2e62fcd4-dc38-048e-7278-94ae33913030" testName="LogisticsPro.API.GenAI.Tests.Integration.Generated.RAG.MasterTests.TokenWithValidSignatureAndExpirationAllowsPUTApiServiceCostsToProceed" computerName="DESKTOP-A0N8TMD" duration="00:00:00.0006697" startTime="2026-06-20T00:18:54.0232919+05:30" endTime="2026-06-20T00:18:54.0232920+05:30" testType="13cdc9d9-ddb5-4fa4-a97d-d965ccfc6d4b" outcome="Passed" testListId="8c84fa94-04c1-424b-9868-57a2d4851a1d" relativeResultsDirectory="ce6ccb4f-e351-4540-8a60-d6bd324a50e8" />
    <UnitTestResult executionId="dc6a3a49-c174-45bf-8b52-f931d304c9f2" testId="07940170-a2ab-8b5e-81bf-d191a66fc9f0" testName="LogisticsPro.API.GenAI.Tests.Integration.Generated.RAG.JobTests.PreventUpdateOfCustomerRecordReferencedByCompletedBillableItems" computerName="DESKTOP-A0N8TMD" duration="00:00:00.0005739" startTime="2026-06-20T00:18:54.1380763+05:30" endTime="2026-06-20T00:18:54.1380764+05:30" testType="13cdc9d9-ddb5-4fa4-a97d-d965ccfc6d4b" outcome="Passed" testListId="8c84fa94-04c1-424b-9868-57a2d4851a1d" relativeResultsDirectory="dc6a3a49-c174-45bf-8b52-f931d304c9f2" />
    <UnitTestResult executionId="c07129e8-0081-4f4c-a296-0b8259bdc0c2" testId="9eff6caa-f5bc-add7-4476-b0cd3dd82c3f" testName="LogisticsPro.API.GenAI.Tests.Integration.Generated.RAG.LogisticsTests.ValidationDeletingPaymentVoucherItemEnsuresRemovalOfDuplicateBillingPossibility" computerName="DESKTOP-A0N8TMD" duration="00:00:00.0006197" startTime="2026-06-20T00:18:54.1014330+05:30" endTime="2026-06-20T00:18:54.1014331+05:30" testType="13cdc9d9-ddb5-4fa4-a97d-d965ccfc6d4b" outcome="Passed" testListId="8c84fa94-04c1-424b-9868-57a2d4851a1d" relativeResultsDirectory="c07129e8-0081-4f4c-a296-0b8259bdc0c2" />
    <UnitTestResult executionId="dbee8981-271e-4c93-8c54-54a624e1e53a" testId="7826d07e-cd4e-e4a1-75bd-3b7085edde84" testName="LogisticsPro.API.GenAI.Tests.Integration.Generated.RAG.JobTests.FetchUninvoicedReportsValidatesOnlySupportedServiceTypes" computerName="DESKTOP-A0N8TMD" duration="00:00:00.0006165" startTime="2026-06-20T00:18:54.1330637+05:30" endTime="2026-06-20T00:18:54.1330637+05:30" testType="13cdc9d9-ddb5-4fa4-a97d-d965ccfc6d4b" outcome="Passed" testListId="8c84fa94-04c1-424b-9868-57a2d4851a1d" relativeResultsDirectory="dbee8981-271e-4c93-8c54-54a624e1e53a" />
    <UnitTestResult executionId="c8dc5885-59ec-4951-bfbd-12c99cfcd70e" testId="5bb257e7-fa86-b486-3e6b-2aa1e44e740a" testName="LogisticsPro.API.GenAI.Tests.Integration.Generated.RAG.MasterTests.RejectLoginWithMalformedRequestBody" computerName="DESKTOP-A0N8TMD" duration="00:00:00.0016823" startTime="2026-06-20T00:18:54.0422977+05:30" endTime="2026-06-20T00:18:54.0422977+05:30" testType="13cdc9d9-ddb5-4fa4-a97d-d965ccfc6d4b" outcome="Passed" testListId="8c84fa94-04c1-424b-9868-57a2d4851a1d" relativeResultsDirectory="c8dc5885-59ec-4951-bfbd-12c99cfcd70e" />
    <UnitTestResult executionId="c546118e-16b3-40bb-a85d-b1d27b43bee5" testId="258adb22-7994-bc5a-8685-1e441d056da7" testName="LogisticsPro.API.GenAI.Tests.Integration.Generated.RAG.JobTests.VoidInvoiceSuccessfulVoid" computerName="DESKTOP-A0N8TMD" duration="00:00:00.0005798" startTime="2026-06-20T00:18:54.1666137+05:30" endTime="2026-06-20T00:18:54.1666137+05:30" testType="13cdc9d9-ddb5-4fa4-a97d-d965ccfc6d4b" outcome="Passed" testListId="8c84fa94-04c1-424b-9868-57a2d4851a1d" relativeResultsDirectory="c546118e-16b3-40bb-a85d-b1d27b43bee5" />
    <UnitTestResult executionId="507e2f1d-8b0e-4bca-9a5f-104962d1e640" testId="f636140e-f1ce-062a-a86f-cb8a0621db86" testName="LogisticsPro.API.GenAI.Tests.Integration.Generated.RAG.LogisticsTests.RejectDeletionOfPaymentVoucherItemWithInvalidID" computerName="DESKTOP-A0N8TMD" duration="00:00:00.0006401" startTime="2026-06-20T00:18:54.1176587+05:30" endTime="2026-06-20T00:18:54.1176588+05:30" testType="13cdc9d9-ddb5-4fa4-a97d-d965ccfc6d4b" outcome="Passed" testListId="8c84fa94-04c1-424b-9868-57a2d4851a1d" relativeResultsDirectory="507e2f1d-8b0e-4bca-9a5f-104962d1e640" />
    <UnitTestResult executionId="a8eb6230-6bdc-48d6-8091-fb3cd181f639" testId="fc786401-a43c-39a6-bb30-fdce38b88819" testName="LogisticsPro.API.GenAI.Tests.Integration.Generated.RAG.JobTests.AttemptToDeleteNonExistentVisaServiceItem" computerName="DESKTOP-A0N8TMD" duration="00:00:00.0010235" startTime="2026-06-20T00:18:54.0253297+05:30" endTime="2026-06-20T00:18:54.0253297+05:30" testType="13cdc9d9-ddb5-4fa4-a97d-d965ccfc6d4b" outcome="Passed" testListId="8c84fa94-04c1-424b-9868-57a2d4851a1d" relativeResultsDirectory="a8eb6230-6bdc-48d6-8091-fb3cd181f639" />
    <UnitTestResult executionId="a9358ee0-6ce2-4521-8830-4939a47bf3d9" testId="44da9bb4-f02d-e019-6fe7-03e154f1d753" testName="LogisticsPro.API.GenAI.Tests.Integration.Generated.RAG.JobTests.RejectUninvoicedReportRequestWithExpiredAuthenticationToken" computerName="DESKTOP-A0N8TMD" duration="00:00:00.0006898" startTime="2026-06-20T00:18:54.0237092+05:30" endTime="2026-06-20T00:18:54.0237093+05:30" testType="13cdc9d9-ddb5-4fa4-a97d-d965ccfc6d4b" outcome="Passed" testListId="8c84fa94-04c1-424b-9868-57a2d4851a1d" relativeResultsDirectory="a9358ee0-6ce2-4521-8830-4939a47bf3d9" />
    <UnitTestResult executionId="8188a0ab-77aa-4bba-9c9b-2c03d47349c9" testId="c15eac06-1c43-bd15-56fe-a09f56936c06" testName="LogisticsPro.API.GenAI.Tests.Integration.Generated.RAG.JobTests.ValidTokenAllowsPUTServiceCostsUpdate" computerName="DESKTOP-A0N8TMD" duration="00:00:00.0008091" startTime="2026-06-20T00:18:54.0428029+05:30" endTime="2026-06-20T00:18:54.0428030+05:30" testType="13cdc9d9-ddb5-4fa4-a97d-d965ccfc6d4b" outcome="Passed" testListId="8c84fa94-04c1-424b-9868-57a2d4851a1d" relativeResultsDirectory="8188a0ab-77aa-4bba-9c9b-2c03d47349c9" />
    <UnitTestResult executionId="74e1b341-bd82-4d60-b203-9f4dc04d096d" testId="41fd4c2e-39ba-0ed9-5d91-fcdf8e0ec233" testName="LogisticsPro.API.GenAI.Tests.Integration.Generated.RAG.JobTests.RejectReceiptCreationWithMissingMandatoryInvoiceLink" computerName="DESKTOP-A0N8TMD" duration="00:00:00.0005950" startTime="2026-06-20T00:18:54.2024988+05:30" endTime="2026-06-20T00:18:54.2024989+05:30" testType="13cdc9d9-ddb5-4fa4-a97d-d965ccfc6d4b" outcome="Passed" testListId="8c84fa94-04c1-424b-9868-57a2d4851a1d" relativeResultsDirectory="74e1b341-bd82-4d60-b203-9f4dc04d096d" />
    <UnitTestResult executionId="2a5ecad0-e92c-4ca9-9468-a7eb1377f9a3" testId="b6f6c722-6306-0eba-9a04-f599593ecc44" testName="LogisticsPro.API.GenAI.Tests.Integration.Generated.RAG.JobTests.RetrieveUninvoicedReportAndVerifyNoNegativeCosts" computerName="DESKTOP-A0N8TMD" duration="00:00:00.0027265" startTime="2026-06-20T00:18:53.9940465+05:30" endTime="2026-06-20T00:18:53.9940466+05:30" testType="13cdc9d9-ddb5-4fa4-a97d-d965ccfc6d4b" outcome="Passed" testListId="8c84fa94-04c1-424b-9868-57a2d4851a1d" relativeResultsDirectory="2a5ecad0-e92c-4ca9-9468-a7eb1377f9a3" />
    <UnitTestResult executionId="1cc8a693-b3df-4bea-ae92-6deeec812eb0" testId="9ac47e7d-2cbc-8f9d-8e98-5b9c58ec1e8d" testName="LogisticsPro.API.GenAI.Tests.Integration.Generated.RAG.JobTests.RejectVisaServiceCreationWithInvalidNonNumericCost" computerName="DESKTOP-A0N8TMD" duration="00:00:00.0008397" startTime="2026-06-20T00:18:54.0623683+05:30" endTime="2026-06-20T00:18:54.0623683+05:30" testType="13cdc9d9-ddb5-4fa4-a97d-d965ccfc6d4b" outcome="Passed" testListId="8c84fa94-04c1-424b-9868-57a2d4851a1d" relativeResultsDirectory="1cc8a693-b3df-4bea-ae92-6deeec812eb0" />
    <UnitTestResult executionId="4344f5a2-d923-4100-9690-cb5a646a7db5" testId="96d3d5cf-2be9-0328-7078-70f8ffdf5a69" testName="LogisticsPro.API.GenAI.Tests.Integration.Generated.RAG.JobTests.JobGetJobLineItemsReturnsAResult" computerName="DESKTOP-A0N8TMD" duration="00:00:00.0012591" startTime="2026-06-20T00:18:54.0780251+05:30" endTime="2026-06-20T00:18:54.0780252+05:30" testType="13cdc9d9-ddb5-4fa4-a97d-d965ccfc6d4b" outcome="Passed" testListId="8c84fa94-04c1-424b-9868-57a2d4851a1d" relativeResultsDirectory="4344f5a2-d923-4100-9690-cb5a646a7db5" />
    <UnitTestResult executionId="951fc4cc-f42f-44db-9073-3e2b654281cb" testId="a4a0a0c3-e85d-6ab2-2535-d746eab82bd2" testName="LogisticsPro.API.GenAI.Tests.Integration.Generated.RAG.MasterTests.MasterSaveEventReturnsAResult" computerName="DESKTOP-A0N8TMD" duration="00:00:00.0017494" startTime="2026-06-20T00:18:54.0327932+05:30" endTime="2026-06-20T00:18:54.0327934+05:30" testType="13cdc9d9-ddb5-4fa4-a97d-d965ccfc6d4b" outcome="Passed" testListId="8c84fa94-04c1-424b-9868-57a2d4851a1d" relativeResultsDirectory="951fc4cc-f42f-44db-9073-3e2b654281cb" />
    <UnitTestResult executionId="36150c97-b26a-4c4b-986a-5235a35ef071" testId="42430fa2-3cf5-7dc0-72ba-a8cb4131b173" testName="LogisticsPro.API.GenAI.Tests.Integration.Generated.RAG.JobTests.FailToAddServiceItemToNonExistentJob" computerName="DESKTOP-A0N8TMD" duration="00:00:00.0007826" startTime="2026-06-20T00:18:54.0414778+05:30" endTime="2026-06-20T00:18:54.0414779+05:30" testType="13cdc9d9-ddb5-4fa4-a97d-d965ccfc6d4b" outcome="Passed" testListId="8c84fa94-04c1-424b-9868-57a2d4851a1d" relativeResultsDirectory="36150c97-b26a-4c4b-986a-5235a35ef071" />
    <UnitTestResult executionId="779fedf0-73d5-4d33-bb1a-00f07c62c137" testId="9d147769-f640-3857-5d71-ec4204eae851" testName="LogisticsPro.API.GenAI.Tests.Integration.Generated.RAG.LogisticsTests.NegativeAttemptToDeletePaymentVoucherItemWithInvalidID" computerName="DESKTOP-A0N8TMD" duration="00:00:00.0005788" startTime="2026-06-20T00:18:54.0842522+05:30" endTime="2026-06-20T00:18:54.0842522+05:30" testType="13cdc9d9-ddb5-4fa4-a97d-d965ccfc6d4b" outcome="Passed" testListId="8c84fa94-04c1-424b-9868-57a2d4851a1d" relativeResultsDirectory="779fedf0-73d5-4d33-bb1a-00f07c62c137" />
    <UnitTestResult executionId="0564abe6-34e1-4348-9a92-6c7d46a5fee2" testId="3092d8d7-968d-de6c-1a2a-2236c13037e3" testName="LogisticsPro.API.GenAI.Tests.Integration.Generated.RAG.JobTests.RetrieveUninvoicedReportWithValidUserAuthentication" computerName="DESKTOP-A0N8TMD" duration="00:00:00.0006815" startTime="2026-06-20T00:18:54.2502402+05:30" endTime="2026-06-20T00:18:54.2502403+05:30" testType="13cdc9d9-ddb5-4fa4-a97d-d965ccfc6d4b" outcome="Passed" testListId="8c84fa94-04c1-424b-9868-57a2d4851a1d" relativeResultsDirectory="0564abe6-34e1-4348-9a92-6c7d46a5fee2" />
    <UnitTestResult executionId="ea18687d-4ed9-4263-a9ce-32d809fde208" testId="18fc0bf9-4425-ad07-405c-e833a9b2a035" testName="LogisticsPro.API.GenAI.Tests.Integration.Generated.RAG.JobTests.VerifyUninvoicedReportExcludesVoidedOrAlteredRecordsPreservingAccurateReporting" computerName="DESKTOP-A0N8TMD" duration="00:00:00.0006992" startTime="2026-06-20T00:18:54.2392339+05:30" endTime="2026-06-20T00:18:54.2392340+05:30" testType="13cdc9d9-ddb5-4fa4-a97d-d965ccfc6d4b" outcome="Passed" testListId="8c84fa94-04c1-424b-9868-57a2d4851a1d" relativeResultsDirectory="ea18687d-4ed9-4263-a9ce-32d809fde208" />
    <UnitTestResult executionId="878b2d00-0c71-43d9-a671-94c74eb4b531" testId="72318f58-1de9-6dee-61da-0ba10aff656e" testName="LogisticsPro.API.GenAI.Tests.Integration.Generated.RAG.LogisticsTests.CreatePaymentVoucherWithMatchingPayableAmount" computerName="DESKTOP-A0N8TMD" duration="00:00:00.0006296" startTime="2026-06-20T00:18:54.0873998+05:30" endTime="2026-06-20T00:18:54.0873999+05:30" testType="13cdc9d9-ddb5-4fa4-a97d-d965ccfc6d4b" outcome="Passed" testListId="8c84fa94-04c1-424b-9868-57a2d4851a1d" relativeResultsDirectory="878b2d00-0c71-43d9-a671-94c74eb4b531" />
    <UnitTestResult executionId="ad303a89-0cbb-4532-a924-d722267ba4af" testId="a9c1fce9-cf17-23a9-b7d2-66b0b1d5fd4e" testName="LogisticsPro.API.GenAI.Tests.Integration.Generated.RAG.JobTests.PositiveRemovalOfUninvoicedHotelServiceItem" computerName="DESKTOP-A0N8TMD" duration="00:00:00.0007210" startTime="2026-06-20T00:18:54.3154046+05:30" endTime="2026-06-20T00:18:54.3154048+05:30" testType="13cdc9d9-ddb5-4fa4-a97d-d965ccfc6d4b" outcome="Passed" testListId="8c84fa94-04c1-424b-9868-57a2d4851a1d" relativeResultsDirectory="ad303a89-0cbb-4532-a924-d722267ba4af" />
    <UnitTestResult executionId="a7febabe-a9db-4639-8534-810c7be1b0ad" testId="2f9ab553-e2b3-4e20-da69-1759eca4b09f" testName="LogisticsPro.API.GenAI.Tests.Integration.Generated.RAG.JobTests.FailToAddServiceItemToClosedJob" computerName="DESKTOP-A0N8TMD" duration="00:00:00.0006239" startTime="2026-06-20T00:18:54.1660000+05:30" endTime="2026-06-20T00:18:54.1660001+05:30" testType="13cdc9d9-ddb5-4fa4-a97d-d965ccfc6d4b" outcome="Passed" testListId="8c84fa94-04c1-424b-9868-57a2d4851a1d" relativeResultsDirectory="a7febabe-a9db-4639-8534-810c7be1b0ad" />
    <UnitTestResult executionId="6ee9fe85-cae2-4c15-b926-9c071aced227" testId="28d5d467-9369-8880-8304-1b6514043110" testName="LogisticsPro.API.GenAI.Tests.Integration.Generated.RAG.LogisticsTests.FailToCreateEventWhenEndDateIsBeforeStartDate" computerName="DESKTOP-A0N8TMD" duration="00:00:00.0008917" startTime="2026-06-20T00:18:54.1121741+05:30" endTime="2026-06-20T00:18:54.1121743+05:30" testType="13cdc9d9-ddb5-4fa4-a97d-d965ccfc6d4b" outcome="Passed" testListId="8c84fa94-04c1-424b-9868-57a2d4851a1d" relativeResultsDirectory="6ee9fe85-cae2-4c15-b926-9c071aced227" />
    <UnitTestResult executionId="592e881e-2762-41b1-a0df-64fa7d4ce6f4" testId="239f93df-4f26-44bf-75af-e137f65f8923" testName="LogisticsPro.API.GenAI.Tests.Integration.Generated.RAG.LogisticsTests.RejectReceiptTraceabilityQueryForNonexistentVendor" computerName="DESKTOP-A0N8TMD" duration="00:00:00.0006470" startTime="2026-06-20T00:18:54.0377992+05:30" endTime="2026-06-20T00:18:54.0377992+05:30" testType="13cdc9d9-ddb5-4fa4-a97d-d965ccfc6d4b" outcome="Passed" testListId="8c84fa94-04c1-424b-9868-57a2d4851a1d" relativeResultsDirectory="592e881e-2762-41b1-a0df-64fa7d4ce6f4" />
    <UnitTestResult executionId="da23897e-caa0-4b64-8bb6-2e0f04a81f78" testId="cf257ae8-5d06-4dbf-474c-ec7462c7aabe" testName="LogisticsPro.API.GenAI.Tests.Integration.Generated.RAG.JobTests.ValidateRejectionOfUninvoicedReportRequestWithInvalidAuthorization" computerName="DESKTOP-A0N8TMD" duration="00:00:00.0006793" startTime="2026-06-20T00:18:54.1231852+05:30" endTime="2026-06-20T00:18:54.1231853+05:30" testType="13cdc9d9-ddb5-4fa4-a97d-d965ccfc6d4b" outcome="Passed" testListId="8c84fa94-04c1-424b-9868-57a2d4851a1d" relativeResultsDirectory="da23897e-caa0-4b64-8bb6-2e0f04a81f78" />
    <UnitTestResult executionId="b5de1225-84b2-45cd-a320-63966b01f326" testId="52e3c6a9-6de3-bc95-76bf-9e457d2d55fc" testName="LogisticsPro.API.GenAI.Tests.Integration.Generated.RAG.LogisticsTests.PreventReceiptCreationForNonPayableOrInvalidInvoice" computerName="DESKTOP-A0N8TMD" duration="00:00:00.0006348" startTime="2026-06-20T00:18:54.0888386+05:30" endTime="2026-06-20T00:18:54.0888386+05:30" testType="13cdc9d9-ddb5-4fa4-a97d-d965ccfc6d4b" outcome="Passed" testListId="8c84fa94-04c1-424b-9868-57a2d4851a1d" relativeResultsDirectory="b5de1225-84b2-45cd-a320-63966b01f326" />
    <UnitTestResult executionId="23bb509e-01ee-4354-84eb-3c4df071b9f7" testId="03fa20f2-e90e-9fba-fbea-81d7a23fe292" testName="LogisticsPro.API.GenAI.Tests.Integration.Generated.RAG.JobTests.JobRemoveMiscellaneousReturnsAResult" computerName="DESKTOP-A0N8TMD" duration="00:00:00.0011637" startTime="2026-06-20T00:18:54.2235018+05:30" endTime="2026-06-20T00:18:54.2235024+05:30" testType="13cdc9d9-ddb5-4fa4-a97d-d965ccfc6d4b" outcome="Passed" testListId="8c84fa94-04c1-424b-9868-57a2d4851a1d" relativeResultsDirectory="23bb509e-01ee-4354-84eb-3c4df071b9f7" />
    <UnitTestResult executionId="b149b38b-2508-4a0f-b370-3d6084c2fc9c" testId="fba215a0-320f-6ab9-6b94-9afc2b0eda08" testName="LogisticsPro.API.GenAI.Tests.Integration.Generated.RAG.JobTests.VerifyUninvoicedReportReflectsOperationalFinancialContinuity" computerName="DESKTOP-A0N8TMD" duration="00:00:00.0008227" startTime="2026-06-20T00:18:54.2991520+05:30" endTime="2026-06-20T00:18:54.2991521+05:30" testType="13cdc9d9-ddb5-4fa4-a97d-d965ccfc6d4b" outcome="Passed" testListId="8c84fa94-04c1-424b-9868-57a2d4851a1d" relativeResultsDirectory="b149b38b-2508-4a0f-b370-3d6084c2fc9c" />
    <UnitTestResult executionId="5db2a864-9a9d-4e1f-b099-f369de4d6496" testId="277a8669-3ee1-6abc-608f-23a6f8de8856" testName="LogisticsPro.API.GenAI.Tests.Integration.Generated.RAG.JobTests.VerifyVoucherTraceabilityToPayableItemsInUninvoicedReport" computerName="DESKTOP-A0N8TMD" duration="00:00:00.0007581" startTime="2026-06-20T00:18:54.1757583+05:30" endTime="2026-06-20T00:18:54.1757584+05:30" testType="13cdc9d9-ddb5-4fa4-a97d-d965ccfc6d4b" outcome="Passed" testListId="8c84fa94-04c1-424b-9868-57a2d4851a1d" relativeResultsDirectory="5db2a864-9a9d-4e1f-b099-f369de4d6496" />
    <UnitTestResult executionId="1c51dc97-c4c1-4d8d-9c20-43227aaaa031" testId="f88168d1-0fd8-7895-3b95-b8569caf35d2" testName="LogisticsPro.API.GenAI.Tests.Integration.Generated.RAG.JobTests.UpdateServiceCostSuccessfullyReflectingInJobCard" computerName="DESKTOP-A0N8TMD" duration="00:00:00.0006769" startTime="2026-06-20T00:18:54.2767133+05:30" endTime="2026-06-20T00:18:54.2767134+05:30" testType="13cdc9d9-ddb5-4fa4-a97d-d965ccfc6d4b" outcome="Passed" testListId="8c84fa94-04c1-424b-9868-57a2d4851a1d" relativeResultsDirectory="1c51dc97-c4c1-4d8d-9c20-43227aaaa031" />
    <UnitTestResult executionId="1401fe2d-276c-4109-abcb-113941649876" testId="bd48ce42-b31e-1dc7-c14e-1f7fcab8dca6" testName="LogisticsPro.API.GenAI.Tests.Integration.Generated.RAG.JobTests.JobGetHistoryReportItemsReturnsAResult" computerName="DESKTOP-A0N8TMD" duration="00:00:00.0014157" startTime="2026-06-20T00:18:54.2436210+05:30" endTime="2026-06-20T00:18:54.2436211+05:30" testType="13cdc9d9-ddb5-4fa4-a97d-d965ccfc6d4b" outcome="Passed" testListId="8c84fa94-04c1-424b-9868-57a2d4851a1d" relativeResultsDirectory="1401fe2d-276c-4109-abcb-113941649876" />
    <UnitTestResult executionId="105299fa-07c6-41e2-9058-e68090a056db" testId="b898fffb-d960-9af2-d0bb-d15ea159c71a" testName="LogisticsPro.API.GenAI.Tests.Integration.Generated.RAG.LogisticsTests.DisallowModificationOfPayableItemsAlreadyProcessedForVendor" computerName="DESKTOP-A0N8TMD" duration="00:00:00.0007420" startTime="2026-06-20T00:18:54.0590841+05:30" endTime="2026-06-20T00:18:54.0590842+05:30" testType="13cdc9d9-ddb5-4fa4-a97d-d965ccfc6d4b" outcome="Passed" testListId="8c84fa94-04c1-424b-9868-57a2d4851a1d" relativeResultsDirectory="105299fa-07c6-41e2-9058-e68090a056db" />
    <UnitTestResult executionId="d014fc4c-49c7-4000-ae6d-106235bc4ae9" testId="ec473570-7ecf-6670-5601-e34f65515359" testName="LogisticsPro.API.GenAI.Tests.Integration.Generated.RAG.LogisticsTests.RejectCustomerCreationWithMissingName" computerName="DESKTOP-A0N8TMD" duration="00:00:00.0008476" startTime="2026-06-20T00:18:54.0241337+05:30" endTime="2026-06-20T00:18:54.0241338+05:30" testType="13cdc9d9-ddb5-4fa4-a97d-d965ccfc6d4b" outcome="Passed" testListId="8c84fa94-04c1-424b-9868-57a2d4851a1d" relativeResultsDirectory="d014fc4c-49c7-4000-ae6d-106235bc4ae9" />
    <UnitTestResult executionId="a1a0a6cc-dd71-4e94-bffd-87caf6e492b7" testId="d54f8ecd-2ace-b7b5-8f75-8ec1fc2d1dbe" testName="LogisticsPro.API.GenAI.Tests.Integration.Generated.RAG.JobTests.AttemptToCreateVisaServiceWithNegativeCostAndVerifyRejection" computerName="DESKTOP-A0N8TMD" duration="00:00:00.0008130" startTime="2026-06-20T00:18:54.2538727+05:30" endTime="2026-06-20T00:18:54.2538728+05:30" testType="13cdc9d9-ddb5-4fa4-a97d-d965ccfc6d4b" outcome="Passed" testListId="8c84fa94-04c1-424b-9868-57a2d4851a1d" relativeResultsDirectory="a1a0a6cc-dd71-4e94-bffd-87caf6e492b7" />
    <UnitTestResult executionId="95613203-e19b-4c89-9a7e-5a77c2fc8e96" testId="a5826272-1245-5fb5-d89e-f1cef0469e27" testName="LogisticsPro.API.GenAI.Tests.Integration.Generated.RAG.JobTests.CreateJobCardSuccessfullyWithLinkedValidCustomer" computerName="DESKTOP-A0N8TMD" duration="00:00:00.0005703" startTime="2026-06-20T00:18:54.0751435+05:30" endTime="2026-06-20T00:18:54.0751436+05:30" testType="13cdc9d9-ddb5-4fa4-a97d-d965ccfc6d4b" outcome="Passed" testListId="8c84fa94-04c1-424b-9868-57a2d4851a1d" relativeResultsDirectory="95613203-e19b-4c89-9a7e-5a77c2fc8e96" />
    <UnitTestResult executionId="4c2574b8-df4e-46e5-b4b9-e179f5d8d481" testId="c8251a39-3971-b0d4-ae58-2acae34f9352" testName="LogisticsPro.API.GenAI.Tests.Integration.Generated.RAG.JobTests.JobGetJobFinancRreceiptAndPaymentsJobCardByIdReturnsAResult" computerName="DESKTOP-A0N8TMD" duration="00:00:00.0013630" startTime="2026-06-20T00:18:54.0364993+05:30" endTime="2026-06-20T00:18:54.0364994+05:30" testType="13cdc9d9-ddb5-4fa4-a97d-d965ccfc6d4b" outcome="Passed" testListId="8c84fa94-04c1-424b-9868-57a2d4851a1d" relativeResultsDirectory="4c2574b8-df4e-46e5-b4b9-e179f5d8d481" />
    <UnitTestResult executionId="6603fbcb-901f-44fb-ac39-b01e346d5ce4" testId="8ed2ebee-6c65-0dc5-4c0b-eab995d1bed3" testName="LogisticsPro.API.GenAI.Tests.Integration.Generated.RAG.JobTests.RejectServiceCostUpdateWhenJobIsClosed" computerName="DESKTOP-A0N8TMD" duration="00:00:00.0007434" startTime="2026-06-20T00:18:54.2149023+05:30" endTime="2026-06-20T00:18:54.2149025+05:30" testType="13cdc9d9-ddb5-4fa4-a97d-d965ccfc6d4b" outcome="Passed" testListId="8c84fa94-04c1-424b-9868-57a2d4851a1d" relativeResultsDirectory="6603fbcb-901f-44fb-ac39-b01e346d5ce4" />
    <UnitTestResult executionId="0ab877f1-348f-4f4c-8a9d-b23e6b88c06d" testId="8cddb155-aa54-1c75-a56e-e4a4095e2dde" testName="LogisticsPro.API.GenAI.Tests.Integration.Generated.RAG.JobTests.ModifyServiceItemOnClosedJobCardFails" computerName="DESKTOP-A0N8TMD" duration="00:00:00.0006669" startTime="2026-06-20T00:18:54.3139062+05:30" endTime="2026-06-20T00:18:54.3139063+05:30" testType="13cdc9d9-ddb5-4fa4-a97d-d965ccfc6d4b" outcome="Passed" testListId="8c84fa94-04c1-424b-9868-57a2d4851a1d" relativeResultsDirectory="0ab877f1-348f-4f4c-8a9d-b23e6b88c06d" />
    <UnitTestResult executionId="3912dc22-28f5-4ecd-8faa-abd020027444" testId="039ce948-256a-57cd-b34a-ebe524a2f649" testName="LogisticsPro.API.GenAI.Tests.Integration.Generated.RAG.JobTests.DeleteMiscellaneousServiceItemSuccessfully" computerName="DESKTOP-A0N8TMD" duration="00:00:00.0006414" startTime="2026-06-20T00:18:54.1863562+05:30" endTime="2026-06-20T00:18:54.1863564+05:30" testType="13cdc9d9-ddb5-4fa4-a97d-d965ccfc6d4b" outcome="Passed" testListId="8c84fa94-04c1-424b-9868-57a2d4851a1d" relativeResultsDirectory="3912dc22-28f5-4ecd-8faa-abd020027444" />
    <UnitTestResult executionId="78f26073-a319-4b1d-9e2c-867a8cbedc3e" testId="e6599e89-ab20-cd1f-3bd3-b71c475780a0" testName="LogisticsPro.API.GenAI.Tests.Integration.Generated.RAG.JobTests.RetrieveVisaServiceForAJobcardWithVendorRecordNotClassifiableOperationally" computerName="DESKTOP-A0N8TMD" duration="00:00:00.0006830" startTime="2026-06-20T00:18:54.3117155+05:30" endTime="2026-06-20T00:18:54.3117156+05:30" testType="13cdc9d9-ddb5-4fa4-a97d-d965ccfc6d4b" outcome="Passed" testListId="8c84fa94-04c1-424b-9868-57a2d4851a1d" relativeResultsDirectory="78f26073-a319-4b1d-9e2c-867a8cbedc3e" />
    <UnitTestResult executionId="61944bf1-c6bb-4cad-966b-05bf88612158" testId="1651a15a-842f-e077-5ec2-e5ef98548d79" testName="LogisticsPro.API.GenAI.Tests.Integration.Generated.RAG.LogisticsTests.LogisticsRemoveReceiptReturnsAResult" computerName="DESKTOP-A0N8TMD" duration="00:00:00.0010231" startTime="2026-06-20T00:18:54.0278817+05:30" endTime="2026-06-20T00:18:54.0278818+05:30" testType="13cdc9d9-ddb5-4fa4-a97d-d965ccfc6d4b" outcome="Passed" testListId="8c84fa94-04c1-424b-9868-57a2d4851a1d" relativeResultsDirectory="61944bf1-c6bb-4cad-966b-05bf88612158" />
    <UnitTestResult executionId="52ae02e9-742b-4d5f-a662-6b7e398b35d1" testId="d7f27902-4a6d-c59d-98d7-daa45943c794" testName="LogisticsPro.API.GenAI.Tests.Integration.Generated.RAG.LogisticsTests.FailToCreatePaymentVoucherForInvalidBatch" computerName="DESKTOP-A0N8TMD" duration="00:00:00.0007117" startTime="2026-06-20T00:18:54.1105663+05:30" endTime="2026-06-20T00:18:54.1105664+05:30" testType="13cdc9d9-ddb5-4fa4-a97d-d965ccfc6d4b" outcome="Passed" testListId="8c84fa94-04c1-424b-9868-57a2d4851a1d" relativeResultsDirectory="52ae02e9-742b-4d5f-a662-6b7e398b35d1" />
    <UnitTestResult executionId="362ebe9c-714c-4401-a583-524f94850aa2" testId="1f924c95-06c4-15d4-1dc5-0d85b1267be6" testName="LogisticsPro.API.GenAI.Tests.Integration.Generated.RAG.JobTests.JobGetJobTransportationsReturnsAResult" computerName="DESKTOP-A0N8TMD" duration="00:00:00.0013260" startTime="2026-06-20T00:18:54.1889152+05:30" endTime="2026-06-20T00:18:54.1889153+05:30" testType="13cdc9d9-ddb5-4fa4-a97d-d965ccfc6d4b" outcome="Passed" testListId="8c84fa94-04c1-424b-9868-57a2d4851a1d" relativeResultsDirectory="362ebe9c-714c-4401-a583-524f94850aa2" />
    <UnitTestResult executionId="6596e0a0-1d2a-42fe-9143-868f849d846f" testId="c727369b-127c-face-6ee4-3e1308e029e4" testName="LogisticsPro.API.GenAI.Tests.Integration.Generated.RAG.LogisticsTests.LogisticsSaveInvoiceReturnsAResult" computerName="DESKTOP-A0N8TMD" duration="00:00:00.0019987" startTime="2026-06-20T00:18:54.0351914+05:30" endTime="2026-06-20T00:18:54.0351915+05:30" testType="13cdc9d9-ddb5-4fa4-a97d-d965ccfc6d4b" outcome="Passed" testListId="8c84fa94-04c1-424b-9868-57a2d4851a1d" relativeResultsDirectory="6596e0a0-1d2a-42fe-9143-868f849d846f" />
    <UnitTestResult executionId="3269d5a2-8494-4d34-83cf-583a3d6ac952" testId="8c6105e0-b212-5b4f-561c-06beb69c0b21" testName="LogisticsPro.API.GenAI.Tests.Integration.Generated.RAG.LogisticsTests.LogisticsGetReceiptsReturnsAResult" computerName="DESKTOP-A0N8TMD" duration="00:00:00.0011105" startTime="2026-06-20T00:18:54.0802405+05:30" endTime="2026-06-20T00:18:54.0802406+05:30" testType="13cdc9d9-ddb5-4fa4-a97d-d965ccfc6d4b" outcome="Passed" testListId="8c84fa94-04c1-424b-9868-57a2d4851a1d" relativeResultsDirectory="3269d5a2-8494-4d34-83cf-583a3d6ac952" />
    <UnitTestResult executionId="9e23ce53-fe29-4f2d-b5ce-8f3d08efe4c6" testId="10d2a7f7-ef85-ab28-70b5-34a8a5ef6c4f" testName="LogisticsPro.API.GenAI.Tests.Integration.Generated.RAG.JobTests.PreventDeletionOfVisaServiceIncludedInFinalizedFinancialProcess" computerName="DESKTOP-A0N8TMD" duration="00:00:00.0005676" startTime="2026-06-20T00:18:54.1580729+05:30" endTime="2026-06-20T00:18:54.1580730+05:30" testType="13cdc9d9-ddb5-4fa4-a97d-d965ccfc6d4b" outcome="Passed" testListId="8c84fa94-04c1-424b-9868-57a2d4851a1d" relativeResultsDirectory="9e23ce53-fe29-4f2d-b5ce-8f3d08efe4c6" />
    <UnitTestResult executionId="981f30be-589c-47e9-8f75-f7a15653ef8c" testId="9297bb93-50b4-32d4-739f-987aa356715e" testName="LogisticsPro.API.GenAI.Tests.Integration.Generated.RAG.JobTests.NegativeRemovalOfVisaServiceItemAlreadyInvoiced" computerName="DESKTOP-A0N8TMD" duration="00:00:00.0006145" startTime="2026-06-20T00:18:54.1402067+05:30" endTime="2026-06-20T00:18:54.1402068+05:30" testType="13cdc9d9-ddb5-4fa4-a97d-d965ccfc6d4b" outcome="Passed" testListId="8c84fa94-04c1-424b-9868-57a2d4851a1d" relativeResultsDirectory="981f30be-589c-47e9-8f75-f7a15653ef8c" />
    <UnitTestResult executionId="57055343-53de-4ea4-b74f-075b8c6bf246" testId="226e05d7-178d-f675-e2be-f90628c863dd" testName="LogisticsPro.API.GenAI.Tests.Integration.Generated.RAG.JobTests.RejectReceiptOverAllowedReceivableAmountWithoutOverpaymentSupport" computerName="DESKTOP-A0N8TMD" duration="00:00:00.0006026" startTime="2026-06-20T00:18:54.1968009+05:30" endTime="2026-06-20T00:18:54.1968010+05:30" testType="13cdc9d9-ddb5-4fa4-a97d-d965ccfc6d4b" outcome="Passed" testListId="8c84fa94-04c1-424b-9868-57a2d4851a1d" relativeResultsDirectory="57055343-53de-4ea4-b74f-075b8c6bf246" />
    <UnitTestResult executionId="71b55b0a-0d90-405c-8a47-78f0b67a8c89" testId="3df6bd81-8785-ac4b-8260-9d076fd94e27" testName="LogisticsPro.API.GenAI.Tests.Integration.Generated.RAG.JobTests.AllowDeletingVisaServiceItemNotLinkedToAnyVoucher" computerName="DESKTOP-A0N8TMD" duration="00:00:00.0006841" startTime="2026-06-20T00:18:54.0485933+05:30" endTime="2026-06-20T00:18:54.0485933+05:30" testType="13cdc9d9-ddb5-4fa4-a97d-d965ccfc6d4b" outcome="Passed" testListId="8c84fa94-04c1-424b-9868-57a2d4851a1d" relativeResultsDirectory="71b55b0a-0d90-405c-8a47-78f0b67a8c89" />
    <UnitTestResult executionId="00c5d50b-43d9-475d-a391-17973959224b" testId="942d85e5-dc84-d180-12a4-fc43be58ccb0" testName="LogisticsPro.API.GenAI.Tests.Integration.Generated.RAG.JobTests.VerifyNoItemBelongsToMultipleActiveBatches" computerName="DESKTOP-A0N8TMD" duration="00:00:00.0008577" startTime="2026-06-20T00:18:54.2858051+05:30" endTime="2026-06-20T00:18:54.2858052+05:30" testType="13cdc9d9-ddb5-4fa4-a97d-d965ccfc6d4b" outcome="Passed" testListId="8c84fa94-04c1-424b-9868-57a2d4851a1d" relativeResultsDirectory="00c5d50b-43d9-475d-a391-17973959224b" />
    <UnitTestResult executionId="a4f7998c-0078-44ad-b1c7-688c94886988" testId="b4c883c0-94c0-b4fa-01dc-71fb233b030f" testName="LogisticsPro.API.GenAI.Tests.Integration.Generated.RAG.JobTests.UpdateServiceCostsWithMissingRequiredFields" computerName="DESKTOP-A0N8TMD" duration="00:00:00.0008390" startTime="2026-06-20T00:18:54.0978556+05:30" endTime="2026-06-20T00:18:54.0978556+05:30" testType="13cdc9d9-ddb5-4fa4-a97d-d965ccfc6d4b" outcome="Passed" testListId="8c84fa94-04c1-424b-9868-57a2d4851a1d" relativeResultsDirectory="a4f7998c-0078-44ad-b1c7-688c94886988" />
    <UnitTestResult executionId="7076edec-1351-4dc2-a605-589025ca0815" testId="5a162f24-75cd-2c99-fa09-6294afd31a54" testName="LogisticsPro.API.GenAI.Tests.Integration.Generated.RAG.MasterTests.SuccessfulLoginReturnsValidAuthenticationToken" computerName="DESKTOP-A0N8TMD" duration="00:00:00.0016718" startTime="2026-06-20T00:18:54.0367390+05:30" endTime="2026-06-20T00:18:54.0367390+05:30" testType="13cdc9d9-ddb5-4fa4-a97d-d965ccfc6d4b" outcome="Passed" testListId="8c84fa94-04c1-424b-9868-57a2d4851a1d" relativeResultsDirectory="7076edec-1351-4dc2-a605-589025ca0815" />
    <UnitTestResult executionId="3790ed44-f97e-4e14-84c2-faaac85e1076" testId="51d0b3ed-d316-b31b-9f6f-0581d423e31c" testName="LogisticsPro.API.GenAI.Tests.Integration.Generated.RAG.JobTests.VerifyNoDoubleBillingAllowedOnServiceCostUpdate" computerName="DESKTOP-A0N8TMD" duration="00:00:00.0006931" startTime="2026-06-20T00:18:54.2331816+05:30" endTime="2026-06-20T00:18:54.2331817+05:30" testType="13cdc9d9-ddb5-4fa4-a97d-d965ccfc6d4b" outcome="Passed" testListId="8c84fa94-04c1-424b-9868-57a2d4851a1d" relativeResultsDirectory="3790ed44-f97e-4e14-84c2-faaac85e1076" />
    <UnitTestResult executionId="7bab5049-cdc0-4146-bee9-21dbe7a5f38f" testId="9f46e645-75e5-515f-344d-fa1f2fd5b1d0" testName="LogisticsPro.API.GenAI.Tests.Integration.Generated.RAG.LogisticsTests.FailBatchCreationWithNoItems" computerName="DESKTOP-A0N8TMD" duration="00:00:00.0006266" startTime="2026-06-20T00:18:54.1112344+05:30" endTime="2026-06-20T00:18:54.1112345+05:30" testType="13cdc9d9-ddb5-4fa4-a97d-d965ccfc6d4b" outcome="Passed" testListId="8c84fa94-04c1-424b-9868-57a2d4851a1d" relativeResultsDirectory="7bab5049-cdc0-4146-bee9-21dbe7a5f38f" />
    <UnitTestResult executionId="6383cd37-b30e-46d4-8481-3958dca21604" testId="a06dea4b-be0c-e85b-39d1-d8374e776339" testName="LogisticsPro.API.GenAI.Tests.Integration.Generated.RAG.JobTests.JobGetJobHotelByIdReturnsAResult" computerName="DESKTOP-A0N8TMD" duration="00:00:00.0011798" startTime="2026-06-20T00:18:54.0855497+05:30" endTime="2026-06-20T00:18:54.0855498+05:30" testType="13cdc9d9-ddb5-4fa4-a97d-d965ccfc6d4b" outcome="Passed" testListId="8c84fa94-04c1-424b-9868-57a2d4851a1d" relativeResultsDirectory="6383cd37-b30e-46d4-8481-3958dca21604" />
    <UnitTestResult executionId="3bd59a98-d873-481c-babe-adede45924ae" testId="e33ae517-df68-7fee-df17-f522f33e7266" testName="LogisticsPro.API.GenAI.Tests.Integration.Generated.RAG.LogisticsTests.CreateBatchWithValidItemsSuccessfully" computerName="DESKTOP-A0N8TMD" duration="00:00:00.0005880" startTime="2026-06-20T00:18:54.1233871+05:30" endTime="2026-06-20T00:18:54.1233872+05:30" testType="13cdc9d9-ddb5-4fa4-a97d-d965ccfc6d4b" outcome="Passed" testListId="8c84fa94-04c1-424b-9868-57a2d4851a1d" relativeResultsDirectory="3bd59a98-d873-481c-babe-adede45924ae" />
    <UnitTestResult executionId="752a0ca6-9192-4dcc-921c-01e07ca5a286" testId="2262b7d9-0b64-315c-fca0-07bf65ed1a27" testName="LogisticsPro.API.GenAI.Tests.Integration.Generated.RAG.JobTests.VerifyReceiptTraceabilityViaUninvoicedReport" computerName="DESKTOP-A0N8TMD" duration="00:00:00.0006700" startTime="2026-06-20T00:18:54.3124419+05:30" endTime="2026-06-20T00:18:54.3124420+05:30" testType="13cdc9d9-ddb5-4fa4-a97d-d965ccfc6d4b" outcome="Passed" testListId="8c84fa94-04c1-424b-9868-57a2d4851a1d" relativeResultsDirectory="752a0ca6-9192-4dcc-921c-01e07ca5a286" />
    <UnitTestResult executionId="73e4d08d-6845-4f71-9daa-43f00e699cd1" testId="106532ef-ef5a-7bbb-d5c1-5ed5588ecfe6" testName="LogisticsPro.API.GenAI.Tests.Integration.Generated.RAG.LogisticsTests.LogisticsVoidReceiptReturnsAResult" computerName="DESKTOP-A0N8TMD" duration="00:00:00.0024089" startTime="2026-06-20T00:18:54.0629749+05:30" endTime="2026-06-20T00:18:54.0629750+05:30" testType="13cdc9d9-ddb5-4fa4-a97d-d965ccfc6d4b" outcome="Passed" testListId="8c84fa94-04c1-424b-9868-57a2d4851a1d" relativeResultsDirectory="73e4d08d-6845-4f71-9daa-43f00e699cd1" />
    <UnitTestResult executionId="08e69474-e010-40b4-af45-8be709896116" testId="5f464fe1-bd5f-79f7-9970-9ea995d62781" testName="LogisticsPro.API.GenAI.Tests.Integration.Generated.RAG.LogisticsTests.LogisticsSaveProformaInvoiceReceiptReturnsAResult" computerName="DESKTOP-A0N8TMD" duration="00:00:00.0015682" startTime="2026-06-20T00:18:54.0493654+05:30" endTime="2026-06-20T00:18:54.0493655+05:30" testType="13cdc9d9-ddb5-4fa4-a97d-d965ccfc6d4b" outcome="Passed" testListId="8c84fa94-04c1-424b-9868-57a2d4851a1d" relativeResultsDirectory="08e69474-e010-40b4-af45-8be709896116" />
    <UnitTestResult executionId="58696dc0-1226-4c05-ab3b-4b81a6f56416" testId="2411e1fd-2e0a-904e-db56-80399099cf7a" testName="LogisticsPro.API.GenAI.Tests.Integration.Generated.RAG.LogisticsTests.DeletePaymentVoucherItemValidID" computerName="DESKTOP-A0N8TMD" duration="00:00:00.0007262" startTime="2026-06-20T00:18:54.0181748+05:30" endTime="2026-06-20T00:18:54.0181748+05:30" testType="13cdc9d9-ddb5-4fa4-a97d-d965ccfc6d4b" outcome="Passed" testListId="8c84fa94-04c1-424b-9868-57a2d4851a1d" relativeResultsDirectory="58696dc0-1226-4c05-ab3b-4b81a6f56416" />
    <UnitTestResult executionId="2c6e56f4-f282-4fc1-92d0-ad8adf1d6f0a" testId="298a9a63-9707-b215-319f-304acd5c0b82" testName="LogisticsPro.API.GenAI.Tests.Integration.Generated.RAG.JobTests.VerifyReferentialIntegrityInUninvoicedReportRetrieval" computerName="DESKTOP-A0N8TMD" duration="00:00:00.0006403" startTime="2026-06-20T00:18:54.2018954+05:30" endTime="2026-06-20T00:18:54.2018955+05:30" testType="13cdc9d9-ddb5-4fa4-a97d-d965ccfc6d4b" outcome="Passed" testListId="8c84fa94-04c1-424b-9868-57a2d4851a1d" relativeResultsDirectory="2c6e56f4-f282-4fc1-92d0-ad8adf1d6f0a" />
    <UnitTestResult executionId="e092fac2-987e-42fc-845c-593f8e100b6b" testId="6b848aec-ae9f-6aff-90fc-4edd7bc4ef35" testName="LogisticsPro.API.GenAI.Tests.Integration.Generated.RAG.LogisticsTests.NegativeAttemptDuplicateBillingDuringProformaInvoiceConversion" computerName="DESKTOP-A0N8TMD" duration="00:00:00.0006294" startTime="2026-06-20T00:18:54.0721718+05:30" endTime="2026-06-20T00:18:54.0721719+05:30" testType="13cdc9d9-ddb5-4fa4-a97d-d965ccfc6d4b" outcome="Passed" testListId="8c84fa94-04c1-424b-9868-57a2d4851a1d" relativeResultsDirectory="e092fac2-987e-42fc-845c-593f8e100b6b" />
    <UnitTestResult executionId="944e2fba-bce2-4472-811f-0aa345f181c3" testId="748dda49-9bf8-11c2-a701-fdd6b3a4685c" testName="LogisticsPro.API.GenAI.Tests.Integration.Generated.RAG.JobTests.RejectServiceCostUpdateWithInvalidNumericValuesBreakingBatchIntegrity" computerName="DESKTOP-A0N8TMD" duration="00:00:00.0005888" startTime="2026-06-20T00:18:54.2050179+05:30" endTime="2026-06-20T00:18:54.2050180+05:30" testType="13cdc9d9-ddb5-4fa4-a97d-d965ccfc6d4b" outcome="Passed" testListId="8c84fa94-04c1-424b-9868-57a2d4851a1d" relativeResultsDirectory="944e2fba-bce2-4472-811f-0aa345f181c3" />
    <UnitTestResult executionId="79961e38-a0a0-4e66-bf67-6e8a5f26fa0f" testId="efb4bec2-a795-9490-52e4-98ff36920bea" testName="LogisticsPro.API.GenAI.Tests.Integration.Generated.RAG.JobTests.CreateVisaServiceWithAllMandatoryFields" computerName="DESKTOP-A0N8TMD" duration="00:00:00.0006458" startTime="2026-06-20T00:18:54.1613204+05:30" endTime="2026-06-20T00:18:54.1613206+05:30" testType="13cdc9d9-ddb5-4fa4-a97d-d965ccfc6d4b" outcome="Passed" testListId="8c84fa94-04c1-424b-9868-57a2d4851a1d" relativeResultsDirectory="79961e38-a0a0-4e66-bf67-6e8a5f26fa0f" />
    <UnitTestResult executionId="f45109c4-bd47-4988-a5a8-d921c4706e4d" testId="11abab3e-4e35-e8ae-5f16-f8bdbdccfe1d" testName="LogisticsPro.API.GenAI.Tests.Integration.Generated.RAG.MasterTests.MasterRemoveCustomerReturnsAResult" computerName="DESKTOP-A0N8TMD" duration="00:00:00.0013672" startTime="2026-06-20T00:18:54.0416455+05:30" endTime="2026-06-20T00:18:54.0416455+05:30" testType="13cdc9d9-ddb5-4fa4-a97d-d965ccfc6d4b" outcome="Passed" testListId="8c84fa94-04c1-424b-9868-57a2d4851a1d" relativeResultsDirectory="f45109c4-bd47-4988-a5a8-d921c4706e4d" />
    <UnitTestResult executionId="21b708b4-0408-4c36-a823-65b051bc84e9" testId="a5eb36cc-3c81-2868-d7b8-75b705250e59" testName="LogisticsPro.API.GenAI.Tests.Integration.Generated.RAG.JobTests.ProhibitAccessToOperationalReportEndpointWithoutAuthentication" computerName="DESKTOP-A0N8TMD" duration="00:00:00.0006568" startTime="2026-06-20T00:18:54.0788785+05:30" endTime="2026-06-20T00:18:54.0788786+05:30" testType="13cdc9d9-ddb5-4fa4-a97d-d965ccfc6d4b" outcome="Passed" testListId="8c84fa94-04c1-424b-9868-57a2d4851a1d" relativeResultsDirectory="21b708b4-0408-4c36-a823-65b051bc84e9" />
    <UnitTestResult executionId="cbcc30b2-bcc9-402e-bc62-bd5c3361cf10" testId="51457b5c-3aa9-72f9-539e-55d49b68e2e4" testName="LogisticsPro.API.GenAI.Tests.Integration.Generated.RAG.LogisticsTests.ValidateTraceabilityLinkageConsistencyAfterDeletingPaymentVoucherItem" computerName="DESKTOP-A0N8TMD" duration="00:00:00.0006530" startTime="2026-06-20T00:18:54.0474689+05:30" endTime="2026-06-20T00:18:54.0474690+05:30" testType="13cdc9d9-ddb5-4fa4-a97d-d965ccfc6d4b" outcome="Passed" testListId="8c84fa94-04c1-424b-9868-57a2d4851a1d" relativeResultsDirectory="cbcc30b2-bcc9-402e-bc62-bd5c3361cf10" />
    <UnitTestResult executionId="f422ded9-45df-4b77-a61c-f4c65559db95" testId="377e724e-f116-21fa-83bf-649e6de1c5f5" testName="LogisticsPro.API.GenAI.Tests.Integration.Generated.RAG.JobTests.RejectServiceCostUpdateOnClosedJobCard" computerName="DESKTOP-A0N8TMD" duration="00:00:00.0006485" startTime="2026-06-20T00:18:54.2406905+05:30" endTime="2026-06-20T00:18:54.2406906+05:30" testType="13cdc9d9-ddb5-4fa4-a97d-d965ccfc6d4b" outcome="Passed" testListId="8c84fa94-04c1-424b-9868-57a2d4851a1d" relativeResultsDirectory="f422ded9-45df-4b77-a61c-f4c65559db95" />
    <UnitTestResult executionId="a169d81f-4f03-4545-9bba-572b04c3b2c7" testId="95a2151f-3d67-5674-a6d0-d87403f86b8b" testName="LogisticsPro.API.GenAI.Tests.Integration.Generated.RAG.JobTests.RetrieveUninvoicedVisaServicesReport" computerName="DESKTOP-A0N8TMD" duration="00:00:00.0006235" startTime="2026-06-20T00:18:54.0200573+05:30" endTime="2026-06-20T00:18:54.0200573+05:30" testType="13cdc9d9-ddb5-4fa4-a97d-d965ccfc6d4b" outcome="Passed" testListId="8c84fa94-04c1-424b-9868-57a2d4851a1d" relativeResultsDirectory="a169d81f-4f03-4545-9bba-572b04c3b2c7" />
    <UnitTestResult executionId="bcec5789-3440-490d-9c77-f805fa90cc39" testId="13f34b44-0fae-c546-1f0f-64beb29b7f83" testName="LogisticsPro.API.GenAI.Tests.Integration.Generated.RAG.JobTests.JobGetJobVisasByIdReturnsAResult" computerName="DESKTOP-A0N8TMD" duration="00:00:00.0011331" startTime="2026-06-20T00:18:54.1985957+05:30" endTime="2026-06-20T00:18:54.1985959+05:30" testType="13cdc9d9-ddb5-4fa4-a97d-d965ccfc6d4b" outcome="Passed" testListId="8c84fa94-04c1-424b-9868-57a2d4851a1d" relativeResultsDirectory="bcec5789-3440-490d-9c77-f805fa90cc39" />
    <UnitTestResult executionId="65a36a98-b5ed-4212-914a-28bafe3eae6c" testId="efb4b00b-d5f3-4d71-63ba-0f525d863436" testName="LogisticsPro.API.GenAI.Tests.Integration.Generated.RAG.LogisticsTests.ValidationOnDeletionWithMalformedPaymentVoucherItemId" computerName="DESKTOP-A0N8TMD" duration="00:00:00.0005816" startTime="2026-06-20T00:18:54.0771054+05:30" endTime="2026-06-20T00:18:54.0771054+05:30" testType="13cdc9d9-ddb5-4fa4-a97d-d965ccfc6d4b" outcome="Passed" testListId="8c84fa94-04c1-424b-9868-57a2d4851a1d" relativeResultsDirectory="65a36a98-b5ed-4212-914a-28bafe3eae6c" />
    <UnitTestResult executionId="9a3b3934-2216-48ae-b913-678009a68f27" testId="49fd845d-1156-cb8e-d827-ee5e859f904f" testName="LogisticsPro.API.GenAI.Tests.Integration.Generated.RAG.JobTests.GetHotelServicesForJobCardWithInvalidJobCardIdReturnsNotFound" computerName="DESKTOP-A0N8TMD" duration="00:00:00.0009856" startTime="2026-06-20T00:18:54.2657963+05:30" endTime="2026-06-20T00:18:54.2657964+05:30" testType="13cdc9d9-ddb5-4fa4-a97d-d965ccfc6d4b" outcome="Passed" testListId="8c84fa94-04c1-424b-9868-57a2d4851a1d" relativeResultsDirectory="9a3b3934-2216-48ae-b913-678009a68f27" />
    <UnitTestResult executionId="a0706230-ba40-41f1-a3c7-f64d4825916f" testId="1f237da0-b73a-84ff-2578-7b56dcfd711c" testName="LogisticsPro.API.GenAI.Tests.Integration.Generated.RAG.JobTests.CreateProformaInvoiceSuccessfully" computerName="DESKTOP-A0N8TMD" duration="00:00:00.0072329" startTime="2026-06-20T00:18:54.0666145+05:30" endTime="2026-06-20T00:18:54.0666146+05:30" testType="13cdc9d9-ddb5-4fa4-a97d-d965ccfc6d4b" outcome="Passed" testListId="8c84fa94-04c1-424b-9868-57a2d4851a1d" relativeResultsDirectory="a0706230-ba40-41f1-a3c7-f64d4825916f" />
    <UnitTestResult executionId="f2e68c7d-161c-4f3a-8248-f84cfce60609" testId="e9bfc090-2a9e-7f70-a21a-a05f62a50557" testName="LogisticsPro.API.GenAI.Tests.Integration.Generated.RAG.JobTests.AddValidHotelServiceItemToExistingOpenJob" computerName="DESKTOP-A0N8TMD" duration="00:00:00.0007700" startTime="2026-06-20T00:18:54.2825753+05:30" endTime="2026-06-20T00:18:54.2825755+05:30" testType="13cdc9d9-ddb5-4fa4-a97d-d965ccfc6d4b" outcome="Passed" testListId="8c84fa94-04c1-424b-9868-57a2d4851a1d" relativeResultsDirectory="f2e68c7d-161c-4f3a-8248-f84cfce60609" />
    <UnitTestResult executionId="c53547ea-983e-4e97-9688-f37d9e88a443" testId="ba3ecac6-c945-8ec0-10ab-5f72aadcd41c" testName="LogisticsPro.API.GenAI.Tests.Integration.Generated.RAG.LogisticsTests.LogisticsGetProformaInvoiceReceiptsReturnsAResult" computerName="DESKTOP-A0N8TMD" duration="00:00:00.0011477" startTime="2026-06-20T00:18:54.0967429+05:30" endTime="2026-06-20T00:18:54.0967430+05:30" testType="13cdc9d9-ddb5-4fa4-a97d-d965ccfc6d4b" outcome="Passed" testListId="8c84fa94-04c1-424b-9868-57a2d4851a1d" relativeResultsDirectory="c53547ea-983e-4e97-9688-f37d9e88a443" />
    <UnitTestResult executionId="f4991146-f876-4605-ab9b-6ed409b79bd4" testId="cdd70528-81a5-1c6f-0a4d-5e20ab15b995" testName="LogisticsPro.API.GenAI.Tests.Integration.Generated.RAG.LogisticsTests.VerifyDeletingPaymentVoucherItemDoesNotAllowOverpaymentPostDeletion" computerName="DESKTOP-A0N8TMD" duration="00:00:00.0007261" startTime="2026-06-20T00:18:54.0374686+05:30" endTime="2026-06-20T00:18:54.0374686+05:30" testType="13cdc9d9-ddb5-4fa4-a97d-d965ccfc6d4b" outcome="Passed" testListId="8c84fa94-04c1-424b-9868-57a2d4851a1d" relativeResultsDirectory="f4991146-f876-4605-ab9b-6ed409b79bd4" />
    <UnitTestResult executionId="5de57efb-3d8e-48a0-9eb9-5e2851c7ad60" testId="c5085b4d-d550-6240-ef40-a9663a667abc" testName="LogisticsPro.API.GenAI.Tests.Integration.Generated.RAG.LogisticsTests.FetchUninvoicedItemsAndVerifyVendorConsistencyForVoucherPreparation" computerName="DESKTOP-A0N8TMD" duration="00:00:00.0006820" startTime="2026-06-20T00:18:54.0648856+05:30" endTime="2026-06-20T00:18:54.0648856+05:30" testType="13cdc9d9-ddb5-4fa4-a97d-d965ccfc6d4b" outcome="Passed" testListId="8c84fa94-04c1-424b-9868-57a2d4851a1d" relativeResultsDirectory="5de57efb-3d8e-48a0-9eb9-5e2851c7ad60" />
    <UnitTestResult executionId="f42284ed-b63d-4add-ac21-4a97f9d685cf" testId="540fc846-3209-48fd-12ae-298445ddae29" testName="LogisticsPro.API.GenAI.Tests.Integration.Generated.RAG.JobTests.ValidatePaymentVoucherAmountMatchesPayableItemsSum" computerName="DESKTOP-A0N8TMD" duration="00:00:00.0005780" startTime="2026-06-20T00:18:54.1974246+05:30" endTime="2026-06-20T00:18:54.1974247+05:30" testType="13cdc9d9-ddb5-4fa4-a97d-d965ccfc6d4b" outcome="Passed" testListId="8c84fa94-04c1-424b-9868-57a2d4851a1d" relativeResultsDirectory="f42284ed-b63d-4add-ac21-4a97f9d685cf" />
    <UnitTestResult executionId="25096614-280a-4ae9-8f7f-5d307f9cf1a3" testId="e06462d4-4eca-85dd-b4ec-31b4c2cc7952" testName="LogisticsPro.API.GenAI.Tests.Integration.Generated.RAG.LogisticsTests.AllowDeletionOfBatchItemsWhenBatchRemainsNonEmpty" computerName="DESKTOP-A0N8TMD" duration="00:00:00.0018041" startTime="2026-06-20T00:18:54.0409213+05:30" endTime="2026-06-20T00:18:54.0409213+05:30" testType="13cdc9d9-ddb5-4fa4-a97d-d965ccfc6d4b" outcome="Passed" testListId="8c84fa94-04c1-424b-9868-57a2d4851a1d" relativeResultsDirectory="25096614-280a-4ae9-8f7f-5d307f9cf1a3" />
    <UnitTestResult executionId="f915e682-3cf5-4ac0-95bd-67f8a498b3f9" testId="284d30da-aa67-4aef-8734-8aa83196c22f" testName="LogisticsPro.API.GenAI.Tests.Integration.Generated.RAG.LogisticsTests.FailModificationRequestOfBillableItemsWithInvalidCustomerId" computerName="DESKTOP-A0N8TMD" duration="00:00:00.0006501" startTime="2026-06-20T00:18:54.1155135+05:30" endTime="2026-06-20T00:18:54.1155135+05:30" testType="13cdc9d9-ddb5-4fa4-a97d-d965ccfc6d4b" outcome="Passed" testListId="8c84fa94-04c1-424b-9868-57a2d4851a1d" relativeResultsDirectory="f915e682-3cf5-4ac0-95bd-67f8a498b3f9" />
    <UnitTestResult executionId="686c7648-f627-4dd3-bfd7-4eb8abb0d945" testId="ed36109f-bf92-1694-8853-0d77054fcf85" testName="LogisticsPro.API.GenAI.Tests.Integration.Generated.RAG.JobTests.RetrieveEventInformationSuccessfulReturnsEventDetails" computerName="DESKTOP-A0N8TMD" duration="00:00:00.0007221" startTime="2026-06-20T00:18:54.2347928+05:30" endTime="2026-06-20T00:18:54.2347929+05:30" testType="13cdc9d9-ddb5-4fa4-a97d-d965ccfc6d4b" outcome="Passed" testListId="8c84fa94-04c1-424b-9868-57a2d4851a1d" relativeResultsDirectory="686c7648-f627-4dd3-bfd7-4eb8abb0d945" />
    <UnitTestResult executionId="4d50b0ff-de99-4664-b5cc-7b4ba9f36b97" testId="248db8d4-2485-5236-123c-061ef07fd6d0" testName="LogisticsPro.API.GenAI.Tests.Integration.Generated.RAG.JobTests.CreateEventInvalidDatesReturnsValidationError" computerName="DESKTOP-A0N8TMD" duration="00:00:00.0007328" startTime="2026-06-20T00:18:54.1765406+05:30" endTime="2026-06-20T00:18:54.1765407+05:30" testType="13cdc9d9-ddb5-4fa4-a97d-d965ccfc6d4b" outcome="Passed" testListId="8c84fa94-04c1-424b-9868-57a2d4851a1d" relativeResultsDirectory="4d50b0ff-de99-4664-b5cc-7b4ba9f36b97" />
    <UnitTestResult executionId="92769cf8-e56c-437e-9342-05bd32199b01" testId="3218d511-dfae-9c68-02fb-8d4a357d8459" testName="LogisticsPro.API.GenAI.Tests.Integration.Generated.RAG.MasterTests.AccessingProtectedEndpointPOSTApiCustomersWithExpiredTokenIsRejected" computerName="DESKTOP-A0N8TMD" duration="00:00:00.0009024" startTime="2026-06-20T00:18:54.0178029+05:30" endTime="2026-06-20T00:18:54.0178030+05:30" testType="13cdc9d9-ddb5-4fa4-a97d-d965ccfc6d4b" outcome="Passed" testListId="8c84fa94-04c1-424b-9868-57a2d4851a1d" relativeResultsDirectory="92769cf8-e56c-437e-9342-05bd32199b01" />
    <UnitTestResult executionId="bce82731-885b-4240-a19c-cd187aecf840" testId="7b209c75-45ce-923c-2313-dd2c6e5b7323" testName="LogisticsPro.API.GenAI.Tests.Integration.Generated.RAG.JobTests.CreateHotelServiceWithValidStayDurationAndPositiveRoomCount" computerName="DESKTOP-A0N8TMD" duration="00:00:00.0021427" startTime="2026-06-20T00:18:54.0605821+05:30" endTime="2026-06-20T00:18:54.0605822+05:30" testType="13cdc9d9-ddb5-4fa4-a97d-d965ccfc6d4b" outcome="Passed" testListId="8c84fa94-04c1-424b-9868-57a2d4851a1d" relativeResultsDirectory="bce82731-885b-4240-a19c-cd187aecf840" />
    <UnitTestResult executionId="0e6d6e27-a4b2-41e4-a177-56a18f2893ee" testId="37922ead-406e-7f3f-28a7-ca3455f1b650" testName="LogisticsPro.API.GenAI.Tests.Integration.Generated.RAG.LogisticsTests.RemoveBatchItemsBeforeInvoiceCreation" computerName="DESKTOP-A0N8TMD" duration="00:00:00.0014866" startTime="2026-06-20T00:18:53.9934387+05:30" endTime="2026-06-20T00:18:53.9934388+05:30" testType="13cdc9d9-ddb5-4fa4-a97d-d965ccfc6d4b" outcome="Passed" testListId="8c84fa94-04c1-424b-9868-57a2d4851a1d" relativeResultsDirectory="0e6d6e27-a4b2-41e4-a177-56a18f2893ee" />
    <UnitTestResult executionId="4282b177-822b-410b-97cb-a603c6196859" testId="87bf9746-6e93-86ff-8c02-8da7a658dc69" testName="LogisticsPro.API.GenAI.Tests.Integration.Generated.RAG.JobTests.VerifyUninvoicedReportMaintainsHistoricalFinancialRecordsAfterHotelServiceDeletion" computerName="DESKTOP-A0N8TMD" duration="00:00:00.0005800" startTime="2026-06-20T00:18:54.1619424+05:30" endTime="2026-06-20T00:18:54.1619424+05:30" testType="13cdc9d9-ddb5-4fa4-a97d-d965ccfc6d4b" outcome="Passed" testListId="8c84fa94-04c1-424b-9868-57a2d4851a1d" relativeResultsDirectory="4282b177-822b-410b-97cb-a603c6196859" />
    <UnitTestResult executionId="ae7fc59e-7f52-4aff-bd1a-13779e339d4c" testId="71240b4e-0ddd-e034-8b0d-bc42c2d6b44f" testName="LogisticsPro.API.GenAI.Tests.Integration.Generated.RAG.JobTests.UpdateServiceCostAndVerifyPrecisionBoundary" computerName="DESKTOP-A0N8TMD" duration="00:00:00.0009416" startTime="2026-06-20T00:18:54.3026315+05:30" endTime="2026-06-20T00:18:54.3026317+05:30" testType="13cdc9d9-ddb5-4fa4-a97d-d965ccfc6d4b" outcome="Passed" testListId="8c84fa94-04c1-424b-9868-57a2d4851a1d" relativeResultsDirectory="ae7fc59e-7f52-4aff-bd1a-13779e339d4c" />
    <UnitTestResult executionId="d4d6b30e-55ca-4031-a7d6-7cdf803043be" testId="feebb515-e57b-4995-675f-4b9e5e0f8115" testName="LogisticsPro.API.GenAI.Tests.Integration.Generated.RAG.JobTests.TamperedTokenRejectedOnPUTServiceCosts" computerName="DESKTOP-A0N8TMD" duration="00:00:00.0006498" startTime="2026-06-20T00:18:54.2193332+05:30" endTime="2026-06-20T00:18:54.2193333+05:30" testType="13cdc9d9-ddb5-4fa4-a97d-d965ccfc6d4b" outcome="Passed" testListId="8c84fa94-04c1-424b-9868-57a2d4851a1d" relativeResultsDirectory="d4d6b30e-55ca-4031-a7d6-7cdf803043be" />
    <UnitTestResult executionId="fd2db3b6-f9d1-41ee-80f2-4fd57cc508d2" testId="d124fc63-e2e4-427c-f7df-d6a92748ee8a" testName="LogisticsPro.API.GenAI.Tests.Integration.Generated.RAG.JobTests.CreateJobCardInvalidCustomerIdFailure" computerName="DESKTOP-A0N8TMD" duration="00:00:00.0014342" startTime="2026-06-20T00:18:54.2647387+05:30" endTime="2026-06-20T00:18:54.2647389+05:30" testType="13cdc9d9-ddb5-4fa4-a97d-d965ccfc6d4b" outcome="Passed" testListId="8c84fa94-04c1-424b-9868-57a2d4851a1d" relativeResultsDirectory="fd2db3b6-f9d1-41ee-80f2-4fd57cc508d2" />
    <UnitTestResult executionId="a4fa3dfe-aa75-4ff3-b187-3896c3969bcd" testId="776a0ba4-c69f-c774-58a9-84903bad46e2" testName="LogisticsPro.API.GenAI.Tests.Integration.Generated.RAG.JobTests.AddValidVisaServiceAndVerifyAggregatedCostUpdate" computerName="DESKTOP-A0N8TMD" duration="00:00:00.0005875" startTime="2026-06-20T00:18:54.1691819+05:30" endTime="2026-06-20T00:18:54.1691820+05:30" testType="13cdc9d9-ddb5-4fa4-a97d-d965ccfc6d4b" outcome="Passed" testListId="8c84fa94-04c1-424b-9868-57a2d4851a1d" relativeResultsDirectory="a4fa3dfe-aa75-4ff3-b187-3896c3969bcd" />
    <UnitTestResult executionId="ce85bc52-a3bd-4cdd-b0d4-3e33968c1c29" testId="3585ffae-9ff9-5295-59c4-7d0503373eea" testName="LogisticsPro.API.GenAI.Tests.Integration.Generated.RAG.JobTests.VerifyOperationalReportMaintainsAuditTrailForClosedTransactions" computerName="DESKTOP-A0N8TMD" duration="00:00:00.0010800" startTime="2026-06-20T00:18:54.0639922+05:30" endTime="2026-06-20T00:18:54.0639922+05:30" testType="13cdc9d9-ddb5-4fa4-a97d-d965ccfc6d4b" outcome="Passed" testListId="8c84fa94-04c1-424b-9868-57a2d4851a1d" relativeResultsDirectory="ce85bc52-a3bd-4cdd-b0d4-3e33968c1c29" />
    <UnitTestResult executionId="43222e8d-55fe-4bb0-9723-fc609df0c8b3" testId="86596117-867e-2614-32c2-16f96226a020" testName="LogisticsPro.API.GenAI.Tests.Integration.Generated.RAG.JobTests.CreateHotelServiceWithInvalidJobIdFails" computerName="DESKTOP-A0N8TMD" duration="00:00:00.0015814" startTime="2026-06-20T00:18:54.3016538+05:30" endTime="2026-06-20T00:18:54.3016541+05:30" testType="13cdc9d9-ddb5-4fa4-a97d-d965ccfc6d4b" outcome="Passed" testListId="8c84fa94-04c1-424b-9868-57a2d4851a1d" relativeResultsDirectory="43222e8d-55fe-4bb0-9723-fc609df0c8b3" />
    <UnitTestResult executionId="57bce1ba-89d0-49bb-8045-6e70b0915718" testId="dd29f31a-8e22-29ea-1a29-6b475714b58e" testName="LogisticsPro.API.GenAI.Tests.Integration.Generated.RAG.LogisticsTests.LogisticsRemoveProformaInvoiceReceiptReturnsAResult" computerName="DESKTOP-A0N8TMD" duration="00:00:00.0009330" startTime="2026-06-20T00:18:54.1206241+05:30" endTime="2026-06-20T00:18:54.1206241+05:30" testType="13cdc9d9-ddb5-4fa4-a97d-d965ccfc6d4b" outcome="Passed" testListId="8c84fa94-04c1-424b-9868-57a2d4851a1d" relativeResultsDirectory="57bce1ba-89d0-49bb-8045-6e70b0915718" />
    <UnitTestResult executionId="98e12e1f-5ad9-4622-b2be-bb6ac826615e" testId="3d1f5ffd-4bda-3473-905d-2bf1e11f68da" testName="LogisticsPro.API.GenAI.Tests.Integration.Generated.RAG.JobTests.AddValidHotelServiceAndVerifyJobTotalCostUpdate" computerName="DESKTOP-A0N8TMD" duration="00:00:00.0005553" startTime="2026-06-20T00:18:54.1869435+05:30" endTime="2026-06-20T00:18:54.1869436+05:30" testType="13cdc9d9-ddb5-4fa4-a97d-d965ccfc6d4b" outcome="Passed" testListId="8c84fa94-04c1-424b-9868-57a2d4851a1d" relativeResultsDirectory="98e12e1f-5ad9-4622-b2be-bb6ac826615e" />
    <UnitTestResult executionId="14505cfd-f135-4a3a-b554-cb5b2aca0661" testId="d99c5f9a-1288-efbb-fd44-91389ad65b7c" testName="LogisticsPro.API.GenAI.Tests.Integration.Generated.RAG.JobTests.ValidateProformaInvoiceCannotBeTreatedAsFinalizedInvoiceInPayableItems" computerName="DESKTOP-A0N8TMD" duration="00:00:00.0007986" startTime="2026-06-20T00:18:54.1496859+05:30" endTime="2026-06-20T00:18:54.1496860+05:30" testType="13cdc9d9-ddb5-4fa4-a97d-d965ccfc6d4b" outcome="Passed" testListId="8c84fa94-04c1-424b-9868-57a2d4851a1d" relativeResultsDirectory="14505cfd-f135-4a3a-b554-cb5b2aca0661" />
    <UnitTestResult executionId="82970026-5cb5-40a4-bfac-9e4d5a5fd42e" testId="68f8af03-0f05-a0a9-c2f0-c91267e2657d" testName="LogisticsPro.API.GenAI.Tests.Integration.Generated.RAG.JobTests.RejectReceiptCreationLinkedToVoidedOrInvalidInvoice" computerName="DESKTOP-A0N8TMD" duration="00:00:00.0007649" startTime="2026-06-20T00:18:54.0223983+05:30" endTime="2026-06-20T00:18:54.0223983+05:30" testType="13cdc9d9-ddb5-4fa4-a97d-d965ccfc6d4b" outcome="Passed" testListId="8c84fa94-04c1-424b-9868-57a2d4851a1d" relativeResultsDirectory="82970026-5cb5-40a4-bfac-9e4d5a5fd42e" />
    <UnitTestResult executionId="9da152a3-ae90-475c-9b40-969fb5358c76" testId="9a59ff09-093b-ffc0-e9ab-2bc8410a51ea" testName="LogisticsPro.API.GenAI.Tests.Integration.Generated.RAG.JobTests.ValidateFinancialConsistencyAfterAddingVisaServiceWithNegativeCost" computerName="DESKTOP-A0N8TMD" duration="00:00:00.0006722" startTime="2026-06-20T00:18:54.3095605+05:30" endTime="2026-06-20T00:18:54.3095606+05:30" testType="13cdc9d9-ddb5-4fa4-a97d-d965ccfc6d4b" outcome="Passed" testListId="8c84fa94-04c1-424b-9868-57a2d4851a1d" relativeResultsDirectory="9da152a3-ae90-475c-9b40-969fb5358c76" />
    <UnitTestResult executionId="1ea4b335-20c7-4aaf-a283-549faeb0a2ca" testId="a630cad9-33ba-d0e9-a41f-b4fb72fc25af" testName="LogisticsPro.API.GenAI.Tests.Integration.Generated.RAG.JobTests.CreateReceiptLinkedToInvoiceSuccess" computerName="DESKTOP-A0N8TMD" duration="00:00:00.0006076" startTime="2026-06-20T00:18:54.1118003+05:30" endTime="2026-06-20T00:18:54.1118003+05:30" testType="13cdc9d9-ddb5-4fa4-a97d-d965ccfc6d4b" outcome="Passed" testListId="8c84fa94-04c1-424b-9868-57a2d4851a1d" relativeResultsDirectory="1ea4b335-20c7-4aaf-a283-549faeb0a2ca" />
    <UnitTestResult executionId="c74a92c7-58c9-465e-9915-231bc52b531b" testId="f314c785-9c09-a7f0-6d7d-17d8c9df010d" testName="LogisticsPro.API.GenAI.Tests.Integration.Generated.RAG.MasterTests.MasterRemoveEventReturnsAResult" computerName="DESKTOP-A0N8TMD" duration="00:00:00.0028038" startTime="2026-06-20T00:18:54.0360063+05:30" endTime="2026-06-20T00:18:54.0360064+05:30" testType="13cdc9d9-ddb5-4fa4-a97d-d965ccfc6d4b" outcome="Passed" testListId="8c84fa94-04c1-424b-9868-57a2d4851a1d" relativeResultsDirectory="c74a92c7-58c9-465e-9915-231bc52b531b" />
    <UnitTestResult executionId="2d4afc1d-e998-4437-aa44-1298b90656d3" testId="017caefe-174f-b58b-df55-565e8de24d3d" testName="LogisticsPro.API.GenAI.Tests.Integration.Generated.RAG.MasterTests.CreateNewCustomerRecordSuccessfully" computerName="DESKTOP-A0N8TMD" duration="00:00:00.0017348" startTime="2026-06-20T00:18:54.0452681+05:30" endTime="2026-06-20T00:18:54.0452682+05:30" testType="13cdc9d9-ddb5-4fa4-a97d-d965ccfc6d4b" outcome="Passed" testListId="8c84fa94-04c1-424b-9868-57a2d4851a1d" relativeResultsDirectory="2d4afc1d-e998-4437-aa44-1298b90656d3" />
[...]
    <TestEntry testId="6e1efa95-ee77-a773-caf8-02f1c09048b6" executionId="a2343777-7379-4b16-8c7c-359b432e7ac0" testListId="8c84fa94-04c1-424b-9868-57a2d4851a1d" />
    <TestEntry testId="84c58e62-b55c-2994-7ad8-ad3023cbabf7" executionId="9bdbc0d2-4764-464e-b0f5-ed84a36a596d" testListId="8c84fa94-04c1-424b-9868-57a2d4851a1d" />
    <TestEntry testId="e2ecb1f4-3a2f-90b4-8229-a0e86d75d108" executionId="3ac8d9f3-0cd2-4f2c-85f9-9d209098d6c9" testListId="8c84fa94-04c1-424b-9868-57a2d4851a1d" />
    <TestEntry testId="c77bd731-4fb1-cb22-ba02-a355c3e4e1ff" executionId="b60f3d24-6973-4dda-9ef8-02e981cbca43" testListId="8c84fa94-04c1-424b-9868-57a2d4851a1d" />
    <TestEntry testId="e149012a-6038-4ce9-9121-a47545b64279" executionId="42d18910-58b9-4369-bd66-903556964f0e" testListId="8c84fa94-04c1-424b-9868-57a2d4851a1d" />
    <TestEntry testId="4dee846a-7a19-3c38-8d25-edd67418f33f" executionId="4aa37b69-10c5-49b6-bdd3-03a0e6d59e3a" testListId="8c84fa94-04c1-424b-9868-57a2d4851a1d" />
    <TestEntry testId="c9a081c8-8d7a-f1e0-e352-ab1ba79d1b70" executionId="aa95264a-542c-4f5e-a005-008fc27322df" testListId="8c84fa94-04c1-424b-9868-57a2d4851a1d" />
    <TestEntry testId="f1ae6a57-ba01-0fb1-f584-6fde03b7cf8e" executionId="f19c899e-ef57-47f8-ab39-1708bac893d8" testListId="8c84fa94-04c1-424b-9868-57a2d4851a1d" />
    <TestEntry testId="5ebe4b23-b345-54c8-ead4-96ad13f41624" executionId="4b499f3f-ee08-4a85-a349-28f637334b03" testListId="8c84fa94-04c1-424b-9868-57a2d4851a1d" />
    <TestEntry testId="bb76b6d0-8415-b2f8-40c6-613ed9131422" executionId="5a8ba820-0aec-47a5-a67f-02f54561dde2" testListId="8c84fa94-04c1-424b-9868-57a2d4851a1d" />
    <TestEntry testId="638f4ea1-b00d-c2db-1784-678fbed6a072" executionId="6fe4b919-6a6d-4e9a-aa25-5606acef06d5" testListId="8c84fa94-04c1-424b-9868-57a2d4851a1d" />
    <TestEntry testId="e8d9fd5c-94c3-df60-38de-0a04e879de9c" executionId="e05868d0-47c2-4f0b-9e67-6234ae9113d7" testListId="8c84fa94-04c1-424b-9868-57a2d4851a1d" />
    <TestEntry testId="67874030-3084-2fd4-9679-54fbc67d95ee" executionId="a844308d-4d08-453d-bc2d-9675240f6130" testListId="8c84fa94-04c1-424b-9868-57a2d4851a1d" />
    <TestEntry testId="42986fb2-6f34-84b9-9b29-f41d3ed934e0" executionId="87ec9684-ba57-481e-918d-685dd5081739" testListId="8c84fa94-04c1-424b-9868-57a2d4851a1d" />
    <TestEntry testId="8947e267-c884-3010-f565-3b0d2a9aaa24" executionId="8f0ff747-9cb7-41c8-9322-da2407bd000b" testListId="8c84fa94-04c1-424b-9868-57a2d4851a1d" />
    <TestEntry testId="fb8533cd-8da9-63a2-8c5d-ab0e74c5d1fc" executionId="d1be411a-b8e4-4d9a-b9ee-ff77982ac64a" testListId="8c84fa94-04c1-424b-9868-57a2d4851a1d" />
    <TestEntry testId="dc51a0ea-34e8-7fb4-9185-102817d2613a" executionId="92d887f7-86e0-4425-bfba-96a83e56c10b" testListId="8c84fa94-04c1-424b-9868-57a2d4851a1d" />
    <TestEntry testId="0cedd8f9-4704-e291-af70-dfc1bd272462" executionId="fb3d7fdd-17bd-4a28-9ecc-f35406761dd6" testListId="8c84fa94-04c1-424b-9868-57a2d4851a1d" />
    <TestEntry testId="f6617ffb-2f75-61bb-ad17-792c7c173b9b" executionId="71ff902c-b800-4b37-8cf4-650e2c762564" testListId="8c84fa94-04c1-424b-9868-57a2d4851a1d" />
    <TestEntry testId="a45308c8-e26f-d46e-bd77-e321aff3ee6b" executionId="36e2d722-c1b8-4710-ab1f-ba4098e2f8b3" testListId="8c84fa94-04c1-424b-9868-57a2d4851a1d" />
    <TestEntry testId="2f077272-0182-d8b6-3afd-9e5af082d05b" executionId="10c384f5-0bbd-4d7b-b50f-e097296bd86b" testListId="8c84fa94-04c1-424b-9868-57a2d4851a1d" />
    <TestEntry testId="218d29a2-5220-3a30-0b16-3183ae701b7f" executionId="37a43aa3-1db7-42cf-a0c5-49a3ccfb5566" testListId="8c84fa94-04c1-424b-9868-57a2d4851a1d" />
    <TestEntry testId="a0d3ad04-e361-9fff-25a1-7090c263cb94" executionId="158d5de1-f57e-427f-9534-5f9bd6ca6e3e" testListId="8c84fa94-04c1-424b-9868-57a2d4851a1d" />
    <TestEntry testId="f47031e5-14a8-464a-3881-98ac53d0e9c9" executionId="8db72474-a8c1-43e0-8e15-f829c2d69ad6" testListId="8c84fa94-04c1-424b-9868-57a2d4851a1d" />
    <TestEntry testId="9082eaac-3b13-c380-8b52-4d6279408317" executionId="637bcae3-c40f-4fec-b219-493eb9b2aa70" testListId="8c84fa94-04c1-424b-9868-57a2d4851a1d" />
    <TestEntry testId="9abc0f0b-a55a-78c2-da1c-789423a858c6" executionId="7f2f7a67-edd9-4bc5-bb17-53d39457f38d" testListId="8c84fa94-04c1-424b-9868-57a2d4851a1d" />
    <TestEntry testId="728b28b1-166a-0555-151f-e26f45a5ca12" executionId="fbff45dd-ec6d-4189-8430-0fdb96272dad" testListId="8c84fa94-04c1-424b-9868-57a2d4851a1d" />
    <TestEntry testId="b48f1300-0755-9ac2-34d8-81209cf8279b" executionId="75587f19-e38b-4c98-b372-f6323b792de6" testListId="8c84fa94-04c1-424b-9868-57a2d4851a1d" />
    <TestEntry testId="141b166c-e0ae-1e78-09e6-2e60bd4db8cf" executionId="f68a150a-5e50-47ae-89d6-256dc9d5052c" testListId="8c84fa94-04c1-424b-9868-57a2d4851a1d" />
    <TestEntry testId="8ba08567-97f9-acd3-31d5-4e2c674675cd" executionId="715d1a5f-f95d-47de-a73b-93f1e846ac0c" testListId="8c84fa94-04c1-424b-9868-57a2d4851a1d" />
    <TestEntry testId="96637e44-2374-6ad4-5c57-e3da8bdacae4" executionId="c705a021-dc24-4865-a3f8-6e6d8b31e317" testListId="8c84fa94-04c1-424b-9868-57a2d4851a1d" />
    <TestEntry testId="6b5d46fe-4eb6-3c34-c147-1dcf6522125d" executionId="10c7a0f4-5255-4e95-b1ee-2701c8d36ef4" testListId="8c84fa94-04c1-424b-9868-57a2d4851a1d" />
    <TestEntry testId="024d951d-3c99-0452-ba54-c8e3d907eb19" executionId="9caa9d51-3a9b-48b6-a2ed-35c909a7dab4" testListId="8c84fa94-04c1-424b-9868-57a2d4851a1d" />
    <TestEntry testId="b9c748d0-2ca0-e054-54f0-a752e1bd6916" executionId="94942b62-2944-4c63-9a8a-c3d9ee324d35" testListId="8c84fa94-04c1-424b-9868-57a2d4851a1d" />
    <TestEntry testId="5495df4b-7b01-91fa-f399-c5bd24cabb1f" executionId="ed5f8dda-79ae-4c11-b111-36dfb1642107" testListId="8c84fa94-04c1-424b-9868-57a2d4851a1d" />
    <TestEntry testId="e2736cea-7357-ef49-aa55-03a2d7cb0876" executionId="25ed23ee-098c-4e3c-8e63-68d695fbea6b" testListId="8c84fa94-04c1-424b-9868-57a2d4851a1d" />
    <TestEntry testId="6e488822-86dc-b481-3085-e76e879de53e" executionId="ac29f9b2-337f-4f27-bc2a-c4aef5a15d71" testListId="8c84fa94-04c1-424b-9868-57a2d4851a1d" />
    <TestEntry testId="4fa21d75-2481-381e-f6f8-346c7b3e7444" executionId="7cd581d8-58f0-414c-9f70-992335a709cf" testListId="8c84fa94-04c1-424b-9868-57a2d4851a1d" />
    <TestEntry testId="cc997b9a-5417-ab28-21a1-60623ad7647c" executionId="ae1f920b-23cf-430c-87d9-50e63d586341" testListId="8c84fa94-04c1-424b-9868-57a2d4851a1d" />
    <TestEntry testId="40e6d82e-c968-3643-8685-8afe197c139f" executionId="d67b53b1-ce30-4d89-a5b0-2c555345cbc2" testListId="8c84fa94-04c1-424b-9868-57a2d4851a1d" />
    <TestEntry testId="1f5d2dbc-72e3-1b99-e583-cd777365b9ec" executionId="a35f73f6-dc97-4b15-8a56-a4b0789d0133" testListId="8c84fa94-04c1-424b-9868-57a2d4851a1d" />
    <TestEntry testId="e8225df9-f395-f2a8-ce57-a82ad61e505b" executionId="558f69ff-4c2a-40a7-ac68-6e19e380fc8d" testListId="8c84fa94-04c1-424b-9868-57a2d4851a1d" />
    <TestEntry testId="a244f68b-54c5-f2d8-cdf6-f9b02d48fad1" executionId="8d5732b3-5efb-4152-b04f-b3ce7ca9fb15" testListId="8c84fa94-04c1-424b-9868-57a2d4851a1d" />
    <TestEntry testId="a2e322be-4220-b4ef-62b4-57122b48a65e" executionId="7635e38e-7221-42d7-a57e-a1f72267e48a" testListId="8c84fa94-04c1-424b-9868-57a2d4851a1d" />
    <TestEntry testId="2f9fa789-f47f-8aa3-680b-574efa400345" executionId="0a69120d-080d-4d4a-a61d-5807e71b3e8b" testListId="8c84fa94-04c1-424b-9868-57a2d4851a1d" />
    <TestEntry testId="63c640e1-8ba9-1728-5d91-2dc83d0696c5" executionId="6afaa9af-2ed6-4e96-a479-46f7affb4482" testListId="8c84fa94-04c1-424b-9868-57a2d4851a1d" />
    <TestEntry testId="a940ba27-1880-4adc-e25d-af4fa1b02cf0" executionId="ccb61505-86a9-48da-9518-a025ab32706e" testListId="8c84fa94-04c1-424b-9868-57a2d4851a1d" />
    <TestEntry testId="2ad96956-45d9-6cb4-3db7-ca7f7147581e" executionId="b4307010-209f-465c-8005-45706e0c5dfb" testListId="8c84fa94-04c1-424b-9868-57a2d4851a1d" />
    <TestEntry testId="8fc04a1c-b76c-f307-ed38-6eb1931f38ed" executionId="4fdf6f31-8605-45ed-b1a7-040c907fcf9a" testListId="8c84fa94-04c1-424b-9868-57a2d4851a1d" />
    <TestEntry testId="8f83ad88-1725-be6a-4796-3c3893515d65" executionId="decc4a43-d352-469a-b256-fa4915991657" testListId="8c84fa94-04c1-424b-9868-57a2d4851a1d" />
    <TestEntry testId="d183c69e-d827-708d-4d82-c5e1dd89e916" executionId="60f659a6-fc35-4e0f-a624-009449ea7c75" testListId="8c84fa94-04c1-424b-9868-57a2d4851a1d" />
    <TestEntry testId="ecda7086-e94f-8f40-f517-a0f49240dbc6" executionId="3eab451d-a82a-424d-bc11-4bc5856d88a0" testListId="8c84fa94-04c1-424b-9868-57a2d4851a1d" />
    <TestEntry testId="2b417c4d-c236-947d-25ac-bd3b14a58ab6" executionId="047a0472-6a5a-4096-892d-1845467b903e" testListId="8c84fa94-04c1-424b-9868-57a2d4851a1d" />
    <TestEntry testId="74af9294-eff9-20f2-d954-8d8eae70772c" executionId="2676072d-31bb-498f-9a7a-301eeb4aa856" testListId="8c84fa94-04c1-424b-9868-57a2d4851a1d" />
    <TestEntry testId="27a04826-99be-72c4-61ef-adeef1899482" executionId="c3a80d63-7c50-47ab-b67f-c6a3a46d9c5b" testListId="8c84fa94-04c1-424b-9868-57a2d4851a1d" />
    <TestEntry testId="77100653-3e4e-be8a-b775-ab082cc5e202" executionId="e1b65429-95f8-4265-8076-fd8d070ca775" testListId="8c84fa94-04c1-424b-9868-57a2d4851a1d" />
    <TestEntry testId="2c65ff15-6457-3629-0888-f78e6138924a" executionId="dc783223-c157-4b83-80db-0f4299675757" testListId="8c84fa94-04c1-424b-9868-57a2d4851a1d" />
    <TestEntry testId="72e9cdcd-943f-9bdb-99ef-ce9ab3123386" executionId="71e4cccd-4d44-4e67-8075-51c7d3052b35" testListId="8c84fa94-04c1-424b-9868-57a2d4851a1d" />
    <TestEntry testId="dcacbf73-84e0-b074-0a5e-da9850eb5e2e" executionId="d1b46dfc-215b-47fa-b5dd-5c6f30c90069" testListId="8c84fa94-04c1-424b-9868-57a2d4851a1d" />
    <TestEntry testId="2f1c9a89-c94d-ea88-217c-721975a54c77" executionId="d884b9ee-629a-456d-916c-ae6d2e8245c5" testListId="8c84fa94-04c1-424b-9868-57a2d4851a1d" />
    <TestEntry testId="2225e946-4de4-c47b-89db-6c5664f67160" executionId="498bd730-f2f4-4311-902a-ce1386866887" testListId="8c84fa94-04c1-424b-9868-57a2d4851a1d" />
    <TestEntry testId="6a9f36e2-ee4c-35fd-2b1d-f1c522416c73" executionId="e4140504-c143-4065-8f9f-0cbe12a6a9ad" testListId="8c84fa94-04c1-424b-9868-57a2d4851a1d" />
    <TestEntry testId="1c9128e9-0337-efa4-13ea-20a4b2f1fec1" executionId="1bf25004-5a3f-49da-b25e-2cbfc7050d37" testListId="8c84fa94-04c1-424b-9868-57a2d4851a1d" />
    <TestEntry testId="5e5eb010-fe7c-8edd-72df-a8445cd1b6e7" executionId="1d229cfc-7571-4c5b-8944-494c7ebe2bd7" testListId="8c84fa94-04c1-424b-9868-57a2d4851a1d" />
    <TestEntry testId="ab6cb62f-cec1-2f30-034d-152084954390" executionId="8d4f4836-4074-4f9b-aa48-2b9a2e16f4fb" testListId="8c84fa94-04c1-424b-9868-57a2d4851a1d" />
    <TestEntry testId="4ba15ba6-70de-ef60-470e-0725bf2df3cd" executionId="0fdc7619-ec18-4d93-9f55-389a7939442d" testListId="8c84fa94-04c1-424b-9868-57a2d4851a1d" />
    <TestEntry testId="91fa4224-ae62-3662-2ad0-9d9013b97df6" executionId="e0c64e71-151f-4f21-b44e-36f286ef2550" testListId="8c84fa94-04c1-424b-9868-57a2d4851a1d" />
    <TestEntry testId="b18e0639-3a44-024d-1415-dcccec2edda0" executionId="14aa0686-ecce-422d-a103-72cc20c8d6c9" testListId="8c84fa94-04c1-424b-9868-57a2d4851a1d" />
    <TestEntry testId="f8e76f04-3710-4a8e-7df8-998831849509" executionId="fd8f19a0-f474-413d-b369-85325d5b3b31" testListId="8c84fa94-04c1-424b-9868-57a2d4851a1d" />
    <TestEntry testId="3fe1a453-0b49-96b5-f93b-61e7bdf6881e" executionId="89e380c5-e885-448f-a327-780ac5171846" testListId="8c84fa94-04c1-424b-9868-57a2d4851a1d" />
    <TestEntry testId="5aa41bf1-d563-f5eb-b323-2d4e9031d0f6" executionId="8b020e1b-a2f2-46c5-b8be-56a739d9653b" testListId="8c84fa94-04c1-424b-9868-57a2d4851a1d" />
    <TestEntry testId="99b72349-2e27-e3b8-00ab-a768c1c1f61c" executionId="1c51d7e0-9b6a-4a7e-9714-bef79869c197" testListId="8c84fa94-04c1-424b-9868-57a2d4851a1d" />
    <TestEntry testId="134334c1-a325-2421-3b6f-e11b073aa1d2" executionId="ac27646d-57da-4cf8-a148-01d6c23c669b" testListId="8c84fa94-04c1-424b-9868-57a2d4851a1d" />
    <TestEntry testId="a552fde9-9005-9f13-9caf-e129d5152bbb" executionId="b0297240-9b4b-4a9f-a324-a8dfb006cfe4" testListId="8c84fa94-04c1-424b-9868-57a2d4851a1d" />
    <TestEntry testId="ded73d8a-3a0b-0150-263d-4c3c93542745" executionId="a8f6f596-7318-4979-9be7-48bf2dcf7913" testListId="8c84fa94-04c1-424b-9868-57a2d4851a1d" />
    <TestEntry testId="26d1595a-def3-c9cd-1356-41ae7072079a" executionId="3ea8581a-a4a3-4916-88d1-0a50b5a54a28" testListId="8c84fa94-04c1-424b-9868-57a2d4851a1d" />
    <TestEntry testId="cc832812-6c31-145b-649c-15c1534c325c" executionId="5d3ea008-946f-40de-b31f-183d2dd21646" testListId="8c84fa94-04c1-424b-9868-57a2d4851a1d" />
    <TestEntry testId="eb35f4e3-6338-c7b2-35e9-3bfc7a817a54" executionId="1372a9e8-0a40-4771-9169-c558d8e60890" testListId="8c84fa94-04c1-424b-9868-57a2d4851a1d" />
    <TestEntry testId="3180c6d3-476a-8260-8941-94114db14c60" executionId="6db20ee6-0005-47d3-8887-60037e5ca812" testListId="8c84fa94-04c1-424b-9868-57a2d4851a1d" />
    <TestEntry testId="e2340fe1-5f71-cc3d-7eb2-cdf0936ed148" executionId="1e2059d5-c57a-4c43-9283-1bb8da8c4850" testListId="8c84fa94-04c1-424b-9868-57a2d4851a1d" />
    <TestEntry testId="865c0eb0-18b4-b2ff-11ee-43fe94b840ec" executionId="259ae7a2-11c6-424d-af7f-d572bd191759" testListId="8c84fa94-04c1-424b-9868-57a2d4851a1d" />
    <TestEntry testId="89ad7e93-c650-bdfa-c4d1-052a08676c3e" executionId="e7a2ed73-9e43-435f-a1ec-810e79644a55" testListId="8c84fa94-04c1-424b-9868-57a2d4851a1d" />
    <TestEntry testId="ad5f98c7-f8dc-ed20-28fb-e007152a1d13" executionId="154c9725-ceaf-4ece-915e-116b5eb3f33b" testListId="8c84fa94-04c1-424b-9868-57a2d4851a1d" />
    <TestEntry testId="bf37580d-8a08-f960-2d05-62c55e283116" executionId="cdbd8b2a-4336-4d88-9956-9ee6b428b148" testListId="8c84fa94-04c1-424b-9868-57a2d4851a1d" />
    <TestEntry testId="12845c24-0d3d-ae74-4059-92ae17285bbb" executionId="27082592-7217-4288-a888-3c04c68d951b" testListId="8c84fa94-04c1-424b-9868-57a2d4851a1d" />
    <TestEntry testId="40e2ad40-fa3e-4bae-ca96-43048b12de94" executionId="27212784-247e-4ea2-b220-f1d81c0ce929" testListId="8c84fa94-04c1-424b-9868-57a2d4851a1d" />
    <TestEntry testId="6d773a91-efa0-3109-7890-b3de2abd42e1" executionId="d06288a8-0141-47f8-920a-094945910837" testListId="8c84fa94-04c1-424b-9868-57a2d4851a1d" />
    <TestEntry testId="7a0b35ba-6c17-8bf7-cace-e230ff9b8ea2" executionId="25c34c4e-03ae-4b9a-918f-a32e75dee9e6" testListId="8c84fa94-04c1-424b-9868-57a2d4851a1d" />
    <TestEntry testId="ad625efe-d197-7e6e-bef4-3977d600b080" executionId="71e8cd7c-78d4-4c9f-833b-1d2669919f55" testListId="8c84fa94-04c1-424b-9868-57a2d4851a1d" />
    <TestEntry testId="057a7e56-1c5a-0d87-ecd2-d56085883a32" executionId="097415f0-9296-46e8-a904-1eaa2c76ef3e" testListId="8c84fa94-04c1-424b-9868-57a2d4851a1d" />
    <TestEntry testId="951f72c4-7c8e-df8c-963d-57688af7bade" executionId="cabab17a-5de4-483e-86a6-c333ee0f2d3b" testListId="8c84fa94-04c1-424b-9868-57a2d4851a1d" />
    <TestEntry testId="5d48656c-eaf5-88b8-3768-849beb5e09cf" executionId="7be6a027-4679-48bb-880a-ce506eff792b" testListId="8c84fa94-04c1-424b-9868-57a2d4851a1d" />
    <TestEntry testId="7ed99833-92a4-a9da-c1e4-1af3718e711c" executionId="1ee82d3e-1913-4e7b-afb2-97449461180b" testListId="8c84fa94-04c1-424b-9868-57a2d4851a1d" />
    <TestEntry testId="53c2a826-1dbf-9aa3-1e4b-cd5f0123bd27" executionId="69bdf4a0-5cb2-4c39-8484-f46418f428ec" testListId="8c84fa94-04c1-424b-9868-57a2d4851a1d" />
    <TestEntry testId="7ce8f5be-274e-626d-1a7f-f1faddadda5e" executionId="52b52874-8894-4a07-bb9a-506d09c38a16" testListId="8c84fa94-04c1-424b-9868-57a2d4851a1d" />
    <TestEntry testId="764629b0-bf31-0060-2a4e-3d10086ad8f3" executionId="0e8ad909-2d02-485b-a538-60946ced8129" testListId="8c84fa94-04c1-424b-9868-57a2d4851a1d" />
    <TestEntry testId="6bc209eb-d183-682a-ec41-743a8035521d" executionId="4fda72a8-18fa-4b83-8804-49286672c88d" testListId="8c84fa94-04c1-424b-9868-57a2d4851a1d" />
    <TestEntry testId="38ce4e85-c1f2-37c9-5ec1-7b74cc76e00f" executionId="2ed625b5-15ee-4fd3-b08e-a229243e05a6" testListId="8c84fa94-04c1-424b-9868-57a2d4851a1d" />
    <TestEntry testId="cfae21ab-0694-9b1e-9e47-83553ecb8c9a" executionId="31988aab-aeed-4528-b2f0-cc07550c4116" testListId="8c84fa94-04c1-424b-9868-57a2d4851a1d" />
    <TestEntry testId="ced3117c-e3f1-40ac-ac09-8ac2e6190ee5" executionId="b75d8202-2f57-42a5-a89b-74e1d39ba59f" testListId="8c84fa94-04c1-424b-9868-57a2d4851a1d" />
    <TestEntry testId="9496b747-fb34-8241-089a-e0c4ddad1ea4" executionId="e4de9c5a-9442-47ca-a677-0aff06ecc66b" testListId="8c84fa94-04c1-424b-9868-57a2d4851a1d" />
    <TestEntry testId="8b27a9e5-d653-df61-fd25-b436e733c711" executionId="a69796f2-4472-46ef-bd51-9369072ba60c" testListId="8c84fa94-04c1-424b-9868-57a2d4851a1d" />
    <TestEntry testId="b504b897-bd60-c3d7-f681-89424d1266be" executionId="e0f437b4-6f41-49e6-b7be-56b2401249e0" testListId="8c84fa94-04c1-424b-9868-57a2d4851a1d" />
    <TestEntry testId="e4f8f930-ea95-fa45-327f-cd4bfc9c128c" executionId="f3b1dec7-18f6-4262-ad9b-13db615ab8a2" testListId="8c84fa94-04c1-424b-9868-57a2d4851a1d" />
    <TestEntry testId="6d0d1e5f-0539-739a-56b3-c474c7364470" executionId="e57debe3-4ec2-473c-b5a2-f93a25fd648f" testListId="8c84fa94-04c1-424b-9868-57a2d4851a1d" />
    <TestEntry testId="ed3d1828-b0f6-9b0c-84db-f3bb9ff8f480" executionId="a28f5c2d-f9a6-4e76-8f00-b4e514355551" testListId="8c84fa94-04c1-424b-9868-57a2d4851a1d" />
    <TestEntry testId="a0259531-f8a1-924c-55bb-581a3bbd5389" executionId="49c7512c-1c1f-466f-a3c1-e288bd4b914d" testListId="8c84fa94-04c1-424b-9868-57a2d4851a1d" />
    <TestEntry testId="21e27b29-2dca-0a95-ba10-75108b2c093f" executionId="9397c54f-a6c3-4785-9b5a-22398e9b9987" testListId="8c84fa94-04c1-424b-9868-57a2d4851a1d" />
    <TestEntry testId="3221a458-f95a-5be4-eb74-cf131de0c9b4" executionId="47c52e94-36c8-40cc-805e-e25bbc1ecf30" testListId="8c84fa94-04c1-424b-9868-57a2d4851a1d" />
    <TestEntry testId="9a1b9633-90b5-34da-ba0d-840aa9a20bef" executionId="a94f0964-b72a-46d5-b4d4-4e302a49e9c3" testListId="8c84fa94-04c1-424b-9868-57a2d4851a1d" />
    <TestEntry testId="b84cbf9b-e434-6eed-e547-3aad0e293a78" executionId="1d2b213e-a9fc-4968-aa52-891b00a74c2e" testListId="8c84fa94-04c1-424b-9868-57a2d4851a1d" />
    <TestEntry testId="3e60d453-75e0-d965-beee-1f5d33f71121" executionId="08b02910-0085-47c6-a662-902bca3d878b" testListId="8c84fa94-04c1-424b-9868-57a2d4851a1d" />
  </TestEntries>
  <TestLists>
    <TestList name="Results Not in a List" id="8c84fa94-04c1-424b-9868-57a2d4851a1d" />
    <TestList name="All Loaded Results" id="19431567-8539-422a-85d7-44ee4e166bda" />
  </TestLists>
  <ResultSummary outcome="Completed">
    <Counters total="526" executed="526" passed="526" failed="0" error="0" timeout="0" aborted="0" inconclusive="0" passedButRunAborted="0" notRunnable="0" notExecuted="0" disconnected="0" warning="0" completed="0" inProgress="0" pending="0" />
    <Output>
      <StdOut>[xUnit.net 00:00:00.00] xUnit.net VSTest Adapter v2.5.7+8f2703126a (64-bit .NET 8.0.8)&#xD;
[xUnit.net 00:00:00.08]   Discovering: LogisticsPro_API.GenAI.Tests.Integration&#xD;
[xUnit.net 00:00:00.22]   Discovered:  LogisticsPro_API.GenAI.Tests.Integration&#xD;
[xUnit.net 00:00:00.22]   Starting:    LogisticsPro_API.GenAI.Tests.Integration&#xD;
[xUnit.net 00:00:00.65]   Finished:    LogisticsPro_API.GenAI.Tests.Integration&#xD;
</StdOut>
    </Output>
    <CollectorDataEntries>
      <Collector agentName="DESKTOP-A0N8TMD" uri="datacollector://microsoft/CoverletCodeCoverage/1.0" collectorDisplayName="XPlat code coverage">
        <UriAttachments>
          <UriAttachment>
            <A href="DESKTOP-A0N8TMD\coverage.cobertura.xml"></A>
          </UriAttachment>
        </UriAttachments>
      </Collector>
    </CollectorDataEntries>
  </ResultSummary>
</TestRun>