<?xml version="1.0" encoding="utf-8"?>
<TestRun id="85922667-7be5-4000-9aef-56c3dd974791" name="Lenovo@DESKTOP-A0N8TMD 2026-06-15 00:19:16" runUser="DESKTOP-A0N8TMD\Lenovo" xmlns="http://microsoft.com/schemas/VisualStudio/TeamTest/2010">
  <Times creation="2026-06-15T00:19:16.6134790+05:30" queuing="2026-06-15T00:19:16.6134792+05:30" start="2026-06-15T00:19:15.6945122+05:30" finish="2026-06-15T00:19:16.9697598+05:30" />
  <TestSettings name="default" id="d9ed6077-e2dd-4515-bc68-c4e0faabe8d0">
    <Deployment runDeploymentRoot="Lenovo_DESKTOP-A0N8TMD_2026-06-15_00_19_16" />
  </TestSettings>
  <Results>
    <UnitTestResult executionId="aa449ef2-770a-49a8-bbf4-bf6e0edecca9" testId="77f3c9b6-f1eb-84be-f363-04ccc59838b1" testName="LogisticsPro.API.GenAI.Tests.Integration.Generated.HYBRID.JobTests.RejectNegativeServiceCostUpdate" computerName="DESKTOP-A0N8TMD" duration="00:00:00.0006501" startTime="2026-06-15T00:19:16.8902798+05:30" endTime="2026-06-15T00:19:16.8902799+05:30" testType="13cdc9d9-ddb5-4fa4-a97d-d965ccfc6d4b" outcome="Passed" testListId="8c84fa94-04c1-424b-9868-57a2d4851a1d" relativeResultsDirectory="aa449ef2-770a-49a8-bbf4-bf6e0edecca9" />
    <UnitTestResult executionId="bd6317a2-4bbc-4712-824d-94edac6386ae" testId="71880fd6-3a08-4cd0-4e29-6d0f0d84dc0e" testName="LogisticsPro.API.GenAI.Tests.Integration.Generated.HYBRID.JobTests.ValidationFailureWhenCreatingVisaServiceMissingMandatoryFields" computerName="DESKTOP-A0N8TMD" duration="00:00:00.0037236" startTime="2026-06-15T00:19:16.7739477+05:30" endTime="2026-06-15T00:19:16.7739479+05:30" testType="13cdc9d9-ddb5-4fa4-a97d-d965ccfc6d4b" outcome="Passed" testListId="8c84fa94-04c1-424b-9868-57a2d4851a1d" relativeResultsDirectory="bd6317a2-4bbc-4712-824d-94edac6386ae" />
    <UnitTestResult executionId="f0259f8a-2ade-498c-8d61-a30c1bed37f9" testId="eee754f0-a535-8c40-7345-b22d30d2ef53" testName="LogisticsPro.API.GenAI.Tests.Integration.Generated.HYBRID.LogisticsTests.DeletePaymentVoucherItemWithInvalidIDReturnsError" computerName="DESKTOP-A0N8TMD" duration="00:00:00.0007913" startTime="2026-06-15T00:19:16.6660452+05:30" endTime="2026-06-15T00:19:16.6660453+05:30" testType="13cdc9d9-ddb5-4fa4-a97d-d965ccfc6d4b" outcome="Passed" testListId="8c84fa94-04c1-424b-9868-57a2d4851a1d" relativeResultsDirectory="f0259f8a-2ade-498c-8d61-a30c1bed37f9" />
    <UnitTestResult executionId="98374da7-da4d-4ad0-8358-048fdb9ae3ab" testId="b9193b66-0258-614d-6d1c-473afc0bc5ef" testName="LogisticsPro.API.GenAI.Tests.Integration.Generated.HYBRID.LogisticsTests.AttemptToDeleteNonExistingPaymentVoucherItemShouldFailGracefully" computerName="DESKTOP-A0N8TMD" duration="00:00:00.0008179" startTime="2026-06-15T00:19:16.6552505+05:30" endTime="2026-06-15T00:19:16.6552506+05:30" testType="13cdc9d9-ddb5-4fa4-a97d-d965ccfc6d4b" outcome="Passed" testListId="8c84fa94-04c1-424b-9868-57a2d4851a1d" relativeResultsDirectory="98374da7-da4d-4ad0-8358-048fdb9ae3ab" />
    <UnitTestResult executionId="8a8cf842-82e7-46d0-90c4-6fb61c62bddd" testId="04420051-dc4a-5cca-be00-f90167bbcca0" testName="LogisticsPro.API.GenAI.Tests.Integration.Generated.HYBRID.LogisticsTests.DeletePaymentVoucherItemAndValidateInvoiceReceiptConsistency" computerName="DESKTOP-A0N8TMD" duration="00:00:00.0007414" startTime="2026-06-15T00:19:16.6404722+05:30" endTime="2026-06-15T00:19:16.6404723+05:30" testType="13cdc9d9-ddb5-4fa4-a97d-d965ccfc6d4b" outcome="Passed" testListId="8c84fa94-04c1-424b-9868-57a2d4851a1d" relativeResultsDirectory="8a8cf842-82e7-46d0-90c4-6fb61c62bddd" />
    <UnitTestResult executionId="cac07bb9-43de-4b1b-abed-91d1ea2b1544" testId="56db0c9a-2094-f10d-842f-2a52fa04a555" testName="LogisticsPro.API.GenAI.Tests.Integration.Generated.HYBRID.MasterTests.AccessProtectedEndpointWithInvalidAuthenticationToken" computerName="DESKTOP-A0N8TMD" duration="00:00:00.0007106" startTime="2026-06-15T00:19:16.6070902+05:30" endTime="2026-06-15T00:19:16.6070902+05:30" testType="13cdc9d9-ddb5-4fa4-a97d-d965ccfc6d4b" outcome="Passed" testListId="8c84fa94-04c1-424b-9868-57a2d4851a1d" relativeResultsDirectory="cac07bb9-43de-4b1b-abed-91d1ea2b1544" />
    <UnitTestResult executionId="0fa92552-c706-4eb2-9be2-5e17fede5a89" testId="3ba65266-184e-d455-a453-8fd03e559613" testName="LogisticsPro.API.GenAI.Tests.Integration.Generated.HYBRID.JobTests.DeleteVisaServiceItemAndValidateInvoiceSourceIntegrity" computerName="DESKTOP-A0N8TMD" duration="00:00:00.0008893" startTime="2026-06-15T00:19:16.7418329+05:30" endTime="2026-06-15T00:19:16.7418330+05:30" testType="13cdc9d9-ddb5-4fa4-a97d-d965ccfc6d4b" outcome="Passed" testListId="8c84fa94-04c1-424b-9868-57a2d4851a1d" relativeResultsDirectory="0fa92552-c706-4eb2-9be2-5e17fede5a89" />
    <UnitTestResult executionId="53598aed-b032-4669-8175-c4c2782b2aee" testId="355f6181-3f97-4d2a-c4dc-4cb318a12858" testName="LogisticsPro.API.GenAI.Tests.Integration.Generated.HYBRID.MasterTests.CreateVendorUnauthorizedAccess" computerName="DESKTOP-A0N8TMD" duration="00:00:00.0864262" startTime="2026-06-15T00:19:16.5622386+05:30" endTime="2026-06-15T00:19:16.5622387+05:30" testType="13cdc9d9-ddb5-4fa4-a97d-d965ccfc6d4b" outcome="Passed" testListId="8c84fa94-04c1-424b-9868-57a2d4851a1d" relativeResultsDirectory="53598aed-b032-4669-8175-c4c2782b2aee" />
    <UnitTestResult executionId="988348f2-5ab8-4aae-a0d8-7e8c9c3eba56" testId="8224eccc-dda8-7f7b-e07a-5cd713e7fbdf" testName="LogisticsPro.API.GenAI.Tests.Integration.Generated.HYBRID.JobTests.AddVisaServiceItemAlreadyProcessedInConflictingWorkflowShouldFailEligibility" computerName="DESKTOP-A0N8TMD" duration="00:00:00.0006865" startTime="2026-06-15T00:19:16.7253857+05:30" endTime="2026-06-15T00:19:16.7253858+05:30" testType="13cdc9d9-ddb5-4fa4-a97d-d965ccfc6d4b" outcome="Passed" testListId="8c84fa94-04c1-424b-9868-57a2d4851a1d" relativeResultsDirectory="988348f2-5ab8-4aae-a0d8-7e8c9c3eba56" />
    <UnitTestResult executionId="a2523a64-c196-4ff9-aadc-9a6c6a2115a1" testId="098ff5b2-2c28-6648-89f5-467204d6e4f7" testName="LogisticsPro.API.GenAI.Tests.Integration.Generated.HYBRID.LogisticsTests.ValidationTestMissingVendorIdParameterInPayableItemsRequest" computerName="DESKTOP-A0N8TMD" duration="00:00:00.0016754" startTime="2026-06-15T00:19:16.5948606+05:30" endTime="2026-06-15T00:19:16.5948607+05:30" testType="13cdc9d9-ddb5-4fa4-a97d-d965ccfc6d4b" outcome="Passed" testListId="8c84fa94-04c1-424b-9868-57a2d4851a1d" relativeResultsDirectory="a2523a64-c196-4ff9-aadc-9a6c6a2115a1" />
    <UnitTestResult executionId="d5b543fa-077f-4a59-8d04-6210e72e7099" testId="ec98f643-2c22-dbda-1fdc-1becbba38663" testName="LogisticsPro.API.GenAI.Tests.Integration.Generated.HYBRID.MasterTests.CreateVendorMissingNameValidation" computerName="DESKTOP-A0N8TMD" duration="00:00:00.0007769" startTime="2026-06-15T00:19:16.6267337+05:30" endTime="2026-06-15T00:19:16.6267339+05:30" testType="13cdc9d9-ddb5-4fa4-a97d-d965ccfc6d4b" outcome="Passed" testListId="8c84fa94-04c1-424b-9868-57a2d4851a1d" relativeResultsDirectory="d5b543fa-077f-4a59-8d04-6210e72e7099" />
    <UnitTestResult executionId="da10cfb7-3397-4715-81cc-153f65a58068" testId="9486b49d-2930-bbe3-56a1-f5065852b8ba" testName="LogisticsPro.API.GenAI.Tests.Integration.Generated.HYBRID.LogisticsTests.CreatePaymentVoucherAllowPartialRevisedVoucher" computerName="DESKTOP-A0N8TMD" duration="00:00:00.0007850" startTime="2026-06-15T00:19:16.6652100+05:30" endTime="2026-06-15T00:19:16.6652101+05:30" testType="13cdc9d9-ddb5-4fa4-a97d-d965ccfc6d4b" outcome="Passed" testListId="8c84fa94-04c1-424b-9868-57a2d4851a1d" relativeResultsDirectory="da10cfb7-3397-4715-81cc-153f65a58068" />
    <UnitTestResult executionId="fdd7b0a6-1be1-4b88-9e43-f83b208487f0" testId="bfb42d7f-6f3b-2d0b-9e74-db3b2a8750a1" testName="LogisticsPro.API.GenAI.Tests.Integration.Generated.HYBRID.JobTests.CreateJobCardMissingCustomerReferenceShouldFailValidation" computerName="DESKTOP-A0N8TMD" duration="00:00:00.0007494" startTime="2026-06-15T00:19:16.6363856+05:30" endTime="2026-06-15T00:19:16.6363856+05:30" testType="13cdc9d9-ddb5-4fa4-a97d-d965ccfc6d4b" outcome="Passed" testListId="8c84fa94-04c1-424b-9868-57a2d4851a1d" relativeResultsDirectory="fdd7b0a6-1be1-4b88-9e43-f83b208487f0" />
    <UnitTestResult executionId="3b1af47e-7cf4-418b-8e19-30ae2504e945" testId="56c2df40-ffc7-8db6-33ac-1ac06ebb945b" testName="LogisticsPro.API.GenAI.Tests.Integration.Generated.HYBRID.JobTests.AttemptToVoidAnInvoiceWithNonexistentInvoiceID" computerName="DESKTOP-A0N8TMD" duration="00:00:00.0007331" startTime="2026-06-15T00:19:16.8697992+05:30" endTime="2026-06-15T00:19:16.8697993+05:30" testType="13cdc9d9-ddb5-4fa4-a97d-d965ccfc6d4b" outcome="Passed" testListId="8c84fa94-04c1-424b-9868-57a2d4851a1d" relativeResultsDirectory="3b1af47e-7cf4-418b-8e19-30ae2504e945" />
    <UnitTestResult executionId="f8e1e06e-6619-4f90-bccf-ac2d856e8297" testId="3b92d2ea-34cc-e214-487f-574b96252e15" testName="LogisticsPro.API.GenAI.Tests.Integration.Generated.HYBRID.JobTests.PreventJobCardClosureWhenIncompleteOperationalDataExists" computerName="DESKTOP-A0N8TMD" duration="00:00:00.0006370" startTime="2026-06-15T00:19:16.9097614+05:30" endTime="2026-06-15T00:19:16.9097615+05:30" testType="13cdc9d9-ddb5-4fa4-a97d-d965ccfc6d4b" outcome="Passed" testListId="8c84fa94-04c1-424b-9868-57a2d4851a1d" relativeResultsDirectory="f8e1e06e-6619-4f90-bccf-ac2d856e8297" />
    <UnitTestResult executionId="ba5ada33-7bbf-4c34-b72c-4210a488df40" testId="0f353ca9-d579-de25-b85c-47d2d42fcb77" testName="LogisticsPro.API.GenAI.Tests.Integration.Generated.HYBRID.JobTests.VerifyInvoiceTotalUpdatesAfterDeletingVisaServiceAffectingChargeableContent" computerName="DESKTOP-A0N8TMD" duration="00:00:00.0867450" startTime="2026-06-15T00:19:16.5625603+05:30" endTime="2026-06-15T00:19:16.5625604+05:30" testType="13cdc9d9-ddb5-4fa4-a97d-d965ccfc6d4b" outcome="Passed" testListId="8c84fa94-04c1-424b-9868-57a2d4851a1d" relativeResultsDirectory="ba5ada33-7bbf-4c34-b72c-4210a488df40" />
    <UnitTestResult executionId="4dd0f2ab-a9f3-4261-a254-b320b63ea808" testId="b0a992fe-f9c8-1e62-6c10-efd3ef01dfe7" testName="LogisticsPro.API.GenAI.Tests.Integration.Generated.HYBRID.JobTests.GetUninvoicedReportShouldReturnDataSuccessfully" computerName="DESKTOP-A0N8TMD" duration="00:00:00.0007187" startTime="2026-06-15T00:19:16.8378805+05:30" endTime="2026-06-15T00:19:16.8378807+05:30" testType="13cdc9d9-ddb5-4fa4-a97d-d965ccfc6d4b" outcome="Passed" testListId="8c84fa94-04c1-424b-9868-57a2d4851a1d" relativeResultsDirectory="4dd0f2ab-a9f3-4261-a254-b320b63ea808" />
    <UnitTestResult executionId="b97a35a0-582c-45a9-b467-7455df8de14e" testId="dc6c0303-3844-798a-e57b-5f7a981cdb1a" testName="LogisticsPro.API.GenAI.Tests.Integration.Generated.HYBRID.JobTests.PreventReceiptApplicationToVoidedInvoice_2" computerName="DESKTOP-A0N8TMD" duration="00:00:00.0008120" startTime="2026-06-15T00:19:16.8222746+05:30" endTime="2026-06-15T00:19:16.8222749+05:30" testType="13cdc9d9-ddb5-4fa4-a97d-d965ccfc6d4b" outcome="Passed" testListId="8c84fa94-04c1-424b-9868-57a2d4851a1d" relativeResultsDirectory="b97a35a0-582c-45a9-b467-7455df8de14e" />
    <UnitTestResult executionId="c0b174be-cc3c-41d7-bae6-32266f60607f" testId="ab777e0f-7aad-3add-eaa3-f1757bc0c370" testName="LogisticsPro.API.GenAI.Tests.Integration.Generated.HYBRID.JobTests.RetrieveNonExistentCustomerReturnsNotFound" computerName="DESKTOP-A0N8TMD" duration="00:00:00.0011220" startTime="2026-06-15T00:19:16.9055542+05:30" endTime="2026-06-15T00:19:16.9055543+05:30" testType="13cdc9d9-ddb5-4fa4-a97d-d965ccfc6d4b" outcome="Passed" testListId="8c84fa94-04c1-424b-9868-57a2d4851a1d" relativeResultsDirectory="c0b174be-cc3c-41d7-bae6-32266f60607f" />
    <UnitTestResult executionId="a4d382a6-fcb3-4dc8-b102-8328b09a6adc" testId="32c43b66-63aa-96fd-12dd-36a3d9580bcd" testName="LogisticsPro.API.GenAI.Tests.Integration.Generated.HYBRID.JobTests.RejectPUTApiServiceCostsUpdateWithDuplicateBillableContentInputValidation" computerName="DESKTOP-A0N8TMD" duration="00:00:00.0008182" startTime="2026-06-15T00:19:16.6857592+05:30" endTime="2026-06-15T00:19:16.6857593+05:30" testType="13cdc9d9-ddb5-4fa4-a97d-d965ccfc6d4b" outcome="Passed" testListId="8c84fa94-04c1-424b-9868-57a2d4851a1d" relativeResultsDirectory="a4d382a6-fcb3-4dc8-b102-8328b09a6adc" />
    <UnitTestResult executionId="56199d57-1bf0-4830-aeca-590135357f61" testId="cd6510c2-64e4-aa1f-78c5-86da5bf9d667" testName="LogisticsPro.API.GenAI.Tests.Integration.Generated.HYBRID.JobTests.CreateInvoiceFailsWithNonExistentJob" computerName="DESKTOP-A0N8TMD" duration="00:00:00.0007741" startTime="2026-06-15T00:19:16.8572477+05:30" endTime="2026-06-15T00:19:16.8572478+05:30" testType="13cdc9d9-ddb5-4fa4-a97d-d965ccfc6d4b" outcome="Passed" testListId="8c84fa94-04c1-424b-9868-57a2d4851a1d" relativeResultsDirectory="56199d57-1bf0-4830-aeca-590135357f61" />
    <UnitTestResult executionId="4d3c906d-0588-4889-91ba-cba3a19c6196" testId="e5a9d486-518b-1a45-8122-7a05dffbe8ce" testName="LogisticsPro.API.GenAI.Tests.Integration.Generated.HYBRID.JobTests.DeleteVisaServiceWithControlledModificationRestriction" computerName="DESKTOP-A0N8TMD" duration="00:00:00.0006954" startTime="2026-06-15T00:19:16.7542761+05:30" endTime="2026-06-15T00:19:16.7542762+05:30" testType="13cdc9d9-ddb5-4fa4-a97d-d965ccfc6d4b" outcome="Passed" testListId="8c84fa94-04c1-424b-9868-57a2d4851a1d" relativeResultsDirectory="4d3c906d-0588-4889-91ba-cba3a19c6196" />
    <UnitTestResult executionId="6414ee64-3218-48cd-a624-cd18786293a3" testId="d7e44a17-87ec-004b-7651-7e33f4da3bee" testName="LogisticsPro.API.GenAI.Tests.Integration.Generated.HYBRID.JobTests.GenerateOperationalReportSuccessfully" computerName="DESKTOP-A0N8TMD" duration="00:00:00.0007773" startTime="2026-06-15T00:19:16.7594415+05:30" endTime="2026-06-15T00:19:16.7594416+05:30" testType="13cdc9d9-ddb5-4fa4-a97d-d965ccfc6d4b" outcome="Passed" testListId="8c84fa94-04c1-424b-9868-57a2d4851a1d" relativeResultsDirectory="6414ee64-3218-48cd-a624-cd18786293a3" />
    <UnitTestResult executionId="91263329-89fd-4e18-b69c-a2c29954fc9e" testId="51aaa5b9-352c-49fb-e44e-75b0a250a3b7" testName="LogisticsPro.API.GenAI.Tests.Integration.Generated.HYBRID.JobTests.CreateVisaServiceWithValidJobId" computerName="DESKTOP-A0N8TMD" duration="00:00:00.0012502" startTime="2026-06-15T00:19:16.7322598+05:30" endTime="2026-06-15T00:19:16.7322599+05:30" testType="13cdc9d9-ddb5-4fa4-a97d-d965ccfc6d4b" outcome="Passed" testListId="8c84fa94-04c1-424b-9868-57a2d4851a1d" relativeResultsDirectory="91263329-89fd-4e18-b69c-a2c29954fc9e" />
    <UnitTestResult executionId="e3983793-8271-474d-a694-f96114b31c4b" testId="99e71347-be14-f17b-988f-94e9fee44d55" testName="LogisticsPro.API.GenAI.Tests.Integration.Generated.HYBRID.MasterTests.MasterGetUsersReturnsAResult" computerName="DESKTOP-A0N8TMD" duration="00:00:00.0013925" startTime="2026-06-15T00:19:16.5948884+05:30" endTime="2026-06-15T00:19:16.5948885+05:30" testType="13cdc9d9-ddb5-4fa4-a97d-d965ccfc6d4b" outcome="Passed" testListId="8c84fa94-04c1-424b-9868-57a2d4851a1d" relativeResultsDirectory="e3983793-8271-474d-a694-f96114b31c4b" />
    <UnitTestResult executionId="73b9ada4-0849-4ad2-8a56-77b2e8ed0b99" testId="7cfdb6e7-c7ee-1d3a-eff8-035981b1f7c6" testName="LogisticsPro.API.GenAI.Tests.Integration.Generated.HYBRID.JobTests.RejectPaymentVoucherCreationWhenAmountDoesNotMatchPayableItems" computerName="DESKTOP-A0N8TMD" duration="00:00:00.0006778" startTime="2026-06-15T00:19:16.7941561+05:30" endTime="2026-06-15T00:19:16.7941562+05:30" testType="13cdc9d9-ddb5-4fa4-a97d-d965ccfc6d4b" outcome="Passed" testListId="8c84fa94-04c1-424b-9868-57a2d4851a1d" relativeResultsDirectory="73b9ada4-0849-4ad2-8a56-77b2e8ed0b99" />
    <UnitTestResult executionId="c797e547-9f94-438e-aed3-6dddcdc74472" testId="bcfefd11-380b-e848-3299-12591a512a3a" testName="LogisticsPro.API.GenAI.Tests.Integration.Generated.HYBRID.JobTests.CreateVisaServiceWithZeroCostBoundaryCondition" computerName="DESKTOP-A0N8TMD" duration="00:00:00.0008884" startTime="2026-06-15T00:19:16.6058648+05:30" endTime="2026-06-15T00:19:16.6058649+05:30" testType="13cdc9d9-ddb5-4fa4-a97d-d965ccfc6d4b" outcome="Passed" testListId="8c84fa94-04c1-424b-9868-57a2d4851a1d" relativeResultsDirectory="c797e547-9f94-438e-aed3-6dddcdc74472" />
    <UnitTestResult executionId="03ed4b76-4d19-4006-a9af-26e5b094dbd7" testId="8d3a84f4-0129-cd86-dd6d-4ce55df2fc02" testName="LogisticsPro.API.GenAI.Tests.Integration.Generated.HYBRID.JobTests.RejectRetrievalOfHotelServicesForANonExistentJobCardID" computerName="DESKTOP-A0N8TMD" duration="00:00:00.0007262" startTime="2026-06-15T00:19:16.7261527+05:30" endTime="2026-06-15T00:19:16.7261527+05:30" testType="13cdc9d9-ddb5-4fa4-a97d-d965ccfc6d4b" outcome="Passed" testListId="8c84fa94-04c1-424b-9868-57a2d4851a1d" relativeResultsDirectory="03ed4b76-4d19-4006-a9af-26e5b094dbd7" />
    <UnitTestResult executionId="48e90943-36e3-4788-89e6-5e8b38f47359" testId="266fae62-ac75-2383-938e-27f8f3f8bf12" testName="LogisticsPro.API.GenAI.Tests.Integration.Generated.HYBRID.JobTests.VerifyAllItemsInBatchAreValidAndTraceableViaUninvoicedReport" computerName="DESKTOP-A0N8TMD" duration="00:00:00.0006690" startTime="2026-06-15T00:19:16.8937313+05:30" endTime="2026-06-15T00:19:16.8937314+05:30" testType="13cdc9d9-ddb5-4fa4-a97d-d965ccfc6d4b" outcome="Passed" testListId="8c84fa94-04c1-424b-9868-57a2d4851a1d" relativeResultsDirectory="48e90943-36e3-4788-89e6-5e8b38f47359" />
    <UnitTestResult executionId="d4f89d4f-4a3d-4b82-b71c-8be8ba1fd785" testId="1129b069-1218-1c9f-35f1-50e7582113ca" testName="LogisticsPro.API.GenAI.Tests.Integration.Generated.HYBRID.JobTests.OpenJobCardAfterClosureShouldReopenSuccessfully" computerName="DESKTOP-A0N8TMD" duration="00:00:00.0007115" startTime="2026-06-15T00:19:16.6420943+05:30" endTime="2026-06-15T00:19:16.6420944+05:30" testType="13cdc9d9-ddb5-4fa4-a97d-d965ccfc6d4b" outcome="Passed" testListId="8c84fa94-04c1-424b-9868-57a2d4851a1d" relativeResultsDirectory="d4f89d4f-4a3d-4b82-b71c-8be8ba1fd785" />
    <UnitTestResult executionId="2c4e8858-d134-47bc-b00d-976aeea79041" testId="82773cf1-6923-aebd-7720-f908f842c146" testName="LogisticsPro.API.GenAI.Tests.Integration.Generated.HYBRID.JobTests.CreateHotelServiceWithValidDatesWhereEndDateIsAfterStartDate" computerName="DESKTOP-A0N8TMD" duration="00:00:00.0007448" startTime="2026-06-15T00:19:16.7602362+05:30" endTime="2026-06-15T00:19:16.7602363+05:30" testType="13cdc9d9-ddb5-4fa4-a97d-d965ccfc6d4b" outcome="Passed" testListId="8c84fa94-04c1-424b-9868-57a2d4851a1d" relativeResultsDirectory="2c4e8858-d134-47bc-b00d-976aeea79041" />
    <UnitTestResult executionId="69a0ae91-742d-4e77-9180-a7b99185ae22" testId="3f064bfa-8ab3-f4d5-471a-9e232a2ee4d4" testName="LogisticsPro.API.GenAI.Tests.Integration.Generated.HYBRID.LogisticsTests.CreateBatchWithValidUniqueItems" computerName="DESKTOP-A0N8TMD" duration="00:00:00.0008245" startTime="2026-06-15T00:19:16.6775055+05:30" endTime="2026-06-15T00:19:16.6775056+05:30" testType="13cdc9d9-ddb5-4fa4-a97d-d965ccfc6d4b" outcome="Passed" testListId="8c84fa94-04c1-424b-9868-57a2d4851a1d" relativeResultsDirectory="69a0ae91-742d-4e77-9180-a7b99185ae22" />
    <UnitTestResult executionId="efe2bf3f-ff1d-4040-9bc2-b3df44947410" testId="55a2c743-00e7-c0e5-0f7d-e4fbd4f52e54" testName="LogisticsPro.API.GenAI.Tests.Integration.Generated.HYBRID.MasterTests.ValidTokenAllowsHotelServiceCreation" computerName="DESKTOP-A0N8TMD" duration="00:00:00.0007660" startTime="2026-06-15T00:19:16.6062038+05:30" endTime="2026-06-15T00:19:16.6062040+05:30" testType="13cdc9d9-ddb5-4fa4-a97d-d965ccfc6d4b" outcome="Passed" testListId="8c84fa94-04c1-424b-9868-57a2d4851a1d" relativeResultsDirectory="efe2bf3f-ff1d-4040-9bc2-b3df44947410" />
    <UnitTestResult executionId="ef1f9d3d-a2b0-4b5f-8b8f-0e817b8c37ad" testId="4ebfc559-82ac-ef2a-180f-d34588947634" testName="LogisticsPro.API.GenAI.Tests.Integration.Generated.HYBRID.MasterTests.NegativeInvalidTokenOnProtectedPOSTApiUsers" computerName="DESKTOP-A0N8TMD" duration="00:00:00.0007961" startTime="2026-06-15T00:19:16.6135732+05:30" endTime="2026-06-15T00:19:16.6135732+05:30" testType="13cdc9d9-ddb5-4fa4-a97d-d965ccfc6d4b" outcome="Passed" testListId="8c84fa94-04c1-424b-9868-57a2d4851a1d" relativeResultsDirectory="ef1f9d3d-a2b0-4b5f-8b8f-0e817b8c37ad" />
    <UnitTestResult executionId="a2727691-f56a-4db6-a5a8-e7c2e6b19d51" testId="20df62cc-cbc4-ff3b-d668-34d013febd4b" testName="LogisticsPro.API.GenAI.Tests.Integration.Generated.HYBRID.JobTests.AttemptToDeleteVisaServiceWithInvalidID" computerName="DESKTOP-A0N8TMD" duration="00:00:00.0006498" startTime="2026-06-15T00:19:16.7467663+05:30" endTime="2026-06-15T00:19:16.7467664+05:30" testType="13cdc9d9-ddb5-4fa4-a97d-d965ccfc6d4b" outcome="Passed" testListId="8c84fa94-04c1-424b-9868-57a2d4851a1d" relativeResultsDirectory="a2727691-f56a-4db6-a5a8-e7c2e6b19d51" />
    <UnitTestResult executionId="ff17ec7e-33f3-4e9a-a8c9-b91ef7716c11" testId="3be1ef45-7174-32f3-9676-3df1e5d63bf7" testName="LogisticsPro.API.GenAI.Tests.Integration.Generated.HYBRID.JobTests.DeleteVisaServiceItemWithControlledReversalProcedureEnabled" computerName="DESKTOP-A0N8TMD" duration="00:00:00.0008470" startTime="2026-06-15T00:19:16.8682068+05:30" endTime="2026-06-15T00:19:16.8682069+05:30" testType="13cdc9d9-ddb5-4fa4-a97d-d965ccfc6d4b" outcome="Passed" testListId="8c84fa94-04c1-424b-9868-57a2d4851a1d" relativeResultsDirectory="ff17ec7e-33f3-4e9a-a8c9-b91ef7716c11" />
    <UnitTestResult executionId="b210aa99-55b4-485b-9000-f46a20c70742" testId="bf9ac29d-07ff-6d06-e133-82628be1ec40" testName="LogisticsPro.API.GenAI.Tests.Integration.Generated.HYBRID.MasterTests.MasterGetDashboardItemsReturnsAResult" computerName="DESKTOP-A0N8TMD" duration="00:00:00.0015250" startTime="2026-06-15T00:19:16.6211962+05:30" endTime="2026-06-15T00:19:16.6211962+05:30" testType="13cdc9d9-ddb5-4fa4-a97d-d965ccfc6d4b" outcome="Passed" testListId="8c84fa94-04c1-424b-9868-57a2d4851a1d" relativeResultsDirectory="b210aa99-55b4-485b-9000-f46a20c70742" />
    <UnitTestResult executionId="09034b9b-6d82-4d9b-9e62-166be6df6809" testId="b3ac7abb-120b-60f4-4673-1fad805092cf" testName="LogisticsPro.API.GenAI.Tests.Integration.Generated.HYBRID.MasterTests.CreateCustomerWithDuplicateUniqueFieldFails" computerName="DESKTOP-A0N8TMD" duration="00:00:00.0032152" startTime="2026-06-15T00:19:16.5923923+05:30" endTime="2026-06-15T00:19:16.5923924+05:30" testType="13cdc9d9-ddb5-4fa4-a97d-d965ccfc6d4b" outcome="Passed" testListId="8c84fa94-04c1-424b-9868-57a2d4851a1d" relativeResultsDirectory="09034b9b-6d82-4d9b-9e62-166be6df6809" />
    <UnitTestResult executionId="a0fff3d0-903b-4c31-961c-cfb67cf0689c" testId="4b96ea60-ebb6-b144-4bb4-8ed030f09497" testName="LogisticsPro.API.GenAI.Tests.Integration.Generated.HYBRID.LogisticsTests.CreatePaymentVoucherPreventExactDuplicate" computerName="DESKTOP-A0N8TMD" duration="00:00:00.0007821" startTime="2026-06-15T00:19:16.6188120+05:30" endTime="2026-06-15T00:19:16.6188121+05:30" testType="13cdc9d9-ddb5-4fa4-a97d-d965ccfc6d4b" outcome="Passed" testListId="8c84fa94-04c1-424b-9868-57a2d4851a1d" relativeResultsDirectory="a0fff3d0-903b-4c31-961c-cfb67cf0689c" />
    <UnitTestResult executionId="38f719ca-2747-4812-a68e-50c24808062e" testId="02a3b0e4-3dc2-59fd-7490-c77d8bd1d3ae" testName="LogisticsPro.API.GenAI.Tests.Integration.Generated.HYBRID.JobTests.CloseJobCardSuccessfullyWhenPreconditionsMet" computerName="DESKTOP-A0N8TMD" duration="00:00:00.0008506" startTime="2026-06-15T00:19:16.7115399+05:30" endTime="2026-06-15T00:19:16.7115399+05:30" testType="13cdc9d9-ddb5-4fa4-a97d-d965ccfc6d4b" outcome="Passed" testListId="8c84fa94-04c1-424b-9868-57a2d4851a1d" relativeResultsDirectory="38f719ca-2747-4812-a68e-50c24808062e" />
    <UnitTestResult executionId="2c873746-94af-4b8a-b416-fc5276dd5203" testId="f0a929e2-753e-7d47-e5a8-5a8f2ccb6bbb" testName="LogisticsPro.API.GenAI.Tests.Integration.Generated.HYBRID.JobTests.AttemptToDeleteVisaServiceWithInvalidIDShouldNotAffectProfitAndLossReporting" computerName="DESKTOP-A0N8TMD" duration="00:00:00.0007082" startTime="2026-06-15T00:19:16.8704989+05:30" endTime="2026-06-15T00:19:16.8704990+05:30" testType="13cdc9d9-ddb5-4fa4-a97d-d965ccfc6d4b" outcome="Passed" testListId="8c84fa94-04c1-424b-9868-57a2d4851a1d" relativeResultsDirectory="2c873746-94af-4b8a-b416-fc5276dd5203" />
    <UnitTestResult executionId="cea72a83-385e-40a0-b0ab-01d1f397dcd2" testId="1b33f6ff-1b14-5cf6-ffb8-4d6b15748d8a" testName="LogisticsPro.API.GenAI.Tests.Integration.Generated.HYBRID.JobTests.UpdateServiceCostSuccessfullyUsingServiceCostsEndpoint" computerName="DESKTOP-A0N8TMD" duration="00:00:00.0006132" startTime="2026-06-15T00:19:16.7439933+05:30" endTime="2026-06-15T00:19:16.7439934+05:30" testType="13cdc9d9-ddb5-4fa4-a97d-d965ccfc6d4b" outcome="Passed" testListId="8c84fa94-04c1-424b-9868-57a2d4851a1d" relativeResultsDirectory="cea72a83-385e-40a0-b0ab-01d1f397dcd2" />
    <UnitTestResult executionId="412f4350-7c36-4ae8-a45f-df659f37e6a3" testId="3563b548-4fa4-caad-a9ca-45528455b564" testName="LogisticsPro.API.GenAI.Tests.Integration.Generated.HYBRID.JobTests.ConfirmFinancialConsistencyAfterAddingVisaServiceWithValidOperationalTotals" computerName="DESKTOP-A0N8TMD" duration="00:00:00.0007010" startTime="2026-06-15T00:19:16.7643421+05:30" endTime="2026-06-15T00:19:16.7643422+05:30" testType="13cdc9d9-ddb5-4fa4-a97d-d965ccfc6d4b" outcome="Passed" testListId="8c84fa94-04c1-424b-9868-57a2d4851a1d" relativeResultsDirectory="412f4350-7c36-4ae8-a45f-df659f37e6a3" />
    <UnitTestResult executionId="1a566dbc-79d0-4e6d-acda-8dd4e659ff0b" testId="6c2e89b7-a3aa-d51d-3984-9a2bf0eb3d01" testName="LogisticsPro.API.GenAI.Tests.Integration.Generated.HYBRID.JobTests.VerifyHistoricalReportIsNotDistortedAfterDeletingFinanciallyRelevantHotelService" computerName="DESKTOP-A0N8TMD" duration="00:00:00.0006372" startTime="2026-06-15T00:19:16.7802007+05:30" endTime="2026-06-15T00:19:16.7802008+05:30" testType="13cdc9d9-ddb5-4fa4-a97d-d965ccfc6d4b" outcome="Passed" testListId="8c84fa94-04c1-424b-9868-57a2d4851a1d" relativeResultsDirectory="1a566dbc-79d0-4e6d-acda-8dd4e659ff0b" />
    <UnitTestResult executionId="af148fef-0c3a-41c6-b907-d87f9bc2c43d" testId="e228c4f5-cf18-122d-f082-8674ec25d13d" testName="LogisticsPro.API.GenAI.Tests.Integration.Generated.HYBRID.JobTests.CreateHotelServiceWithValidType" computerName="DESKTOP-A0N8TMD" duration="00:00:00.0007506" startTime="2026-06-15T00:19:16.6656124+05:30" endTime="2026-06-15T00:19:16.6656125+05:30" testType="13cdc9d9-ddb5-4fa4-a97d-d965ccfc6d4b" outcome="Passed" testListId="8c84fa94-04c1-424b-9868-57a2d4851a1d" relativeResultsDirectory="af148fef-0c3a-41c6-b907-d87f9bc2c43d" />
    <UnitTestResult executionId="9f82b685-7681-4c6e-9ac6-cecffc436cc6" testId="4ef78b6b-885f-9349-fb89-d8aaf79094e7" testName="LogisticsPro.API.GenAI.Tests.Integration.Generated.HYBRID.JobTests.FailToCreateMiscellaneousServiceWithInvalidCostValue" computerName="DESKTOP-A0N8TMD" duration="00:00:00.0008363" startTime="2026-06-15T00:19:16.6449864+05:30" endTime="2026-06-15T00:19:16.6449864+05:30" testType="13cdc9d9-ddb5-4fa4-a97d-d965ccfc6d4b" outcome="Passed" testListId="8c84fa94-04c1-424b-9868-57a2d4851a1d" relativeResultsDirectory="9f82b685-7681-4c6e-9ac6-cecffc436cc6" />
    <UnitTestResult executionId="609fe5df-ca0d-4764-b8c3-51dee1ddd6db" testId="64bb249d-e3e1-b7e4-4871-19918556ba5c" testName="LogisticsPro.API.GenAI.Tests.Integration.Generated.HYBRID.LogisticsTests.RejectJobCardCreationWithNonexistentCustomerID" computerName="DESKTOP-A0N8TMD" duration="00:00:00.0012475" startTime="2026-06-15T00:19:16.6835397+05:30" endTime="2026-06-15T00:19:16.6835398+05:30" testType="13cdc9d9-ddb5-4fa4-a97d-d965ccfc6d4b" outcome="Passed" testListId="8c84fa94-04c1-424b-9868-57a2d4851a1d" relativeResultsDirectory="609fe5df-ca0d-4764-b8c3-51dee1ddd6db" />
    <UnitTestResult executionId="1dc0b6c6-216d-4522-984d-160f2b477a8f" testId="498d29b0-1a03-67fd-dd4f-e2de95313b8f" testName="LogisticsPro.API.GenAI.Tests.Integration.Generated.HYBRID.JobTests.CreateVisaServiceFailingDueToInvalidJobId" computerName="DESKTOP-A0N8TMD" duration="00:00:00.0013878" startTime="2026-06-15T00:19:16.7691999+05:30" endTime="2026-06-15T00:19:16.7692001+05:30" testType="13cdc9d9-ddb5-4fa4-a97d-d965ccfc6d4b" outcome="Passed" testListId="8c84fa94-04c1-424b-9868-57a2d4851a1d" relativeResultsDirectory="1dc0b6c6-216d-4522-984d-160f2b477a8f" />
    <UnitTestResult executionId="6c9df2c9-d17d-4c6f-a4bf-cdcbe431d7af" testId="79ab9dee-21f7-0597-5795-2c6207edf899" testName="LogisticsPro.API.GenAI.Tests.Integration.Generated.HYBRID.JobTests.CreateHotelServiceWithoutJobCardIdFailureValidation" computerName="DESKTOP-A0N8TMD" duration="00:00:00.0006734" startTime="2026-06-15T00:19:16.7777403+05:30" endTime="2026-06-15T00:19:16.7777404+05:30" testType="13cdc9d9-ddb5-4fa4-a97d-d965ccfc6d4b" outcome="Passed" testListId="8c84fa94-04c1-424b-9868-57a2d4851a1d" relativeResultsDirectory="6c9df2c9-d17d-4c6f-a4bf-cdcbe431d7af" />
    <UnitTestResult executionId="ccdec1c2-68d3-4406-a6c5-f10c932677a9" testId="4881cfb1-ab48-ea81-5265-5e17c2617485" testName="LogisticsPro.API.GenAI.Tests.Integration.Generated.HYBRID.JobTests.PreventDuplicateInvoiceCreationForSameBillableContent" computerName="DESKTOP-A0N8TMD" duration="00:00:00.0009487" startTime="2026-06-15T00:19:16.7008633+05:30" endTime="2026-06-15T00:19:16.7008634+05:30" testType="13cdc9d9-ddb5-4fa4-a97d-d965ccfc6d4b" outcome="Passed" testListId="8c84fa94-04c1-424b-9868-57a2d4851a1d" relativeResultsDirectory="ccdec1c2-68d3-4406-a6c5-f10c932677a9" />
    <UnitTestResult executionId="d9013b97-6fc8-4be2-88f4-29838c73afab" testId="559caf55-514e-962d-5907-0525e61e9f5b" testName="LogisticsPro.API.GenAI.Tests.Integration.Generated.HYBRID.JobTests.AttemptToCreateDuplicatePaymentVoucherForSameBatchItemsIsRejected" computerName="DESKTOP-A0N8TMD" duration="00:00:00.0007133" startTime="2026-06-15T00:19:16.8771365+05:30" endTime="2026-06-15T00:19:16.8771366+05:30" testType="13cdc9d9-ddb5-4fa4-a97d-d965ccfc6d4b" outcome="Passed" testListId="8c84fa94-04c1-424b-9868-57a2d4851a1d" relativeResultsDirectory="d9013b97-6fc8-4be2-88f4-29838c73afab" />
    <UnitTestResult executionId="3848ba83-ebc8-4ead-837f-b3dd9b59d01e" testId="309f0b3c-cb58-e1ed-6ab0-35ca3c0b49c6" testName="LogisticsPro.API.GenAI.Tests.Integration.Generated.HYBRID.LogisticsTests.CreateEventWithEndDateExactlyOneDayAfterStartDate" computerName="DESKTOP-A0N8TMD" duration="00:00:00.0019615" startTime="2026-06-15T00:19:16.5943886+05:30" endTime="2026-06-15T00:19:16.5943887+05:30" testType="13cdc9d9-ddb5-4fa4-a97d-d965ccfc6d4b" outcome="Passed" testListId="8c84fa94-04c1-424b-9868-57a2d4851a1d" relativeResultsDirectory="3848ba83-ebc8-4ead-837f-b3dd9b59d01e" />
    <UnitTestResult executionId="64bfa818-2a31-423d-b45f-b1d54901e02e" testId="ea466ce7-4096-3807-def6-889a28566673" testName="LogisticsPro.API.GenAI.Tests.Integration.Generated.HYBRID.LogisticsTests.NegativeAttemptToBatchIneligibleItems" computerName="DESKTOP-A0N8TMD" duration="00:00:00.0011842" startTime="2026-06-15T00:19:16.6034452+05:30" endTime="2026-06-15T00:19:16.6034455+05:30" testType="13cdc9d9-ddb5-4fa4-a97d-d965ccfc6d4b" outcome="Passed" testListId="8c84fa94-04c1-424b-9868-57a2d4851a1d" relativeResultsDirectory="64bfa818-2a31-423d-b45f-b1d54901e02e" />
    <UnitTestResult executionId="08a7332b-e4f3-491f-9053-d1ee9cf1bd9e" testId="6b4d098b-0b57-0a0c-03ad-ba374d777f9b" testName="LogisticsPro.API.GenAI.Tests.Integration.Generated.HYBRID.JobTests.FailVisaServiceCreationMissingProcessingDate" computerName="DESKTOP-A0N8TMD" duration="00:00:00.0007138" startTime="2026-06-15T00:19:16.7845729+05:30" endTime="2026-06-15T00:19:16.7845730+05:30" testType="13cdc9d9-ddb5-4fa4-a97d-d965ccfc6d4b" outcome="Passed" testListId="8c84fa94-04c1-424b-9868-57a2d4851a1d" relativeResultsDirectory="08a7332b-e4f3-491f-9053-d1ee9cf1bd9e" />
    <UnitTestResult executionId="1b0ad9b7-4055-4029-ba12-ab50e192f7c8" testId="bbc96852-6a77-be2b-8c78-2361547ac057" testName="LogisticsPro.API.GenAI.Tests.Integration.Generated.HYBRID.JobTests.CreateMiscellaneousServiceWithValidDescriptionAndCost" computerName="DESKTOP-A0N8TMD" duration="00:00:00.0006899" startTime="2026-06-15T00:19:16.7868316+05:30" endTime="2026-06-15T00:19:16.7868317+05:30" testType="13cdc9d9-ddb5-4fa4-a97d-d965ccfc6d4b" outcome="Passed" testListId="8c84fa94-04c1-424b-9868-57a2d4851a1d" relativeResultsDirectory="1b0ad9b7-4055-4029-ba12-ab50e192f7c8" />
    <UnitTestResult executionId="d33c3e73-eaad-4d5b-9154-99815f5c8391" testId="b371ded9-31bb-aa9e-5e7f-e4dd75e373da" testName="LogisticsPro.API.GenAI.Tests.Integration.Generated.HYBRID.LogisticsTests.RejectPaymentVoucherCreationWithPayableItemsFromDifferentVendors" computerName="DESKTOP-A0N8TMD" duration="00:00:00.0007419" startTime="2026-06-15T00:19:16.6347364+05:30" endTime="2026-06-15T00:19:16.6347365+05:30" testType="13cdc9d9-ddb5-4fa4-a97d-d965ccfc6d4b" outcome="Passed" testListId="8c84fa94-04c1-424b-9868-57a2d4851a1d" relativeResultsDirectory="d33c3e73-eaad-4d5b-9154-99815f5c8391" />
    <UnitTestResult executionId="ede10093-5302-4c50-833a-7e3125574ad9" testId="25e37c12-cd3a-b28b-0120-605352a4d12c" testName="LogisticsPro.API.GenAI.Tests.Integration.Generated.HYBRID.JobTests.GetUninvoicedReportVerifyVoucherDuplicationStatus" computerName="DESKTOP-A0N8TMD" duration="00:00:00.0008151" startTime="2026-06-15T00:19:16.8423070+05:30" endTime="2026-06-15T00:19:16.8423071+05:30" testType="13cdc9d9-ddb5-4fa4-a97d-d965ccfc6d4b" outcome="Passed" testListId="8c84fa94-04c1-424b-9868-57a2d4851a1d" relativeResultsDirectory="ede10093-5302-4c50-833a-7e3125574ad9" />
    <UnitTestResult executionId="804226be-35a1-4323-887a-8a7847c64533" testId="1ac7f766-eeed-22a1-34f0-1f02e9cc5fb6" testName="LogisticsPro.API.GenAI.Tests.Integration.Generated.HYBRID.JobTests.PreventDeletionOfJobCardWithLinkedInvoiceContributions" computerName="DESKTOP-A0N8TMD" duration="00:00:00.0008033" startTime="2026-06-15T00:19:16.8895895+05:30" endTime="2026-06-15T00:19:16.8895896+05:30" testType="13cdc9d9-ddb5-4fa4-a97d-d965ccfc6d4b" outcome="Passed" testListId="8c84fa94-04c1-424b-9868-57a2d4851a1d" relativeResultsDirectory="804226be-35a1-4323-887a-8a7847c64533" />
    <UnitTestResult executionId="46e82e65-66aa-43a9-b45d-3937083588cc" testId="f2660268-91d8-6a3a-b224-59e6aaa67ce4" testName="LogisticsPro.API.GenAI.Tests.Integration.Generated.HYBRID.JobTests.UpdateCustomerWithEmptyPayloadReturnsValidationError" computerName="DESKTOP-A0N8TMD" duration="00:00:00.0006098" startTime="2026-06-15T00:19:16.8915651+05:30" endTime="2026-06-15T00:19:16.8915652+05:30" testType="13cdc9d9-ddb5-4fa4-a97d-d965ccfc6d4b" outcome="Passed" testListId="8c84fa94-04c1-424b-9868-57a2d4851a1d" relativeResultsDirectory="46e82e65-66aa-43a9-b45d-3937083588cc" />
    <UnitTestResult executionId="cd9277e6-0b79-48da-906f-c2efc211ef9e" testId="9965edc5-5dff-b111-9fe3-8b5b36e06c6d" testName="LogisticsPro.API.GenAI.Tests.Integration.Generated.HYBRID.LogisticsTests.FailToCreateBatchWhenAllItemsAreDeletedResultingInEmptyBatch" computerName="DESKTOP-A0N8TMD" duration="00:00:00.0009050" startTime="2026-06-15T00:19:16.6273577+05:30" endTime="2026-06-15T00:19:16.6273578+05:30" testType="13cdc9d9-ddb5-4fa4-a97d-d965ccfc6d4b" outcome="Passed" testListId="8c84fa94-04c1-424b-9868-57a2d4851a1d" relativeResultsDirectory="cd9277e6-0b79-48da-906f-c2efc211ef9e" />
    <UnitTestResult executionId="278865c9-c63e-44a0-a35f-09f602ae8a4f" testId="0e0c9656-f057-4201-2aa5-056f42a266f7" testName="LogisticsPro.API.GenAI.Tests.Integration.Generated.HYBRID.JobTests.UnauthorizedAccessAttemptToUpdateServiceCosts" computerName="DESKTOP-A0N8TMD" duration="00:00:00.0007023" startTime="2026-06-15T00:19:16.8540590+05:30" endTime="2026-06-15T00:19:16.8540591+05:30" testType="13cdc9d9-ddb5-4fa4-a97d-d965ccfc6d4b" outcome="Passed" testListId="8c84fa94-04c1-424b-9868-57a2d4851a1d" relativeResultsDirectory="278865c9-c63e-44a0-a35f-09f602ae8a4f" />
    <UnitTestResult executionId="943883bc-6a4e-4ac4-ad27-1981380fb5da" testId="c8e3302c-bd20-c9af-2132-30371f007c31" testName="LogisticsPro.API.GenAI.Tests.Integration.Generated.HYBRID.MasterTests.RejectCustomerCreationWithInvalidToken" computerName="DESKTOP-A0N8TMD" duration="00:00:00.0007411" startTime="2026-06-15T00:19:16.5957305+05:30" endTime="2026-06-15T00:19:16.5957306+05:30" testType="13cdc9d9-ddb5-4fa4-a97d-d965ccfc6d4b" outcome="Passed" testListId="8c84fa94-04c1-424b-9868-57a2d4851a1d" relativeResultsDirectory="943883bc-6a4e-4ac4-ad27-1981380fb5da" />
    <UnitTestResult executionId="5dec700a-2693-4919-b396-3cb2b1eb5ac0" testId="cfd8efba-aef6-41e2-c7bf-6e884c444e06" testName="LogisticsPro.API.GenAI.Tests.Integration.Generated.HYBRID.JobTests.DeleteHotelServiceForOpenJobCardSuccessfully" computerName="DESKTOP-A0N8TMD" duration="00:00:00.0009159" startTime="2026-06-15T00:19:16.8076368+05:30" endTime="2026-06-15T00:19:16.8076370+05:30" testType="13cdc9d9-ddb5-4fa4-a97d-d965ccfc6d4b" outcome="Passed" testListId="8c84fa94-04c1-424b-9868-57a2d4851a1d" relativeResultsDirectory="5dec700a-2693-4919-b396-3cb2b1eb5ac0" />
    <UnitTestResult executionId="4a3d98fe-7754-4292-9f2e-10b12aa3f440" testId="55de9653-d2a6-c099-6fd8-a8a82b70cc85" testName="LogisticsPro.API.GenAI.Tests.Integration.Generated.HYBRID.MasterTests.RejectExpiredTokenOnHotelServiceCreation" computerName="DESKTOP-A0N8TMD" duration="00:00:00.0009353" startTime="2026-06-15T00:19:16.6008011+05:30" endTime="2026-06-15T00:19:16.6008011+05:30" testType="13cdc9d9-ddb5-4fa4-a97d-d965ccfc6d4b" outcome="Passed" testListId="8c84fa94-04c1-424b-9868-57a2d4851a1d" relativeResultsDirectory="4a3d98fe-7754-4292-9f2e-10b12aa3f440" />
    <UnitTestResult executionId="0526a570-caa1-4d83-b06a-dfe0cd3855be" testId="82e745f1-3a92-3bf5-ab5a-a43e3465b9e6" testName="LogisticsPro.API.GenAI.Tests.Integration.Generated.HYBRID.LogisticsTests.CreateCustomerInvalidContactDetailsValidationError" computerName="DESKTOP-A0N8TMD" duration="00:00:00.0011372" startTime="2026-06-15T00:19:16.6326491+05:30" endTime="2026-06-15T00:19:16.6326492+05:30" testType="13cdc9d9-ddb5-4fa4-a97d-d965ccfc6d4b" outcome="Passed" testListId="8c84fa94-04c1-424b-9868-57a2d4851a1d" relativeResultsDirectory="0526a570-caa1-4d83-b06a-dfe0cd3855be" />
    <UnitTestResult executionId="c751e1ed-f0cd-4e31-9765-4217ebb54fad" testId="8ee9173b-7520-b1a7-38c8-004a6084d528" testName="LogisticsPro.API.GenAI.Tests.Integration.Generated.HYBRID.JobTests.FailToCreateVisaServiceWithInvalidCostLeadingToIncorrectInvoiceTotals" computerName="DESKTOP-A0N8TMD" duration="00:00:00.0008039" startTime="2026-06-15T00:19:16.6040490+05:30" endTime="2026-06-15T00:19:16.6040491+05:30" testType="13cdc9d9-ddb5-4fa4-a97d-d965ccfc6d4b" outcome="Passed" testListId="8c84fa94-04c1-424b-9868-57a2d4851a1d" relativeResultsDirectory="c751e1ed-f0cd-4e31-9765-4217ebb54fad" />
    <UnitTestResult executionId="726e0721-8627-469e-a0a9-917206db0350" testId="478c539f-d9a8-47de-4a8e-853e289cf6c2" testName="LogisticsPro.API.GenAI.Tests.Integration.Generated.HYBRID.JobTests.VerifyVoidedInvoiceAppearsInUninvoicedReportsWithoutDeletion" computerName="DESKTOP-A0N8TMD" duration="00:00:00.0008796" startTime="2026-06-15T00:19:16.9173896+05:30" endTime="2026-06-15T00:19:16.9173897+05:30" testType="13cdc9d9-ddb5-4fa4-a97d-d965ccfc6d4b" outcome="Passed" testListId="8c84fa94-04c1-424b-9868-57a2d4851a1d" relativeResultsDirectory="726e0721-8627-469e-a0a9-917206db0350" />
    <UnitTestResult executionId="d2a8a08c-c572-406b-a6cf-a54d44503dc7" testId="ff1bc036-7a96-18da-c046-94d4fcf81144" testName="LogisticsPro.API.GenAI.Tests.Integration.Generated.HYBRID.JobTests.ValidateRetrievalOfUninvoicedReportRespectsSingleBatchMembership" computerName="DESKTOP-A0N8TMD" duration="00:00:00.0006766" startTime="2026-06-15T00:19:16.7934363+05:30" endTime="2026-06-15T00:19:16.7934365+05:30" testType="13cdc9d9-ddb5-4fa4-a97d-d965ccfc6d4b" outcome="Passed" testListId="8c84fa94-04c1-424b-9868-57a2d4851a1d" relativeResultsDirectory="d2a8a08c-c572-406b-a6cf-a54d44503dc7" />
    <UnitTestResult executionId="b4ff76a2-efce-4243-844e-77f1c200fc62" testId="7f598d98-8507-b4c2-bc02-e83a972dd726" testName="LogisticsPro.API.GenAI.Tests.Integration.Generated.HYBRID.JobTests.FailToCreateMiscellaneousServiceWithEmptyDescription" computerName="DESKTOP-A0N8TMD" duration="00:00:00.0009408" startTime="2026-06-15T00:19:16.8087105+05:30" endTime="2026-06-15T00:19:16.8087106+05:30" testType="13cdc9d9-ddb5-4fa4-a97d-d965ccfc6d4b" outcome="Passed" testListId="8c84fa94-04c1-424b-9868-57a2d4851a1d" relativeResultsDirectory="b4ff76a2-efce-4243-844e-77f1c200fc62" />
    <UnitTestResult executionId="f6a9e861-17be-494d-bbf8-be9639831e08" testId="f1281ae2-fcba-198e-4b21-db0b8f184cfb" testName="LogisticsPro.API.GenAI.Tests.Integration.Generated.HYBRID.JobTests.RetrieveUninvoicedReportsSuccessfully" computerName="DESKTOP-A0N8TMD" duration="00:00:00.0007762" startTime="2026-06-15T00:19:16.7747684+05:30" endTime="2026-06-15T00:19:16.7747685+05:30" testType="13cdc9d9-ddb5-4fa4-a97d-d965ccfc6d4b" outcome="Passed" testListId="8c84fa94-04c1-424b-9868-57a2d4851a1d" relativeResultsDirectory="f6a9e861-17be-494d-bbf8-be9639831e08" />
    <UnitTestResult executionId="a29fd125-41a3-46ea-a83d-14c82d4c26c4" testId="31219218-1d8b-02aa-4a4c-8ad39c2b9825" testName="LogisticsPro.API.GenAI.Tests.Integration.Generated.HYBRID.JobTests.CreateJobCardWithValidCustomerAndDefaultOpenState" computerName="DESKTOP-A0N8TMD" duration="00:00:00.0007197" startTime="2026-06-15T00:19:16.7809590+05:30" endTime="2026-06-15T00:19:16.7809592+05:30" testType="13cdc9d9-ddb5-4fa4-a97d-d965ccfc6d4b" outcome="Passed" testListId="8c84fa94-04c1-424b-9868-57a2d4851a1d" relativeResultsDirectory="a29fd125-41a3-46ea-a83d-14c82d4c26c4" />
    <UnitTestResult executionId="de7589dc-32ff-471a-94d5-28105c935416" testId="30c6f27d-f84a-01b3-4387-3cb20f9627b8" testName="LogisticsPro.API.GenAI.Tests.Integration.Generated.HYBRID.LogisticsTests.DeletePaymentVoucherItemShouldSucceed" computerName="DESKTOP-A0N8TMD" duration="00:00:00.0020950" startTime="2026-06-15T00:19:16.5949406+05:30" endTime="2026-06-15T00:19:16.5949407+05:30" testType="13cdc9d9-ddb5-4fa4-a97d-d965ccfc6d4b" outcome="Passed" testListId="8c84fa94-04c1-424b-9868-57a2d4851a1d" relativeResultsDirectory="de7589dc-32ff-471a-94d5-28105c935416" />
    <UnitTestResult executionId="5cc11f51-a6ba-457c-a983-6b01a333595d" testId="121ffcd0-0b3a-50c1-61c0-b05e74cf30eb" testName="LogisticsPro.API.GenAI.Tests.Integration.Generated.HYBRID.JobTests.PositiveTestRetrieveUninvoicedReportsAndVerifyNoReceiptAssociation" computerName="DESKTOP-A0N8TMD" duration="00:00:00.0008076" startTime="2026-06-15T00:19:16.9019737+05:30" endTime="2026-06-15T00:19:16.9019738+05:30" testType="13cdc9d9-ddb5-4fa4-a97d-d965ccfc6d4b" outcome="Passed" testListId="8c84fa94-04c1-424b-9868-57a2d4851a1d" relativeResultsDirectory="5cc11f51-a6ba-457c-a983-6b01a333595d" />
    <UnitTestResult executionId="013ea6d2-ca22-48e0-9265-a2a639170edf" testId="7b1bd1a3-8d1b-68fa-c5ba-67ddc2c628bc" testName="LogisticsPro.API.GenAI.Tests.Integration.Generated.HYBRID.JobTests.GetUninvoicedReportShowsItemsLinkedToVouchersForTraceabilityValidation" computerName="DESKTOP-A0N8TMD" duration="00:00:00.0007345" startTime="2026-06-15T00:19:16.6737655+05:30" endTime="2026-06-15T00:19:16.6737656+05:30" testType="13cdc9d9-ddb5-4fa4-a97d-d965ccfc6d4b" outcome="Passed" testListId="8c84fa94-04c1-424b-9868-57a2d4851a1d" relativeResultsDirectory="013ea6d2-ca22-48e0-9265-a2a639170edf" />
    <UnitTestResult executionId="8ccb713e-3409-4304-ba42-332dd6f058cc" testId="dea221c7-3388-71b0-428f-a724473684e5" testName="LogisticsPro.API.GenAI.Tests.Integration.Generated.HYBRID.MasterTests.RejectTokenWithInvalidSignatureOnHotelServiceCreation" computerName="DESKTOP-A0N8TMD" duration="00:00:00.0010795" startTime="2026-06-15T00:19:16.6147299+05:30" endTime="2026-06-15T00:19:16.6147301+05:30" testType="13cdc9d9-ddb5-4fa4-a97d-d965ccfc6d4b" outcome="Passed" testListId="8c84fa94-04c1-424b-9868-57a2d4851a1d" relativeResultsDirectory="8ccb713e-3409-4304-ba42-332dd6f058cc" />
    <UnitTestResult executionId="ef4d820b-e3f2-4f02-8d27-3858fd0a04e7" testId="ac6f01fe-9ec8-fcf0-a912-4b82ec5294c6" testName="LogisticsPro.API.GenAI.Tests.Integration.Generated.HYBRID.JobTests.AttemptDeleteVisaServiceEntryWithInvalidIDReturnsError" computerName="DESKTOP-A0N8TMD" duration="00:00:00.0007567" startTime="2026-06-15T00:19:16.8261727+05:30" endTime="2026-06-15T00:19:16.8261728+05:30" testType="13cdc9d9-ddb5-4fa4-a97d-d965ccfc6d4b" outcome="Passed" testListId="8c84fa94-04c1-424b-9868-57a2d4851a1d" relativeResultsDirectory="ef4d820b-e3f2-4f02-8d27-3858fd0a04e7" />
    <UnitTestResult executionId="98bde0db-2a41-40ef-a3f9-1db666f0e203" testId="99c5a448-9a0f-9d2c-4766-35935057e13f" testName="LogisticsPro.API.GenAI.Tests.Integration.Generated.HYBRID.LogisticsTests.DeleteBatchItemSuccessfully" computerName="DESKTOP-A0N8TMD" duration="00:00:00.0008435" startTime="2026-06-15T00:19:16.7071700+05:30" endTime="2026-06-15T00:19:16.7071701+05:30" testType="13cdc9d9-ddb5-4fa4-a97d-d965ccfc6d4b" outcome="Passed" testListId="8c84fa94-04c1-424b-9868-57a2d4851a1d" relativeResultsDirectory="98bde0db-2a41-40ef-a3f9-1db666f0e203" />
    <UnitTestResult executionId="962101cc-1f4f-429d-b964-c8eedf51a0aa" testId="691cac98-0f66-da16-97e9-09353aff5bb1" testName="LogisticsPro.API.GenAI.Tests.Integration.Generated.HYBRID.JobTests.CreateReceiptAmountExceedsInvoiceRejected" computerName="DESKTOP-A0N8TMD" duration="00:00:00.0007068" startTime="2026-06-15T00:19:16.7370909+05:30" endTime="2026-06-15T00:19:16.7370910+05:30" testType="13cdc9d9-ddb5-4fa4-a97d-d965ccfc6d4b" outcome="Passed" testListId="8c84fa94-04c1-424b-9868-57a2d4851a1d" relativeResultsDirectory="962101cc-1f4f-429d-b964-c8eedf51a0aa" />
    <UnitTestResult executionId="565d01a1-df70-4d23-9d1b-5259a5fe5216" testId="ada764b8-67cc-4674-0e76-00bc7ff128e4" testName="LogisticsPro.API.GenAI.Tests.Integration.Generated.HYBRID.LogisticsTests.NegativeTestAttemptToRetrievePayableItemsForVendorWithNoPayables" computerName="DESKTOP-A0N8TMD" duration="00:00:00.0007406" startTime="2026-06-15T00:19:16.6387376+05:30" endTime="2026-06-15T00:19:16.6387377+05:30" testType="13cdc9d9-ddb5-4fa4-a97d-d965ccfc6d4b" outcome="Passed" testListId="8c84fa94-04c1-424b-9868-57a2d4851a1d" relativeResultsDirectory="565d01a1-df70-4d23-9d1b-5259a5fe5216" />
    <UnitTestResult executionId="d749a703-f434-4d18-8b33-fa80ac002b6b" testId="cf90d5ef-8ea9-dba8-3266-24d14a2c5fd5" testName="LogisticsPro.API.GenAI.Tests.Integration.Generated.HYBRID.JobTests.RetrieveVendorVisaServiceSuccessfully" computerName="DESKTOP-A0N8TMD" duration="00:00:00.0008032" startTime="2026-06-15T00:19:16.6334774+05:30" endTime="2026-06-15T00:19:16.6334775+05:30" testType="13cdc9d9-ddb5-4fa4-a97d-d965ccfc6d4b" outcome="Passed" testListId="8c84fa94-04c1-424b-9868-57a2d4851a1d" relativeResultsDirectory="d749a703-f434-4d18-8b33-fa80ac002b6b" />
    <UnitTestResult executionId="b35764a9-b593-4efa-9a8f-0d3542f5ca52" testId="d17fc212-e521-a294-7d60-5f031fc8c507" testName="LogisticsPro.API.GenAI.Tests.Integration.Generated.HYBRID.JobTests.JobCloseJobCardReturnsAResult" computerName="DESKTOP-A0N8TMD" duration="00:00:00.0011474" startTime="2026-06-15T00:19:16.5974018+05:30" endTime="2026-06-15T00:19:16.5974019+05:30" testType="13cdc9d9-ddb5-4fa4-a97d-d965ccfc6d4b" outcome="Passed" testListId="8c84fa94-04c1-424b-9868-57a2d4851a1d" relativeResultsDirectory="b35764a9-b593-4efa-9a8f-0d3542f5ca52" />
    <UnitTestResult executionId="718ff597-ebec-4c82-8f5e-5b97088876f4" testId="e804d049-10b1-26e5-5348-72f8cb34803c" testName="LogisticsPro.API.GenAI.Tests.Integration.Generated.HYBRID.JobTests.AllowSuccessfulServiceCostUpdateMaintainingOperationalFinancialLink" computerName="DESKTOP-A0N8TMD" duration="00:00:00.0007677" startTime="2026-06-15T00:19:16.8713213+05:30" endTime="2026-06-15T00:19:16.8713214+05:30" testType="13cdc9d9-ddb5-4fa4-a97d-d965ccfc6d4b" outcome="Passed" testListId="8c84fa94-04c1-424b-9868-57a2d4851a1d" relativeResultsDirectory="718ff597-ebec-4c82-8f5e-5b97088876f4" />
    <UnitTestResult executionId="eabd6277-8b74-4874-a054-be3efb0b41a5" testId="4d5839d1-e7f8-a68f-63b7-24cb4d07023e" testName="LogisticsPro.API.GenAI.Tests.Integration.Generated.HYBRID.JobTests.VerifyThatUninvoicedReportPreservesReferentialIntegrity" computerName="DESKTOP-A0N8TMD" duration="00:00:00.0008646" startTime="2026-06-15T00:19:16.7342823+05:30" endTime="2026-06-15T00:19:16.7342825+05:30" testType="13cdc9d9-ddb5-4fa4-a97d-d965ccfc6d4b" outcome="Passed" testListId="8c84fa94-04c1-424b-9868-57a2d4851a1d" relativeResultsDirectory="eabd6277-8b74-4874-a054-be3efb0b41a5" />
    <UnitTestResult executionId="daa8ccce-79e3-4bf0-b20f-4ff3f83a9483" testId="1f28fded-1cf1-0b7e-743f-d07ea7672945" testName="LogisticsPro.API.GenAI.Tests.Integration.Generated.HYBRID.JobTests.CreateTransportationEntryWithBlankPickupAndDropOffShouldFailValidation" computerName="DESKTOP-A0N8TMD" duration="00:00:00.0007977" startTime="2026-06-15T00:19:16.6179400+05:30" endTime="2026-06-15T00:19:16.6179401+05:30" testType="13cdc9d9-ddb5-4fa4-a97d-d965ccfc6d4b" outcome="Passed" testListId="8c84fa94-04c1-424b-9868-57a2d4851a1d" relativeResultsDirectory="daa8ccce-79e3-4bf0-b20f-4ff3f83a9483" />
    <UnitTestResult executionId="14984a68-8a9d-420d-aa9c-f476279518ba" testId="96c7b154-65b7-0e2a-b4ea-35d9649ba690" testName="LogisticsPro.API.GenAI.Tests.Integration.Generated.HYBRID.MasterTests.MasterSaveEventReturnsAResult" computerName="DESKTOP-A0N8TMD" duration="00:00:00.0036467" startTime="2026-06-15T00:19:16.5953910+05:30" endTime="2026-06-15T00:19:16.5953911+05:30" testType="13cdc9d9-ddb5-4fa4-a97d-d965ccfc6d4b" outcome="Passed" testListId="8c84fa94-04c1-424b-9868-57a2d4851a1d" relativeResultsDirectory="14984a68-8a9d-420d-aa9c-f476279518ba" />
    <UnitTestResult executionId="495aa283-5df0-49f3-91e4-51ea94562851" testId="b6a32404-5a09-7b4e-5916-6863cb01e236" testName="LogisticsPro.API.GenAI.Tests.Integration.Generated.HYBRID.LogisticsTests.CreateReceiptDeletePaymentVoucherItemNegativeScenario" computerName="DESKTOP-A0N8TMD" duration="00:00:00.0007845" startTime="2026-06-15T00:19:16.7018262+05:30" endTime="2026-06-15T00:19:16.7018262+05:30" testType="13cdc9d9-ddb5-4fa4-a97d-d965ccfc6d4b" outcome="Passed" testListId="8c84fa94-04c1-424b-9868-57a2d4851a1d" relativeResultsDirectory="495aa283-5df0-49f3-91e4-51ea94562851" />
    <UnitTestResult executionId="d0d27345-fb06-4896-9067-5171b5455ecc" testId="c33b016c-694e-c1fb-b617-2547750f11ff" testName="LogisticsPro.API.GenAI.Tests.Integration.Generated.HYBRID.LogisticsTests.RetrieveExistingCustomerInformation" computerName="DESKTOP-A0N8TMD" duration="00:00:00.0007514" startTime="2026-06-15T00:19:16.6519390+05:30" endTime="2026-06-15T00:19:16.6519391+05:30" testType="13cdc9d9-ddb5-4fa4-a97d-d965ccfc6d4b" outcome="Passed" testListId="8c84fa94-04c1-424b-9868-57a2d4851a1d" relativeResultsDirectory="d0d27345-fb06-4896-9067-5171b5455ecc" />
    <UnitTestResult executionId="a6a9b6fd-7919-4551-9378-caca5b7dedc0" testId="39c4904c-bd7a-6c62-511e-ecfd437c317c" testName="LogisticsPro.API.GenAI.Tests.Integration.Generated.HYBRID.MasterTests.CreateVendorWithMissingVendorName" computerName="DESKTOP-A0N8TMD" duration="00:00:00.0010698" startTime="2026-06-15T00:19:16.6178505+05:30" endTime="2026-06-15T00:19:16.6178507+05:30" testType="13cdc9d9-ddb5-4fa4-a97d-d965ccfc6d4b" outcome="Passed" testListId="8c84fa94-04c1-424b-9868-57a2d4851a1d" relativeResultsDirectory="a6a9b6fd-7919-4551-9378-caca5b7dedc0" />
    <UnitTestResult executionId="9ff99fa7-6ed0-478b-b3b4-5a801b4de44d" testId="e85aeb3d-2fda-89d7-0947-bbc878ccb2e8" testName="LogisticsPro.API.GenAI.Tests.Integration.Generated.HYBRID.JobTests.CreateVisaServiceWithEndDateBeforeStartDateToTriggerValidationError" computerName="DESKTOP-A0N8TMD" duration="00:00:00.0017491" startTime="2026-06-15T00:19:16.6391038+05:30" endTime="2026-06-15T00:19:16.6391039+05:30" testType="13cdc9d9-ddb5-4fa4-a97d-d965ccfc6d4b" outcome="Passed" testListId="8c84fa94-04c1-424b-9868-57a2d4851a1d" relativeResultsDirectory="9ff99fa7-6ed0-478b-b3b4-5a801b4de44d" />
    <UnitTestResult executionId="bc0b3ba7-0952-4f8f-9c84-3b0a5c22ed41" testId="3afef3d3-5ae2-8e78-4225-d4fbfe91230c" testName="LogisticsPro.API.GenAI.Tests.Integration.Generated.HYBRID.JobTests.RejectDeletionOfHotelServiceUnderClosedJobCard" computerName="DESKTOP-A0N8TMD" duration="00:00:00.0124876" startTime="2026-06-15T00:19:16.6987039+05:30" endTime="2026-06-15T00:19:16.6987039+05:30" testType="13cdc9d9-ddb5-4fa4-a97d-d965ccfc6d4b" outcome="Passed" testListId="8c84fa94-04c1-424b-9868-57a2d4851a1d" relativeResultsDirectory="bc0b3ba7-0952-4f8f-9c84-3b0a5c22ed41" />
    <UnitTestResult executionId="fb5cc690-366f-479e-8465-16b6d4a58cc8" testId="5c28de6b-4542-a414-f21e-6e11fcf665e7" testName="LogisticsPro.API.GenAI.Tests.Integration.Generated.HYBRID.JobTests.RejectRetrievalOfHotelServiceForNonExistentServiceID" computerName="DESKTOP-A0N8TMD" duration="00:00:00.0006317" startTime="2026-06-15T00:19:16.8735669+05:30" endTime="2026-06-15T00:19:16.8735671+05:30" testType="13cdc9d9-ddb5-4fa4-a97d-d965ccfc6d4b" outcome="Passed" testListId="8c84fa94-04c1-424b-9868-57a2d4851a1d" relativeResultsDirectory="fb5cc690-366f-479e-8465-16b6d4a58cc8" />
    <UnitTestResult executionId="4e6f6199-47b2-4eba-bffe-bca61c1c59ea" testId="3979adae-28e4-5e73-b0e1-88c483611f64" testName="LogisticsPro.API.GenAI.Tests.Integration.Generated.HYBRID.JobTests.VerifyRejectionOfPaymentVoucherCreationWithInvalidBatchIDReference" computerName="DESKTOP-A0N8TMD" duration="00:00:00.0006659" startTime="2026-06-15T00:19:16.9062618+05:30" endTime="2026-06-15T00:19:16.9062619+05:30" testType="13cdc9d9-ddb5-4fa4-a97d-d965ccfc6d4b" outcome="Passed" testListId="8c84fa94-04c1-424b-9868-57a2d4851a1d" relativeResultsDirectory="4e6f6199-47b2-4eba-bffe-bca61c1c59ea" />
    <UnitTestResult executionId="ae48eb17-a2ff-4385-a921-1fd26cad079c" testId="0ad6c16e-426e-5ffd-0777-29e0e2008434" testName="LogisticsPro.API.GenAI.Tests.Integration.Generated.HYBRID.LogisticsTests.CreateBatchWithValidItemsSuccessfully" computerName="DESKTOP-A0N8TMD" duration="00:00:00.0007293" startTime="2026-06-15T00:19:16.6795787+05:30" endTime="2026-06-15T00:19:16.6795789+05:30" testType="13cdc9d9-ddb5-4fa4-a97d-d965ccfc6d4b" outcome="Passed" testListId="8c84fa94-04c1-424b-9868-57a2d4851a1d" relativeResultsDirectory="ae48eb17-a2ff-4385-a921-1fd26cad079c" />
    <UnitTestResult executionId="806c0962-8410-4d23-94ea-f1d55fd74982" testId="a362ebbe-116a-95f5-0269-dfebf983aad6" testName="LogisticsPro.API.GenAI.Tests.Integration.Generated.HYBRID.JobTests.CloseJobCardWithoutMeetingPreconditionsShouldFailClosure" computerName="DESKTOP-A0N8TMD" duration="00:00:00.0008370" startTime="2026-06-15T00:19:16.6616498+05:30" endTime="2026-06-15T00:19:16.6616500+05:30" testType="13cdc9d9-ddb5-4fa4-a97d-d965ccfc6d4b" outcome="Passed" testListId="8c84fa94-04c1-424b-9868-57a2d4851a1d" relativeResultsDirectory="806c0962-8410-4d23-94ea-f1d55fd74982" />
    <UnitTestResult executionId="102fb65e-5a99-4cea-9789-a367331a406d" testId="20a45730-5391-f483-7bf0-23f4de9c793f" testName="LogisticsPro.API.GenAI.Tests.Integration.Generated.HYBRID.JobTests.PreventDeletionOfCustomerReferencedByBusinessTransactions" computerName="DESKTOP-A0N8TMD" duration="00:00:00.0006535" startTime="2026-06-15T00:19:16.7913771+05:30" endTime="2026-06-15T00:19:16.7913772+05:30" testType="13cdc9d9-ddb5-4fa4-a97d-d965ccfc6d4b" outcome="Passed" testListId="8c84fa94-04c1-424b-9868-57a2d4851a1d" relativeResultsDirectory="102fb65e-5a99-4cea-9789-a367331a406d" />
    <UnitTestResult executionId="c889c824-38b3-4fd1-ba7d-086eaf16f56a" testId="10deb4dd-0016-de8f-5c87-73429a4b2619" testName="LogisticsPro.API.GenAI.Tests.Integration.Generated.HYBRID.JobTests.JobSaveTransportationReturnsAResult" computerName="DESKTOP-A0N8TMD" duration="00:00:00.0026636" startTime="2026-06-15T00:19:16.8622884+05:30" endTime="2026-06-15T00:19:16.8622885+05:30" testType="13cdc9d9-ddb5-4fa4-a97d-d965ccfc6d4b" outcome="Passed" testListId="8c84fa94-04c1-424b-9868-57a2d4851a1d" relativeResultsDirectory="c889c824-38b3-4fd1-ba7d-086eaf16f56a" />
    <UnitTestResult executionId="2fee5044-8139-4239-b559-938a174b7bd9" testId="85222f70-a5f3-dd45-7a63-27378d057841" testName="LogisticsPro.API.GenAI.Tests.Integration.Generated.HYBRID.LogisticsTests.LogisticsGetProformaInvoiceReceiptsReturnsAResult" computerName="DESKTOP-A0N8TMD" duration="00:00:00.0014589" startTime="2026-06-15T00:19:16.6643275+05:30" endTime="2026-06-15T00:19:16.6643276+05:30" testType="13cdc9d9-ddb5-4fa4-a97d-d965ccfc6d4b" outcome="Passed" testListId="8c84fa94-04c1-424b-9868-57a2d4851a1d" relativeResultsDirectory="2fee5044-8139-4239-b559-938a174b7bd9" />
    <UnitTestResult executionId="9fb8e1ee-4b1f-4bd0-868f-86df422a0327" testId="3827ae07-c726-daef-b7df-153813dbf3b8" testName="LogisticsPro.API.GenAI.Tests.Integration.Generated.HYBRID.LogisticsTests.CreateCustomerInvalidAuthenticationUnauthorized" computerName="DESKTOP-A0N8TMD" duration="00:00:00.0023344" startTime="2026-06-15T00:19:16.5957790+05:30" endTime="2026-06-15T00:19:16.5957790+05:30" testType="13cdc9d9-ddb5-4fa4-a97d-d965ccfc6d4b" outcome="Passed" testListId="8c84fa94-04c1-424b-9868-57a2d4851a1d" relativeResultsDirectory="9fb8e1ee-4b1f-4bd0-868f-86df422a0327" />
    <UnitTestResult executionId="0eb6d421-c242-4162-bb2d-8adee7d5ff40" testId="b0063618-e584-3e47-4540-d9e46600e452" testName="LogisticsPro.API.GenAI.Tests.Integration.Generated.HYBRID.JobTests.CreateEventSuccessfully" computerName="DESKTOP-A0N8TMD" duration="00:00:00.0007326" startTime="2026-06-15T00:19:16.8133935+05:30" endTime="2026-06-15T00:19:16.8133936+05:30" testType="13cdc9d9-ddb5-4fa4-a97d-d965ccfc6d4b" outcome="Passed" testListId="8c84fa94-04c1-424b-9868-57a2d4851a1d" relativeResultsDirectory="0eb6d421-c242-4162-bb2d-8adee7d5ff40" />
    <UnitTestResult executionId="c3ab5c32-0b3a-4fc8-8ce7-0288f7e2d345" testId="eafafbcd-cc39-d565-1380-b2496562ed07" testName="LogisticsPro.API.GenAI.Tests.Integration.Generated.HYBRID.JobTests.CreateHotelServiceWithUniqueJobCardIdSuccess" computerName="DESKTOP-A0N8TMD" duration="00:00:00.0009146" startTime="2026-06-15T00:19:16.6283205+05:30" endTime="2026-06-15T00:19:16.6283205+05:30" testType="13cdc9d9-ddb5-4fa4-a97d-d965ccfc6d4b" outcome="Passed" testListId="8c84fa94-04c1-424b-9868-57a2d4851a1d" relativeResultsDirectory="c3ab5c32-0b3a-4fc8-8ce7-0288f7e2d345" />
    <UnitTestResult executionId="62ac1e66-b3cb-4ec5-bf47-c61292bc97b4" testId="f0185b88-7fcb-a24b-b6f4-bbf2785378bf" testName="LogisticsPro.API.GenAI.Tests.Integration.Generated.HYBRID.JobTests.VerifyProfitAndLossReportReflectsAccurateRevenueAndCostFigures" computerName="DESKTOP-A0N8TMD" duration="00:00:00.0009068" startTime="2026-06-15T00:19:16.9116141+05:30" endTime="2026-06-15T00:19:16.9116143+05:30" testType="13cdc9d9-ddb5-4fa4-a97d-d965ccfc6d4b" outcome="Passed" testListId="8c84fa94-04c1-424b-9868-57a2d4851a1d" relativeResultsDirectory="62ac1e66-b3cb-4ec5-bf47-c61292bc97b4" />
    <UnitTestResult executionId="da320107-5815-4a1d-9327-f146fecdeae1" testId="0d1b7314-30ff-1cb2-b785-7c935b9d17c8" testName="LogisticsPro.API.GenAI.Tests.Integration.Generated.HYBRID.JobTests.AttemptToAddInvalidHotelServiceItemToBatchShouldFailValidation" computerName="DESKTOP-A0N8TMD" duration="00:00:00.0007845" startTime="2026-06-15T00:19:16.8506202+05:30" endTime="2026-06-15T00:19:16.8506203+05:30" testType="13cdc9d9-ddb5-4fa4-a97d-d965ccfc6d4b" outcome="Passed" testListId="8c84fa94-04c1-424b-9868-57a2d4851a1d" relativeResultsDirectory="da320107-5815-4a1d-9327-f146fecdeae1" />
    <UnitTestResult executionId="8221ee74-95fc-4769-9334-294f25fddc8c" testId="f85d7318-1349-bc12-f4b2-98f236033483" testName="LogisticsPro.API.GenAI.Tests.Integration.Generated.HYBRID.JobTests.CreateReceiptToVoidedInvoiceFailure" computerName="DESKTOP-A0N8TMD" duration="00:00:00.0008157" startTime="2026-06-15T00:19:16.6263984+05:30" endTime="2026-06-15T00:19:16.6263985+05:30" testType="13cdc9d9-ddb5-4fa4-a97d-d965ccfc6d4b" outcome="Passed" testListId="8c84fa94-04c1-424b-9868-57a2d4851a1d" relativeResultsDirectory="8221ee74-95fc-4769-9334-294f25fddc8c" />
    <UnitTestResult executionId="c1a07053-f388-47bb-906c-24186d920890" testId="ee99cf48-7b54-9414-69a6-b4d44942a514" testName="LogisticsPro.API.GenAI.Tests.Integration.Generated.HYBRID.LogisticsTests.VerifyDownstreamIntegrityOnUpdatingCustomerBillableItems" computerName="DESKTOP-A0N8TMD" duration="00:00:00.0010833" startTime="2026-06-15T00:19:16.6207774+05:30" endTime="2026-06-15T00:19:16.6207775+05:30" testType="13cdc9d9-ddb5-4fa4-a97d-d965ccfc6d4b" outcome="Passed" testListId="8c84fa94-04c1-424b-9868-57a2d4851a1d" relativeResultsDirectory="c1a07053-f388-47bb-906c-24186d920890" />
    <UnitTestResult executionId="c05baecd-8076-48b8-be7e-0e7d4f5a91b8" testId="a3f1fa43-8d81-7258-8254-e313c8929411" testName="LogisticsPro.API.GenAI.Tests.Integration.Generated.HYBRID.JobTests.RejectEditingServiceCostWhenParentJobcardIsClosed" computerName="DESKTOP-A0N8TMD" duration="00:00:00.0007122" startTime="2026-06-15T00:19:16.6371688+05:30" endTime="2026-06-15T00:19:16.6371688+05:30" testType="13cdc9d9-ddb5-4fa4-a97d-d965ccfc6d4b" outcome="Passed" testListId="8c84fa94-04c1-424b-9868-57a2d4851a1d" relativeResultsDirectory="c05baecd-8076-48b8-be7e-0e7d4f5a91b8" />
    <UnitTestResult executionId="63aa5f51-cdaa-4d73-af03-0ca6ee70abdf" testId="e34f2f0a-dfdd-de16-7209-6aee818c1624" testName="LogisticsPro.API.GenAI.Tests.Integration.Generated.HYBRID.JobTests.CreateHotelServiceFailingDueToMissingJobId" computerName="DESKTOP-A0N8TMD" duration="00:00:00.0034874" startTime="2026-06-15T00:19:16.8855589+05:30" endTime="2026-06-15T00:19:16.8855590+05:30" testType="13cdc9d9-ddb5-4fa4-a97d-d965ccfc6d4b" outcome="Passed" testListId="8c84fa94-04c1-424b-9868-57a2d4851a1d" relativeResultsDirectory="63aa5f51-cdaa-4d73-af03-0ca6ee70abdf" />
    <UnitTestResult executionId="5ee58d8c-d2e5-4fde-943c-79f2ba279fcf" testId="8b3d2598-419b-ae1a-f158-679c7525bca6" testName="LogisticsPro.API.GenAI.Tests.Integration.Generated.HYBRID.LogisticsTests.RetrieveBillableItemsForExistingCustomerShouldReturnItems" computerName="DESKTOP-A0N8TMD" duration="00:00:00.0008235" startTime="2026-06-15T00:19:16.6134926+05:30" endTime="2026-06-15T00:19:16.6134926+05:30" testType="13cdc9d9-ddb5-4fa4-a97d-d965ccfc6d4b" outcome="Passed" testListId="8c84fa94-04c1-424b-9868-57a2d4851a1d" relativeResultsDirectory="5ee58d8c-d2e5-4fde-943c-79f2ba279fcf" />
    <UnitTestResult executionId="86fdae90-36fd-4e2f-84c9-a73a59158801" testId="325617f5-4cde-3281-0e5a-82d5ead5ff17" testName="LogisticsPro.API.GenAI.Tests.Integration.Generated.HYBRID.JobTests.PutServiceCostsShouldRejectInvalidCostDataWithClearValidationMessage" computerName="DESKTOP-A0N8TMD" duration="00:00:00.0006261" startTime="2026-06-15T00:19:16.7609016+05:30" endTime="2026-06-15T00:19:16.7609017+05:30" testType="13cdc9d9-ddb5-4fa4-a97d-d965ccfc6d4b" outcome="Passed" testListId="8c84fa94-04c1-424b-9868-57a2d4851a1d" relativeResultsDirectory="86fdae90-36fd-4e2f-84c9-a73a59158801" />
    <UnitTestResult executionId="5d57c170-65ee-4129-8d1c-a0709f654bb4" testId="d46d0288-e224-de13-1401-446fc1cc835d" testName="LogisticsPro.API.GenAI.Tests.Integration.Generated.HYBRID.JobTests.RejectModificationToClosedJobCard" computerName="DESKTOP-A0N8TMD" duration="00:00:00.0081349" startTime="2026-06-15T00:19:16.5962317+05:30" endTime="2026-06-15T00:19:16.5962317+05:30" testType="13cdc9d9-ddb5-4fa4-a97d-d965ccfc6d4b" outcome="Passed" testListId="8c84fa94-04c1-424b-9868-57a2d4851a1d" relativeResultsDirectory="5d57c170-65ee-4129-8d1c-a0709f654bb4" />
    <UnitTestResult executionId="777f3784-5e7d-4193-a8dd-f644b194d3ea" testId="14db8ba9-d54b-3b3d-62e2-e07c5d1088be" testName="LogisticsPro.API.GenAI.Tests.Integration.Generated.HYBRID.JobTests.VerifyAuditVisibilityAfterReceiptVoidViaUninvoicedReport" computerName="DESKTOP-A0N8TMD" duration="00:00:00.0006837" startTime="2026-06-15T00:19:16.8871957+05:30" endTime="2026-06-15T00:19:16.8871958+05:30" testType="13cdc9d9-ddb5-4fa4-a97d-d965ccfc6d4b" outcome="Passed" testListId="8c84fa94-04c1-424b-9868-57a2d4851a1d" relativeResultsDirectory="777f3784-5e7d-4193-a8dd-f644b194d3ea" />
    <UnitTestResult executionId="0102b691-bc6b-4d91-a679-7c7a870b3d40" testId="df295dd7-c933-3af6-1b6d-664c0f7984f6" testName="LogisticsPro.API.GenAI.Tests.Integration.Generated.HYBRID.LogisticsTests.LogisticsSaveReceiptReturnsAResult" computerName="DESKTOP-A0N8TMD" duration="00:00:00.0018237" startTime="2026-06-15T00:19:16.6813904+05:30" endTime="2026-06-15T00:19:16.6813906+05:30" testType="13cdc9d9-ddb5-4fa4-a97d-d965ccfc6d4b" outcome="Passed" testListId="8c84fa94-04c1-424b-9868-57a2d4851a1d" relativeResultsDirectory="0102b691-bc6b-4d91-a679-7c7a870b3d40" />
    <UnitTestResult executionId="0a66f308-b191-44c5-958e-897974585de5" testId="670bbcaa-598c-816b-1252-53023243bd6a" testName="LogisticsPro.API.GenAI.Tests.Integration.Generated.HYBRID.JobTests.PositiveTestVerifyReceiptTraceabilityWithInvoiceLink" computerName="DESKTOP-A0N8TMD" duration="00:00:00.0007731" startTime="2026-06-15T00:19:16.5965032+05:30" endTime="2026-06-15T00:19:16.5965033+05:30" testType="13cdc9d9-ddb5-4fa4-a97d-d965ccfc6d4b" outcome="Passed" testListId="8c84fa94-04c1-424b-9868-57a2d4851a1d" relativeResultsDirectory="0a66f308-b191-44c5-958e-897974585de5" />
    <UnitTestResult executionId="be3f2d38-b633-4bd5-85e2-eac99d96fa0e" testId="ce7b6f6b-84f5-f8bc-ab1b-f8f07d123725" testName="LogisticsPro.API.GenAI.Tests.Integration.Generated.HYBRID.JobTests.ValidationOfHotelServiceDeletionWithNonExistentIDReturnsError" computerName="DESKTOP-A0N8TMD" duration="00:00:00.0008768" startTime="2026-06-15T00:19:16.6001944+05:30" endTime="2026-06-15T00:19:16.6001945+05:30" testType="13cdc9d9-ddb5-4fa4-a97d-d965ccfc6d4b" outcome="Passed" testListId="8c84fa94-04c1-424b-9868-57a2d4851a1d" relativeResultsDirectory="be3f2d38-b633-4bd5-85e2-eac99d96fa0e" />
    <UnitTestResult executionId="1094d594-f9c2-444b-985e-0e5cd422fb2d" testId="76270632-77c3-68b0-b9cf-15e9afe66bba" testName="LogisticsPro.API.GenAI.Tests.Integration.Generated.HYBRID.JobTests.RetrievePaymentVoucherInformationSuccessfully" computerName="DESKTOP-A0N8TMD" duration="00:00:00.0008848" startTime="2026-06-15T00:19:16.8524135+05:30" endTime="2026-06-15T00:19:16.8524136+05:30" testType="13cdc9d9-ddb5-4fa4-a97d-d965ccfc6d4b" outcome="Passed" testListId="8c84fa94-04c1-424b-9868-57a2d4851a1d" relativeResultsDirectory="1094d594-f9c2-444b-985e-0e5cd422fb2d" />
    <UnitTestResult executionId="8bdee57b-9ac2-4682-84b5-053b9534282a" testId="e9ac979f-9bca-b9d3-c35c-c48afb90043c" testName="LogisticsPro.API.GenAI.Tests.Integration.Generated.HYBRID.JobTests.JobGetJobLineItemsReturnsAResult" computerName="DESKTOP-A0N8TMD" duration="00:00:00.0014762" startTime="2026-06-15T00:19:16.8555378+05:30" endTime="2026-06-15T00:19:16.8555379+05:30" testType="13cdc9d9-ddb5-4fa4-a97d-d965ccfc6d4b" outcome="Passed" testListId="8c84fa94-04c1-424b-9868-57a2d4851a1d" relativeResultsDirectory="8bdee57b-9ac2-4682-84b5-053b9534282a" />
    <UnitTestResult executionId="86fbbff7-9a9a-48e5-8192-778d93e88757" testId="c52b66af-c7ce-6b4d-a424-65ab06dd8713" testName="LogisticsPro.API.GenAI.Tests.Integration.Generated.HYBRID.LogisticsTests.NegativeDeletePaymentVoucherItemInUseByFinalInvoice" computerName="DESKTOP-A0N8TMD" duration="00:00:00.0007873" startTime="2026-06-15T00:19:16.7035291+05:30" endTime="2026-06-15T00:19:16.7035293+05:30" testType="13cdc9d9-ddb5-4fa4-a97d-d965ccfc6d4b" outcome="Passed" testListId="8c84fa94-04c1-424b-9868-57a2d4851a1d" relativeResultsDirectory="86fbbff7-9a9a-48e5-8192-778d93e88757" />
    <UnitTestResult executionId="94b8f652-7167-4df2-9c82-3a218b352ba3" testId="acf97e76-7fda-dcf6-614d-7dcd6d331ac9" testName="LogisticsPro.API.GenAI.Tests.Integration.Generated.HYBRID.LogisticsTests.BlockDeletionOfPaymentVoucherItemsWhenInvoiceIsFinalized" computerName="DESKTOP-A0N8TMD" duration="00:00:00.0008485" startTime="2026-06-15T00:19:16.6255165+05:30" endTime="2026-06-15T00:19:16.6255166+05:30" testType="13cdc9d9-ddb5-4fa4-a97d-d965ccfc6d4b" outcome="Passed" testListId="8c84fa94-04c1-424b-9868-57a2d4851a1d" relativeResultsDirectory="94b8f652-7167-4df2-9c82-3a218b352ba3" />
    <UnitTestResult executionId="c9be7d0b-f9d5-4418-b63a-6d4a0e5b77ec" testId="297eeed9-14fc-5eb8-eb3c-f35a9f519201" testName="LogisticsPro.API.GenAI.Tests.Integration.Generated.HYBRID.MasterTests.CreateVendorWithInvalidServiceType" computerName="DESKTOP-A0N8TMD" duration="00:00:00.0015571" startTime="2026-06-15T00:19:16.5944266+05:30" endTime="2026-06-15T00:19:16.5944267+05:30" testType="13cdc9d9-ddb5-4fa4-a97d-d965ccfc6d4b" outcome="Passed" testListId="8c84fa94-04c1-424b-9868-57a2d4851a1d" relativeResultsDirectory="c9be7d0b-f9d5-4418-b63a-6d4a0e5b77ec" />
    <UnitTestResult executionId="15a936e6-3ab0-404f-95d7-64af7c2a2447" testId="6ab8c814-87ab-c641-24c9-8a57e18d8894" testName="LogisticsPro.API.GenAI.Tests.Integration.Generated.HYBRID.MasterTests.MasterSaveUserReturnsAResult" computerName="DESKTOP-A0N8TMD" duration="00:00:00.0014284" startTime="2026-06-15T00:19:16.6022664+05:30" endTime="2026-06-15T00:19:16.6022664+05:30" testType="13cdc9d9-ddb5-4fa4-a97d-d965ccfc6d4b" outcome="Passed" testListId="8c84fa94-04c1-424b-9868-57a2d4851a1d" relativeResultsDirectory="15a936e6-3ab0-404f-95d7-64af7c2a2447" />
    <UnitTestResult executionId="039650f0-3743-4ef7-b8a5-e908e6920061" testId="b86719d1-8727-6baf-1439-012401dc4364" testName="LogisticsPro.API.GenAI.Tests.Integration.Generated.HYBRID.JobTests.FailToDeleteMiscellaneousServiceThatDoesNotExist" computerName="DESKTOP-A0N8TMD" duration="00:00:00.0027828" startTime="2026-06-15T00:19:16.5639051+05:30" endTime="2026-06-15T00:19:16.5639052+05:30" testType="13cdc9d9-ddb5-4fa4-a97d-d965ccfc6d4b" outcome="Passed" testListId="8c84fa94-04c1-424b-9868-57a2d4851a1d" relativeResultsDirectory="039650f0-3743-4ef7-b8a5-e908e6920061" />
    <UnitTestResult executionId="a196a3fb-8228-4bf6-b2bd-b018b9e9f001" testId="4f4e4571-40f0-37ef-3d65-1be16ab0fb54" testName="LogisticsPro.API.GenAI.Tests.Integration.Generated.HYBRID.JobTests.VoidReceiptAndVerifyTransactionHistoryPreserved" computerName="DESKTOP-A0N8TMD" duration="00:00:00.0007917" startTime="2026-06-15T00:19:16.7080335+05:30" endTime="2026-06-15T00:19:16.7080337+05:30" testType="13cdc9d9-ddb5-4fa4-a97d-d965ccfc6d4b" outcome="Passed" testListId="8c84fa94-04c1-424b-9868-57a2d4851a1d" relativeResultsDirectory="a196a3fb-8228-4bf6-b2bd-b018b9e9f001" />
    <UnitTestResult executionId="1b3e5271-e2df-4452-ae3f-843afaa32bd2" testId="97392d4c-285c-b292-1bae-359670533434" testName="LogisticsPro.API.GenAI.Tests.Integration.Generated.HYBRID.JobTests.PutServiceCostsShouldUpdateCostsAndReflectInReports" computerName="DESKTOP-A0N8TMD" duration="00:00:00.0006708" startTime="2026-06-15T00:19:16.7875483+05:30" endTime="2026-06-15T00:19:16.7875485+05:30" testType="13cdc9d9-ddb5-4fa4-a97d-d965ccfc6d4b" outcome="Passed" testListId="8c84fa94-04c1-424b-9868-57a2d4851a1d" relativeResultsDirectory="1b3e5271-e2df-4452-ae3f-843afaa32bd2" />
    <UnitTestResult executionId="0e43b5b0-a952-4e37-a509-80e0d98a292e" testId="9dcf15c1-fab3-c0c8-15f5-f1d259fd3724" testName="LogisticsPro.API.GenAI.Tests.Integration.Generated.HYBRID.JobTests.RejectDeletionOfFinancialTransactionsThatViolatesAuditPreservation" computerName="DESKTOP-A0N8TMD" duration="00:00:00.0007524" startTime="2026-06-15T00:19:16.8371369+05:30" endTime="2026-06-15T00:19:16.8371371+05:30" testType="13cdc9d9-ddb5-4fa4-a97d-d965ccfc6d4b" outcome="Passed" testListId="8c84fa94-04c1-424b-9868-57a2d4851a1d" relativeResultsDirectory="0e43b5b0-a952-4e37-a509-80e0d98a292e" />
    <UnitTestResult executionId="a582c5ba-8d33-4d0e-9154-6bb8b965cffa" testId="b8f31ecf-8d3a-581f-6fc1-9acb4850df20" testName="LogisticsPro.API.GenAI.Tests.Integration.Generated.HYBRID.MasterTests.PositiveTokenValidationOnPOSTApiAuthLogin" computerName="DESKTOP-A0N8TMD" duration="00:00:00.0008850" startTime="2026-06-15T00:19:16.5945634+05:30" endTime="2026-06-15T00:19:16.5945634+05:30" testType="13cdc9d9-ddb5-4fa4-a97d-d965ccfc6d4b" outcome="Passed" testListId="8c84fa94-04c1-424b-9868-57a2d4851a1d" relativeResultsDirectory="a582c5ba-8d33-4d0e-9154-6bb8b965cffa" />
    <UnitTestResult executionId="71989f53-ad49-4bac-be4b-c41d0b1c608d" testId="a5a39ceb-8030-a919-ef98-d77b62f5735d" testName="LogisticsPro.API.GenAI.Tests.Integration.Generated.HYBRID.JobTests.RejectHotelServiceCreationWithNonNumericCost" computerName="DESKTOP-A0N8TMD" duration="00:00:00.0007703" startTime="2026-06-15T00:19:16.7212269+05:30" endTime="2026-06-15T00:19:16.7212270+05:30" testType="13cdc9d9-ddb5-4fa4-a97d-d965ccfc6d4b" outcome="Passed" testListId="8c84fa94-04c1-424b-9868-57a2d4851a1d" relativeResultsDirectory="71989f53-ad49-4bac-be4b-c41d0b1c608d" />
    <UnitTestResult executionId="f3759ec4-cab7-4b0f-a46f-c34d73c90c53" testId="5f9a0dd7-cd2b-59eb-ffc6-85901f71083f" testName="LogisticsPro.API.GenAI.Tests.Integration.Generated.HYBRID.LogisticsTests.LogisticsVoidProformaInvoiceReturnsAResult" computerName="DESKTOP-A0N8TMD" duration="00:00:00.0012183" startTime="2026-06-15T00:19:16.5982982+05:30" endTime="2026-06-15T00:19:16.5982983+05:30" testType="13cdc9d9-ddb5-4fa4-a97d-d965ccfc6d4b" outcome="Passed" testListId="8c84fa94-04c1-424b-9868-57a2d4851a1d" relativeResultsDirectory="f3759ec4-cab7-4b0f-a46f-c34d73c90c53" />
    <UnitTestResult executionId="6a66fa70-7dc4-4977-8958-1a55773aa362" testId="40e13497-dad7-07a7-6ca2-f358aa055177" testName="LogisticsPro.API.GenAI.Tests.Integration.Generated.HYBRID.JobTests.VerifyInvoiceTotalsMatchChargeableContentFromUninvoicedReport" computerName="DESKTOP-A0N8TMD" duration="00:00:00.0009669" startTime="2026-06-15T00:19:16.7221292+05:30" endTime="2026-06-15T00:19:16.7221293+05:30" testType="13cdc9d9-ddb5-4fa4-a97d-d965ccfc6d4b" outcome="Passed" testListId="8c84fa94-04c1-424b-9868-57a2d4851a1d" relativeResultsDirectory="6a66fa70-7dc4-4977-8958-1a55773aa362" />
    <UnitTestResult executionId="4d5703bf-5519-41f8-b75e-35b653a5362d" testId="d739887f-819b-1d7e-ef09-df704a68b870" testName="LogisticsPro.API.GenAI.Tests.Integration.Generated.HYBRID.JobTests.VerifyUninvoicedReportIncludesValidBusinessContentNotYetInvoiced" computerName="DESKTOP-A0N8TMD" duration="00:00:00.0009806" startTime="2026-06-15T00:19:16.5965297+05:30" endTime="2026-06-15T00:19:16.5965298+05:30" testType="13cdc9d9-ddb5-4fa4-a97d-d965ccfc6d4b" outcome="Passed" testListId="8c84fa94-04c1-424b-9868-57a2d4851a1d" relativeResultsDirectory="4d5703bf-5519-41f8-b75e-35b653a5362d" />
    <UnitTestResult executionId="80204887-2d0d-432c-9ce2-d3217f554b8b" testId="53bb2aee-96e9-f29a-109d-36e40ba0f0ed" testName="LogisticsPro.API.GenAI.Tests.Integration.Generated.HYBRID.JobTests.RejectServiceCostUpdateForClosedJobCard" computerName="DESKTOP-A0N8TMD" duration="00:00:00.0008844" startTime="2026-06-15T00:19:16.7838271+05:30" endTime="2026-06-15T00:19:16.7838272+05:30" testType="13cdc9d9-ddb5-4fa4-a97d-d965ccfc6d4b" outcome="Passed" testListId="8c84fa94-04c1-424b-9868-57a2d4851a1d" relativeResultsDirectory="80204887-2d0d-432c-9ce2-d3217f554b8b" />
    <UnitTestResult executionId="11e666e1-aff9-4eb5-bd97-ed6dbeca6386" testId="909a1a64-3ed0-1a89-ca99-f0a6acd7e020" testName="LogisticsPro.API.GenAI.Tests.Integration.Generated.HYBRID.JobTests.RejectJobCardClosureWhenInvalidServiceLinesArePresent" computerName="DESKTOP-A0N8TMD" duration="00:00:00.0007448" startTime="2026-06-15T00:19:16.7204079+05:30" endTime="2026-06-15T00:19:16.7204080+05:30" testType="13cdc9d9-ddb5-4fa4-a97d-d965ccfc6d4b" outcome="Passed" testListId="8c84fa94-04c1-424b-9868-57a2d4851a1d" relativeResultsDirectory="11e666e1-aff9-4eb5-bd97-ed6dbeca6386" />
    <UnitTestResult executionId="5af9d446-ce7b-490c-b57f-dddfbd660d4b" testId="4fe5e493-8b96-e1da-2d75-970afb42ee5b" testName="LogisticsPro.API.GenAI.Tests.Integration.Generated.HYBRID.JobTests.CreateServiceWithInvalidServiceType" computerName="DESKTOP-A0N8TMD" duration="00:00:00.0006625" startTime="2026-06-15T00:19:16.7131910+05:30" endTime="2026-06-15T00:19:16.7131911+05:30" testType="13cdc9d9-ddb5-4fa4-a97d-d965ccfc6d4b" outcome="Passed" testListId="8c84fa94-04c1-424b-9868-57a2d4851a1d" relativeResultsDirectory="5af9d446-ce7b-490c-b57f-dddfbd660d4b" />
    <UnitTestResult executionId="c33880f3-1253-406a-9678-c0f0519bd3c4" testId="513d1a6a-ea22-4d1d-b4de-d9a42ca1a042" testName="LogisticsPro.API.GenAI.Tests.Integration.Generated.HYBRID.JobTests.RetrieveExistingJobCardByIdShouldReturnJobCard" computerName="DESKTOP-A0N8TMD" duration="00:00:00.0006400" startTime="2026-06-15T00:19:16.7446751+05:30" endTime="2026-06-15T00:19:16.7446753+05:30" testType="13cdc9d9-ddb5-4fa4-a97d-d965ccfc6d4b" outcome="Passed" testListId="8c84fa94-04c1-424b-9868-57a2d4851a1d" relativeResultsDirectory="c33880f3-1253-406a-9678-c0f0519bd3c4" />
    <UnitTestResult executionId="e07a9100-3f34-444c-8a61-4cc4f495577f" testId="865ccf7b-0392-652e-b304-7d770d776abb" testName="LogisticsPro.API.GenAI.Tests.Integration.Generated.HYBRID.JobTests.DeleteVisaServiceItemNotIncludedInFinalizedFinancialProcessShouldSucceed" computerName="DESKTOP-A0N8TMD" duration="00:00:00.0007567" startTime="2026-06-15T00:19:16.8978133+05:30" endTime="2026-06-15T00:19:16.8978135+05:30" testType="13cdc9d9-ddb5-4fa4-a97d-d965ccfc6d4b" outcome="Passed" testListId="8c84fa94-04c1-424b-9868-57a2d4851a1d" relativeResultsDirectory="e07a9100-3f34-444c-8a61-4cc4f495577f" />
    <UnitTestResult executionId="be66e423-f848-4b37-a8aa-257c25df1566" testId="f9392cef-9b2c-5a90-94f5-2ecc5119829e" testName="LogisticsPro.API.GenAI.Tests.Integration.Generated.HYBRID.JobTests.RetrieveUninvoicedOperationalItemsToVerifyEligibilityForBatching" computerName="DESKTOP-A0N8TMD" duration="00:00:00.0007393" startTime="2026-06-15T00:19:16.8779185+05:30" endTime="2026-06-15T00:19:16.8779186+05:30" testType="13cdc9d9-ddb5-4fa4-a97d-d965ccfc6d4b" outcome="Passed" testListId="8c84fa94-04c1-424b-9868-57a2d4851a1d" relativeResultsDirectory="be66e423-f848-4b37-a8aa-257c25df1566" />
    <UnitTestResult executionId="e957da59-7051-483f-b837-fdcd95d54b60" testId="e1fc3f80-3f2c-e079-e10f-92c1f176ce52" testName="LogisticsPro.API.GenAI.Tests.Integration.Generated.HYBRID.JobTests.VerifyAuditabilityOfInvoiceVoiding" computerName="DESKTOP-A0N8TMD" duration="00:00:00.0007048" startTime="2026-06-15T00:19:16.7762261+05:30" endTime="2026-06-15T00:19:16.7762262+05:30" testType="13cdc9d9-ddb5-4fa4-a97d-d965ccfc6d4b" outcome="Passed" testListId="8c84fa94-04c1-424b-9868-57a2d4851a1d" relativeResultsDirectory="e957da59-7051-483f-b837-fdcd95d54b60" />
    <UnitTestResult executionId="1db8eb5c-89da-4069-a82f-f466ebe9a05a" testId="a2ee605f-8748-4d75-865f-29846b7bcf3f" testName="LogisticsPro.API.GenAI.Tests.Integration.Generated.HYBRID.JobTests.JobRemoveMiscellaneousReturnsAResult" computerName="DESKTOP-A0N8TMD" duration="00:00:00.0014663" startTime="2026-06-15T00:19:16.5922446+05:30" endTime="2026-06-15T00:19:16.5922447+05:30" testType="13cdc9d9-ddb5-4fa4-a97d-d965ccfc6d4b" outcome="Passed" testListId="8c84fa94-04c1-424b-9868-57a2d4851a1d" relativeResultsDirectory="1db8eb5c-89da-4069-a82f-f466ebe9a05a" />
    <UnitTestResult executionId="d394a5a2-6231-4c43-a88d-f6960e2a1931" testId="2d8b8d56-5d30-8feb-5915-dd2c22777357" testName="LogisticsPro.API.GenAI.Tests.Integration.Generated.HYBRID.JobTests.AllowDeletionOfCustomerNotReferencedByAnyBusinessTransactions" computerName="DESKTOP-A0N8TMD" duration="00:00:00.0008922" startTime="2026-06-15T00:19:16.7062840+05:30" endTime="2026-06-15T00:19:16.7062841+05:30" testType="13cdc9d9-ddb5-4fa4-a97d-d965ccfc6d4b" outcome="Passed" testListId="8c84fa94-04c1-424b-9868-57a2d4851a1d" relativeResultsDirectory="d394a5a2-6231-4c43-a88d-f6960e2a1931" />
[...]
    <TestEntry testId="4ee86082-dc3a-26b0-c25c-e2e259226c3e" executionId="df794a55-7a37-49e5-a190-64e2024db8b1" testListId="8c84fa94-04c1-424b-9868-57a2d4851a1d" />
    <TestEntry testId="2b12b92e-8dc0-7310-6710-6749d316fb07" executionId="b951960e-c820-4375-a06f-840cbb781285" testListId="8c84fa94-04c1-424b-9868-57a2d4851a1d" />
    <TestEntry testId="a1da8791-693a-b4cb-c5f6-3d1f5ea95a17" executionId="253ed52a-e468-42b9-bdf7-3c5e60c22772" testListId="8c84fa94-04c1-424b-9868-57a2d4851a1d" />
    <TestEntry testId="d36cc6eb-4f49-c679-8364-03eed45c2a4c" executionId="fbec2a64-9275-41f4-96e8-9f81b349fe93" testListId="8c84fa94-04c1-424b-9868-57a2d4851a1d" />
    <TestEntry testId="44fc8397-5673-5dd4-9284-fbc89a8ad82b" executionId="dd0a4a04-2204-418b-a4f9-66a0488c8088" testListId="8c84fa94-04c1-424b-9868-57a2d4851a1d" />
    <TestEntry testId="53fa14e4-02e9-4337-ded0-188785f69299" executionId="07a50c80-232f-4c36-932e-1d27c60581dd" testListId="8c84fa94-04c1-424b-9868-57a2d4851a1d" />
    <TestEntry testId="e6a10e65-9ce7-e01d-20f1-2de27a12e975" executionId="cf183a67-85fd-450e-9337-e7271f07193f" testListId="8c84fa94-04c1-424b-9868-57a2d4851a1d" />
    <TestEntry testId="46950edf-fa10-031b-d96f-9261c65b9b15" executionId="8bf514ea-efa3-49f9-adda-9437bd25f346" testListId="8c84fa94-04c1-424b-9868-57a2d4851a1d" />
    <TestEntry testId="f028c910-f6b4-1dfe-2e10-c519094b4e61" executionId="d08973b7-8b96-4e29-9ac2-4ef5355c7954" testListId="8c84fa94-04c1-424b-9868-57a2d4851a1d" />
    <TestEntry testId="1a408a51-e49a-9c7f-46ba-08d2612c672b" executionId="b6f83a68-5528-47a9-a384-38e47aeb7b78" testListId="8c84fa94-04c1-424b-9868-57a2d4851a1d" />
    <TestEntry testId="0a8e9ca6-b8c6-7293-80df-5fd8de75c02e" executionId="19f62888-a66f-4155-8706-4bece4c020b0" testListId="8c84fa94-04c1-424b-9868-57a2d4851a1d" />
    <TestEntry testId="a9155a3e-df18-7b9b-70e5-1630fb112273" executionId="37b66043-8596-43b5-981b-d7ba2306f2ae" testListId="8c84fa94-04c1-424b-9868-57a2d4851a1d" />
    <TestEntry testId="38583059-5997-172b-c55a-e8f4187275c1" executionId="4bf9ff14-b1ce-46ef-8599-ca26bd9ac4f3" testListId="8c84fa94-04c1-424b-9868-57a2d4851a1d" />
    <TestEntry testId="fcd5a754-4d1a-8f69-bd9e-09f6df43d90b" executionId="0fdff8b4-8960-4515-84f0-f4bffedae225" testListId="8c84fa94-04c1-424b-9868-57a2d4851a1d" />
    <TestEntry testId="f6283d4c-5990-fb44-1945-2e6a1b2e4ef9" executionId="c413f0df-7d76-4fe8-a33a-9ef2476fcbca" testListId="8c84fa94-04c1-424b-9868-57a2d4851a1d" />
    <TestEntry testId="a852eed9-0927-9ddd-0313-a5e2bb04bab3" executionId="00a6d1ef-6823-4df3-88d1-5319aaac4aac" testListId="8c84fa94-04c1-424b-9868-57a2d4851a1d" />
    <TestEntry testId="bfe381b7-6777-5bb9-ffea-7b4ec85bea9c" executionId="b746e3a7-1bf0-4161-990f-eaf5117ccdaf" testListId="8c84fa94-04c1-424b-9868-57a2d4851a1d" />
    <TestEntry testId="c15f1a57-0733-5445-dd09-4a0515e4bf16" executionId="c922e209-4d0b-48ca-9cbe-e03b52602a68" testListId="8c84fa94-04c1-424b-9868-57a2d4851a1d" />
    <TestEntry testId="27b1d923-fdfa-32df-325a-3bc614a31878" executionId="200889d7-bf0d-4cd4-97b6-5987b815b5de" testListId="8c84fa94-04c1-424b-9868-57a2d4851a1d" />
    <TestEntry testId="407556a2-04b5-da1e-78f0-8d897e3a6275" executionId="1bbd5d83-1208-48da-82d9-fc68f19b5591" testListId="8c84fa94-04c1-424b-9868-57a2d4851a1d" />
    <TestEntry testId="1c2820ec-a22b-9c02-da91-0c6c74799cad" executionId="9e910649-7a1a-4c72-b6de-966760d3063c" testListId="8c84fa94-04c1-424b-9868-57a2d4851a1d" />
    <TestEntry testId="e1b09ef7-3dfa-5334-9d7d-ecf704923c4b" executionId="eae65e3f-a6b3-4b99-b4b8-3be9bacea687" testListId="8c84fa94-04c1-424b-9868-57a2d4851a1d" />
    <TestEntry testId="003303e0-dc67-3467-c309-d524f4bfaa71" executionId="8803efb9-a1f2-423a-887d-6dfdee77678e" testListId="8c84fa94-04c1-424b-9868-57a2d4851a1d" />
    <TestEntry testId="18f48906-6ab5-d936-dc72-92edde62bab2" executionId="3483ba18-7e57-4190-a453-05711253091f" testListId="8c84fa94-04c1-424b-9868-57a2d4851a1d" />
    <TestEntry testId="209bbe3e-b5ef-8de5-cf90-38ada29486e6" executionId="e9e871d8-961c-4441-8531-b30c182145f0" testListId="8c84fa94-04c1-424b-9868-57a2d4851a1d" />
    <TestEntry testId="b6d561ce-3a46-79ee-9c4f-c843f4711008" executionId="3f48dee8-72c2-4bd2-bf39-705116707336" testListId="8c84fa94-04c1-424b-9868-57a2d4851a1d" />
    <TestEntry testId="610c4e27-5532-89f6-a303-aa2bcca74508" executionId="6fa86dea-0597-4f87-9343-bb8686ed630b" testListId="8c84fa94-04c1-424b-9868-57a2d4851a1d" />
    <TestEntry testId="efc6721b-e1f0-e259-cf1b-4aaee47166d6" executionId="b65fce48-0166-4408-a472-874a852059cf" testListId="8c84fa94-04c1-424b-9868-57a2d4851a1d" />
    <TestEntry testId="21125905-a9cc-d5dc-84a2-d56ba72a5c80" executionId="03d0c2f2-3837-46a0-9612-476fa2e10750" testListId="8c84fa94-04c1-424b-9868-57a2d4851a1d" />
    <TestEntry testId="d2fd9617-13d2-76e6-d1c5-03509712142b" executionId="19c8fbad-bd78-49d4-8b49-79dafa115782" testListId="8c84fa94-04c1-424b-9868-57a2d4851a1d" />
    <TestEntry testId="8973dd60-168b-2433-8bdf-93979381a669" executionId="877ede8c-bb71-4438-802b-f3309d4a0090" testListId="8c84fa94-04c1-424b-9868-57a2d4851a1d" />
    <TestEntry testId="4617a737-78f1-f37a-7990-1567f9f03769" executionId="5784f332-f89b-45cd-970b-b3a0aa0c5fbe" testListId="8c84fa94-04c1-424b-9868-57a2d4851a1d" />
    <TestEntry testId="3c3d3325-6eec-b3f9-3587-82deee858869" executionId="35820fd8-88a4-4be8-bf5e-7c23e3447785" testListId="8c84fa94-04c1-424b-9868-57a2d4851a1d" />
    <TestEntry testId="563a4998-0cd1-cbc6-31bc-566d5d8e23ae" executionId="b6a02802-f2b7-4331-b53d-b834fadbd5e4" testListId="8c84fa94-04c1-424b-9868-57a2d4851a1d" />
    <TestEntry testId="0479f980-d14f-40eb-8746-9ea1380b26a3" executionId="dd37d419-a148-4aab-8e42-3330802374bf" testListId="8c84fa94-04c1-424b-9868-57a2d4851a1d" />
    <TestEntry testId="1c426fa3-a9a6-ac3d-edd0-127a4cf282d6" executionId="99913de9-6690-4a39-a232-a39330384708" testListId="8c84fa94-04c1-424b-9868-57a2d4851a1d" />
    <TestEntry testId="4b1ed024-041c-ace5-f5a1-037182e28ad3" executionId="ad7f5cb3-0271-424d-80de-33e9af9a9dc2" testListId="8c84fa94-04c1-424b-9868-57a2d4851a1d" />
    <TestEntry testId="953bc047-f2b9-efa5-65e1-53e5f181df9d" executionId="f42ec453-faa5-456b-a3e1-d76cdd2cca5c" testListId="8c84fa94-04c1-424b-9868-57a2d4851a1d" />
    <TestEntry testId="8a7bafb7-3932-05b3-71e0-38b66c0506ba" executionId="8276cebf-5e94-4d61-b9e8-a445ed3699a7" testListId="8c84fa94-04c1-424b-9868-57a2d4851a1d" />
    <TestEntry testId="e9ff438f-22c9-0fc0-d71d-832a0be4da4e" executionId="65bfb923-bf29-4209-95ca-9b958094a830" testListId="8c84fa94-04c1-424b-9868-57a2d4851a1d" />
    <TestEntry testId="7482e089-3546-5002-4360-502aea03725d" executionId="46c734c4-fca0-471e-bce5-3d718c79ef3a" testListId="8c84fa94-04c1-424b-9868-57a2d4851a1d" />
    <TestEntry testId="7d3ba629-001d-1131-189a-03a10a5f95fc" executionId="0ae4a162-7b9f-4aec-95f3-bdc104e37e17" testListId="8c84fa94-04c1-424b-9868-57a2d4851a1d" />
    <TestEntry testId="4913963e-407a-2117-a40e-130326e295d4" executionId="ae556940-a539-49b5-9b47-12de6725c5be" testListId="8c84fa94-04c1-424b-9868-57a2d4851a1d" />
    <TestEntry testId="c177a095-6033-f5f1-03a6-da656124a3db" executionId="9283b594-4bf3-4e17-aff6-05c480590f60" testListId="8c84fa94-04c1-424b-9868-57a2d4851a1d" />
    <TestEntry testId="c23c7e57-82f6-afa6-e9f3-4a00d3bda3ab" executionId="a896154d-61a8-4eb5-a32f-e501b32abdb2" testListId="8c84fa94-04c1-424b-9868-57a2d4851a1d" />
    <TestEntry testId="6316cc9e-7394-c4bd-afe5-884088b51b34" executionId="f49bd702-e42b-4701-bc51-4d178a51c6a2" testListId="8c84fa94-04c1-424b-9868-57a2d4851a1d" />
    <TestEntry testId="594adcc9-1795-96c3-e6f2-16a8dd6048f6" executionId="fd5f8d25-4154-45f7-8931-91264d106847" testListId="8c84fa94-04c1-424b-9868-57a2d4851a1d" />
    <TestEntry testId="d6c4d2b2-a00d-40fd-d437-41a82b0f122c" executionId="496cbaee-5ef7-43cd-a0e6-fd23b32d2b4b" testListId="8c84fa94-04c1-424b-9868-57a2d4851a1d" />
    <TestEntry testId="3090e8b2-1f3d-57fa-8beb-d2de0ee75239" executionId="c3846d48-1079-4aec-8b6a-9db034805297" testListId="8c84fa94-04c1-424b-9868-57a2d4851a1d" />
    <TestEntry testId="2e20de29-e67b-d0db-eb57-8f204247aa6c" executionId="0ec5148d-73b2-4989-91a8-122eba63ff70" testListId="8c84fa94-04c1-424b-9868-57a2d4851a1d" />
    <TestEntry testId="b404ff41-34fa-d7c8-fa61-5b12ac551f1e" executionId="ea7cefd5-36a1-4333-8a1b-99086c778819" testListId="8c84fa94-04c1-424b-9868-57a2d4851a1d" />
    <TestEntry testId="5c1b1460-fe15-6ced-ab3c-a7b852cba4cc" executionId="dd855d90-72dd-45ff-a541-bc52816d99fc" testListId="8c84fa94-04c1-424b-9868-57a2d4851a1d" />
    <TestEntry testId="d001f768-5bdb-70bc-cc21-49968c117160" executionId="a9ece3e3-fe26-4204-8a71-05765551aa89" testListId="8c84fa94-04c1-424b-9868-57a2d4851a1d" />
    <TestEntry testId="ce475ff8-6b0e-ba00-bd9f-23b3b5545129" executionId="acce4b13-be88-4a65-8061-5ceedd24020c" testListId="8c84fa94-04c1-424b-9868-57a2d4851a1d" />
    <TestEntry testId="0a98b6e1-270d-9e2a-31de-98b8bd8eab6a" executionId="d14e7091-fd52-4fac-aa66-f805ce89dd51" testListId="8c84fa94-04c1-424b-9868-57a2d4851a1d" />
    <TestEntry testId="7e80a9f7-b07a-d9f4-6396-250ae004cfe6" executionId="2111bcc3-3da5-4b58-a045-ca48427a9c16" testListId="8c84fa94-04c1-424b-9868-57a2d4851a1d" />
    <TestEntry testId="3fe17df7-81ec-eff1-b565-fe6ff9fbb295" executionId="abe8b52b-136a-4e87-ae41-660d89ac1432" testListId="8c84fa94-04c1-424b-9868-57a2d4851a1d" />
    <TestEntry testId="e2731919-7427-aa1e-7d40-4b1626590639" executionId="85398f31-e021-4b70-be98-a5b0292fe5a3" testListId="8c84fa94-04c1-424b-9868-57a2d4851a1d" />
    <TestEntry testId="002b0164-a2cc-62b9-93b2-edbf096c20a8" executionId="0fb033c9-ec8d-407d-8fb3-9b5efc0232df" testListId="8c84fa94-04c1-424b-9868-57a2d4851a1d" />
    <TestEntry testId="aa625482-963a-cc59-1969-98380f6b647d" executionId="13e67eec-3492-48f1-962d-7e81cd1b95cc" testListId="8c84fa94-04c1-424b-9868-57a2d4851a1d" />
    <TestEntry testId="c9f87747-3bad-8126-0da6-865520aa1319" executionId="12a1907e-7d4d-438d-9d79-1a6f9b2cdbbf" testListId="8c84fa94-04c1-424b-9868-57a2d4851a1d" />
    <TestEntry testId="34d80f4e-62c9-2128-b703-15dcf8949217" executionId="38f34f1c-e27a-4a5c-bf4e-79737af4aa0e" testListId="8c84fa94-04c1-424b-9868-57a2d4851a1d" />
    <TestEntry testId="544ddf08-3f47-6e08-970b-2ade83a2235c" executionId="8c38bd12-8585-447e-ba40-21670c106e59" testListId="8c84fa94-04c1-424b-9868-57a2d4851a1d" />
    <TestEntry testId="9d7f274d-f94b-25ba-6d1b-b02799d17859" executionId="96ca9e29-ff11-4a14-803f-d51320596f6f" testListId="8c84fa94-04c1-424b-9868-57a2d4851a1d" />
    <TestEntry testId="6e1702e1-aa3e-c6fd-a198-81a338ef737f" executionId="8ecb4ba3-9657-46e0-b69c-11e6d32e35aa" testListId="8c84fa94-04c1-424b-9868-57a2d4851a1d" />
    <TestEntry testId="15e98dd7-bb67-e245-60b7-05dbdd0d9acb" executionId="294f06bc-9390-4f23-bfaf-814eff35f396" testListId="8c84fa94-04c1-424b-9868-57a2d4851a1d" />
    <TestEntry testId="f72db6e7-d1ed-4045-d991-5474382cfb65" executionId="44828987-9c24-48ff-ab6e-d66ffd252472" testListId="8c84fa94-04c1-424b-9868-57a2d4851a1d" />
    <TestEntry testId="91e2384d-171d-5693-b9f9-85a48dce43a9" executionId="d6e177e6-6997-457b-a668-4a269d7defc4" testListId="8c84fa94-04c1-424b-9868-57a2d4851a1d" />
    <TestEntry testId="c422ab95-1559-0390-e94c-bea5a667040c" executionId="04337710-f758-4f91-aa76-bf327614632a" testListId="8c84fa94-04c1-424b-9868-57a2d4851a1d" />
    <TestEntry testId="117b5780-e6bc-a17d-100e-1cb6ffc4746d" executionId="6ecb72e0-8b90-402a-8b4b-2caa234cb251" testListId="8c84fa94-04c1-424b-9868-57a2d4851a1d" />
    <TestEntry testId="c5e02fcc-7eaa-d7e3-3c64-672f97ad3a98" executionId="0bf9d388-2a2a-411e-bfa8-c0db225e24dd" testListId="8c84fa94-04c1-424b-9868-57a2d4851a1d" />
    <TestEntry testId="6449f72a-94a4-2d4f-b391-12451ed02c27" executionId="236fa8cf-f3c9-4a9d-9623-5381f4295eb1" testListId="8c84fa94-04c1-424b-9868-57a2d4851a1d" />
    <TestEntry testId="7182c5a6-ac4b-3cae-cbbf-2efe7637754a" executionId="c400ec56-68bc-4256-b6e0-7e4c30e1b61f" testListId="8c84fa94-04c1-424b-9868-57a2d4851a1d" />
    <TestEntry testId="1eba3363-990a-c658-6997-0b61deea869c" executionId="e669e72a-d4b6-4b38-bc29-174d9488dd06" testListId="8c84fa94-04c1-424b-9868-57a2d4851a1d" />
    <TestEntry testId="e4c77998-d19a-57de-7ef0-7f58af25197f" executionId="30e66124-a8a6-4c57-9b90-c153ce1713cd" testListId="8c84fa94-04c1-424b-9868-57a2d4851a1d" />
    <TestEntry testId="1fcdb055-7c6d-7698-a07e-32f5d367bfd9" executionId="f5a9b745-f425-45fa-97b0-95b73258ab35" testListId="8c84fa94-04c1-424b-9868-57a2d4851a1d" />
    <TestEntry testId="94a5d4b8-78ac-aa98-0ce7-510adba13a72" executionId="cbf921b0-547b-4c51-b09c-035cf1076a5c" testListId="8c84fa94-04c1-424b-9868-57a2d4851a1d" />
    <TestEntry testId="d6314da8-ba0d-cf1e-1d03-4ad29d777dc8" executionId="eee7d606-abe2-4c7f-b1d3-16e152c16ae5" testListId="8c84fa94-04c1-424b-9868-57a2d4851a1d" />
    <TestEntry testId="bdf4ecea-4da3-674c-8a9e-d21c0450cf87" executionId="3be7ea46-1030-454c-becd-7f1b414f07d3" testListId="8c84fa94-04c1-424b-9868-57a2d4851a1d" />
    <TestEntry testId="fdeafd28-8301-ad59-0d03-6ca7a54a076e" executionId="19cf2e46-20d2-4a5a-8cf8-dcf710995022" testListId="8c84fa94-04c1-424b-9868-57a2d4851a1d" />
    <TestEntry testId="f6ab0a86-5dce-a5dd-f8ef-22ecb7f90d94" executionId="07987cb9-fc6b-4ee4-8b78-93a713549427" testListId="8c84fa94-04c1-424b-9868-57a2d4851a1d" />
    <TestEntry testId="27bd96a4-2412-a187-63ce-46b939089def" executionId="71b8c4ae-bf40-471f-9635-080077a6ddcb" testListId="8c84fa94-04c1-424b-9868-57a2d4851a1d" />
    <TestEntry testId="2076f28c-b1ee-6e52-ac77-52c602d71297" executionId="454d289c-3561-48d5-9043-0243ac4c4d79" testListId="8c84fa94-04c1-424b-9868-57a2d4851a1d" />
    <TestEntry testId="ba77864b-7c51-b48d-f5a5-d18776447e8d" executionId="30d2adae-ce99-485b-b148-a55d4db4b0bb" testListId="8c84fa94-04c1-424b-9868-57a2d4851a1d" />
    <TestEntry testId="eb81a79c-4429-91a6-a8d8-7910691409ec" executionId="1aee0d6d-bf1e-4cca-8732-6a60a83c6bbb" testListId="8c84fa94-04c1-424b-9868-57a2d4851a1d" />
    <TestEntry testId="ff96c4e6-476e-a11e-579f-acc19184ff94" executionId="cc3bc2ea-f9af-4b2e-bc81-810e2435c39e" testListId="8c84fa94-04c1-424b-9868-57a2d4851a1d" />
    <TestEntry testId="ff080c39-1822-296d-d993-7919f895184f" executionId="e9cadd20-88c7-45ff-9537-f8343607341e" testListId="8c84fa94-04c1-424b-9868-57a2d4851a1d" />
    <TestEntry testId="3de09378-792a-f03c-56aa-17ffda00eeec" executionId="e9b2c0cb-53af-4184-8082-c4f770bda571" testListId="8c84fa94-04c1-424b-9868-57a2d4851a1d" />
    <TestEntry testId="73889999-4c54-0e1a-6461-b407d458faf4" executionId="5b69a1ae-4ff4-42f9-9179-03b8f79f8838" testListId="8c84fa94-04c1-424b-9868-57a2d4851a1d" />
    <TestEntry testId="cecf2035-a9fa-d660-4b05-fda4c8c4f649" executionId="d5e25c5e-549f-490c-916f-0e02eff83a19" testListId="8c84fa94-04c1-424b-9868-57a2d4851a1d" />
    <TestEntry testId="709ef876-1c86-10c7-6367-7a696899fb8e" executionId="bd893f6f-6ee9-4f67-95b7-f614af218ac6" testListId="8c84fa94-04c1-424b-9868-57a2d4851a1d" />
    <TestEntry testId="87726fe9-8471-77b9-26fb-2535318572f7" executionId="1791145c-278c-42ff-8545-8b27bd906d9a" testListId="8c84fa94-04c1-424b-9868-57a2d4851a1d" />
    <TestEntry testId="6437a6b0-b7cf-94c2-94c2-67049e566507" executionId="dfef8f75-6f18-44bc-8a7e-4a81b6458a80" testListId="8c84fa94-04c1-424b-9868-57a2d4851a1d" />
    <TestEntry testId="fb1cce63-3237-a74f-1d6f-adc5785c0e80" executionId="0cd9885b-5128-4cb2-8118-efdea4bbdc5c" testListId="8c84fa94-04c1-424b-9868-57a2d4851a1d" />
    <TestEntry testId="e190c415-7a00-2e06-b8e4-9c591eb126d9" executionId="40eb9165-3285-4ec1-b53e-302275c4ad31" testListId="8c84fa94-04c1-424b-9868-57a2d4851a1d" />
    <TestEntry testId="267336c3-35f8-61a3-8650-969641fc5266" executionId="ee3cc785-8280-4930-9ae4-1795bc0300f0" testListId="8c84fa94-04c1-424b-9868-57a2d4851a1d" />
    <TestEntry testId="acdd6ec3-1a4a-39c3-92c3-e749f82b60f4" executionId="01f2ca96-607d-498c-b4e3-ff7e26aa2e66" testListId="8c84fa94-04c1-424b-9868-57a2d4851a1d" />
    <TestEntry testId="a1e473a8-291a-5bcf-f9c1-43849594c443" executionId="56208ab8-73fb-43c7-a972-86a15b035235" testListId="8c84fa94-04c1-424b-9868-57a2d4851a1d" />
    <TestEntry testId="4584b359-e0e4-3586-ed17-2441df5deaf5" executionId="3ea48651-c853-47fd-9635-defc63253e49" testListId="8c84fa94-04c1-424b-9868-57a2d4851a1d" />
    <TestEntry testId="f03728a4-4d78-2626-44ce-39d0d9d8772e" executionId="ae65ec86-b665-4143-b79e-10e0e31eb90d" testListId="8c84fa94-04c1-424b-9868-57a2d4851a1d" />
    <TestEntry testId="78d93879-6f2c-151a-352c-798eb30c7b10" executionId="3cfd52e9-0e81-4ea1-a0c5-a44cba94efb0" testListId="8c84fa94-04c1-424b-9868-57a2d4851a1d" />
    <TestEntry testId="1921d8be-d69d-0d22-c705-59cba7e6217e" executionId="283510c0-93f6-4e8f-9cfc-e738a227b54b" testListId="8c84fa94-04c1-424b-9868-57a2d4851a1d" />
    <TestEntry testId="74248705-df20-5654-724b-340c8d465ec8" executionId="bcc6f8ad-d673-4f30-9231-54da7edba434" testListId="8c84fa94-04c1-424b-9868-57a2d4851a1d" />
    <TestEntry testId="ae52d9b5-06eb-fdc7-38e5-6ea2cada5ec2" executionId="e5ac9c94-798b-4dee-82af-1b0e6ff4fc89" testListId="8c84fa94-04c1-424b-9868-57a2d4851a1d" />
    <TestEntry testId="a07612e9-bf30-dbb2-5a96-e17283d1eb4c" executionId="5a4da98a-a5fb-413f-9140-11de101c508f" testListId="8c84fa94-04c1-424b-9868-57a2d4851a1d" />
    <TestEntry testId="13a7843f-4f92-9f76-3d23-45ac5c0389af" executionId="a1d7c863-d027-450d-a88d-1fcf752811bc" testListId="8c84fa94-04c1-424b-9868-57a2d4851a1d" />
    <TestEntry testId="cf8b1ad5-5dc3-47a7-36b6-28fad3b5ab63" executionId="596f5a77-155c-4509-8a46-e1c650e5cb73" testListId="8c84fa94-04c1-424b-9868-57a2d4851a1d" />
    <TestEntry testId="fe6b3148-13cb-f1a3-a527-ec6fed43ccbc" executionId="ba4c6e48-7e1e-4934-975a-bab3c1ddcf61" testListId="8c84fa94-04c1-424b-9868-57a2d4851a1d" />
    <TestEntry testId="909449d9-fdb4-a52b-6f16-b8a599981900" executionId="275473f6-51c0-4b8a-b0e6-cb95722a328c" testListId="8c84fa94-04c1-424b-9868-57a2d4851a1d" />
    <TestEntry testId="bc536edc-b6db-4997-692e-cbe096377254" executionId="6f035433-a411-4356-9a09-78ff9b0e6cbd" testListId="8c84fa94-04c1-424b-9868-57a2d4851a1d" />
    <TestEntry testId="595ea1bd-61ea-6c74-f5a8-abef8852b999" executionId="fc0b8060-6459-456b-a3df-763141300cc1" testListId="8c84fa94-04c1-424b-9868-57a2d4851a1d" />
    <TestEntry testId="fc8e21d8-eb13-a032-60ed-0887cf41aa81" executionId="5ece1860-d645-4569-b1e8-f2db6d5ca5c1" testListId="8c84fa94-04c1-424b-9868-57a2d4851a1d" />
    <TestEntry testId="85a1f9b5-d352-1643-88d7-10144ef46aad" executionId="880ace8e-a3ce-4625-b60e-bc4d47ab3362" testListId="8c84fa94-04c1-424b-9868-57a2d4851a1d" />
    <TestEntry testId="b136aad8-25ac-7710-b1be-473789745ab2" executionId="2a1ea7ec-2f1c-460c-8a77-33cd55bbd4f5" testListId="8c84fa94-04c1-424b-9868-57a2d4851a1d" />
    <TestEntry testId="0f405899-24d8-3d35-34e6-db390fa97f58" executionId="af18cd1e-ba00-47e4-9cd4-e1ba888a85e4" testListId="8c84fa94-04c1-424b-9868-57a2d4851a1d" />
  </TestEntries>
  <TestLists>
    <TestList name="Results Not in a List" id="8c84fa94-04c1-424b-9868-57a2d4851a1d" />
    <TestList name="All Loaded Results" id="19431567-8539-422a-85d7-44ee4e166bda" />
  </TestLists>
  <ResultSummary outcome="Completed">
    <Counters total="534" executed="534" passed="534" failed="0" error="0" timeout="0" aborted="0" inconclusive="0" passedButRunAborted="0" notRunnable="0" notExecuted="0" disconnected="0" warning="0" completed="0" inProgress="0" pending="0" />
    <Output>
      <StdOut>[xUnit.net 00:00:00.00] xUnit.net VSTest Adapter v2.5.7+8f2703126a (64-bit .NET 8.0.8)&#xD;
[xUnit.net 00:00:00.23]   Discovering: LogisticsPro_API.GenAI.Tests.Integration&#xD;
[xUnit.net 00:00:00.34]   Discovered:  LogisticsPro_API.GenAI.Tests.Integration&#xD;
[xUnit.net 00:00:00.34]   Starting:    LogisticsPro_API.GenAI.Tests.Integration&#xD;
[xUnit.net 00:00:00.83]   Finished:    LogisticsPro_API.GenAI.Tests.Integration&#xD;
</StdOut>
    </Output>
  </ResultSummary>
</TestRun>